#
# A fatal error has been detected by the Java Runtime Environment:
#
#  EXCEPTION_ACCESS_VIOLATION (0xc0000005) at pc=0x00000000617059aa, pid=1364, tid=0x0000000000001664
#
# JRE version: Java(TM) SE Runtime Environment (8.0_151-b12) (build 1.8.0_151-b12)
# Java VM: Java HotSpot(TM) 64-Bit Server VM (25.151-b12 mixed mode windows-amd64 compressed oops)
# Problematic frame:
# C  [atio6axx.dll+0x8959aa]
#
# Failed to write core dump. Minidumps are not enabled by default on client versions of Windows
#
# If you would like to submit a bug report, please visit:
#   http://bugreport.java.com/bugreport/crash.jsp
# The crash happened outside the Java Virtual Machine in native code.
# See problematic frame for where to report the bug.
#

---------------  T H R E A D  ---------------

Current thread (0x00000000561b6000):  JavaThread "AWT-EventQueue-1" [_thread_in_native, id=5732, stack(0x000000005c460000,0x000000005c560000)]

siginfo: ExceptionCode=0xc0000005, reading address 0x0000000000000010

Registers:
RAX=0x00000000623f2a48, RBX=0x0000000000000000, RCX=0x0000000000000000, RDX=0x0000000000000000
RSP=0x000000005c55d120, RBP=0x000000005c55d358, RSI=0x000000005c55d3d0, RDI=0x0000000060409cc0
R8 =0x0000000000000000, R9 =0x0000547500950003, R10=0x0000000000000000, R11=0x00000000623f34f8
R12=0x000000005e5c9720, R13=0x000000006077d340, R14=0x000000006077d370, R15=0x0000000000000000
RIP=0x00000000617059aa, EFLAGS=0x0000000000010246

Top of Stack: (sp=0x000000005c55d120)
0x000000005c55d120:   0000000000000001 000000005c55d180
0x000000005c55d130:   000000005c55d170 0000000000000000
0x000000005c55d140:   ffffffff00000002 0000000100000000
0x000000005c55d150:   ffffffffffffffff ffffffffffffffff
0x000000005c55d160:   0000000000000000 0000000000000000
0x000000005c55d170:   0000000000000000 0000000000000000
0x000000005c55d180:   0000000000000000 0000000000000000
0x000000005c55d190:   0000000000000000 0000000000000000
0x000000005c55d1a0:   0000000000000000 0000000000000000
0x000000005c55d1b0:   0000000060409c50 0000000000000000
0x000000005c55d1c0:   0000000060409cc0 0000000000000000
0x000000005c55d1d0:   0000000000000000 00000258000004b0
0x000000005c55d1e0:   0000000060409be0 0000000000000000
0x000000005c55d1f0:   0000000000000000 0000000000000000
0x000000005c55d200:   0000000060409c50 0000000000000000
0x000000005c55d210:   0000000060409cc0 0000000000000000 

Instructions: (pc=0x00000000617059aa)
0x000000006170598a:   39 79 08 75 0a 48 8b 01 ba 01 00 00 00 ff 10 48
0x000000006170599a:   8b 54 24 70 49 8b 04 24 48 89 bc 24 a0 00 00 00
0x00000000617059aa:   48 8b 52 10 4c 8d 8c 24 a0 01 00 00 41 b8 06 00
0x00000000617059ba:   00 00 49 8b cc ff 90 c8 05 00 00 44 39 bc 24 a8 


Register to memory mapping:

RAX=0x00000000623f2a48 is an unknown value
RBX=0x0000000000000000 is an unknown value
RCX=0x0000000000000000 is an unknown value
RDX=0x0000000000000000 is an unknown value
RSP=0x000000005c55d120 is pointing into the stack for thread: 0x00000000561b6000
RBP=0x000000005c55d358 is pointing into the stack for thread: 0x00000000561b6000
RSI=0x000000005c55d3d0 is pointing into the stack for thread: 0x00000000561b6000
RDI=0x0000000060409cc0 is an unknown value
R8 =0x0000000000000000 is an unknown value
R9 =0x0000547500950003 is an unknown value
R10=0x0000000000000000 is an unknown value
R11=0x00000000623f34f8 is an unknown value
R12=0x000000005e5c9720 is an unknown value
R13=0x000000006077d340 is an unknown value
R14=0x000000006077d370 is an unknown value
R15=0x0000000000000000 is an unknown value


Stack: [0x000000005c460000,0x000000005c560000],  sp=0x000000005c55d120,  free space=1012k
Native frames: (J=compiled Java code, j=interpreted, Vv=VM code, C=native code)
C  [atio6axx.dll+0x8959aa]
C  [atio6axx.dll+0x89a0b1]
C  [atio6axx.dll+0xa120b]
C  [atio6axx.dll+0x46c58a]
C  [atio6axx.dll+0x1e94eb]
C  0x00000000031cb141

Java frames: (J=compiled Java code, j=interpreted, Vv=VM code)
J 2761  jogamp.opengl.gl4.GL4bcImpl.dispatch_glBlitFramebuffer1(IIIIIIIIIIJ)V (0 bytes) @ 0x00000000031cb0c3 [0x00000000031cb040+0x83]
J 2760 C1 jogamp.opengl.gl4.GL4bcImpl.glBlitFramebuffer(IIIIIIIIII)V (68 bytes) @ 0x00000000031dd2cc [0x00000000031dc760+0xb6c]
J 2759 C1 processing.opengl.PJOGL.blitFramebuffer(IIIIIIIIII)V (97 bytes) @ 0x00000000031db6b4 [0x00000000031dab00+0xbb4]
J 3379 C1 processing.opengl.PGL.syncBackTexture()V (81 bytes) @ 0x0000000002aa34cc [0x0000000002aa3000+0x4cc]
J 3378 C1 processing.opengl.PJOGL.syncBackTexture()V (63 bytes) @ 0x0000000002fa69ec [0x0000000002fa66e0+0x30c]
J 3391 C1 processing.opengl.PGL.endDraw(Z)V (141 bytes) @ 0x0000000002ff0d2c [0x0000000002ff0be0+0x14c]
J 3390 C1 processing.opengl.PJOGL.endDraw(Z)V (162 bytes) @ 0x000000000331bd3c [0x000000000331b100+0xc3c]
J 2763 C1 processing.opengl.PGraphicsOpenGL.endDraw()V (111 bytes) @ 0x00000000031df3dc [0x00000000031deb80+0x85c]
J 3742 C1 processing.core.PApplet.handleDraw()V (382 bytes) @ 0x000000000340db3c [0x000000000340b980+0x21bc]
J 3756 C1 processing.opengl.PJOGL$PGLListener.display(Ljavax/media/opengl/GLAutoDrawable;)V (520 bytes) @ 0x0000000003421274 [0x000000000341f860+0x1a14]
J 3755 C1 jogamp.opengl.GLDrawableHelper.displayImpl(Ljavax/media/opengl/GLAutoDrawable;)V (105 bytes) @ 0x000000000341dd64 [0x000000000341d280+0xae4]
J 3753 C1 javax.media.opengl.awt.GLCanvas$10.run()V (122 bytes) @ 0x000000000341c95c [0x000000000341c400+0x55c]
J 3748 C1 jogamp.opengl.GLDrawableHelper.invokeGLImpl(Ljavax/media/opengl/GLDrawable;Ljavax/media/opengl/GLContext;Ljava/lang/Runnable;Ljava/lang/Runnable;)V (579 bytes) @ 0x0000000003412bcc [0x0000000003411da0+0xe2c]
J 3597 C1 jogamp.opengl.GLDrawableHelper.invokeGL(Ljavax/media/opengl/GLDrawable;Ljavax/media/opengl/GLContext;Ljava/lang/Runnable;Ljava/lang/Runnable;)V (76 bytes) @ 0x00000000030ead04 [0x00000000030eac40+0xc4]
J 3596 C1 javax.media.opengl.awt.GLCanvas$11.run()V (95 bytes) @ 0x000000000302b1bc [0x000000000302ae00+0x3bc]
J 2826 C1 java.awt.event.InvocationEvent.dispatch()V (69 bytes) @ 0x0000000003210e04 [0x0000000003210cc0+0x144]
J 2963 C1 java.awt.EventQueue.dispatchEventImpl(Ljava/awt/AWTEvent;Ljava/lang/Object;)V (149 bytes) @ 0x0000000003297fcc [0x00000000032964c0+0x1b0c]
J 2961 C1 java.awt.EventQueue$3.run()Ljava/lang/Void; (60 bytes) @ 0x0000000003295244 [0x0000000003295040+0x204]
J 2960 C1 java.awt.EventQueue$3.run()Ljava/lang/Object; (5 bytes) @ 0x000000000329590c [0x0000000003295880+0x8c]
v  ~StubRoutines::call_stub
J 1172  java.security.AccessController.doPrivileged(Ljava/security/PrivilegedAction;Ljava/security/AccessControlContext;)Ljava/lang/Object; (0 bytes) @ 0x0000000002d6c5e6 [0x0000000002d6c580+0x66]
J 2576 C1 java.awt.EventQueue.dispatchEvent(Ljava/awt/AWTEvent;)V (80 bytes) @ 0x000000000313649c [0x0000000003135b40+0x95c]
J 2971 C1 java.awt.EventDispatchThread.pumpOneEventForFilters(I)V (295 bytes) @ 0x00000000032a1bf4 [0x00000000032a0100+0x1af4]
j  java.awt.EventDispatchThread.pumpEventsForFilter(ILjava/awt/Conditional;Ljava/awt/EventFilter;)V+35
j  java.awt.EventDispatchThread.pumpEventsForHierarchy(ILjava/awt/Conditional;Ljava/awt/Component;)V+11
j  java.awt.EventDispatchThread.pumpEvents(ILjava/awt/Conditional;)V+4
j  java.awt.EventDispatchThread.pumpEvents(Ljava/awt/Conditional;)V+3
j  java.awt.EventDispatchThread.run()V+9
v  ~StubRoutines::call_stub

---------------  P R O C E S S  ---------------

Java Threads: ( => current thread )
  0x0000000055a2f000 JavaThread "Keep-Alive-Timer" daemon [_thread_blocked, id=500, stack(0x000000005c760000,0x000000005c860000)]
  0x0000000055a32800 JavaThread "Image Fetcher 3" daemon [_thread_blocked, id=5388, stack(0x0000000063a70000,0x0000000063b70000)]
  0x0000000055a32000 JavaThread "Image Fetcher 2" daemon [_thread_blocked, id=972, stack(0x0000000063930000,0x0000000063a30000)]
  0x0000000055a2e000 JavaThread "Image Fetcher 1" daemon [_thread_blocked, id=6020, stack(0x0000000062850000,0x0000000062950000)]
  0x0000000056323800 JavaThread "Image Fetcher 0" daemon [_thread_blocked, id=5392, stack(0x000000005e830000,0x000000005e930000)]
  0x0000000056687800 JavaThread "Animation Thread-SharedResourceRunner" daemon [_thread_blocked, id=5644, stack(0x000000005e2d0000,0x000000005e3d0000)]
  0x0000000056224000 JavaThread "Animation Thread" [_thread_blocked, id=6052, stack(0x000000005c5a0000,0x000000005c6a0000)]
=>0x00000000561b6000 JavaThread "AWT-EventQueue-1" [_thread_in_native, id=5732, stack(0x000000005c460000,0x000000005c560000)]
  0x000000000028f000 JavaThread "DestroyJavaVM" [_thread_blocked, id=5968, stack(0x0000000002560000,0x0000000002660000)]
  0x000000005614e000 JavaThread "D3D Screen Updater" daemon [_thread_blocked, id=5828, stack(0x000000005ba00000,0x000000005bb00000)]
  0x0000000056119000 JavaThread "AWT-EventQueue-0" [_thread_blocked, id=1152, stack(0x000000005a370000,0x000000005a470000)]
  0x00000000560cd000 JavaThread "thread applet-probni.zelimir.ZelimirsEarthquakeWorldMap.class" [_thread_blocked, id=1196, stack(0x000000005a1b0000,0x000000005a2b0000)]
  0x000000005605f000 JavaThread "AWT-Windows" daemon [_thread_in_native, id=2280, stack(0x0000000056920000,0x0000000056a20000)]
  0x000000005605e000 JavaThread "AWT-Shutdown" [_thread_blocked, id=1236, stack(0x00000000567c0000,0x00000000568c0000)]
  0x000000005605d800 JavaThread "Java2D Disposer" daemon [_thread_blocked, id=4740, stack(0x0000000055d90000,0x0000000055e90000)]
  0x00000000557ef000 JavaThread "Service Thread" daemon [_thread_blocked, id=3488, stack(0x0000000055ec0000,0x0000000055fc0000)]
  0x0000000055773800 JavaThread "C1 CompilerThread2" daemon [_thread_blocked, id=5660, stack(0x0000000055c30000,0x0000000055d30000)]
  0x0000000055772000 JavaThread "C2 CompilerThread1" daemon [_thread_blocked, id=4352, stack(0x00000000550b0000,0x00000000551b0000)]
  0x0000000053dfb800 JavaThread "C2 CompilerThread0" daemon [_thread_blocked, id=5992, stack(0x0000000055670000,0x0000000055770000)]
  0x0000000053df8000 JavaThread "Attach Listener" daemon [_thread_blocked, id=3928, stack(0x0000000055510000,0x0000000055610000)]
  0x0000000053df4800 JavaThread "Signal Dispatcher" daemon [_thread_blocked, id=1188, stack(0x00000000553e0000,0x00000000554e0000)]
  0x0000000053dda000 JavaThread "Finalizer" daemon [_thread_blocked, id=1632, stack(0x00000000551d0000,0x00000000552d0000)]
  0x0000000053d93000 JavaThread "Reference Handler" daemon [_thread_blocked, id=2824, stack(0x0000000054e70000,0x0000000054f70000)]

Other Threads:
  0x0000000053d8b800 VMThread [stack: 0x0000000054f70000,0x0000000055070000] [id=2444]
  0x000000005580f800 WatcherThread [stack: 0x00000000552e0000,0x00000000553e0000] [id=4720]

VM state:not at safepoint (normal execution)

VM Mutex/Monitor currently owned by a thread: None

Heap:
 PSYoungGen      total 133632K, used 122602K [0x00000000f5580000, 0x0000000100000000, 0x0000000100000000)
  eden space 116224K, 91% used [0x00000000f5580000,0x00000000fbdea678,0x00000000fc700000)
  from space 17408K, 90% used [0x00000000fc700000,0x00000000fd650290,0x00000000fd800000)
  to   space 19456K, 0% used [0x00000000fed00000,0x00000000fed00000,0x0000000100000000)
 ParOldGen       total 164352K, used 118762K [0x00000000e0000000, 0x00000000ea080000, 0x00000000f5580000)
  object space 164352K, 72% used [0x00000000e0000000,0x00000000e73fa828,0x00000000ea080000)
 Metaspace       used 23570K, capacity 23931K, committed 24192K, reserved 1071104K
  class space    used 2281K, capacity 2389K, committed 2432K, reserved 1048576K

Card table byte_map: [0x0000000002290000,0x00000000023a0000] byte_map_base: 0x0000000001b90000

Marking Bits: (ParMarkBitMap*) 0x000000005fa6d850
 Begin Bits: [0x0000000012400000, 0x0000000012c00000)
 End Bits:   [0x0000000012c00000, 0x0000000013400000)

Polling page: 0x0000000000230000

CodeCache: size=245760Kb used=11721Kb max_used=11733Kb free=234038Kb
 bounds [0x0000000002930000, 0x00000000034c0000, 0x0000000011930000]
 total_blobs=4294 nmethods=3364 adapters=843
 compilation: enabled

Compilation events (10 events):
Event: 71.419 Thread 0x0000000055773800 3940   !   3       java.net.SocketPermission::getIP (137 bytes)
Event: 71.420 Thread 0x0000000055772000 3942       4       java.lang.StringBuffer::<init> (7 bytes)
Event: 71.420 Thread 0x0000000055773800 nmethod 3940 0x00000000034a2550 code [0x00000000034a27a0, 0x00000000034a38e8]
Event: 71.420 Thread 0x0000000055773800 3941       3       java.net.InetAddress::getAllByName0 (7 bytes)
Event: 71.421 Thread 0x0000000055773800 nmethod 3941 0x0000000003488910 code [0x0000000003488a80, 0x0000000003488be8]
Event: 71.422 Thread 0x0000000055772000 nmethod 3942 0x00000000034a0ed0 code [0x00000000034a1020, 0x00000000034a10f8]
Event: 71.553 Thread 0x0000000053dfb800 3943 %     4       processing.opengl.PGraphicsOpenGL$InGeometry::getNumEdgeClosures @ 7 (35 bytes)
Event: 71.557 Thread 0x0000000053dfb800 nmethod 3943% 0x00000000034a8290 code [0x00000000034a83e0, 0x00000000034a85b8]
Event: 72.399 Thread 0x0000000055772000 3944       4       java.util.Arrays::copyOf (46 bytes)
Event: 72.426 Thread 0x0000000055772000 nmethod 3944 0x00000000034a6110 code [0x00000000034a6260, 0x00000000034a65d8]

GC Heap History (10 events):
Event: 44.817 GC heap before
{Heap before GC invocations=28 (full 4):
 PSYoungGen      total 90624K, used 87392K [0x00000000f5580000, 0x00000000fd000000, 0x0000000100000000)
  eden space 77824K, 100% used [0x00000000f5580000,0x00000000fa180000,0x00000000fa180000)
  from space 12800K, 74% used [0x00000000fa180000,0x00000000faad8110,0x00000000fae00000)
  to   space 13312K, 0% used [0x00000000fc300000,0x00000000fc300000,0x00000000fd000000)
 ParOldGen       total 116736K, used 77192K [0x00000000e0000000, 0x00000000e7200000, 0x00000000f5580000)
  object space 116736K, 66% used [0x00000000e0000000,0x00000000e4b623f8,0x00000000e7200000)
 Metaspace       used 23401K, capacity 23739K, committed 23936K, reserved 1071104K
  class space    used 2281K, capacity 2389K, committed 2432K, reserved 1048576K
Event: 45.000 GC heap after
Heap after GC invocations=28 (full 4):
 PSYoungGen      total 111104K, used 11205K [0x00000000f5580000, 0x00000000fd280000, 0x0000000100000000)
  eden space 97792K, 0% used [0x00000000f5580000,0x00000000f5580000,0x00000000fb500000)
  from space 13312K, 84% used [0x00000000fc300000,0x00000000fcdf17c8,0x00000000fd000000)
  to   space 14336K, 0% used [0x00000000fb500000,0x00000000fb500000,0x00000000fc300000)
 ParOldGen       total 116736K, used 84918K [0x00000000e0000000, 0x00000000e7200000, 0x00000000f5580000)
  object space 116736K, 72% used [0x00000000e0000000,0x00000000e52ed818,0x00000000e7200000)
 Metaspace       used 23401K, capacity 23739K, committed 23936K, reserved 1071104K
  class space    used 2281K, capacity 2389K, committed 2432K, reserved 1048576K
}
Event: 53.261 GC heap before
{Heap before GC invocations=29 (full 4):
 PSYoungGen      total 111104K, used 108997K [0x00000000f5580000, 0x00000000fd280000, 0x0000000100000000)
  eden space 97792K, 100% used [0x00000000f5580000,0x00000000fb500000,0x00000000fb500000)
  from space 13312K, 84% used [0x00000000fc300000,0x00000000fcdf17c8,0x00000000fd000000)
  to   space 14336K, 0% used [0x00000000fb500000,0x00000000fb500000,0x00000000fc300000)
 ParOldGen       total 116736K, used 84918K [0x00000000e0000000, 0x00000000e7200000, 0x00000000f5580000)
  object space 116736K, 72% used [0x00000000e0000000,0x00000000e52ed818,0x00000000e7200000)
 Metaspace       used 23482K, capacity 23803K, committed 23936K, reserved 1071104K
  class space    used 2281K, capacity 2389K, committed 2432K, reserved 1048576K
Event: 53.425 GC heap after
Heap after GC invocations=29 (full 4):
 PSYoungGen      total 112128K, used 12688K [0x00000000f5580000, 0x00000000fe780000, 0x0000000100000000)
  eden space 97792K, 0% used [0x00000000f5580000,0x00000000f5580000,0x00000000fb500000)
  from space 14336K, 88% used [0x00000000fb500000,0x00000000fc164200,0x00000000fc300000)
  to   space 15872K, 0% used [0x00000000fd800000,0x00000000fd800000,0x00000000fe780000)
 ParOldGen       total 116736K, used 95510K [0x00000000e0000000, 0x00000000e7200000, 0x00000000f5580000)
  object space 116736K, 81% used [0x00000000e0000000,0x00000000e5d45888,0x00000000e7200000)
 Metaspace       used 23482K, capacity 23803K, committed 23936K, reserved 1071104K
  class space    used 2281K, capacity 2389K, committed 2432K, reserved 1048576K
}
Event: 58.434 GC heap before
{Heap before GC invocations=30 (full 4):
 PSYoungGen      total 112128K, used 110480K [0x00000000f5580000, 0x00000000fe780000, 0x0000000100000000)
  eden space 97792K, 100% used [0x00000000f5580000,0x00000000fb500000,0x00000000fb500000)
  from space 14336K, 88% used [0x00000000fb500000,0x00000000fc164200,0x00000000fc300000)
  to   space 15872K, 0% used [0x00000000fd800000,0x00000000fd800000,0x00000000fe780000)
 ParOldGen       total 116736K, used 95510K [0x00000000e0000000, 0x00000000e7200000, 0x00000000f5580000)
  object space 116736K, 81% used [0x00000000e0000000,0x00000000e5d45888,0x00000000e7200000)
 Metaspace       used 23547K, capacity 23867K, committed 24192K, reserved 1071104K
  class space    used 2281K, capacity 2389K, committed 2432K, reserved 1048576K
Event: 58.637 GC heap after
Heap after GC invocations=30 (full 4):
 PSYoungGen      total 132096K, used 14112K [0x00000000f5580000, 0x00000000feb80000, 0x0000000100000000)
  eden space 116224K, 0% used [0x00000000f5580000,0x00000000f5580000,0x00000000fc700000)
  from space 15872K, 88% used [0x00000000fd800000,0x00000000fe5c82b0,0x00000000fe780000)
  to   space 17408K, 0% used [0x00000000fc700000,0x00000000fc700000,0x00000000fd800000)
 ParOldGen       total 116736K, used 106300K [0x00000000e0000000, 0x00000000e7200000, 0x00000000f5580000)
  object space 116736K, 91% used [0x00000000e0000000,0x00000000e67cf008,0x00000000e7200000)
 Metaspace       used 23547K, capacity 23867K, committed 24192K, reserved 1071104K
  class space    used 2281K, capacity 2389K, committed 2432K, reserved 1048576K
}
Event: 58.637 GC heap before
{Heap before GC invocations=31 (full 5):
 PSYoungGen      total 132096K, used 14112K [0x00000000f5580000, 0x00000000feb80000, 0x0000000100000000)
  eden space 116224K, 0% used [0x00000000f5580000,0x00000000f5580000,0x00000000fc700000)
  from space 15872K, 88% used [0x00000000fd800000,0x00000000fe5c82b0,0x00000000fe780000)
  to   space 17408K, 0% used [0x00000000fc700000,0x00000000fc700000,0x00000000fd800000)
 ParOldGen       total 116736K, used 106300K [0x00000000e0000000, 0x00000000e7200000, 0x00000000f5580000)
  object space 116736K, 91% used [0x00000000e0000000,0x00000000e67cf008,0x00000000e7200000)
 Metaspace       used 23547K, capacity 23867K, committed 24192K, reserved 1071104K
  class space    used 2281K, capacity 2389K, committed 2432K, reserved 1048576K
Event: 58.836 GC heap after
Heap after GC invocations=31 (full 5):
 PSYoungGen      total 132096K, used 2305K [0x00000000f5580000, 0x00000000feb80000, 0x0000000100000000)
  eden space 116224K, 0% used [0x00000000f5580000,0x00000000f5580000,0x00000000fc700000)
  from space 15872K, 14% used [0x00000000fd800000,0x00000000fda40668,0x00000000fe780000)
  to   space 17408K, 0% used [0x00000000fc700000,0x00000000fc700000,0x00000000fd800000)
 ParOldGen       total 164352K, used 116713K [0x00000000e0000000, 0x00000000ea080000, 0x00000000f5580000)
  object space 164352K, 71% used [0x00000000e0000000,0x00000000e71fa7a8,0x00000000ea080000)
 Metaspace       used 23547K, capacity 23867K, committed 24192K, reserved 1071104K
  class space    used 2281K, capacity 2389K, committed 2432K, reserved 1048576K
}
Event: 65.099 GC heap before
{Heap before GC invocations=32 (full 5):
 PSYoungGen      total 132096K, used 118529K [0x00000000f5580000, 0x00000000feb80000, 0x0000000100000000)
  eden space 116224K, 100% used [0x00000000f5580000,0x00000000fc700000,0x00000000fc700000)
  from space 15872K, 14% used [0x00000000fd800000,0x00000000fda40668,0x00000000fe780000)
  to   space 17408K, 0% used [0x00000000fc700000,0x00000000fc700000,0x00000000fd800000)
 ParOldGen       total 164352K, used 116713K [0x00000000e0000000, 0x00000000ea080000, 0x00000000f5580000)
  object space 164352K, 71% used [0x00000000e0000000,0x00000000e71fa7a8,0x00000000ea080000)
 Metaspace       used 23556K, capacity 23867K, committed 24192K, reserved 1071104K
  class space    used 2281K, capacity 2389K, committed 2432K, reserved 1048576K
Event: 65.185 GC heap after
Heap after GC invocations=32 (full 5):
 PSYoungGen      total 133632K, used 15680K [0x00000000f5580000, 0x0000000100000000, 0x0000000100000000)
  eden space 116224K, 0% used [0x00000000f5580000,0x00000000f5580000,0x00000000fc700000)
  from space 17408K, 90% used [0x00000000fc700000,0x00000000fd650290,0x00000000fd800000)
  to   space 19456K, 0% used [0x00000000fed00000,0x00000000fed00000,0x0000000100000000)
 ParOldGen       total 164352K, used 118762K [0x00000000e0000000, 0x00000000ea080000, 0x00000000f5580000)
  object space 164352K, 72% used [0x00000000e0000000,0x00000000e73fa828,0x00000000ea080000)
 Metaspace       used 23556K, capacity 23867K, committed 24192K, reserved 1071104K
  class space    used 2281K, capacity 2389K, committed 2432K, reserved 1048576K
}

Deoptimization events (10 events):
Event: 34.581 Thread 0x00000000561b6000 Uncommon trap: reason=speculate_class_check action=maybe_recompile pc=0x00000000033b0690 method=com.jogamp.common.nio.Buffers.getDirectBufferByteOffset(Ljava/lang/Object;)I @ 53
Event: 34.584 Thread 0x00000000561b6000 Uncommon trap: reason=speculate_class_check action=maybe_recompile pc=0x00000000033b0690 method=com.jogamp.common.nio.Buffers.getDirectBufferByteOffset(Ljava/lang/Object;)I @ 53
Event: 36.626 Thread 0x00000000561b6000 Uncommon trap: reason=unstable_if action=reinterpret pc=0x00000000032f3c4c method=java.io.ExpiringCache.entryFor(Ljava/lang/String;)Ljava/io/ExpiringCache$Entry; @ 39
Event: 58.837 Thread 0x0000000053dda000 Uncommon trap: reason=class_check action=maybe_recompile pc=0x0000000002c56c04 method=java.util.HashMap.putVal(ILjava/lang/Object;Ljava/lang/Object;ZZ)Ljava/lang/Object; @ 203
Event: 58.844 Thread 0x0000000053dda000 Uncommon trap: reason=class_check action=maybe_recompile pc=0x0000000002c56c04 method=java.util.HashMap.putVal(ILjava/lang/Object;Ljava/lang/Object;ZZ)Ljava/lang/Object; @ 203
Event: 58.844 Thread 0x0000000053dda000 Uncommon trap: reason=class_check action=maybe_recompile pc=0x0000000002c56c04 method=java.util.HashMap.putVal(ILjava/lang/Object;Ljava/lang/Object;ZZ)Ljava/lang/Object; @ 203
Event: 58.844 Thread 0x0000000053dda000 Uncommon trap: reason=class_check action=maybe_recompile pc=0x0000000002c56c04 method=java.util.HashMap.putVal(ILjava/lang/Object;Ljava/lang/Object;ZZ)Ljava/lang/Object; @ 203
Event: 58.844 Thread 0x0000000053dda000 Uncommon trap: reason=class_check action=maybe_recompile pc=0x0000000002c39408 method=java.util.HashMap.putVal(ILjava/lang/Object;Ljava/lang/Object;ZZ)Ljava/lang/Object; @ 203
Event: 68.848 Thread 0x00000000561b6000 Uncommon trap: reason=predicate action=maybe_recompile pc=0x0000000003475464 method=java.util.Arrays.fill([Ljava/lang/Object;IILjava/lang/Object;)V @ 16
Event: 69.666 Thread 0x00000000561b6000 Uncommon trap: reason=array_check action=maybe_recompile pc=0x0000000002e639c0 method=java.util.Arrays.fill([Ljava/lang/Object;IILjava/lang/Object;)V @ 20

Internal exceptions (10 events):
Event: 0.245 Thread 0x000000000028f000 Implicit null exception at 0x0000000002a9c08b to 0x0000000002a9c23d
Event: 0.306 Thread 0x000000000028f000 Exception <a 'java/io/FileNotFoundException'> (0x00000000f58126b8) thrown at [C:\re\workspace\8-2-build-windows-amd64-cygwin\jdk8u151\9699\hotspot\src\share\vm\prims\jni.cpp, line 709]
Event: 0.434 Thread 0x000000000028f000 Exception <a 'java/io/FileNotFoundException'> (0x00000000f5869cd8) thrown at [C:\re\workspace\8-2-build-windows-amd64-cygwin\jdk8u151\9699\hotspot\src\share\vm\prims\jni.cpp, line 709]
Event: 2.602 Thread 0x0000000056224000 Implicit null exception at 0x0000000002cc0e2f to 0x0000000002cc1379
Event: 5.740 Thread 0x0000000056224000 Exception <a 'java/lang/InterruptedException'> (0x00000000f5b13160) thrown at [C:\re\workspace\8-2-build-windows-amd64-cygwin\jdk8u151\9699\hotspot\src\share\vm\runtime\objectMonitor.cpp, line 1684]
Event: 5.856 Thread 0x0000000056224000 Exception <a 'java/lang/reflect/InvocationTargetException'> (0x00000000f5bf7578) thrown at [C:\re\workspace\8-2-build-windows-amd64-cygwin\jdk8u151\9699\hotspot\src\share\vm\runtime\reflection.cpp, line 1092]
Event: 6.400 Thread 0x00000000561b6000 Implicit null exception at 0x0000000002e90095 to 0x0000000002e900f9
Event: 6.498 Thread 0x00000000561b6000 Exception <a 'java/io/FileNotFoundException'> (0x00000000f5756908) thrown at [C:\re\workspace\8-2-build-windows-amd64-cygwin\jdk8u151\9699\hotspot\src\share\vm\prims\jni.cpp, line 709]
Event: 6.499 Thread 0x00000000561b6000 Exception <a 'java/io/FileNotFoundException'> (0x00000000f575d118) thrown at [C:\re\workspace\8-2-build-windows-amd64-cygwin\jdk8u151\9699\hotspot\src\share\vm\prims\jni.cpp, line 709]
Event: 6.499 Thread 0x00000000561b6000 Implicit null exception at 0x0000000002b09e46 to 0x0000000002b0a1d1

Events (10 events):
Event: 71.677 Thread 0x0000000055a33800 Thread exited: 0x0000000055a33800
Event: 71.719 Thread 0x0000000055a2f800 Thread exited: 0x0000000055a2f800
Event: 72.283 Thread 0x0000000055a2f800 Thread added: 0x0000000055a2f800
Event: 72.283 Thread 0x0000000055a33800 Thread added: 0x0000000055a33800
Event: 72.284 Thread 0x0000000055a31000 Thread added: 0x0000000055a31000
Event: 72.285 Thread 0x0000000055a30800 Thread added: 0x0000000055a30800
Event: 72.441 Thread 0x0000000055a31000 Thread exited: 0x0000000055a31000
Event: 72.457 Thread 0x0000000055a33800 Thread exited: 0x0000000055a33800
Event: 72.463 Thread 0x0000000055a2f800 Thread exited: 0x0000000055a2f800
Event: 72.482 Thread 0x0000000055a30800 Thread exited: 0x0000000055a30800


Dynamic libraries:
0x000000013f750000 - 0x000000013f787000 	C:\Program Files\Java\jre1.8.0_151\bin\javaw.exe
0x0000000077b40000 - 0x0000000077ce9000 	C:\Windows\SYSTEM32\ntdll.dll
0x0000000077a20000 - 0x0000000077b3f000 	C:\Windows\system32\kernel32.dll
0x000007fefdc40000 - 0x000007fefdcab000 	C:\Windows\system32\KERNELBASE.dll
0x000007fefdcb0000 - 0x000007fefdd8b000 	C:\Windows\system32\ADVAPI32.dll
0x000007fefe990000 - 0x000007fefea2f000 	C:\Windows\system32\msvcrt.dll
0x000007fefea30000 - 0x000007fefea4f000 	C:\Windows\SYSTEM32\sechost.dll
0x000007fefe340000 - 0x000007fefe46d000 	C:\Windows\system32\RPCRT4.dll
0x0000000077920000 - 0x0000000077a1a000 	C:\Windows\system32\USER32.dll
0x000007fefe4b0000 - 0x000007fefe517000 	C:\Windows\system32\GDI32.dll
0x000007fefeb60000 - 0x000007fefeb6e000 	C:\Windows\system32\LPK.dll
0x000007fefeca0000 - 0x000007fefed69000 	C:\Windows\system32\USP10.dll
0x000007fefbf70000 - 0x000007fefc164000 	C:\Windows\WinSxS\amd64_microsoft.windows.common-controls_6595b64144ccf1df_6.0.7601.17514_none_fa396087175ac9ac\COMCTL32.dll
0x000007fefe730000 - 0x000007fefe7a1000 	C:\Windows\system32\SHLWAPI.dll
0x000007fefe470000 - 0x000007fefe49e000 	C:\Windows\system32\IMM32.DLL
0x000007fefea50000 - 0x000007fefeb59000 	C:\Windows\system32\MSCTF.dll
0x00000000602b0000 - 0x0000000060382000 	C:\Program Files\Java\jre1.8.0_151\bin\msvcr100.dll
0x000000005f250000 - 0x000000005faed000 	C:\Program Files\Java\jre1.8.0_151\bin\server\jvm.dll
0x000007fefaff0000 - 0x000007fefaff9000 	C:\Windows\system32\WSOCK32.dll
0x000007fefec50000 - 0x000007fefec9d000 	C:\Windows\system32\WS2_32.dll
0x000007fefe4a0000 - 0x000007fefe4a8000 	C:\Windows\system32\NSI.dll
0x000007fefb460000 - 0x000007fefb49b000 	C:\Windows\system32\WINMM.dll
0x000007fefc990000 - 0x000007fefc99c000 	C:\Windows\system32\VERSION.dll
0x0000000077d00000 - 0x0000000077d07000 	C:\Windows\system32\PSAPI.DLL
0x0000000067bd0000 - 0x0000000067bdf000 	C:\Program Files\Java\jre1.8.0_151\bin\verify.dll
0x0000000060e40000 - 0x0000000060e69000 	C:\Program Files\Java\jre1.8.0_151\bin\java.dll
0x0000000060e20000 - 0x0000000060e36000 	C:\Program Files\Java\jre1.8.0_151\bin\zip.dll
0x000007feff040000 - 0x000007feffdc8000 	C:\Windows\system32\SHELL32.dll
0x000007fefe520000 - 0x000007fefe723000 	C:\Windows\system32\ole32.dll
0x000007fefd8f0000 - 0x000007fefd8ff000 	C:\Windows\system32\profapi.dll
0x0000000058e90000 - 0x0000000059028000 	C:\Program Files\Java\jre1.8.0_151\bin\awt.dll
0x000007fefeb70000 - 0x000007fefec47000 	C:\Windows\system32\OLEAUT32.dll
0x000007fefbae0000 - 0x000007fefbaf8000 	C:\Windows\system32\DWMAPI.DLL
0x000007feee5c0000 - 0x000007feee6dd000 	C:\Windows\system32\opengl32.dll
0x000007fefaf40000 - 0x000007fefaf6d000 	C:\Windows\system32\GLU32.dll
0x000007fef34d0000 - 0x000007fef35c1000 	C:\Windows\system32\DDRAW.dll
0x000007fefb810000 - 0x000007fefb818000 	C:\Windows\system32\DCIMAN32.dll
0x000007fefe7b0000 - 0x000007fefe987000 	C:\Windows\system32\SETUPAPI.dll
0x000007fefda60000 - 0x000007fefda96000 	C:\Windows\system32\CFGMGR32.dll
0x000007fefd9f0000 - 0x000007fefda0a000 	C:\Windows\system32\DEVOBJ.dll
0x000007fefbec0000 - 0x000007fefbf16000 	C:\Windows\system32\uxtheme.dll
0x000007fefd790000 - 0x000007fefd79f000 	C:\Windows\system32\CRYPTBASE.dll
0x000007feee210000 - 0x000007feee40f000 	C:\Windows\system32\d3d9.dll
0x000007fefaf90000 - 0x000007fefaf97000 	C:\Windows\system32\d3d8thk.dll
0x000007fef5640000 - 0x000007fef574e000 	C:\Windows\system32\aticfx64.dll
0x000007fefb770000 - 0x000007fefb77f000 	C:\Windows\system32\atiu9p64.dll
0x000007fef09c0000 - 0x000007fef10ed000 	C:\Windows\system32\atiumd64.dll
0x0000000067290000 - 0x00000000676ae000 	C:\Windows\system32\atiumd6a.dll
0x0000000060260000 - 0x00000000602a7000 	C:\Program Files\Java\jre1.8.0_151\bin\fontmanager.dll
0x0000000060e00000 - 0x0000000060e1a000 	C:\Program Files\Java\jre1.8.0_151\bin\net.dll
0x000007fefd0d0000 - 0x000007fefd125000 	C:\Windows\system32\mswsock.dll
0x000007fefd0c0000 - 0x000007fefd0c7000 	C:\Windows\System32\wship6.dll
0x0000000060de0000 - 0x0000000060df1000 	C:\Program Files\Java\jre1.8.0_151\bin\nio.dll
0x0000000060210000 - 0x0000000060252000 	C:\Program Files\Java\jre1.8.0_151\bin\t2k.dll
0x0000000060db0000 - 0x0000000060dd4000 	C:\Program Files\Java\jre1.8.0_151\bin\sunec.dll
0x000007fefae50000 - 0x000007fefae77000 	C:\Windows\system32\IPHLPAPI.DLL
0x000007fefae40000 - 0x000007fefae4b000 	C:\Windows\system32\WINNSI.DLL
0x000007fefaad0000 - 0x000007fefaae1000 	C:\Windows\system32\dhcpcsvc6.DLL
0x000007fefaab0000 - 0x000007fefaac8000 	C:\Windows\system32\dhcpcsvc.DLL
0x000007fefd130000 - 0x000007fefd147000 	C:\Windows\system32\CRYPTSP.dll
0x000007fefce30000 - 0x000007fefce77000 	C:\Windows\system32\rsaenh.dll
0x000007fefd9b0000 - 0x000007fefd9ce000 	C:\Windows\system32\USERENV.dll
0x000007fefcab0000 - 0x000007fefcab7000 	C:\Windows\System32\wshtcpip.dll
0x000000006db40000 - 0x000000006db6e000 	C:\Program Files\Common Files\Microsoft Shared\Windows Live\WLIDNSP.DLL
0x000007fefcf50000 - 0x000007fefcfab000 	C:\Windows\system32\DNSAPI.dll
0x000000006db10000 - 0x000000006db36000 	C:\Program Files\Bonjour\mdnsNSP.dll
0x000007fef7c40000 - 0x000007fef7c48000 	C:\Windows\system32\rasadhlp.dll
0x000007fefad00000 - 0x000007fefad53000 	C:\Windows\System32\fwpuclnt.dll
0x0000000067900000 - 0x000000006790b000 	C:\Program Files\Java\jre1.8.0_151\bin\sunmscapi.dll
0x000007fefdaa0000 - 0x000007fefdc07000 	C:\Windows\system32\CRYPT32.dll
0x000007fefd900000 - 0x000007fefd90f000 	C:\Windows\system32\MSASN1.dll
0x000007fefd730000 - 0x000007fefd787000 	C:\Windows\system32\apphelp.dll
0x00000000637c0000 - 0x00000000637cd000 	C:\Users\Zelimir\AppData\Local\Temp\jogamp_0000\file_cache\jln718229073983012916\jln7304600213474855340\gluegen-rt.dll
0x0000000060200000 - 0x0000000060207000 	C:\Program Files\Java\jre1.8.0_151\bin\jawt.dll
0x000000006a440000 - 0x000000006a44d000 	C:\Users\Zelimir\AppData\Local\Temp\jogamp_0000\file_cache\jln718229073983012916\jln7304600213474855340\nativewindow_awt.dll
0x000000006c100000 - 0x000000006c10f000 	C:\Users\Zelimir\AppData\Local\Temp\jogamp_0000\file_cache\jln718229073983012916\jln7304600213474855340\nativewindow_win32.dll
0x0000000064500000 - 0x00000000645a2000 	C:\Users\Zelimir\AppData\Local\Temp\jogamp_0000\file_cache\jln718229073983012916\jln7304600213474855340\jogl_desktop.dll
0x000007fefb790000 - 0x000007fefb799000 	C:\Windows\system32\atig6pxx.dll
0x0000000060e70000 - 0x00000000627c8000 	C:\Windows\system32\atio6axx.dll
0x000007fefb000000 - 0x000007fefb090000 	C:\Windows\system32\atiadlxx.dll
0x000007fefca90000 - 0x000007fefcaa1000 	C:\Windows\system32\WTSAPI32.dll
0x000007fefda10000 - 0x000007fefda4a000 	C:\Windows\system32\WINTRUST.dll
0x000007fefaf70000 - 0x000007fefaf7e000 	C:\Windows\system32\atig6txx.dll
0x0000000011ed0000 - 0x0000000011f01000 	C:\Program Files\Java\jre1.8.0_151\bin\jpeg.dll
0x000007fef8cf0000 - 0x000007fef8e15000 	C:\Windows\system32\dbghelp.dll

VM Arguments:
jvm_args: -Djava.security.policy=java.policy.applet -Dfile.encoding=Cp1250 
java_command: sun.applet.AppletViewer probni.zelimir.ZelimirsEarthquakeWorldMap1512910379345.html
java_class_path (initial): D:\courses\rep\proba01\bin;D:\courses\rep\proba01\lib\core.jar;D:\courses\rep\proba01\lib\gluegen-rt-natives-linux-amd64.jar;D:\courses\rep\proba01\lib\gluegen-rt-natives-linux-armv6hf.jar;D:\courses\rep\proba01\lib\gluegen-rt-natives-linux-i586.jar;D:\courses\rep\proba01\lib\gluegen-rt-natives-macosx-universal.jar;D:\courses\rep\proba01\lib\gluegen-rt-natives-windows-amd64.jar;D:\courses\rep\proba01\lib\gluegen-rt-natives-windows-i586.jar;D:\courses\rep\proba01\lib\gluegen-rt.jar;D:\courses\rep\proba01\lib\jogl-all-natives-linux-amd64.jar;D:\courses\rep\proba01\lib\jogl-all-natives-linux-armv6hf.jar;D:\courses\rep\proba01\lib\jogl-all-natives-linux-i586.jar;D:\courses\rep\proba01\lib\jogl-all-natives-macosx-universal.jar;D:\courses\rep\proba01\lib\jogl-all-natives-windows-amd64.jar;D:\courses\rep\proba01\lib\jogl-all-natives-windows-i586.jar;D:\courses\rep\proba01\lib\jogl-all.jar;D:\courses\rep\proba01\lib\json4processing.jar;D:\courses\rep\proba01\lib\libTUIO.jar;D:\courses\rep\proba01\lib\log4j-1.2.15.jar;D:\courses\rep\proba01\lib\sqlite-jdbc-3.7.2.jar;D:\courses\rep\proba01\lib\unfolding.0.9.7-uscd.jar
Launcher Type: SUN_STANDARD

Environment Variables:
JAVA_HOME=C:\Program Files\Java\jdk1.8.0_66
CLASSPATH=C:\Users\Zelimir\algs4\stdlib.jar;C:\Users\Zelimir\algs4\algs4.jar;C:\Program File;C:\msys\1.0\bin;C:\mingw\bin;C:\Program Files\Java\jdk1.8.0_101\bin;C:\Program Files\Java\jre1.8.0_151\bin;.
PATH=C:/Program Files/Java/jre1.8.0_151/bin/server;C:/Program Files/Java/jre1.8.0_151/bin;C:/Program Files/Java/jre1.8.0_151/lib/amd64;C:\ProgramData\Oracle\Java\javapath;C:\Program Files\Common Files\Microsoft Shared\Windows Live;C:\Program Files (x86)\AMD APP\bin\x86_64;C:\Program Files (x86)\AMD APP\bin\x86;C:\Windows\system32;C:\Windows;C:\Windows\System32\Wbem;C:\Windows\System32\WindowsPowerShell\v1.0\;C:\Program Files (x86)\ATI Technologies\ATI.ACE\Core-Static;C:\Program Files (x86)\Common Files\Acronis\SnapAPI\;C:\Program Files\jEdit;C:\Program Files\Java\jdk1.7.0_25\bin;C:\Program Files\Java\jdk1.6.0_25;C:\Program Files\Microsoft\Web Platform Installer\;C:\Program Files (x86)\Microsoft ASP.NET\ASP.NET Web Pages\v1.0\;C:\Program Files\Microsoft SQL Server\110\Tools\Binn\;C:\Program Files\Java\jdk1.7.0_25\jre\lib\ext\mysql-connector-java-5.1.27-bin;C:\Program Files (x86)\Microsoft SQL Server\100\Tools\Binn\;C:\Program Files\Microsoft SQL Server\100\Tools\Binn\;C:\Program Files\Microsoft SQL Server\100\DTS\Binn\;C:\Program Files\MATLAB\R2015a\bin;C:\Program Files\Git\cmd;C:\Program Files (x86)\Heroku\bin;C:\Program Files (x86)\git\cmd;C:\Program Files\nodejs\;C:\Program Files (x86)\QuickTime\QTSystem\;C:\Program Files\Java\jdk1.8.0_101\bin;C:\Program Files\Java\jre1.8.0_101;C:\Program Files (x86)\Skype\Phone\;C:\RailsInstaller\Ruby2.0.0\bin;C;C:\Program Files\Common Files\Microsoft Shared\Windows Live;C:\Program Files\phantomjs-2.0.0-windows\bin;C:\Users\Zelimir\AppData\Roaming\npm;C:\Eclipse_Versions\eclipse;
USERNAME=Zelimir
OS=Windows_NT
PROCESSOR_IDENTIFIER=AMD64 Family 16 Model 2 Stepping 3, AuthenticAMD



---------------  S Y S T E M  ---------------

OS: Windows 7 , 64 bit Build 7601 (6.1.7601.18015)

CPU:total 4 (initial active 4) (4 cores per cpu, 1 threads per core) family 16 model 2 stepping 3, cmov, cx8, fxsr, mmx, sse, sse2, sse3, popcnt, mmxext, 3dnowpref, lzcnt, sse4a, tsc, tscinvbit, tscinv

Memory: 4k page, physical 2096376k(96864k free), swap 5694524k(437580k free)

vm_info: Java HotSpot(TM) 64-Bit Server VM (25.151-b12) for windows-amd64 JRE (1.8.0_151-b12), built on Sep  5 2017 19:33:46 by "java_re" with MS VC++ 10.0 (VS2010)

time: Sun Dec 10 13:54:14 2017
elapsed time: 72 seconds (0d 0h 1m 12s)

