#
# A fatal error has been detected by the Java Runtime Environment:
#
#  EXCEPTION_ACCESS_VIOLATION (0xc0000005) at pc=0x000000005fab59aa, pid=4884, tid=0x0000000000000cfc
#
# JRE version: Java(TM) SE Runtime Environment (8.0_151-b12) (build 1.8.0_151-b12)
# Java VM: Java HotSpot(TM) 64-Bit Server VM (25.151-b12 mixed mode windows-amd64 compressed oops)
# Problematic frame:
# C  [atio6axx.dll+0x8959aa]
#
# Failed to write core dump. Minidumps are not enabled by default on client versions of Windows
#
# If you would like to submit a bug report, please visit:
#   http://bugreport.java.com/bugreport/crash.jsp
# The crash happened outside the Java Virtual Machine in native code.
# See problematic frame for where to report the bug.
#

---------------  T H R E A D  ---------------

Current thread (0x000000005612e000):  JavaThread "AWT-EventQueue-1" [_thread_in_native, id=3324, stack(0x000000005bf40000,0x000000005c040000)]

siginfo: ExceptionCode=0xc0000005, reading address 0x0000000000000010

Registers:
RAX=0x00000000607a2a48, RBX=0x0000000000000000, RCX=0x0000000000000000, RDX=0x0000000000000000
RSP=0x000000005c03d590, RBP=0x000000005c03d7c8, RSI=0x000000005c03d840, RDI=0x0000000061b59cc0
R8 =0x0000000000000000, R9 =0x0000550a00a30003, R10=0x000000005c03cf90, R11=0x00000000607a34f8
R12=0x000000005c7f9720, R13=0x0000000061ecd340, R14=0x0000000061ecd370, R15=0x0000000000000000
RIP=0x000000005fab59aa, EFLAGS=0x0000000000010246

Top of Stack: (sp=0x000000005c03d590)
0x000000005c03d590:   0000000000000001 000000005c03d5f0
0x000000005c03d5a0:   000000005c03d5e0 0000000000000000
0x000000005c03d5b0:   ffffffff00000002 0000000100000000
0x000000005c03d5c0:   ffffffffffffffff ffffffffffffffff
0x000000005c03d5d0:   0000000000000000 0000000000000000
0x000000005c03d5e0:   0000000000000000 0000000000000000
0x000000005c03d5f0:   0000000000000000 0000000000000000
0x000000005c03d600:   0000000000000000 0000000000000000
0x000000005c03d610:   0000000000000000 0000000000000000
0x000000005c03d620:   0000000061b59c50 0000000000000000
0x000000005c03d630:   0000000061b59cc0 0000000000000000
0x000000005c03d640:   0000000000000000 00000258000004b0
0x000000005c03d650:   0000000061b59be0 0000000000000000
0x000000005c03d660:   0000000000000000 0000000000000000
0x000000005c03d670:   0000000061b59c50 0000000000000000
0x000000005c03d680:   0000000061b59cc0 0000000000000000 

Instructions: (pc=0x000000005fab59aa)
0x000000005fab598a:   39 79 08 75 0a 48 8b 01 ba 01 00 00 00 ff 10 48
0x000000005fab599a:   8b 54 24 70 49 8b 04 24 48 89 bc 24 a0 00 00 00
0x000000005fab59aa:   48 8b 52 10 4c 8d 8c 24 a0 01 00 00 41 b8 06 00
0x000000005fab59ba:   00 00 49 8b cc ff 90 c8 05 00 00 44 39 bc 24 a8 


Register to memory mapping:

RAX=0x00000000607a2a48 is an unknown value
RBX=0x0000000000000000 is an unknown value
RCX=0x0000000000000000 is an unknown value
RDX=0x0000000000000000 is an unknown value
RSP=0x000000005c03d590 is pointing into the stack for thread: 0x000000005612e000
RBP=0x000000005c03d7c8 is pointing into the stack for thread: 0x000000005612e000
RSI=0x000000005c03d840 is pointing into the stack for thread: 0x000000005612e000
RDI=0x0000000061b59cc0 is an unknown value
R8 =0x0000000000000000 is an unknown value
R9 =0x0000550a00a30003 is an unknown value
R10=0x000000005c03cf90 is pointing into the stack for thread: 0x000000005612e000
R11=0x00000000607a34f8 is an unknown value
R12=0x000000005c7f9720 is an unknown value
R13=0x0000000061ecd340 is an unknown value
R14=0x0000000061ecd370 is an unknown value
R15=0x0000000000000000 is an unknown value


Stack: [0x000000005bf40000,0x000000005c040000],  sp=0x000000005c03d590,  free space=1013k
Native frames: (J=compiled Java code, j=interpreted, Vv=VM code, C=native code)
C  [atio6axx.dll+0x8959aa]
C  [atio6axx.dll+0x89a0b1]
C  [atio6axx.dll+0xa120b]
C  [atio6axx.dll+0x46c58a]
C  [atio6axx.dll+0x1e94eb]
C  0x0000000002ab6c81

Java frames: (J=compiled Java code, j=interpreted, Vv=VM code)
J 2980  jogamp.opengl.gl4.GL4bcImpl.dispatch_glBlitFramebuffer1(IIIIIIIIIIJ)V (0 bytes) @ 0x0000000002ab6c03 [0x0000000002ab6b80+0x83]
J 2735 C1 jogamp.opengl.gl4.GL4bcImpl.glBlitFramebuffer(IIIIIIIIII)V (68 bytes) @ 0x00000000031ef08c [0x00000000031ee520+0xb6c]
J 2734 C1 processing.opengl.PJOGL.blitFramebuffer(IIIIIIIIII)V (97 bytes) @ 0x00000000031ed474 [0x00000000031ec8c0+0xbb4]
J 3407 C1 processing.opengl.PGL.syncBackTexture()V (81 bytes) @ 0x0000000003310a8c [0x00000000033105c0+0x4cc]
J 3406 C1 processing.opengl.PJOGL.syncBackTexture()V (63 bytes) @ 0x00000000033101ac [0x000000000330fea0+0x30c]
J 3416 C1 processing.opengl.PGL.endDraw(Z)V (141 bytes) @ 0x0000000003318bac [0x0000000003318a60+0x14c]
J 3415 C1 processing.opengl.PJOGL.endDraw(Z)V (162 bytes) @ 0x000000000331827c [0x0000000003317640+0xc3c]
J 2740 C1 processing.opengl.PGraphicsOpenGL.endDraw()V (111 bytes) @ 0x00000000031f09dc [0x00000000031f0180+0x85c]
J 3671 C1 processing.core.PApplet.handleDraw()V (382 bytes) @ 0x0000000002f4c13c [0x0000000002f49f80+0x21bc]
J 3690 C1 processing.opengl.PJOGL$PGLListener.display(Ljavax/media/opengl/GLAutoDrawable;)V (520 bytes) @ 0x00000000033fa434 [0x00000000033f8a20+0x1a14]
J 3689 C1 jogamp.opengl.GLDrawableHelper.displayImpl(Ljavax/media/opengl/GLAutoDrawable;)V (105 bytes) @ 0x0000000002f3fca4 [0x0000000002f3f1c0+0xae4]
J 3687 C1 javax.media.opengl.awt.GLCanvas$10.run()V (122 bytes) @ 0x0000000002f3e89c [0x0000000002f3e340+0x55c]
J 3682 C1 jogamp.opengl.GLDrawableHelper.invokeGLImpl(Ljavax/media/opengl/GLDrawable;Ljavax/media/opengl/GLContext;Ljava/lang/Runnable;Ljava/lang/Runnable;)V (579 bytes) @ 0x0000000002f4214c [0x0000000002f41320+0xe2c]
J 3681 C1 jogamp.opengl.GLDrawableHelper.invokeGL(Ljavax/media/opengl/GLDrawable;Ljavax/media/opengl/GLContext;Ljava/lang/Runnable;Ljava/lang/Runnable;)V (76 bytes) @ 0x0000000002f08a04 [0x0000000002f08940+0xc4]
J 3680 C1 javax.media.opengl.awt.GLCanvas$11.run()V (95 bytes) @ 0x0000000002ef173c [0x0000000002ef1380+0x3bc]
J 2812 C1 java.awt.event.InvocationEvent.dispatch()V (69 bytes) @ 0x00000000032243c4 [0x0000000003224280+0x144]
J 2863 C1 java.awt.EventQueue.dispatchEventImpl(Ljava/awt/AWTEvent;Ljava/lang/Object;)V (149 bytes) @ 0x00000000032562cc [0x00000000032547c0+0x1b0c]
J 2861 C1 java.awt.EventQueue$3.run()Ljava/lang/Void; (60 bytes) @ 0x0000000003257804 [0x0000000003257600+0x204]
J 2860 C1 java.awt.EventQueue$3.run()Ljava/lang/Object; (5 bytes) @ 0x0000000003257ecc [0x0000000003257e40+0x8c]
v  ~StubRoutines::call_stub
J 646  java.security.AccessController.doPrivileged(Ljava/security/PrivilegedAction;Ljava/security/AccessControlContext;)Ljava/lang/Object; (0 bytes) @ 0x0000000002bda826 [0x0000000002bda7c0+0x66]
J 2491 C1 java.awt.EventQueue.dispatchEvent(Ljava/awt/AWTEvent;)V (80 bytes) @ 0x00000000030f6c1c [0x00000000030f62c0+0x95c]
J 2502 C1 java.awt.EventDispatchThread.pumpOneEventForFilters(I)V (295 bytes) @ 0x00000000030ffcb4 [0x00000000030fe1c0+0x1af4]
j  java.awt.EventDispatchThread.pumpEventsForFilter(ILjava/awt/Conditional;Ljava/awt/EventFilter;)V+35
j  java.awt.EventDispatchThread.pumpEventsForHierarchy(ILjava/awt/Conditional;Ljava/awt/Component;)V+11
j  java.awt.EventDispatchThread.pumpEvents(ILjava/awt/Conditional;)V+4
j  java.awt.EventDispatchThread.pumpEvents(Ljava/awt/Conditional;)V+3
j  java.awt.EventDispatchThread.run()V+9
v  ~StubRoutines::call_stub

---------------  P R O C E S S  ---------------

Java Threads: ( => current thread )
  0x0000000056657800 JavaThread "Keep-Alive-Timer" daemon [_thread_blocked, id=3348, stack(0x0000000063f60000,0x0000000064060000)]
  0x000000005624d800 JavaThread "Image Fetcher 3" daemon [_thread_blocked, id=5568, stack(0x0000000063410000,0x0000000063510000)]
  0x000000005624c000 JavaThread "Image Fetcher 2" daemon [_thread_blocked, id=3564, stack(0x00000000639e0000,0x0000000063ae0000)]
  0x0000000056654800 JavaThread "Image Fetcher 1" daemon [_thread_blocked, id=2448, stack(0x0000000062520000,0x0000000062620000)]
  0x000000005665f800 JavaThread "Image Fetcher 0" daemon [_thread_blocked, id=5052, stack(0x0000000061960000,0x0000000061a60000)]
  0x000000005d651800 JavaThread "Animation Thread-SharedResourceRunner" daemon [_thread_blocked, id=4528, stack(0x000000005e6a0000,0x000000005e7a0000)]
  0x000000005619c000 JavaThread "Animation Thread" [_thread_blocked, id=4012, stack(0x000000005c4a0000,0x000000005c5a0000)]
=>0x000000005612e000 JavaThread "AWT-EventQueue-1" [_thread_in_native, id=3324, stack(0x000000005bf40000,0x000000005c040000)]
  0x000000000212f000 JavaThread "DestroyJavaVM" [_thread_blocked, id=1176, stack(0x0000000002570000,0x0000000002670000)]
  0x00000000560da000 JavaThread "D3D Screen Updater" daemon [_thread_blocked, id=3648, stack(0x000000005b9c0000,0x000000005bac0000)]
  0x000000005605a800 JavaThread "AWT-EventQueue-0" [_thread_blocked, id=1624, stack(0x000000005a250000,0x000000005a350000)]
  0x0000000056064800 JavaThread "thread applet-probni.zelimir.ZelimirsEarthquakeWorldMap.class" [_thread_blocked, id=5268, stack(0x0000000059ff0000,0x000000005a0f0000)]
  0x000000005603d000 JavaThread "AWT-Windows" daemon [_thread_in_native, id=4484, stack(0x0000000056cc0000,0x0000000056dc0000)]
  0x000000005603a000 JavaThread "AWT-Shutdown" [_thread_blocked, id=520, stack(0x0000000056b10000,0x0000000056c10000)]
  0x0000000055ff2000 JavaThread "Java2D Disposer" daemon [_thread_blocked, id=5628, stack(0x0000000056850000,0x0000000056950000)]
  0x00000000554d1000 JavaThread "Service Thread" daemon [_thread_blocked, id=4024, stack(0x0000000055e60000,0x0000000055f60000)]
  0x0000000055456000 JavaThread "C1 CompilerThread2" daemon [_thread_blocked, id=4060, stack(0x0000000055cc0000,0x0000000055dc0000)]
  0x0000000055455800 JavaThread "C2 CompilerThread1" daemon [_thread_blocked, id=1724, stack(0x0000000055880000,0x0000000055980000)]
  0x0000000053cbb000 JavaThread "C2 CompilerThread0" daemon [_thread_blocked, id=6116, stack(0x0000000055a40000,0x0000000055b40000)]
  0x0000000053cb7800 JavaThread "Attach Listener" daemon [_thread_blocked, id=5696, stack(0x00000000551a0000,0x00000000552a0000)]
  0x0000000053cb4000 JavaThread "Signal Dispatcher" daemon [_thread_blocked, id=5888, stack(0x0000000055350000,0x0000000055450000)]
  0x0000000053c9a000 JavaThread "Finalizer" daemon [_thread_blocked, id=820, stack(0x0000000054ec0000,0x0000000054fc0000)]
  0x0000000053c53000 JavaThread "Reference Handler" daemon [_thread_blocked, id=1856, stack(0x0000000055080000,0x0000000055180000)]

Other Threads:
  0x0000000053c4b800 VMThread [stack: 0x0000000054d90000,0x0000000054e90000] [id=4672]
  0x00000000554f9000 WatcherThread [stack: 0x0000000055b40000,0x0000000055c40000] [id=5864]

VM state:not at safepoint (normal execution)

VM Mutex/Monitor currently owned by a thread: None

Heap:
 PSYoungGen      total 110080K, used 89072K [0x00000000f5580000, 0x00000000fe700000, 0x0000000100000000)
  eden space 82432K, 92% used [0x00000000f5580000,0x00000000fa02bdc8,0x00000000fa600000)
  from space 27648K, 45% used [0x00000000fa600000,0x00000000fb250250,0x00000000fc100000)
  to   space 26112K, 0% used [0x00000000fcd80000,0x00000000fcd80000,0x00000000fe700000)
 ParOldGen       total 135168K, used 99519K [0x00000000e0000000, 0x00000000e8400000, 0x00000000f5580000)
  object space 135168K, 73% used [0x00000000e0000000,0x00000000e612fff0,0x00000000e8400000)
 Metaspace       used 23487K, capacity 23807K, committed 23936K, reserved 1071104K
  class space    used 2282K, capacity 2389K, committed 2432K, reserved 1048576K

Card table byte_map: [0x0000000002230000,0x0000000002340000] byte_map_base: 0x0000000001b30000

Marking Bits: (ParMarkBitMap*) 0x000000005f19d850
 Begin Bits: [0x00000000122c0000, 0x0000000012ac0000)
 End Bits:   [0x0000000012ac0000, 0x00000000132c0000)

Polling page: 0x00000000001b0000

CodeCache: size=245760Kb used=11252Kb max_used=11270Kb free=234507Kb
 bounds [0x0000000002940000, 0x0000000003470000, 0x0000000011940000]
 total_blobs=4170 nmethods=3240 adapters=843
 compilation: enabled

Compilation events (10 events):
Event: 63.926 Thread 0x0000000055455800 nmethod 3839 0x000000000301b390 code [0x000000000301b540, 0x000000000301bb70]
Event: 64.018 Thread 0x0000000053cbb000 nmethod 3837 0x000000000345e590 code [0x000000000345e900, 0x00000000034624f0]
Event: 64.419 Thread 0x0000000055455800 3840       4       java.io.WinNTFileSystem::isAbsolute (36 bytes)
Event: 64.420 Thread 0x0000000055455800 nmethod 3840 0x0000000002f92150 code [0x0000000002f92280, 0x0000000002f92318]
Event: 64.957 Thread 0x0000000053cbb000 3841 %     4       processing.opengl.PGraphicsOpenGL$InGeometry::getNumEdgeClosures @ 7 (35 bytes)
Event: 64.962 Thread 0x0000000053cbb000 nmethod 3841% 0x0000000002fdf750 code [0x0000000002fdf8a0, 0x0000000002fdfa78]
Event: 65.500 Thread 0x0000000055455800 3842       4       sun.awt.image.ByteArrayImageSource::getDecoder (33 bytes)
Event: 65.500 Thread 0x0000000053cbb000 3843   !   4       sun.awt.image.ImageFetcher::stoppingAnimation (119 bytes)
Event: 65.517 Thread 0x0000000053cbb000 nmethod 3843 0x0000000003154d50 code [0x0000000003154f00, 0x00000000031556b0]
Event: 65.558 Thread 0x0000000055455800 nmethod 3842 0x0000000003451a50 code [0x0000000003451ca0, 0x00000000034536f0]

GC Heap History (10 events):
Event: 41.610 GC heap before
{Heap before GC invocations=27 (full 3):
 PSYoungGen      total 84992K, used 84693K [0x00000000f5580000, 0x00000000fca00000, 0x0000000100000000)
  eden space 66048K, 99% used [0x00000000f5580000,0x00000000f95f9258,0x00000000f9600000)
  from space 18944K, 98% used [0x00000000f9600000,0x00000000fa83c1b0,0x00000000fa880000)
  to   space 21504K, 0% used [0x00000000fb500000,0x00000000fb500000,0x00000000fca00000)
 ParOldGen       total 86528K, used 63418K [0x00000000e0000000, 0x00000000e5480000, 0x00000000f5580000)
  object space 86528K, 73% used [0x00000000e0000000,0x00000000e3deeb28,0x00000000e5480000)
 Metaspace       used 23443K, capacity 23807K, committed 23936K, reserved 1071104K
  class space    used 2282K, capacity 2389K, committed 2432K, reserved 1048576K
Event: 41.740 GC heap after
Heap after GC invocations=27 (full 3):
 PSYoungGen      total 92160K, used 21472K [0x00000000f5580000, 0x00000000fd900000, 0x0000000100000000)
  eden space 70656K, 0% used [0x00000000f5580000,0x00000000f5580000,0x00000000f9a80000)
  from space 21504K, 99% used [0x00000000fb500000,0x00000000fc9f8370,0x00000000fca00000)
  to   space 27136K, 0% used [0x00000000f9a80000,0x00000000f9a80000,0x00000000fb500000)
 ParOldGen       total 86528K, used 69080K [0x00000000e0000000, 0x00000000e5480000, 0x00000000f5580000)
  object space 86528K, 79% used [0x00000000e0000000,0x00000000e43763d8,0x00000000e5480000)
 Metaspace       used 23443K, capacity 23807K, committed 23936K, reserved 1071104K
  class space    used 2282K, capacity 2389K, committed 2432K, reserved 1048576K
}
Event: 47.917 GC heap before
{Heap before GC invocations=28 (full 3):
 PSYoungGen      total 92160K, used 92128K [0x00000000f5580000, 0x00000000fd900000, 0x0000000100000000)
  eden space 70656K, 100% used [0x00000000f5580000,0x00000000f9a80000,0x00000000f9a80000)
  from space 21504K, 99% used [0x00000000fb500000,0x00000000fc9f8370,0x00000000fca00000)
  to   space 27136K, 0% used [0x00000000f9a80000,0x00000000f9a80000,0x00000000fb500000)
 ParOldGen       total 86528K, used 69080K [0x00000000e0000000, 0x00000000e5480000, 0x00000000f5580000)
  object space 86528K, 79% used [0x00000000e0000000,0x00000000e43763d8,0x00000000e5480000)
 Metaspace       used 23450K, capacity 23807K, committed 23936K, reserved 1071104K
  class space    used 2282K, capacity 2389K, committed 2432K, reserved 1048576K
Event: 48.013 GC heap after
Heap after GC invocations=28 (full 3):
 PSYoungGen      total 97792K, used 20624K [0x00000000f5580000, 0x00000000fdf00000, 0x0000000100000000)
  eden space 70656K, 0% used [0x00000000f5580000,0x00000000f5580000,0x00000000f9a80000)
  from space 27136K, 76% used [0x00000000f9a80000,0x00000000faea42d0,0x00000000fb500000)
  to   space 29184K, 0% used [0x00000000fc280000,0x00000000fc280000,0x00000000fdf00000)
 ParOldGen       total 86528K, used 77293K [0x00000000e0000000, 0x00000000e5480000, 0x00000000f5580000)
  object space 86528K, 89% used [0x00000000e0000000,0x00000000e4b7b678,0x00000000e5480000)
 Metaspace       used 23450K, capacity 23807K, committed 23936K, reserved 1071104K
  class space    used 2282K, capacity 2389K, committed 2432K, reserved 1048576K
}
Event: 48.013 GC heap before
{Heap before GC invocations=29 (full 4):
 PSYoungGen      total 97792K, used 20624K [0x00000000f5580000, 0x00000000fdf00000, 0x0000000100000000)
  eden space 70656K, 0% used [0x00000000f5580000,0x00000000f5580000,0x00000000f9a80000)
  from space 27136K, 76% used [0x00000000f9a80000,0x00000000faea42d0,0x00000000fb500000)
  to   space 29184K, 0% used [0x00000000fc280000,0x00000000fc280000,0x00000000fdf00000)
 ParOldGen       total 86528K, used 77293K [0x00000000e0000000, 0x00000000e5480000, 0x00000000f5580000)
  object space 86528K, 89% used [0x00000000e0000000,0x00000000e4b7b678,0x00000000e5480000)
 Metaspace       used 23450K, capacity 23807K, committed 23936K, reserved 1071104K
  class space    used 2282K, capacity 2389K, committed 2432K, reserved 1048576K
Event: 48.195 GC heap after
Heap after GC invocations=29 (full 4):
 PSYoungGen      total 97792K, used 8100K [0x00000000f5580000, 0x00000000fdf00000, 0x0000000100000000)
  eden space 70656K, 0% used [0x00000000f5580000,0x00000000f5580000,0x00000000f9a80000)
  from space 27136K, 29% used [0x00000000f9a80000,0x00000000fa269338,0x00000000fb500000)
  to   space 29184K, 0% used [0x00000000fc280000,0x00000000fc280000,0x00000000fdf00000)
 ParOldGen       total 135168K, used 86027K [0x00000000e0000000, 0x00000000e8400000, 0x00000000f5580000)
  object space 135168K, 63% used [0x00000000e0000000,0x00000000e5402e68,0x00000000e8400000)
 Metaspace       used 23450K, capacity 23807K, committed 23936K, reserved 1071104K
  class space    used 2282K, capacity 2389K, committed 2432K, reserved 1048576K
}
Event: 55.454 GC heap before
{Heap before GC invocations=30 (full 4):
 PSYoungGen      total 97792K, used 78756K [0x00000000f5580000, 0x00000000fdf00000, 0x0000000100000000)
  eden space 70656K, 100% used [0x00000000f5580000,0x00000000f9a80000,0x00000000f9a80000)
  from space 27136K, 29% used [0x00000000f9a80000,0x00000000fa269338,0x00000000fb500000)
  to   space 29184K, 0% used [0x00000000fc280000,0x00000000fc280000,0x00000000fdf00000)
 ParOldGen       total 135168K, used 86027K [0x00000000e0000000, 0x00000000e8400000, 0x00000000f5580000)
  object space 135168K, 63% used [0x00000000e0000000,0x00000000e5402e68,0x00000000e8400000)
 Metaspace       used 23466K, capacity 23807K, committed 23936K, reserved 1071104K
  class space    used 2282K, capacity 2389K, committed 2432K, reserved 1048576K
Event: 55.533 GC heap after
Heap after GC invocations=30 (full 4):
 PSYoungGen      total 108544K, used 10720K [0x00000000f5580000, 0x00000000fdc00000, 0x0000000100000000)
  eden space 82432K, 0% used [0x00000000f5580000,0x00000000f5580000,0x00000000fa600000)
  from space 26112K, 41% used [0x00000000fc280000,0x00000000fccf8010,0x00000000fdc00000)
  to   space 27648K, 0% used [0x00000000fa600000,0x00000000fa600000,0x00000000fc100000)
 ParOldGen       total 135168K, used 89649K [0x00000000e0000000, 0x00000000e8400000, 0x00000000f5580000)
  object space 135168K, 66% used [0x00000000e0000000,0x00000000e578c5a8,0x00000000e8400000)
 Metaspace       used 23466K, capacity 23807K, committed 23936K, reserved 1071104K
  class space    used 2282K, capacity 2389K, committed 2432K, reserved 1048576K
}
Event: 60.250 GC heap before
{Heap before GC invocations=31 (full 4):
 PSYoungGen      total 108544K, used 93152K [0x00000000f5580000, 0x00000000fdc00000, 0x0000000100000000)
  eden space 82432K, 100% used [0x00000000f5580000,0x00000000fa600000,0x00000000fa600000)
  from space 26112K, 41% used [0x00000000fc280000,0x00000000fccf8010,0x00000000fdc00000)
  to   space 27648K, 0% used [0x00000000fa600000,0x00000000fa600000,0x00000000fc100000)
 ParOldGen       total 135168K, used 89650K [0x00000000e0000000, 0x00000000e8400000, 0x00000000f5580000)
  object space 135168K, 66% used [0x00000000e0000000,0x00000000e578c9e0,0x00000000e8400000)
 Metaspace       used 23482K, capacity 23807K, committed 23936K, reserved 1071104K
  class space    used 2282K, capacity 2389K, committed 2432K, reserved 1048576K
Event: 60.347 GC heap after
Heap after GC invocations=31 (full 4):
 PSYoungGen      total 110080K, used 12608K [0x00000000f5580000, 0x00000000fe700000, 0x0000000100000000)
  eden space 82432K, 0% used [0x00000000f5580000,0x00000000f5580000,0x00000000fa600000)
  from space 27648K, 45% used [0x00000000fa600000,0x00000000fb250250,0x00000000fc100000)
  to   space 26112K, 0% used [0x00000000fcd80000,0x00000000fcd80000,0x00000000fe700000)
 ParOldGen       total 135168K, used 99519K [0x00000000e0000000, 0x00000000e8400000, 0x00000000f5580000)
  object space 135168K, 73% used [0x00000000e0000000,0x00000000e612fff0,0x00000000e8400000)
 Metaspace       used 23482K, capacity 23807K, committed 23936K, reserved 1071104K
  class space    used 2282K, capacity 2389K, committed 2432K, reserved 1048576K
}

Deoptimization events (10 events):
Event: 33.674 Thread 0x0000000053c9a000 Uncommon trap: reason=class_check action=maybe_recompile pc=0x0000000002c8aeac method=java.util.HashMap.putVal(ILjava/lang/Object;Ljava/lang/Object;ZZ)Ljava/lang/Object; @ 203
Event: 33.676 Thread 0x0000000053c9a000 Uncommon trap: reason=class_check action=maybe_recompile pc=0x0000000002c8aeac method=java.util.HashMap.putVal(ILjava/lang/Object;Ljava/lang/Object;ZZ)Ljava/lang/Object; @ 203
Event: 33.676 Thread 0x0000000053c9a000 Uncommon trap: reason=class_check action=maybe_recompile pc=0x0000000002c8aeac method=java.util.HashMap.putVal(ILjava/lang/Object;Ljava/lang/Object;ZZ)Ljava/lang/Object; @ 203
Event: 33.676 Thread 0x0000000053c9a000 Uncommon trap: reason=class_check action=maybe_recompile pc=0x0000000002c8aeac method=java.util.HashMap.putVal(ILjava/lang/Object;Ljava/lang/Object;ZZ)Ljava/lang/Object; @ 203
Event: 33.676 Thread 0x0000000053c9a000 Uncommon trap: reason=class_check action=maybe_recompile pc=0x0000000002c4fbc8 method=java.util.HashMap.putVal(ILjava/lang/Object;Ljava/lang/Object;ZZ)Ljava/lang/Object; @ 203
Event: 34.631 Thread 0x000000005612e000 Uncommon trap: reason=unstable_if action=reinterpret pc=0x0000000002f68300 method=java.io.ExpiringCache.entryFor(Ljava/lang/String;)Ljava/io/ExpiringCache$Entry; @ 39
Event: 36.328 Thread 0x000000005612e000 Uncommon trap: reason=unstable_if action=reinterpret pc=0x000000000302fe48 method=java.io.ExpiringCache.entryFor(Ljava/lang/String;)Ljava/io/ExpiringCache$Entry; @ 39
Event: 58.488 Thread 0x000000005619c000 Uncommon trap: reason=unstable_if action=reinterpret pc=0x0000000003447ffc method=sun.awt.PostEventQueue.flush()V @ 23
Event: 61.025 Thread 0x000000005612e000 Uncommon trap: reason=predicate action=maybe_recompile pc=0x0000000002b920a4 method=java.util.Arrays.fill([Ljava/lang/Object;IILjava/lang/Object;)V @ 16
Event: 61.782 Thread 0x000000005612e000 Uncommon trap: reason=array_check action=maybe_recompile pc=0x0000000002fffb00 method=java.util.Arrays.fill([Ljava/lang/Object;IILjava/lang/Object;)V @ 20

Internal exceptions (10 events):
Event: 0.205 Thread 0x000000000212f000 Exception <a 'java/lang/NoSuchFieldError': method resolution failed> (0x00000000f571bf78) thrown at [C:\re\workspace\8-2-build-windows-amd64-cygwin\jdk8u151\9699\hotspot\src\share\vm\prims\methodHandles.cpp, line 1146]
Event: 0.244 Thread 0x000000000212f000 Implicit null exception at 0x0000000002aaa28b to 0x0000000002aaa43d
Event: 0.304 Thread 0x000000000212f000 Exception <a 'java/io/FileNotFoundException'> (0x00000000f58126b8) thrown at [C:\re\workspace\8-2-build-windows-amd64-cygwin\jdk8u151\9699\hotspot\src\share\vm\prims\jni.cpp, line 709]
Event: 0.433 Thread 0x000000000212f000 Exception <a 'java/io/FileNotFoundException'> (0x00000000f5869cd8) thrown at [C:\re\workspace\8-2-build-windows-amd64-cygwin\jdk8u151\9699\hotspot\src\share\vm\prims\jni.cpp, line 709]
Event: 5.636 Thread 0x000000005619c000 Exception <a 'java/lang/InterruptedException'> (0x00000000f5b06518) thrown at [C:\re\workspace\8-2-build-windows-amd64-cygwin\jdk8u151\9699\hotspot\src\share\vm\runtime\objectMonitor.cpp, line 1684]
Event: 5.682 Thread 0x000000005619c000 Exception <a 'java/lang/reflect/InvocationTargetException'> (0x00000000f5bea8e8) thrown at [C:\re\workspace\8-2-build-windows-amd64-cygwin\jdk8u151\9699\hotspot\src\share\vm\runtime\reflection.cpp, line 1092]
Event: 6.149 Thread 0x000000005612e000 Implicit null exception at 0x0000000002eaa955 to 0x0000000002eaa9b9
Event: 6.246 Thread 0x000000005612e000 Exception <a 'java/io/FileNotFoundException'> (0x00000000f57a0b18) thrown at [C:\re\workspace\8-2-build-windows-amd64-cygwin\jdk8u151\9699\hotspot\src\share\vm\prims\jni.cpp, line 709]
Event: 6.247 Thread 0x000000005612e000 Exception <a 'java/io/FileNotFoundException'> (0x00000000f57a7368) thrown at [C:\re\workspace\8-2-build-windows-amd64-cygwin\jdk8u151\9699\hotspot\src\share\vm\prims\jni.cpp, line 709]
Event: 6.247 Thread 0x000000005612e000 Implicit null exception at 0x0000000002b1d406 to 0x0000000002b1d791

Events (10 events):
Event: 61.782 Thread 0x000000005612e000 DEOPT PACKING pc=0x0000000002fffb00 sp=0x000000005c03dc80
Event: 61.782 Thread 0x000000005612e000 DEOPT UNPACKING pc=0x000000000298582a sp=0x000000005c03dc20 mode 2
Event: 63.729 Thread 0x0000000056656000 Thread added: 0x0000000056656000
Event: 63.730 Thread 0x0000000056655000 Thread added: 0x0000000056655000
Event: 63.730 Thread 0x0000000056656800 Thread added: 0x0000000056656800
Event: 63.730 Thread 0x000000005624e000 Thread added: 0x000000005624e000
Event: 63.822 Thread 0x0000000056656800 Thread exited: 0x0000000056656800
Event: 63.822 Thread 0x0000000056656000 Thread exited: 0x0000000056656000
Event: 63.825 Thread 0x0000000056655000 Thread exited: 0x0000000056655000
Event: 63.845 Thread 0x000000005624e000 Thread exited: 0x000000005624e000


Dynamic libraries:
0x000000013f820000 - 0x000000013f857000 	C:\Program Files\Java\jre1.8.0_151\bin\javaw.exe
0x00000000770a0000 - 0x0000000077249000 	C:\Windows\SYSTEM32\ntdll.dll
0x0000000076e80000 - 0x0000000076f9f000 	C:\Windows\system32\kernel32.dll
0x000007fefd060000 - 0x000007fefd0cb000 	C:\Windows\system32\KERNELBASE.dll
0x000007fefedc0000 - 0x000007fefee9b000 	C:\Windows\system32\ADVAPI32.dll
0x000007fefeea0000 - 0x000007fefef3f000 	C:\Windows\system32\msvcrt.dll
0x000007feff110000 - 0x000007feff12f000 	C:\Windows\SYSTEM32\sechost.dll
0x000007fefd210000 - 0x000007fefd33d000 	C:\Windows\system32\RPCRT4.dll
0x0000000076fa0000 - 0x000000007709a000 	C:\Windows\system32\USER32.dll
0x000007feff340000 - 0x000007feff3a7000 	C:\Windows\system32\GDI32.dll
0x000007fefef40000 - 0x000007fefef4e000 	C:\Windows\system32\LPK.dll
0x000007fefecd0000 - 0x000007fefed99000 	C:\Windows\system32\USP10.dll
0x000007fefb4d0000 - 0x000007fefb6c4000 	C:\Windows\WinSxS\amd64_microsoft.windows.common-controls_6595b64144ccf1df_6.0.7601.17514_none_fa396087175ac9ac\COMCTL32.dll
0x000007fefe8b0000 - 0x000007fefe921000 	C:\Windows\system32\SHLWAPI.dll
0x000007feff0e0000 - 0x000007feff10e000 	C:\Windows\system32\IMM32.DLL
0x000007fefe2f0000 - 0x000007fefe3f9000 	C:\Windows\system32\MSCTF.dll
0x000000005b670000 - 0x000000005b742000 	C:\Program Files\Java\jre1.8.0_151\bin\msvcr100.dll
0x000000005e980000 - 0x000000005f21d000 	C:\Program Files\Java\jre1.8.0_151\bin\server\jvm.dll
0x000007fefa5d0000 - 0x000007fefa5d9000 	C:\Windows\system32\WSOCK32.dll
0x000007fefec80000 - 0x000007fefeccd000 	C:\Windows\system32\WS2_32.dll
0x000007fefe400000 - 0x000007fefe408000 	C:\Windows\system32\NSI.dll
0x000007fefa9c0000 - 0x000007fefa9fb000 	C:\Windows\system32\WINMM.dll
0x000007fefbef0000 - 0x000007fefbefc000 	C:\Windows\system32\VERSION.dll
0x0000000077270000 - 0x0000000077277000 	C:\Windows\system32\PSAPI.DLL
0x000000006b4a0000 - 0x000000006b4af000 	C:\Program Files\Java\jre1.8.0_151\bin\verify.dll
0x000000006b470000 - 0x000000006b499000 	C:\Program Files\Java\jre1.8.0_151\bin\java.dll
0x000000006b450000 - 0x000000006b466000 	C:\Program Files\Java\jre1.8.0_151\bin\zip.dll
0x000007fefd340000 - 0x000007fefe0c8000 	C:\Windows\system32\SHELL32.dll
0x000007feff130000 - 0x000007feff333000 	C:\Windows\system32\ole32.dll
0x000007fefce60000 - 0x000007fefce6f000 	C:\Windows\system32\profapi.dll
0x000000005b4d0000 - 0x000000005b668000 	C:\Program Files\Java\jre1.8.0_151\bin\awt.dll
0x000007fefe0d0000 - 0x000007fefe1a7000 	C:\Windows\system32\OLEAUT32.dll
0x000007fefb040000 - 0x000007fefb058000 	C:\Windows\system32\DWMAPI.DLL
0x000007feec980000 - 0x000007feeca9d000 	C:\Windows\system32\opengl32.dll
0x000007fef58a0000 - 0x000007fef58cd000 	C:\Windows\system32\GLU32.dll
0x000007fef0c20000 - 0x000007fef0d11000 	C:\Windows\system32\DDRAW.dll
0x000007fef1400000 - 0x000007fef1408000 	C:\Windows\system32\DCIMAN32.dll
0x000007fefe6d0000 - 0x000007fefe8a7000 	C:\Windows\system32\SETUPAPI.dll
0x000007fefd0f0000 - 0x000007fefd126000 	C:\Windows\system32\CFGMGR32.dll
0x000007fefd0d0000 - 0x000007fefd0ea000 	C:\Windows\system32\DEVOBJ.dll
0x000007fefb420000 - 0x000007fefb476000 	C:\Windows\system32\uxtheme.dll
0x000007fefccf0000 - 0x000007fefccff000 	C:\Windows\system32\CRYPTBASE.dll
0x000007feec080000 - 0x000007feec27f000 	C:\Windows\system32\d3d9.dll
0x000007fefa690000 - 0x000007fefa697000 	C:\Windows\system32\d3d8thk.dll
0x000007fef5bb0000 - 0x000007fef5cbe000 	C:\Windows\system32\aticfx64.dll
0x000007fef13f0000 - 0x000007fef13ff000 	C:\Windows\system32\atiu9p64.dll
0x000007feefdc0000 - 0x000007fef04ed000 	C:\Windows\system32\atiumd64.dll
0x0000000073ed0000 - 0x00000000742ee000 	C:\Windows\system32\atiumd6a.dll
0x000000005b7e0000 - 0x000000005b827000 	C:\Program Files\Java\jre1.8.0_151\bin\fontmanager.dll
0x000000006b430000 - 0x000000006b44a000 	C:\Program Files\Java\jre1.8.0_151\bin\net.dll
0x000007fefc630000 - 0x000007fefc685000 	C:\Windows\system32\mswsock.dll
0x000007fefc620000 - 0x000007fefc627000 	C:\Windows\System32\wship6.dll
0x000000006b410000 - 0x000000006b421000 	C:\Program Files\Java\jre1.8.0_151\bin\nio.dll
0x000000005b790000 - 0x000000005b7d2000 	C:\Program Files\Java\jre1.8.0_151\bin\t2k.dll
0x0000000063390000 - 0x00000000633b4000 	C:\Program Files\Java\jre1.8.0_151\bin\sunec.dll
0x000007fefa1b0000 - 0x000007fefa1d7000 	C:\Windows\system32\IPHLPAPI.DLL
0x000007fefa1a0000 - 0x000007fefa1ab000 	C:\Windows\system32\WINNSI.DLL
0x000007fefa030000 - 0x000007fefa041000 	C:\Windows\system32\dhcpcsvc6.DLL
0x000007fefa010000 - 0x000007fefa028000 	C:\Windows\system32\dhcpcsvc.DLL
0x000007fefc690000 - 0x000007fefc6a7000 	C:\Windows\system32\CRYPTSP.dll
0x000007fefc390000 - 0x000007fefc3d7000 	C:\Windows\system32\rsaenh.dll
0x000007fefd020000 - 0x000007fefd03e000 	C:\Windows\system32\USERENV.dll
0x000007fefc010000 - 0x000007fefc017000 	C:\Windows\System32\wshtcpip.dll
0x000000006caf0000 - 0x000000006cb1e000 	C:\Program Files\Common Files\Microsoft Shared\Windows Live\WLIDNSP.DLL
0x000007fefc4b0000 - 0x000007fefc50b000 	C:\Windows\system32\DNSAPI.dll
0x000000006cac0000 - 0x000000006cae6000 	C:\Program Files\Bonjour\mdnsNSP.dll
0x000007fef7330000 - 0x000007fef7338000 	C:\Windows\system32\rasadhlp.dll
0x000007fefa060000 - 0x000007fefa0b3000 	C:\Windows\System32\fwpuclnt.dll
0x0000000069660000 - 0x000000006966b000 	C:\Program Files\Java\jre1.8.0_151\bin\sunmscapi.dll
0x000007fefce70000 - 0x000007fefcfd7000 	C:\Windows\system32\CRYPT32.dll
0x000007fefce50000 - 0x000007fefce5f000 	C:\Windows\system32\MSASN1.dll
0x000007fefcc90000 - 0x000007fefcce7000 	C:\Windows\system32\apphelp.dll
0x00000000637c0000 - 0x00000000637cd000 	C:\Users\Zelimir\AppData\Local\Temp\jogamp_0000\file_cache\jln3505642425043177088\jln6328331420511070688\gluegen-rt.dll
0x00000000695d0000 - 0x00000000695d7000 	C:\Program Files\Java\jre1.8.0_151\bin\jawt.dll
0x000000006a440000 - 0x000000006a44d000 	C:\Users\Zelimir\AppData\Local\Temp\jogamp_0000\file_cache\jln3505642425043177088\jln6328331420511070688\nativewindow_awt.dll
0x000000006c100000 - 0x000000006c10f000 	C:\Users\Zelimir\AppData\Local\Temp\jogamp_0000\file_cache\jln3505642425043177088\jln6328331420511070688\nativewindow_win32.dll
0x0000000064500000 - 0x00000000645a2000 	C:\Users\Zelimir\AppData\Local\Temp\jogamp_0000\file_cache\jln3505642425043177088\jln6328331420511070688\jogl_desktop.dll
0x000007fefa6d0000 - 0x000007fefa6d9000 	C:\Windows\system32\atig6pxx.dll
0x000000005f220000 - 0x0000000060b78000 	C:\Windows\system32\atio6axx.dll
0x000007fefa5e0000 - 0x000007fefa670000 	C:\Windows\system32\atiadlxx.dll
0x000007fefbff0000 - 0x000007fefc001000 	C:\Windows\system32\WTSAPI32.dll
0x000007fefcfe0000 - 0x000007fefd01a000 	C:\Windows\system32\WINTRUST.dll
0x000007fef62b0000 - 0x000007fef62be000 	C:\Windows\system32\atig6txx.dll
0x00000000633c0000 - 0x00000000633f1000 	C:\Program Files\Java\jre1.8.0_151\bin\jpeg.dll
0x000007fef81d0000 - 0x000007fef82f5000 	C:\Windows\system32\dbghelp.dll

VM Arguments:
jvm_args: -Djava.security.policy=java.policy.applet -Dfile.encoding=Cp1250 
java_command: sun.applet.AppletViewer probni.zelimir.ZelimirsEarthquakeWorldMap1512855449987.html
java_class_path (initial): D:\courses\rep\proba01\bin;D:\courses\rep\proba01\lib\core.jar;D:\courses\rep\proba01\lib\gluegen-rt-natives-linux-amd64.jar;D:\courses\rep\proba01\lib\gluegen-rt-natives-linux-armv6hf.jar;D:\courses\rep\proba01\lib\gluegen-rt-natives-linux-i586.jar;D:\courses\rep\proba01\lib\gluegen-rt-natives-macosx-universal.jar;D:\courses\rep\proba01\lib\gluegen-rt-natives-windows-amd64.jar;D:\courses\rep\proba01\lib\gluegen-rt-natives-windows-i586.jar;D:\courses\rep\proba01\lib\gluegen-rt.jar;D:\courses\rep\proba01\lib\jogl-all-natives-linux-amd64.jar;D:\courses\rep\proba01\lib\jogl-all-natives-linux-armv6hf.jar;D:\courses\rep\proba01\lib\jogl-all-natives-linux-i586.jar;D:\courses\rep\proba01\lib\jogl-all-natives-macosx-universal.jar;D:\courses\rep\proba01\lib\jogl-all-natives-windows-amd64.jar;D:\courses\rep\proba01\lib\jogl-all-natives-windows-i586.jar;D:\courses\rep\proba01\lib\jogl-all.jar;D:\courses\rep\proba01\lib\json4processing.jar;D:\courses\rep\proba01\lib\libTUIO.jar;D:\courses\rep\proba01\lib\log4j-1.2.15.jar;D:\courses\rep\proba01\lib\sqlite-jdbc-3.7.2.jar;D:\courses\rep\proba01\lib\unfolding.0.9.7-uscd.jar
Launcher Type: SUN_STANDARD

Environment Variables:
JAVA_HOME=C:\Program Files\Java\jdk1.8.0_66
CLASSPATH=C:\Users\Zelimir\algs4\stdlib.jar;C:\Users\Zelimir\algs4\algs4.jar;C:\Program File;C:\msys\1.0\bin;C:\mingw\bin;C:\Program Files\Java\jdk1.8.0_101\bin;C:\Program Files\Java\jre1.8.0_151\bin;.
PATH=C:/Program Files/Java/jre1.8.0_151/bin/server;C:/Program Files/Java/jre1.8.0_151/bin;C:/Program Files/Java/jre1.8.0_151/lib/amd64;C:\ProgramData\Oracle\Java\javapath;C:\Program Files\Common Files\Microsoft Shared\Windows Live;C:\Program Files (x86)\AMD APP\bin\x86_64;C:\Program Files (x86)\AMD APP\bin\x86;C:\Windows\system32;C:\Windows;C:\Windows\System32\Wbem;C:\Windows\System32\WindowsPowerShell\v1.0\;C:\Program Files (x86)\ATI Technologies\ATI.ACE\Core-Static;C:\Program Files (x86)\Common Files\Acronis\SnapAPI\;C:\Program Files\jEdit;C:\Program Files\Java\jdk1.7.0_25\bin;C:\Program Files\Java\jdk1.6.0_25;C:\Program Files\Microsoft\Web Platform Installer\;C:\Program Files (x86)\Microsoft ASP.NET\ASP.NET Web Pages\v1.0\;C:\Program Files\Microsoft SQL Server\110\Tools\Binn\;C:\Program Files\Java\jdk1.7.0_25\jre\lib\ext\mysql-connector-java-5.1.27-bin;C:\Program Files (x86)\Microsoft SQL Server\100\Tools\Binn\;C:\Program Files\Microsoft SQL Server\100\Tools\Binn\;C:\Program Files\Microsoft SQL Server\100\DTS\Binn\;C:\Program Files\MATLAB\R2015a\bin;C:\Program Files\Git\cmd;C:\Program Files (x86)\Heroku\bin;C:\Program Files (x86)\git\cmd;C:\Program Files\nodejs\;C:\Program Files (x86)\QuickTime\QTSystem\;C:\Program Files\Java\jdk1.8.0_101\bin;C:\Program Files\Java\jre1.8.0_101;C:\Program Files (x86)\Skype\Phone\;C:\RailsInstaller\Ruby2.0.0\bin;C;C:\Program Files\Common Files\Microsoft Shared\Windows Live;C:\Program Files\phantomjs-2.0.0-windows\bin;C:\Users\Zelimir\AppData\Roaming\npm;C:\Eclipse_Versions\eclipse;
USERNAME=Zelimir
OS=Windows_NT
PROCESSOR_IDENTIFIER=AMD64 Family 16 Model 2 Stepping 3, AuthenticAMD



---------------  S Y S T E M  ---------------

OS: Windows 7 , 64 bit Build 7601 (6.1.7601.18015)

CPU:total 4 (initial active 4) (4 cores per cpu, 1 threads per core) family 16 model 2 stepping 3, cmov, cx8, fxsr, mmx, sse, sse2, sse3, popcnt, mmxext, 3dnowpref, lzcnt, sse4a, tsc, tscinvbit, tscinv

Memory: 4k page, physical 2096376k(364952k free), swap 5573652k(906568k free)

vm_info: Java HotSpot(TM) 64-Bit Server VM (25.151-b12) for windows-amd64 JRE (1.8.0_151-b12), built on Sep  5 2017 19:33:46 by "java_re" with MS VC++ 10.0 (VS2010)

time: Sat Dec 09 22:38:39 2017
elapsed time: 66 seconds (0d 0h 1m 6s)

