#
# A fatal error has been detected by the Java Runtime Environment:
#
#  EXCEPTION_ACCESS_VIOLATION (0xc0000005) at pc=0x00000000617059aa, pid=3936, tid=0x00000000000014f8
#
# JRE version: Java(TM) SE Runtime Environment (8.0_151-b12) (build 1.8.0_151-b12)
# Java VM: Java HotSpot(TM) 64-Bit Server VM (25.151-b12 mixed mode windows-amd64 compressed oops)
# Problematic frame:
# C  [atio6axx.dll+0x8959aa]
#
# Failed to write core dump. Minidumps are not enabled by default on client versions of Windows
#
# If you would like to submit a bug report, please visit:
#   http://bugreport.java.com/bugreport/crash.jsp
# The crash happened outside the Java Virtual Machine in native code.
# See problematic frame for where to report the bug.
#

---------------  T H R E A D  ---------------

Current thread (0x0000000056041800):  JavaThread "AWT-EventQueue-1" [_thread_in_native, id=5368, stack(0x000000005c160000,0x000000005c260000)]

siginfo: ExceptionCode=0xc0000005, reading address 0x0000000000000010

Registers:
RAX=0x00000000623f2a48, RBX=0x0000000000000000, RCX=0x0000000000000000, RDX=0x0000000000000000
RSP=0x000000005c25d150, RBP=0x000000005c25d388, RSI=0x000000005c25d400, RDI=0x0000000060409cc0
R8 =0x0000000000000000, R9 =0x0000552200950003, R10=0x000000005c25cb50, R11=0x00000000623f34f8
R12=0x000000005c8b9720, R13=0x000000006077d340, R14=0x000000006077d370, R15=0x0000000000000000
RIP=0x00000000617059aa, EFLAGS=0x0000000000010246

Top of Stack: (sp=0x000000005c25d150)
0x000000005c25d150:   0000000000000001 000000005c25d1b0
0x000000005c25d160:   000000005c25d1a0 0000000000000000
0x000000005c25d170:   ffffffff00000002 0000000100000000
0x000000005c25d180:   ffffffffffffffff ffffffffffffffff
0x000000005c25d190:   0000000000000000 0000000000000000
0x000000005c25d1a0:   0000000000000000 0000000000000000
0x000000005c25d1b0:   0000000000000000 0000000000000000
0x000000005c25d1c0:   0000000000000000 0000000000000000
0x000000005c25d1d0:   0000000000000000 0000000000000000
0x000000005c25d1e0:   0000000060409c50 0000000000000000
0x000000005c25d1f0:   0000000060409cc0 0000000000000000
0x000000005c25d200:   0000000000000000 00000258000004b0
0x000000005c25d210:   0000000060409be0 0000000000000000
0x000000005c25d220:   0000000000000000 0000000000000000
0x000000005c25d230:   0000000060409c50 0000000000000000
0x000000005c25d240:   0000000060409cc0 0000000000000000 

Instructions: (pc=0x00000000617059aa)
0x000000006170598a:   39 79 08 75 0a 48 8b 01 ba 01 00 00 00 ff 10 48
0x000000006170599a:   8b 54 24 70 49 8b 04 24 48 89 bc 24 a0 00 00 00
0x00000000617059aa:   48 8b 52 10 4c 8d 8c 24 a0 01 00 00 41 b8 06 00
0x00000000617059ba:   00 00 49 8b cc ff 90 c8 05 00 00 44 39 bc 24 a8 


Register to memory mapping:

RAX=0x00000000623f2a48 is an unknown value
RBX=0x0000000000000000 is an unknown value
RCX=0x0000000000000000 is an unknown value
RDX=0x0000000000000000 is an unknown value
RSP=0x000000005c25d150 is pointing into the stack for thread: 0x0000000056041800
RBP=0x000000005c25d388 is pointing into the stack for thread: 0x0000000056041800
RSI=0x000000005c25d400 is pointing into the stack for thread: 0x0000000056041800
RDI=0x0000000060409cc0 is an unknown value
R8 =0x0000000000000000 is an unknown value
R9 =0x0000552200950003 is an unknown value
R10=0x000000005c25cb50 is pointing into the stack for thread: 0x0000000056041800
R11=0x00000000623f34f8 is an unknown value
R12=0x000000005c8b9720 is an unknown value
R13=0x000000006077d340 is an unknown value
R14=0x000000006077d370 is an unknown value
R15=0x0000000000000000 is an unknown value


Stack: [0x000000005c160000,0x000000005c260000],  sp=0x000000005c25d150,  free space=1012k
Native frames: (J=compiled Java code, j=interpreted, Vv=VM code, C=native code)
C  [atio6axx.dll+0x8959aa]
C  [atio6axx.dll+0x89a0b1]
C  [atio6axx.dll+0xa120b]
C  [atio6axx.dll+0x46c58a]
C  [atio6axx.dll+0x1e94eb]
C  0x00000000030233c1

Java frames: (J=compiled Java code, j=interpreted, Vv=VM code)
J 2887  jogamp.opengl.gl4.GL4bcImpl.dispatch_glBlitFramebuffer1(IIIIIIIIIIJ)V (0 bytes) @ 0x0000000003023343 [0x00000000030232c0+0x83]
J 2690 C1 jogamp.opengl.gl4.GL4bcImpl.glBlitFramebuffer(IIIIIIIIII)V (68 bytes) @ 0x0000000002f6f94c [0x0000000002f6ede0+0xb6c]
J 2689 C1 processing.opengl.PJOGL.blitFramebuffer(IIIIIIIIII)V (97 bytes) @ 0x0000000002f6dd34 [0x0000000002f6d180+0xbb4]
J 3248 C1 processing.opengl.PGL.syncBackTexture()V (81 bytes) @ 0x0000000002d1dfcc [0x0000000002d1db00+0x4cc]
J 3247 C1 processing.opengl.PJOGL.syncBackTexture()V (63 bytes) @ 0x0000000002c07aec [0x0000000002c077e0+0x30c]
J 3261 C1 processing.opengl.PGL.endDraw(Z)V (141 bytes) @ 0x00000000030ddcac [0x00000000030ddb60+0x14c]
J 3260 C1 processing.opengl.PJOGL.endDraw(Z)V (162 bytes) @ 0x0000000002ce6bbc [0x0000000002ce5f80+0xc3c]
J 2691 C1 processing.opengl.PGraphicsOpenGL.endDraw()V (111 bytes) @ 0x0000000002f7531c [0x0000000002f74ac0+0x85c]
J 3707 C1 processing.core.PApplet.handleDraw()V (382 bytes) @ 0x00000000031d3f7c [0x00000000031d1dc0+0x21bc]
J 3722 C1 processing.opengl.PJOGL$PGLListener.display(Ljavax/media/opengl/GLAutoDrawable;)V (520 bytes) @ 0x00000000031e2834 [0x00000000031e0e20+0x1a14]
J 3721 C1 jogamp.opengl.GLDrawableHelper.displayImpl(Ljavax/media/opengl/GLAutoDrawable;)V (105 bytes) @ 0x00000000031df824 [0x00000000031ded40+0xae4]
J 3719 C1 javax.media.opengl.awt.GLCanvas$10.run()V (122 bytes) @ 0x00000000031de41c [0x00000000031ddec0+0x55c]
J 3715 C1 jogamp.opengl.GLDrawableHelper.invokeGLImpl(Ljavax/media/opengl/GLDrawable;Ljavax/media/opengl/GLContext;Ljava/lang/Runnable;Ljava/lang/Runnable;)V (579 bytes) @ 0x00000000031d970c [0x00000000031d88e0+0xe2c]
J 3489 C1 jogamp.opengl.GLDrawableHelper.invokeGL(Ljavax/media/opengl/GLDrawable;Ljavax/media/opengl/GLContext;Ljava/lang/Runnable;Ljava/lang/Runnable;)V (76 bytes) @ 0x0000000002d72f04 [0x0000000002d72e40+0xc4]
J 3488 C1 javax.media.opengl.awt.GLCanvas$11.run()V (95 bytes) @ 0x0000000002d7367c [0x0000000002d732c0+0x3bc]
J 3075 C1 java.awt.event.InvocationEvent.dispatch()V (69 bytes) @ 0x00000000030a0744 [0x00000000030a0600+0x144]
J 2957 C1 java.awt.EventQueue.dispatchEventImpl(Ljava/awt/AWTEvent;Ljava/lang/Object;)V (149 bytes) @ 0x000000000306290c [0x0000000003060e00+0x1b0c]
J 2955 C1 java.awt.EventQueue$3.run()Ljava/lang/Void; (60 bytes) @ 0x0000000003060204 [0x0000000003060000+0x204]
J 2954 C1 java.awt.EventQueue$3.run()Ljava/lang/Object; (5 bytes) @ 0x000000000303034c [0x00000000030302c0+0x8c]
v  ~StubRoutines::call_stub
J 621  java.security.AccessController.doPrivileged(Ljava/security/PrivilegedAction;Ljava/security/AccessControlContext;)Ljava/lang/Object; (0 bytes) @ 0x000000000297e9e6 [0x000000000297e980+0x66]
J 2626 C1 java.awt.EventQueue.dispatchEvent(Ljava/awt/AWTEvent;)V (80 bytes) @ 0x0000000002f3011c [0x0000000002f2f7c0+0x95c]
J 2631 C1 java.awt.EventDispatchThread.pumpOneEventForFilters(I)V (295 bytes) @ 0x0000000002f39d34 [0x0000000002f38240+0x1af4]
j  java.awt.EventDispatchThread.pumpEventsForFilter(ILjava/awt/Conditional;Ljava/awt/EventFilter;)V+35
j  java.awt.EventDispatchThread.pumpEventsForHierarchy(ILjava/awt/Conditional;Ljava/awt/Component;)V+11
j  java.awt.EventDispatchThread.pumpEvents(ILjava/awt/Conditional;)V+4
j  java.awt.EventDispatchThread.pumpEvents(Ljava/awt/Conditional;)V+3
j  java.awt.EventDispatchThread.run()V+9
v  ~StubRoutines::call_stub

---------------  P R O C E S S  ---------------

Java Threads: ( => current thread )
  0x0000000056278800 JavaThread "Image Fetcher 3" daemon [_thread_blocked, id=1292, stack(0x000000005fef0000,0x000000005fff0000)]
  0x0000000056277800 JavaThread "Image Fetcher 2" daemon [_thread_blocked, id=5372, stack(0x0000000063cf0000,0x0000000063df0000)]
  0x0000000056274000 JavaThread "Image Fetcher 1" daemon [_thread_blocked, id=3848, stack(0x0000000062b00000,0x0000000062c00000)]
  0x0000000056643800 JavaThread "Image Fetcher 0" daemon [_thread_blocked, id=1188, stack(0x0000000062880000,0x0000000062980000)]
  0x000000005d075000 JavaThread "Animation Thread-SharedResourceRunner" daemon [_thread_blocked, id=1632, stack(0x000000005e310000,0x000000005e410000)]
  0x00000000560f8000 JavaThread "Animation Thread" [_thread_blocked, id=1604, stack(0x000000005b650000,0x000000005b750000)]
=>0x0000000056041800 JavaThread "AWT-EventQueue-1" [_thread_in_native, id=5368, stack(0x000000005c160000,0x000000005c260000)]
  0x00000000000ef000 JavaThread "DestroyJavaVM" [_thread_blocked, id=2540, stack(0x0000000002330000,0x0000000002430000)]
  0x0000000056020800 JavaThread "D3D Screen Updater" daemon [_thread_blocked, id=3600, stack(0x000000005b8a0000,0x000000005b9a0000)]
  0x0000000055fe9800 JavaThread "AWT-EventQueue-0" [_thread_blocked, id=5860, stack(0x000000005a1b0000,0x000000005a2b0000)]
  0x0000000055f98800 JavaThread "thread applet-probni.zelimir.ZelimirsEarthquakeWorldMap.class" [_thread_blocked, id=5856, stack(0x0000000058ae0000,0x0000000058be0000)]
  0x0000000055f80000 JavaThread "AWT-Windows" daemon [_thread_in_native, id=5644, stack(0x0000000056b30000,0x0000000056c30000)]
  0x0000000055f7b800 JavaThread "AWT-Shutdown" [_thread_blocked, id=1844, stack(0x0000000056970000,0x0000000056a70000)]
  0x0000000055f7a800 JavaThread "Java2D Disposer" daemon [_thread_blocked, id=2432, stack(0x0000000056820000,0x0000000056920000)]
  0x00000000557c0000 JavaThread "Service Thread" daemon [_thread_blocked, id=5992, stack(0x0000000055c10000,0x0000000055d10000)]
  0x0000000055743000 JavaThread "C1 CompilerThread2" daemon [_thread_blocked, id=964, stack(0x0000000055520000,0x0000000055620000)]
  0x0000000055742000 JavaThread "C2 CompilerThread1" daemon [_thread_blocked, id=5328, stack(0x0000000055270000,0x0000000055370000)]
  0x0000000053d9b000 JavaThread "C2 CompilerThread0" daemon [_thread_blocked, id=3856, stack(0x0000000055640000,0x0000000055740000)]
  0x0000000053d9a000 JavaThread "Attach Listener" daemon [_thread_blocked, id=3948, stack(0x00000000553d0000,0x00000000554d0000)]
  0x0000000053d96800 JavaThread "Signal Dispatcher" daemon [_thread_blocked, id=6076, stack(0x0000000055160000,0x0000000055260000)]
  0x0000000053d80800 JavaThread "Finalizer" daemon [_thread_blocked, id=3208, stack(0x0000000055000000,0x0000000055100000)]
  0x0000000053d38000 JavaThread "Reference Handler" daemon [_thread_blocked, id=1080, stack(0x0000000054da0000,0x0000000054ea0000)]

Other Threads:
  0x0000000053d30800 VMThread [stack: 0x0000000054ee0000,0x0000000054fe0000] [id=5804]
  0x00000000557e8800 WatcherThread [stack: 0x0000000055d90000,0x0000000055e90000] [id=4148]

VM state:not at safepoint (normal execution)

VM Mutex/Monitor currently owned by a thread: None

Heap:
 PSYoungGen      total 111616K, used 29579K [0x00000000f5580000, 0x00000000fe500000, 0x0000000100000000)
  eden space 94208K, 22% used [0x00000000f5580000,0x00000000f6a32e40,0x00000000fb180000)
  from space 17408K, 48% used [0x00000000fb180000,0x00000000fb9b0010,0x00000000fc280000)
  to   space 16896K, 0% used [0x00000000fd480000,0x00000000fd480000,0x00000000fe500000)
 ParOldGen       total 130048K, used 103964K [0x00000000e0000000, 0x00000000e7f00000, 0x00000000f5580000)
  object space 130048K, 79% used [0x00000000e0000000,0x00000000e65873a8,0x00000000e7f00000)
 Metaspace       used 23484K, capacity 23803K, committed 23936K, reserved 1071104K
  class space    used 2284K, capacity 2389K, committed 2432K, reserved 1048576K

Card table byte_map: [0x0000000011ac0000,0x0000000011bd0000] byte_map_base: 0x00000000113c0000

Marking Bits: (ParMarkBitMap*) 0x000000005fa6d850
 Begin Bits: [0x00000000122a0000, 0x0000000012aa0000)
 End Bits:   [0x0000000012aa0000, 0x00000000132a0000)

Polling page: 0x0000000000330000

CodeCache: size=245760Kb used=11595Kb max_used=11618Kb free=234164Kb
 bounds [0x0000000002700000, 0x0000000003290000, 0x0000000011700000]
 total_blobs=4164 nmethods=3234 adapters=843
 compilation: enabled

Compilation events (10 events):
Event: 69.144 Thread 0x0000000053d9b000 3824       4       probni.zelimir.ZelimirsEarthquakeWorldMap::addText (260 bytes)
Event: 69.282 Thread 0x0000000053d9b000 nmethod 3824 0x0000000003244f90 code [0x0000000003245400, 0x0000000003247a08]
Event: 69.640 Thread 0x0000000055742000 3825       4       de.fhpotsdam.unfolding.mapdisplay.Java2DMapDisplay::draw (331 bytes)
Event: 70.059 Thread 0x0000000053d9b000 3826   !   4       sun.awt.image.InputStreamImageSource::doFetch (253 bytes)
Event: 70.224 Thread 0x0000000053d9b000 nmethod 3826 0x0000000003262990 code [0x0000000003262d20, 0x0000000003265c80]
Event: 70.224 Thread 0x0000000053d9b000 3827  s    4       sun.awt.image.InputStreamImageSource::removeDecoder (58 bytes)
Event: 70.228 Thread 0x0000000053d9b000 nmethod 3827 0x0000000002e15210 code [0x0000000002e15360, 0x0000000002e15618]
Event: 70.241 Thread 0x0000000055742000 nmethod 3825 0x000000000326e0d0 code [0x000000000326e920, 0x0000000003273dc0]
Event: 70.439 Thread 0x0000000053d9b000 3828       4       processing.core.PGraphics::image (22 bytes)
Event: 70.442 Thread 0x0000000053d9b000 nmethod 3828 0x0000000002b11350 code [0x0000000002b114a0, 0x0000000002b11708]

GC Heap History (10 events):
Event: 41.894 GC heap before
{Heap before GC invocations=27 (full 3):
 PSYoungGen      total 77824K, used 76955K [0x00000000f5580000, 0x00000000fc080000, 0x0000000100000000)
  eden space 66048K, 99% used [0x00000000f5580000,0x00000000f95e2d48,0x00000000f9600000)
  from space 11776K, 93% used [0x00000000f9600000,0x00000000fa0c4290,0x00000000fa180000)
  to   space 12800K, 0% used [0x00000000fb400000,0x00000000fb400000,0x00000000fc080000)
 ParOldGen       total 84480K, used 67463K [0x00000000e0000000, 0x00000000e5280000, 0x00000000f5580000)
  object space 84480K, 79% used [0x00000000e0000000,0x00000000e41e1f20,0x00000000e5280000)
 Metaspace       used 23381K, capacity 23675K, committed 23936K, reserved 1071104K
  class space    used 2282K, capacity 2389K, committed 2432K, reserved 1048576K
Event: 42.082 GC heap after
Heap after GC invocations=27 (full 3):
 PSYoungGen      total 90624K, used 12768K [0x00000000f5580000, 0x00000000fce80000, 0x0000000100000000)
  eden space 77824K, 0% used [0x00000000f5580000,0x00000000f5580000,0x00000000fa180000)
  from space 12800K, 99% used [0x00000000fb400000,0x00000000fc0782c0,0x00000000fc080000)
  to   space 18944K, 0% used [0x00000000fa180000,0x00000000fa180000,0x00000000fb400000)
 ParOldGen       total 84480K, used 78185K [0x00000000e0000000, 0x00000000e5280000, 0x00000000f5580000)
  object space 84480K, 92% used [0x00000000e0000000,0x00000000e4c5a6a0,0x00000000e5280000)
 Metaspace       used 23381K, capacity 23675K, committed 23936K, reserved 1071104K
  class space    used 2282K, capacity 2389K, committed 2432K, reserved 1048576K
}
Event: 42.082 GC heap before
{Heap before GC invocations=28 (full 4):
 PSYoungGen      total 90624K, used 12768K [0x00000000f5580000, 0x00000000fce80000, 0x0000000100000000)
  eden space 77824K, 0% used [0x00000000f5580000,0x00000000f5580000,0x00000000fa180000)
  from space 12800K, 99% used [0x00000000fb400000,0x00000000fc0782c0,0x00000000fc080000)
  to   space 18944K, 0% used [0x00000000fa180000,0x00000000fa180000,0x00000000fb400000)
 ParOldGen       total 84480K, used 78185K [0x00000000e0000000, 0x00000000e5280000, 0x00000000f5580000)
  object space 84480K, 92% used [0x00000000e0000000,0x00000000e4c5a6a0,0x00000000e5280000)
 Metaspace       used 23381K, capacity 23675K, committed 23936K, reserved 1071104K
  class space    used 2282K, capacity 2389K, committed 2432K, reserved 1048576K
Event: 42.236 GC heap after
Heap after GC invocations=28 (full 4):
 PSYoungGen      total 90624K, used 4483K [0x00000000f5580000, 0x00000000fce80000, 0x0000000100000000)
  eden space 77824K, 0% used [0x00000000f5580000,0x00000000f5580000,0x00000000fa180000)
  from space 12800K, 35% used [0x00000000fb400000,0x00000000fb860d60,0x00000000fc080000)
  to   space 18944K, 0% used [0x00000000fa180000,0x00000000fa180000,0x00000000fb400000)
 ParOldGen       total 130048K, used 84387K [0x00000000e0000000, 0x00000000e7f00000, 0x00000000f5580000)
  object space 130048K, 64% used [0x00000000e0000000,0x00000000e5268c48,0x00000000e7f00000)
 Metaspace       used 23381K, capacity 23675K, committed 23936K, reserved 1071104K
  class space    used 2282K, capacity 2389K, committed 2432K, reserved 1048576K
}
Event: 49.376 GC heap before
{Heap before GC invocations=29 (full 4):
 PSYoungGen      total 90624K, used 82307K [0x00000000f5580000, 0x00000000fce80000, 0x0000000100000000)
  eden space 77824K, 100% used [0x00000000f5580000,0x00000000fa180000,0x00000000fa180000)
  from space 12800K, 35% used [0x00000000fb400000,0x00000000fb860d60,0x00000000fc080000)
  to   space 18944K, 0% used [0x00000000fa180000,0x00000000fa180000,0x00000000fb400000)
 ParOldGen       total 130048K, used 84387K [0x00000000e0000000, 0x00000000e7f00000, 0x00000000f5580000)
  object space 130048K, 64% used [0x00000000e0000000,0x00000000e5268c48,0x00000000e7f00000)
 Metaspace       used 23470K, capacity 23803K, committed 23936K, reserved 1071104K
  class space    used 2284K, capacity 2389K, committed 2432K, reserved 1048576K
Event: 49.457 GC heap after
Heap after GC invocations=29 (full 4):
 PSYoungGen      total 96768K, used 9808K [0x00000000f5580000, 0x00000000fd600000, 0x0000000100000000)
  eden space 77824K, 0% used [0x00000000f5580000,0x00000000f5580000,0x00000000fa180000)
  from space 18944K, 51% used [0x00000000fa180000,0x00000000fab14110,0x00000000fb400000)
  to   space 18432K, 0% used [0x00000000fc400000,0x00000000fc400000,0x00000000fd600000)
 ParOldGen       total 130048K, used 88803K [0x00000000e0000000, 0x00000000e7f00000, 0x00000000f5580000)
  object space 130048K, 68% used [0x00000000e0000000,0x00000000e56b8d88,0x00000000e7f00000)
 Metaspace       used 23470K, capacity 23803K, committed 23936K, reserved 1071104K
  class space    used 2284K, capacity 2389K, committed 2432K, reserved 1048576K
}
Event: 57.432 GC heap before
{Heap before GC invocations=30 (full 4):
 PSYoungGen      total 96768K, used 87632K [0x00000000f5580000, 0x00000000fd600000, 0x0000000100000000)
  eden space 77824K, 100% used [0x00000000f5580000,0x00000000fa180000,0x00000000fa180000)
  from space 18944K, 51% used [0x00000000fa180000,0x00000000fab14110,0x00000000fb400000)
  to   space 18432K, 0% used [0x00000000fc400000,0x00000000fc400000,0x00000000fd600000)
 ParOldGen       total 130048K, used 88803K [0x00000000e0000000, 0x00000000e7f00000, 0x00000000f5580000)
  object space 130048K, 68% used [0x00000000e0000000,0x00000000e56b8d88,0x00000000e7f00000)
 Metaspace       used 23483K, capacity 23803K, committed 23936K, reserved 1071104K
  class space    used 2284K, capacity 2389K, committed 2432K, reserved 1048576K
Event: 57.549 GC heap after
Heap after GC invocations=30 (full 4):
 PSYoungGen      total 110080K, used 6944K [0x00000000f5580000, 0x00000000fd380000, 0x0000000100000000)
  eden space 94208K, 0% used [0x00000000f5580000,0x00000000f5580000,0x00000000fb180000)
  from space 15872K, 43% used [0x00000000fc400000,0x00000000fcac8010,0x00000000fd380000)
  to   space 17408K, 0% used [0x00000000fb180000,0x00000000fb180000,0x00000000fc280000)
 ParOldGen       total 130048K, used 97791K [0x00000000e0000000, 0x00000000e7f00000, 0x00000000f5580000)
  object space 130048K, 75% used [0x00000000e0000000,0x00000000e5f7fd78,0x00000000e7f00000)
 Metaspace       used 23483K, capacity 23803K, committed 23936K, reserved 1071104K
  class space    used 2284K, capacity 2389K, committed 2432K, reserved 1048576K
}
Event: 68.135 GC heap before
{Heap before GC invocations=31 (full 4):
 PSYoungGen      total 110080K, used 101152K [0x00000000f5580000, 0x00000000fd380000, 0x0000000100000000)
  eden space 94208K, 100% used [0x00000000f5580000,0x00000000fb180000,0x00000000fb180000)
  from space 15872K, 43% used [0x00000000fc400000,0x00000000fcac8010,0x00000000fd380000)
  to   space 17408K, 0% used [0x00000000fb180000,0x00000000fb180000,0x00000000fc280000)
 ParOldGen       total 130048K, used 97791K [0x00000000e0000000, 0x00000000e7f00000, 0x00000000f5580000)
  object space 130048K, 75% used [0x00000000e0000000,0x00000000e5f7fd78,0x00000000e7f00000)
 Metaspace       used 23484K, capacity 23803K, committed 23936K, reserved 1071104K
  class space    used 2284K, capacity 2389K, committed 2432K, reserved 1048576K
Event: 68.232 GC heap after
Heap after GC invocations=31 (full 4):
 PSYoungGen      total 111616K, used 8384K [0x00000000f5580000, 0x00000000fe500000, 0x0000000100000000)
  eden space 94208K, 0% used [0x00000000f5580000,0x00000000f5580000,0x00000000fb180000)
  from space 17408K, 48% used [0x00000000fb180000,0x00000000fb9b0010,0x00000000fc280000)
  to   space 16896K, 0% used [0x00000000fd480000,0x00000000fd480000,0x00000000fe500000)
 ParOldGen       total 130048K, used 103964K [0x00000000e0000000, 0x00000000e7f00000, 0x00000000f5580000)
  object space 130048K, 79% used [0x00000000e0000000,0x00000000e65873a8,0x00000000e7f00000)
 Metaspace       used 23484K, capacity 23803K, committed 23936K, reserved 1071104K
  class space    used 2284K, capacity 2389K, committed 2432K, reserved 1048576K
}

Deoptimization events (10 events):
Event: 28.224 Thread 0x0000000056041800 Uncommon trap: reason=speculate_class_check action=maybe_recompile pc=0x0000000002d8a8c4 method=com.jogamp.common.nio.Buffers.getDirectBufferByteOffset(Ljava/lang/Object;)I @ 42
Event: 28.268 Thread 0x0000000056041800 Uncommon trap: reason=speculate_class_check action=maybe_recompile pc=0x0000000002d8a8c4 method=com.jogamp.common.nio.Buffers.getDirectBufferByteOffset(Ljava/lang/Object;)I @ 42
Event: 28.756 Thread 0x0000000056041800 Uncommon trap: reason=speculate_class_check action=maybe_recompile pc=0x0000000002e57410 method=com.jogamp.common.nio.Buffers.getDirectBufferByteOffset(Ljava/lang/Object;)I @ 53
Event: 28.760 Thread 0x0000000056041800 Uncommon trap: reason=speculate_class_check action=maybe_recompile pc=0x0000000002e57410 method=com.jogamp.common.nio.Buffers.getDirectBufferByteOffset(Ljava/lang/Object;)I @ 53
Event: 35.050 Thread 0x0000000056041800 Uncommon trap: reason=unstable_if action=reinterpret pc=0x0000000002e81f70 method=java.io.ExpiringCache.entryFor(Ljava/lang/String;)Ljava/io/ExpiringCache$Entry; @ 39
Event: 36.398 Thread 0x0000000056041800 Uncommon trap: reason=unstable_if action=reinterpret pc=0x000000000309d68c method=java.io.ExpiringCache.entryFor(Ljava/lang/String;)Ljava/io/ExpiringCache$Entry; @ 39
Event: 39.050 Thread 0x0000000056278800 Uncommon trap: reason=unloaded action=reinterpret pc=0x0000000002d40f64 method=sun.awt.image.PNGImageDecoder.produceImage()V @ 326
Event: 39.092 Thread 0x0000000056278800 Uncommon trap: reason=predicate action=maybe_recompile pc=0x0000000002beb624 method=sun.awt.image.PNGImageDecoder.produceImage()V @ 960
Event: 64.670 Thread 0x0000000056041800 Uncommon trap: reason=predicate action=maybe_recompile pc=0x000000000296ba64 method=java.util.Arrays.fill([Ljava/lang/Object;IILjava/lang/Object;)V @ 16
Event: 65.407 Thread 0x0000000056041800 Uncommon trap: reason=array_check action=maybe_recompile pc=0x00000000031fbc00 method=java.util.Arrays.fill([Ljava/lang/Object;IILjava/lang/Object;)V @ 20

Internal exceptions (10 events):
Event: 0.302 Thread 0x00000000000ef000 Exception <a 'java/io/FileNotFoundException'> (0x00000000f58126b8) thrown at [C:\re\workspace\8-2-build-windows-amd64-cygwin\jdk8u151\9699\hotspot\src\share\vm\prims\jni.cpp, line 709]
Event: 0.429 Thread 0x00000000000ef000 Exception <a 'java/io/FileNotFoundException'> (0x00000000f5869cd8) thrown at [C:\re\workspace\8-2-build-windows-amd64-cygwin\jdk8u151\9699\hotspot\src\share\vm\prims\jni.cpp, line 709]
Event: 5.729 Thread 0x00000000560f8000 Exception <a 'java/lang/InterruptedException'> (0x00000000f5ad2818) thrown at [C:\re\workspace\8-2-build-windows-amd64-cygwin\jdk8u151\9699\hotspot\src\share\vm\runtime\objectMonitor.cpp, line 1684]
Event: 5.774 Thread 0x00000000560f8000 Exception <a 'java/lang/reflect/InvocationTargetException'> (0x00000000f5bb6a98) thrown at [C:\re\workspace\8-2-build-windows-amd64-cygwin\jdk8u151\9699\hotspot\src\share\vm\runtime\reflection.cpp, line 1092]
Event: 6.239 Thread 0x0000000056041800 Implicit null exception at 0x0000000002c3fb95 to 0x0000000002c3fbf9
Event: 6.341 Thread 0x0000000056041800 Exception <a 'java/io/FileNotFoundException'> (0x00000000f57572e0) thrown at [C:\re\workspace\8-2-build-windows-amd64-cygwin\jdk8u151\9699\hotspot\src\share\vm\prims\jni.cpp, line 709]
Event: 6.342 Thread 0x0000000056041800 Exception <a 'java/io/FileNotFoundException'> (0x00000000f575db08) thrown at [C:\re\workspace\8-2-build-windows-amd64-cygwin\jdk8u151\9699\hotspot\src\share\vm\prims\jni.cpp, line 709]
Event: 6.343 Thread 0x0000000056041800 Implicit null exception at 0x00000000028cb506 to 0x00000000028cb891
Event: 39.092 Thread 0x0000000056278800 Implicit null exception at 0x0000000002be9629 to 0x0000000002beb5cd
Event: 42.820 Thread 0x0000000056274800 Exception <a 'java/security/PrivilegedActionException'> (0x00000000f64c0718) thrown at [C:\re\workspace\8-2-build-windows-amd64-cygwin\jdk8u151\9699\hotspot\src\share\vm\prims\jvm.cpp, line 1390]

Events (10 events):
Event: 64.669 Thread 0x0000000055742000 flushing nmethod 0x0000000002f7c3d0
Event: 64.670 Thread 0x0000000056041800 Uncommon trap: trap_request=0xffffff86 fr.pc=0x000000000296ba64
Event: 64.670 Thread 0x0000000056041800 DEOPT PACKING pc=0x000000000296ba64 sp=0x000000005c25d860
Event: 64.670 Thread 0x0000000056041800 DEOPT UNPACKING pc=0x000000000274582a sp=0x000000005c25d7f8 mode 2
Event: 65.407 Thread 0x0000000056041800 Uncommon trap: trap_request=0xffffffd6 fr.pc=0x00000000031fbc00
Event: 65.407 Thread 0x0000000056041800 DEOPT PACKING pc=0x00000000031fbc00 sp=0x000000005c25d920
Event: 65.407 Thread 0x0000000056041800 DEOPT UNPACKING pc=0x000000000274582a sp=0x000000005c25d8c0 mode 2
Event: 65.426 Thread 0x0000000055742000 flushing nmethod 0x000000000309cd50
Event: 68.135 Executing VM operation: ParallelGCFailedAllocation
Event: 68.232 Executing VM operation: ParallelGCFailedAllocation done


Dynamic libraries:
0x000000013f0c0000 - 0x000000013f0f7000 	C:\Program Files\Java\jre1.8.0_151\bin\javaw.exe
0x0000000077b40000 - 0x0000000077ce9000 	C:\Windows\SYSTEM32\ntdll.dll
0x0000000077a20000 - 0x0000000077b3f000 	C:\Windows\system32\kernel32.dll
0x000007fefdc40000 - 0x000007fefdcab000 	C:\Windows\system32\KERNELBASE.dll
0x000007fefdcb0000 - 0x000007fefdd8b000 	C:\Windows\system32\ADVAPI32.dll
0x000007fefe990000 - 0x000007fefea2f000 	C:\Windows\system32\msvcrt.dll
0x000007fefea30000 - 0x000007fefea4f000 	C:\Windows\SYSTEM32\sechost.dll
0x000007fefe340000 - 0x000007fefe46d000 	C:\Windows\system32\RPCRT4.dll
0x0000000077920000 - 0x0000000077a1a000 	C:\Windows\system32\USER32.dll
0x000007fefe4b0000 - 0x000007fefe517000 	C:\Windows\system32\GDI32.dll
0x000007fefeb60000 - 0x000007fefeb6e000 	C:\Windows\system32\LPK.dll
0x000007fefeca0000 - 0x000007fefed69000 	C:\Windows\system32\USP10.dll
0x000007fefbf70000 - 0x000007fefc164000 	C:\Windows\WinSxS\amd64_microsoft.windows.common-controls_6595b64144ccf1df_6.0.7601.17514_none_fa396087175ac9ac\COMCTL32.dll
0x000007fefe730000 - 0x000007fefe7a1000 	C:\Windows\system32\SHLWAPI.dll
0x000007fefe470000 - 0x000007fefe49e000 	C:\Windows\system32\IMM32.DLL
0x000007fefea50000 - 0x000007fefeb59000 	C:\Windows\system32\MSCTF.dll
0x00000000602b0000 - 0x0000000060382000 	C:\Program Files\Java\jre1.8.0_151\bin\msvcr100.dll
0x000000005f250000 - 0x000000005faed000 	C:\Program Files\Java\jre1.8.0_151\bin\server\jvm.dll
0x000007fefaff0000 - 0x000007fefaff9000 	C:\Windows\system32\WSOCK32.dll
0x000007fefec50000 - 0x000007fefec9d000 	C:\Windows\system32\WS2_32.dll
0x000007fefe4a0000 - 0x000007fefe4a8000 	C:\Windows\system32\NSI.dll
0x000007fefb460000 - 0x000007fefb49b000 	C:\Windows\system32\WINMM.dll
0x000007fefc990000 - 0x000007fefc99c000 	C:\Windows\system32\VERSION.dll
0x0000000077d00000 - 0x0000000077d07000 	C:\Windows\system32\PSAPI.DLL
0x0000000067bd0000 - 0x0000000067bdf000 	C:\Program Files\Java\jre1.8.0_151\bin\verify.dll
0x0000000060e40000 - 0x0000000060e69000 	C:\Program Files\Java\jre1.8.0_151\bin\java.dll
0x0000000060e20000 - 0x0000000060e36000 	C:\Program Files\Java\jre1.8.0_151\bin\zip.dll
0x000007feff040000 - 0x000007feffdc8000 	C:\Windows\system32\SHELL32.dll
0x000007fefe520000 - 0x000007fefe723000 	C:\Windows\system32\ole32.dll
0x000007fefd8f0000 - 0x000007fefd8ff000 	C:\Windows\system32\profapi.dll
0x0000000058e90000 - 0x0000000059028000 	C:\Program Files\Java\jre1.8.0_151\bin\awt.dll
0x000007fefeb70000 - 0x000007fefec47000 	C:\Windows\system32\OLEAUT32.dll
0x000007fefbae0000 - 0x000007fefbaf8000 	C:\Windows\system32\DWMAPI.DLL
0x000007feee5c0000 - 0x000007feee6dd000 	C:\Windows\system32\opengl32.dll
0x000007fefaf40000 - 0x000007fefaf6d000 	C:\Windows\system32\GLU32.dll
0x000007fef34d0000 - 0x000007fef35c1000 	C:\Windows\system32\DDRAW.dll
0x000007fefb810000 - 0x000007fefb818000 	C:\Windows\system32\DCIMAN32.dll
0x000007fefe7b0000 - 0x000007fefe987000 	C:\Windows\system32\SETUPAPI.dll
0x000007fefda60000 - 0x000007fefda96000 	C:\Windows\system32\CFGMGR32.dll
0x000007fefd9f0000 - 0x000007fefda0a000 	C:\Windows\system32\DEVOBJ.dll
0x000007fefbec0000 - 0x000007fefbf16000 	C:\Windows\system32\uxtheme.dll
0x000007fefd790000 - 0x000007fefd79f000 	C:\Windows\system32\CRYPTBASE.dll
0x000007feee210000 - 0x000007feee40f000 	C:\Windows\system32\d3d9.dll
0x000007fefaf90000 - 0x000007fefaf97000 	C:\Windows\system32\d3d8thk.dll
0x000007fef5640000 - 0x000007fef574e000 	C:\Windows\system32\aticfx64.dll
0x000007fefb770000 - 0x000007fefb77f000 	C:\Windows\system32\atiu9p64.dll
0x000007fef09c0000 - 0x000007fef10ed000 	C:\Windows\system32\atiumd64.dll
0x0000000067290000 - 0x00000000676ae000 	C:\Windows\system32\atiumd6a.dll
0x0000000060260000 - 0x00000000602a7000 	C:\Program Files\Java\jre1.8.0_151\bin\fontmanager.dll
0x0000000060e00000 - 0x0000000060e1a000 	C:\Program Files\Java\jre1.8.0_151\bin\net.dll
0x000007fefd0d0000 - 0x000007fefd125000 	C:\Windows\system32\mswsock.dll
0x000007fefd0c0000 - 0x000007fefd0c7000 	C:\Windows\System32\wship6.dll
0x0000000060de0000 - 0x0000000060df1000 	C:\Program Files\Java\jre1.8.0_151\bin\nio.dll
0x0000000060210000 - 0x0000000060252000 	C:\Program Files\Java\jre1.8.0_151\bin\t2k.dll
0x0000000060db0000 - 0x0000000060dd4000 	C:\Program Files\Java\jre1.8.0_151\bin\sunec.dll
0x000007fefae50000 - 0x000007fefae77000 	C:\Windows\system32\IPHLPAPI.DLL
0x000007fefae40000 - 0x000007fefae4b000 	C:\Windows\system32\WINNSI.DLL
0x000007fefaad0000 - 0x000007fefaae1000 	C:\Windows\system32\dhcpcsvc6.DLL
0x000007fefaab0000 - 0x000007fefaac8000 	C:\Windows\system32\dhcpcsvc.DLL
0x000007fefd130000 - 0x000007fefd147000 	C:\Windows\system32\CRYPTSP.dll
0x000007fefce30000 - 0x000007fefce77000 	C:\Windows\system32\rsaenh.dll
0x000007fefd9b0000 - 0x000007fefd9ce000 	C:\Windows\system32\USERENV.dll
0x000007fefcab0000 - 0x000007fefcab7000 	C:\Windows\System32\wshtcpip.dll
0x000000006db40000 - 0x000000006db6e000 	C:\Program Files\Common Files\Microsoft Shared\Windows Live\WLIDNSP.DLL
0x000007fefcf50000 - 0x000007fefcfab000 	C:\Windows\system32\DNSAPI.dll
0x000000006db10000 - 0x000000006db36000 	C:\Program Files\Bonjour\mdnsNSP.dll
0x000007fef7c40000 - 0x000007fef7c48000 	C:\Windows\system32\rasadhlp.dll
0x000007fefad00000 - 0x000007fefad53000 	C:\Windows\System32\fwpuclnt.dll
0x0000000067900000 - 0x000000006790b000 	C:\Program Files\Java\jre1.8.0_151\bin\sunmscapi.dll
0x000007fefdaa0000 - 0x000007fefdc07000 	C:\Windows\system32\CRYPT32.dll
0x000007fefd900000 - 0x000007fefd90f000 	C:\Windows\system32\MSASN1.dll
0x000007fefd730000 - 0x000007fefd787000 	C:\Windows\system32\apphelp.dll
0x00000000637c0000 - 0x00000000637cd000 	C:\Users\Zelimir\AppData\Local\Temp\jogamp_0000\file_cache\jln144520876832723845\jln8506678887093771144\gluegen-rt.dll
0x0000000060200000 - 0x0000000060207000 	C:\Program Files\Java\jre1.8.0_151\bin\jawt.dll
0x000000006a440000 - 0x000000006a44d000 	C:\Users\Zelimir\AppData\Local\Temp\jogamp_0000\file_cache\jln144520876832723845\jln8506678887093771144\nativewindow_awt.dll
0x000000006c100000 - 0x000000006c10f000 	C:\Users\Zelimir\AppData\Local\Temp\jogamp_0000\file_cache\jln144520876832723845\jln8506678887093771144\nativewindow_win32.dll
0x0000000064500000 - 0x00000000645a2000 	C:\Users\Zelimir\AppData\Local\Temp\jogamp_0000\file_cache\jln144520876832723845\jln8506678887093771144\jogl_desktop.dll
0x000007fefb790000 - 0x000007fefb799000 	C:\Windows\system32\atig6pxx.dll
0x0000000060e70000 - 0x00000000627c8000 	C:\Windows\system32\atio6axx.dll
0x000007fefb000000 - 0x000007fefb090000 	C:\Windows\system32\atiadlxx.dll
0x000007fefca90000 - 0x000007fefcaa1000 	C:\Windows\system32\WTSAPI32.dll
0x000007fefda10000 - 0x000007fefda4a000 	C:\Windows\system32\WINTRUST.dll
0x000007fefaf70000 - 0x000007fefaf7e000 	C:\Windows\system32\atig6txx.dll
0x0000000055100000 - 0x0000000055131000 	C:\Program Files\Java\jre1.8.0_151\bin\jpeg.dll
0x000007fef8cf0000 - 0x000007fef8e15000 	C:\Windows\system32\dbghelp.dll

VM Arguments:
jvm_args: -Djava.security.policy=java.policy.applet -Dfile.encoding=Cp1250 
java_command: sun.applet.AppletViewer probni.zelimir.ZelimirsEarthquakeWorldMap1512911727614.html
java_class_path (initial): D:\courses\rep\proba01\bin;D:\courses\rep\proba01\lib\core.jar;D:\courses\rep\proba01\lib\gluegen-rt-natives-linux-amd64.jar;D:\courses\rep\proba01\lib\gluegen-rt-natives-linux-armv6hf.jar;D:\courses\rep\proba01\lib\gluegen-rt-natives-linux-i586.jar;D:\courses\rep\proba01\lib\gluegen-rt-natives-macosx-universal.jar;D:\courses\rep\proba01\lib\gluegen-rt-natives-windows-amd64.jar;D:\courses\rep\proba01\lib\gluegen-rt-natives-windows-i586.jar;D:\courses\rep\proba01\lib\gluegen-rt.jar;D:\courses\rep\proba01\lib\jogl-all-natives-linux-amd64.jar;D:\courses\rep\proba01\lib\jogl-all-natives-linux-armv6hf.jar;D:\courses\rep\proba01\lib\jogl-all-natives-linux-i586.jar;D:\courses\rep\proba01\lib\jogl-all-natives-macosx-universal.jar;D:\courses\rep\proba01\lib\jogl-all-natives-windows-amd64.jar;D:\courses\rep\proba01\lib\jogl-all-natives-windows-i586.jar;D:\courses\rep\proba01\lib\jogl-all.jar;D:\courses\rep\proba01\lib\json4processing.jar;D:\courses\rep\proba01\lib\libTUIO.jar;D:\courses\rep\proba01\lib\log4j-1.2.15.jar;D:\courses\rep\proba01\lib\sqlite-jdbc-3.7.2.jar;D:\courses\rep\proba01\lib\unfolding.0.9.7-uscd.jar
Launcher Type: SUN_STANDARD

Environment Variables:
JAVA_HOME=C:\Program Files\Java\jdk1.8.0_66
CLASSPATH=C:\Users\Zelimir\algs4\stdlib.jar;C:\Users\Zelimir\algs4\algs4.jar;C:\Program File;C:\msys\1.0\bin;C:\mingw\bin;C:\Program Files\Java\jdk1.8.0_101\bin;C:\Program Files\Java\jre1.8.0_151\bin;.
PATH=C:/Program Files/Java/jre1.8.0_151/bin/server;C:/Program Files/Java/jre1.8.0_151/bin;C:/Program Files/Java/jre1.8.0_151/lib/amd64;C:\ProgramData\Oracle\Java\javapath;C:\Program Files\Common Files\Microsoft Shared\Windows Live;C:\Program Files (x86)\AMD APP\bin\x86_64;C:\Program Files (x86)\AMD APP\bin\x86;C:\Windows\system32;C:\Windows;C:\Windows\System32\Wbem;C:\Windows\System32\WindowsPowerShell\v1.0\;C:\Program Files (x86)\ATI Technologies\ATI.ACE\Core-Static;C:\Program Files (x86)\Common Files\Acronis\SnapAPI\;C:\Program Files\jEdit;C:\Program Files\Java\jdk1.7.0_25\bin;C:\Program Files\Java\jdk1.6.0_25;C:\Program Files\Microsoft\Web Platform Installer\;C:\Program Files (x86)\Microsoft ASP.NET\ASP.NET Web Pages\v1.0\;C:\Program Files\Microsoft SQL Server\110\Tools\Binn\;C:\Program Files\Java\jdk1.7.0_25\jre\lib\ext\mysql-connector-java-5.1.27-bin;C:\Program Files (x86)\Microsoft SQL Server\100\Tools\Binn\;C:\Program Files\Microsoft SQL Server\100\Tools\Binn\;C:\Program Files\Microsoft SQL Server\100\DTS\Binn\;C:\Program Files\MATLAB\R2015a\bin;C:\Program Files\Git\cmd;C:\Program Files (x86)\Heroku\bin;C:\Program Files (x86)\git\cmd;C:\Program Files\nodejs\;C:\Program Files (x86)\QuickTime\QTSystem\;C:\Program Files\Java\jdk1.8.0_101\bin;C:\Program Files\Java\jre1.8.0_101;C:\Program Files (x86)\Skype\Phone\;C:\RailsInstaller\Ruby2.0.0\bin;C;C:\Program Files\Common Files\Microsoft Shared\Windows Live;C:\Program Files\phantomjs-2.0.0-windows\bin;C:\Users\Zelimir\AppData\Roaming\npm;C:\Eclipse_Versions\eclipse;
USERNAME=Zelimir
OS=Windows_NT
PROCESSOR_IDENTIFIER=AMD64 Family 16 Model 2 Stepping 3, AuthenticAMD



---------------  S Y S T E M  ---------------

OS: Windows 7 , 64 bit Build 7601 (6.1.7601.18015)

CPU:total 4 (initial active 4) (4 cores per cpu, 1 threads per core) family 16 model 2 stepping 3, cmov, cx8, fxsr, mmx, sse, sse2, sse3, popcnt, mmxext, 3dnowpref, lzcnt, sse4a, tsc, tscinvbit, tscinv

Memory: 4k page, physical 2096376k(236412k free), swap 5607484k(427896k free)

vm_info: Java HotSpot(TM) 64-Bit Server VM (25.151-b12) for windows-amd64 JRE (1.8.0_151-b12), built on Sep  5 2017 19:33:46 by "java_re" with MS VC++ 10.0 (VS2010)

time: Sun Dec 10 14:16:40 2017
elapsed time: 70 seconds (0d 0h 1m 10s)

