#
# A fatal error has been detected by the Java Runtime Environment:
#
#  EXCEPTION_ACCESS_VIOLATION (0xc0000005) at pc=0x00000000617059aa, pid=3132, tid=0x00000000000004ac
#
# JRE version: Java(TM) SE Runtime Environment (8.0_151-b12) (build 1.8.0_151-b12)
# Java VM: Java HotSpot(TM) 64-Bit Server VM (25.151-b12 mixed mode windows-amd64 compressed oops)
# Problematic frame:
# C  [atio6axx.dll+0x8959aa]
#
# Failed to write core dump. Minidumps are not enabled by default on client versions of Windows
#
# If you would like to submit a bug report, please visit:
#   http://bugreport.java.com/bugreport/crash.jsp
# The crash happened outside the Java Virtual Machine in native code.
# See problematic frame for where to report the bug.
#

---------------  T H R E A D  ---------------

Current thread (0x000000005613f000):  JavaThread "AWT-EventQueue-1" [_thread_in_native, id=1196, stack(0x000000005bf90000,0x000000005c090000)]

siginfo: ExceptionCode=0xc0000005, reading address 0x0000000000000010

Registers:
RAX=0x00000000623f2a48, RBX=0x0000000000000000, RCX=0x0000000000000000, RDX=0x0000000000000000
RSP=0x000000005c08d0c0, RBP=0x000000005c08d2f8, RSI=0x000000005c08d370, RDI=0x0000000060409cc0
R8 =0x0000000000000000, R9 =0x000055e3009c0003, R10=0x0000000000000000, R11=0x00000000623f34f8
R12=0x000000005dfb9720, R13=0x000000006077d340, R14=0x000000006077d370, R15=0x0000000000000000
RIP=0x00000000617059aa, EFLAGS=0x0000000000010246

Top of Stack: (sp=0x000000005c08d0c0)
0x000000005c08d0c0:   0000000000000001 000000005c08d120
0x000000005c08d0d0:   000000005c08d110 0000000000000000
0x000000005c08d0e0:   ffffffff00000002 0000000100000000
0x000000005c08d0f0:   ffffffffffffffff ffffffffffffffff
0x000000005c08d100:   0000000000000000 0000000000000000
0x000000005c08d110:   0000000000000000 0000000000000000
0x000000005c08d120:   0000000000000000 0000000000000000
0x000000005c08d130:   0000000000000000 0000000000000000
0x000000005c08d140:   0000000000000000 0000000000000000
0x000000005c08d150:   0000000060409c50 0000000000000000
0x000000005c08d160:   0000000060409cc0 0000000000000000
0x000000005c08d170:   0000000000000000 00000258000004b0
0x000000005c08d180:   0000000060409be0 0000000000000000
0x000000005c08d190:   0000000000000000 0000000000000000
0x000000005c08d1a0:   0000000060409c50 0000000000000000
0x000000005c08d1b0:   0000000060409cc0 0000000000000000 

Instructions: (pc=0x00000000617059aa)
0x000000006170598a:   39 79 08 75 0a 48 8b 01 ba 01 00 00 00 ff 10 48
0x000000006170599a:   8b 54 24 70 49 8b 04 24 48 89 bc 24 a0 00 00 00
0x00000000617059aa:   48 8b 52 10 4c 8d 8c 24 a0 01 00 00 41 b8 06 00
0x00000000617059ba:   00 00 49 8b cc ff 90 c8 05 00 00 44 39 bc 24 a8 


Register to memory mapping:

RAX=0x00000000623f2a48 is an unknown value
RBX=0x0000000000000000 is an unknown value
RCX=0x0000000000000000 is an unknown value
RDX=0x0000000000000000 is an unknown value
RSP=0x000000005c08d0c0 is pointing into the stack for thread: 0x000000005613f000
RBP=0x000000005c08d2f8 is pointing into the stack for thread: 0x000000005613f000
RSI=0x000000005c08d370 is pointing into the stack for thread: 0x000000005613f000
RDI=0x0000000060409cc0 is an unknown value
R8 =0x0000000000000000 is an unknown value
R9 =0x000055e3009c0003 is an unknown value
R10=0x0000000000000000 is an unknown value
R11=0x00000000623f34f8 is an unknown value
R12=0x000000005dfb9720 is an unknown value
R13=0x000000006077d340 is an unknown value
R14=0x000000006077d370 is an unknown value
R15=0x0000000000000000 is an unknown value


Stack: [0x000000005bf90000,0x000000005c090000],  sp=0x000000005c08d0c0,  free space=1012k
Native frames: (J=compiled Java code, j=interpreted, Vv=VM code, C=native code)
C  [atio6axx.dll+0x8959aa]
C  [atio6axx.dll+0x89a0b1]
C  [atio6axx.dll+0xa120b]
C  [atio6axx.dll+0x46c58a]
C  [atio6axx.dll+0x1e94eb]
C  0x0000000003194e01

Java frames: (J=compiled Java code, j=interpreted, Vv=VM code)
J 2764  jogamp.opengl.gl4.GL4bcImpl.dispatch_glBlitFramebuffer1(IIIIIIIIIIJ)V (0 bytes) @ 0x0000000003194d83 [0x0000000003194d00+0x83]
J 2763 C1 jogamp.opengl.gl4.GL4bcImpl.glBlitFramebuffer(IIIIIIIIII)V (68 bytes) @ 0x00000000031a6e4c [0x00000000031a62e0+0xb6c]
J 2762 C1 processing.opengl.PJOGL.blitFramebuffer(IIIIIIIIII)V (97 bytes) @ 0x00000000031a5234 [0x00000000031a4680+0xbb4]
J 3197 C1 processing.opengl.PGL.syncBackTexture()V (81 bytes) @ 0x000000000332740c [0x0000000003326f40+0x4cc]
J 3196 C1 processing.opengl.PJOGL.syncBackTexture()V (63 bytes) @ 0x0000000003326b2c [0x0000000003326820+0x30c]
J 3209 C1 processing.opengl.PGL.endDraw(Z)V (141 bytes) @ 0x000000000333052c [0x00000000033303e0+0x14c]
J 3208 C1 processing.opengl.PJOGL.endDraw(Z)V (162 bytes) @ 0x000000000332fbfc [0x000000000332efc0+0xc3c]
J 2765 C1 processing.opengl.PGraphicsOpenGL.endDraw()V (111 bytes) @ 0x00000000031ac81c [0x00000000031abfc0+0x85c]
J 3526 C1 processing.core.PApplet.handleDraw()V (382 bytes) @ 0x0000000002f974bc [0x0000000002f95300+0x21bc]
J 3547 C1 processing.opengl.PJOGL$PGLListener.display(Ljavax/media/opengl/GLAutoDrawable;)V (520 bytes) @ 0x0000000002f4b9b4 [0x0000000002f49fa0+0x1a14]
J 3546 C1 jogamp.opengl.GLDrawableHelper.displayImpl(Ljavax/media/opengl/GLAutoDrawable;)V (105 bytes) @ 0x0000000002ce0fa4 [0x0000000002ce04c0+0xae4]
J 3544 C1 javax.media.opengl.awt.GLCanvas$10.run()V (122 bytes) @ 0x0000000002a9ebdc [0x0000000002a9e680+0x55c]
J 3539 C1 jogamp.opengl.GLDrawableHelper.invokeGLImpl(Ljavax/media/opengl/GLDrawable;Ljavax/media/opengl/GLContext;Ljava/lang/Runnable;Ljava/lang/Runnable;)V (579 bytes) @ 0x000000000300af4c [0x000000000300a120+0xe2c]
J 3538 C1 jogamp.opengl.GLDrawableHelper.invokeGL(Ljavax/media/opengl/GLDrawable;Ljavax/media/opengl/GLContext;Ljava/lang/Runnable;Ljava/lang/Runnable;)V (76 bytes) @ 0x000000000300fe84 [0x000000000300fdc0+0xc4]
J 3537 C1 javax.media.opengl.awt.GLCanvas$11.run()V (95 bytes) @ 0x0000000002b54a3c [0x0000000002b54680+0x3bc]
J 2846 C1 java.awt.event.InvocationEvent.dispatch()V (69 bytes) @ 0x00000000031ea244 [0x00000000031ea100+0x144]
J 2987 C1 java.awt.EventQueue.dispatchEventImpl(Ljava/awt/AWTEvent;Ljava/lang/Object;)V (149 bytes) @ 0x000000000326838c [0x0000000003266880+0x1b0c]
J 2985 C1 java.awt.EventQueue$3.run()Ljava/lang/Void; (60 bytes) @ 0x00000000032698c4 [0x00000000032696c0+0x204]
J 2984 C1 java.awt.EventQueue$3.run()Ljava/lang/Object; (5 bytes) @ 0x000000000326290c [0x0000000003262880+0x8c]
v  ~StubRoutines::call_stub
J 629  java.security.AccessController.doPrivileged(Ljava/security/PrivilegedAction;Ljava/security/AccessControlContext;)Ljava/lang/Object; (0 bytes) @ 0x0000000002b8ab26 [0x0000000002b8aac0+0x66]
J 2549 C1 java.awt.EventQueue.dispatchEvent(Ljava/awt/AWTEvent;)V (80 bytes) @ 0x00000000030dfc5c [0x00000000030df300+0x95c]
J 2570 C1 java.awt.EventDispatchThread.pumpOneEventForFilters(I)V (295 bytes) @ 0x00000000030f10b4 [0x00000000030ef5c0+0x1af4]
j  java.awt.EventDispatchThread.pumpEventsForFilter(ILjava/awt/Conditional;Ljava/awt/EventFilter;)V+35
j  java.awt.EventDispatchThread.pumpEventsForHierarchy(ILjava/awt/Conditional;Ljava/awt/Component;)V+11
j  java.awt.EventDispatchThread.pumpEvents(ILjava/awt/Conditional;)V+4
j  java.awt.EventDispatchThread.pumpEvents(Ljava/awt/Conditional;)V+3
j  java.awt.EventDispatchThread.run()V+9
v  ~StubRoutines::call_stub

---------------  P R O C E S S  ---------------

Java Threads: ( => current thread )
  0x000000005657d800 JavaThread "Image Fetcher 3" daemon [_thread_blocked, id=1224, stack(0x00000000629f0000,0x0000000062af0000)]
  0x000000005657d000 JavaThread "Image Fetcher 2" daemon [_thread_blocked, id=1244, stack(0x0000000060bb0000,0x0000000060cb0000)]
  0x000000005657c000 JavaThread "Image Fetcher 1" daemon [_thread_blocked, id=2724, stack(0x0000000062820000,0x0000000062920000)]
  0x000000005657b800 JavaThread "Image Fetcher 0" daemon [_thread_blocked, id=1344, stack(0x000000005ff90000,0x0000000060090000)]
  0x0000000056418000 JavaThread "Animation Thread-SharedResourceRunner" daemon [_thread_blocked, id=5860, stack(0x000000005e0a0000,0x000000005e1a0000)]
  0x00000000561ba000 JavaThread "Animation Thread" [_thread_blocked, id=5372, stack(0x000000005bb20000,0x000000005bc20000)]
=>0x000000005613f000 JavaThread "AWT-EventQueue-1" [_thread_in_native, id=1196, stack(0x000000005bf90000,0x000000005c090000)]
  0x000000000210f000 JavaThread "DestroyJavaVM" [_thread_blocked, id=2584, stack(0x0000000002530000,0x0000000002630000)]
  0x0000000056121000 JavaThread "D3D Screen Updater" daemon [_thread_blocked, id=3640, stack(0x000000005b620000,0x000000005b720000)]
  0x000000005608f000 JavaThread "AWT-EventQueue-0" [_thread_blocked, id=4344, stack(0x000000005a0a0000,0x000000005a1a0000)]
  0x0000000056085000 JavaThread "thread applet-probni.zelimir.ZelimirsEarthquakeWorldMap.class" [_thread_blocked, id=1712, stack(0x0000000059f80000,0x000000005a080000)]
  0x000000005606a800 JavaThread "AWT-Windows" daemon [_thread_in_native, id=3884, stack(0x00000000569b0000,0x0000000056ab0000)]
  0x0000000056067800 JavaThread "AWT-Shutdown" [_thread_blocked, id=3480, stack(0x0000000056ae0000,0x0000000056be0000)]
  0x0000000056067000 JavaThread "Java2D Disposer" daemon [_thread_blocked, id=3316, stack(0x0000000056860000,0x0000000056960000)]
  0x00000000554a7800 JavaThread "Service Thread" daemon [_thread_blocked, id=5292, stack(0x0000000055bf0000,0x0000000055cf0000)]
  0x0000000055426000 JavaThread "C1 CompilerThread2" daemon [_thread_blocked, id=5228, stack(0x0000000055880000,0x0000000055980000)]
  0x0000000055424800 JavaThread "C2 CompilerThread1" daemon [_thread_blocked, id=452, stack(0x0000000055af0000,0x0000000055bf0000)]
  0x0000000053d1e000 JavaThread "C2 CompilerThread0" daemon [_thread_blocked, id=2808, stack(0x00000000559f0000,0x0000000055af0000)]
  0x0000000053d1b000 JavaThread "Attach Listener" daemon [_thread_blocked, id=1772, stack(0x0000000055210000,0x0000000055310000)]
  0x0000000053d18000 JavaThread "Signal Dispatcher" daemon [_thread_blocked, id=5848, stack(0x0000000055320000,0x0000000055420000)]
  0x0000000053cfd800 JavaThread "Finalizer" daemon [_thread_blocked, id=4160, stack(0x0000000055040000,0x0000000055140000)]
  0x0000000053cb6800 JavaThread "Reference Handler" daemon [_thread_blocked, id=1992, stack(0x0000000054eb0000,0x0000000054fb0000)]

Other Threads:
  0x0000000053cab800 VMThread [stack: 0x0000000054d90000,0x0000000054e90000] [id=1208]
  0x00000000554d0000 WatcherThread [stack: 0x0000000055e60000,0x0000000055f60000] [id=6032]

VM state:not at safepoint (normal execution)

VM Mutex/Monitor currently owned by a thread: None

Heap:
 PSYoungGen      total 85504K, used 63806K [0x00000000f5580000, 0x00000000fbd80000, 0x0000000100000000)
  eden space 67584K, 86% used [0x00000000f5580000,0x00000000f8eb3b90,0x00000000f9780000)
  from space 17920K, 29% used [0x00000000fac00000,0x00000000fb11c010,0x00000000fbd80000)
  to   space 19456K, 0% used [0x00000000f9780000,0x00000000f9780000,0x00000000faa80000)
 ParOldGen       total 98816K, used 69238K [0x00000000e0000000, 0x00000000e6080000, 0x00000000f5580000)
  object space 98816K, 70% used [0x00000000e0000000,0x00000000e439db88,0x00000000e6080000)
 Metaspace       used 23285K, capacity 23611K, committed 23936K, reserved 1071104K
  class space    used 2281K, capacity 2389K, committed 2432K, reserved 1048576K

Card table byte_map: [0x0000000002390000,0x00000000024a0000] byte_map_base: 0x0000000001c90000

Marking Bits: (ParMarkBitMap*) 0x000000005fa6d850
 Begin Bits: [0x0000000012220000, 0x0000000012a20000)
 End Bits:   [0x0000000012a20000, 0x0000000013220000)

Polling page: 0x0000000000230000

CodeCache: size=245760Kb used=10888Kb max_used=11170Kb free=234871Kb
 bounds [0x0000000002900000, 0x0000000003420000, 0x0000000011900000]
 total_blobs=4050 nmethods=3120 adapters=843
 compilation: enabled

Compilation events (10 events):
Event: 76.966 Thread 0x0000000055426000 3640       3       java.awt.Component::areInputMethodsEnabled (39 bytes)
Event: 76.967 Thread 0x0000000055426000 nmethod 3640 0x0000000002e10a90 code [0x0000000002e10be0, 0x0000000002e10e30]
Event: 76.967 Thread 0x0000000055426000 3641   !   3       java.awt.KeyboardFocusManager::processCurrentLightweightRequests (345 bytes)
Event: 76.971 Thread 0x0000000055426000 nmethod 3641 0x0000000002ad39d0 code [0x0000000002ad3e00, 0x0000000002ad66d8]
Event: 77.010 Thread 0x0000000053d1e000 3642   !   4       jogamp.common.os.MachineDescriptionRuntime::getStatic (106 bytes)
Event: 77.011 Thread 0x0000000053d1e000 nmethod 3642 0x0000000002febdd0 code [0x0000000002febf00, 0x0000000002febf78]
Event: 77.143 Thread 0x0000000055424800 3643   !   4       jogamp.common.util.locks.RecursiveLockImpl01Unfairish::validateLocked (147 bytes)
Event: 77.146 Thread 0x0000000055424800 nmethod 3643 0x0000000002e54dd0 code [0x0000000002e54f20, 0x0000000002e551f8]
Event: 77.276 Thread 0x0000000055426000 3644       3       java.awt.event.InputEvent::getWhen (5 bytes)
Event: 77.277 Thread 0x0000000055426000 nmethod 3644 0x0000000002e41d10 code [0x0000000002e41e60, 0x0000000002e41fb0]

GC Heap History (10 events):
Event: 52.251 GC heap before
{Heap before GC invocations=32 (full 3):
 PSYoungGen      total 67584K, used 58288K [0x00000000f5580000, 0x00000000fad80000, 0x0000000100000000)
  eden space 46080K, 100% used [0x00000000f5580000,0x00000000f8280000,0x00000000f8280000)
  from space 21504K, 56% used [0x00000000f9880000,0x00000000fa46c1c0,0x00000000fad80000)
  to   space 22016K, 0% used [0x00000000f8280000,0x00000000f8280000,0x00000000f9800000)
 ParOldGen       total 66048K, used 45392K [0x00000000e0000000, 0x00000000e4080000, 0x00000000f5580000)
  object space 66048K, 68% used [0x00000000e0000000,0x00000000e2c54160,0x00000000e4080000)
 Metaspace       used 23226K, capacity 23611K, committed 23936K, reserved 1071104K
  class space    used 2281K, capacity 2389K, committed 2432K, reserved 1048576K
Event: 52.325 GC heap after
Heap after GC invocations=32 (full 3):
 PSYoungGen      total 68096K, used 8149K [0x00000000f5580000, 0x00000000fb600000, 0x0000000100000000)
  eden space 46080K, 0% used [0x00000000f5580000,0x00000000f5580000,0x00000000f8280000)
  from space 22016K, 37% used [0x00000000f8280000,0x00000000f8a75648,0x00000000f9800000)
  to   space 20992K, 0% used [0x00000000fa180000,0x00000000fa180000,0x00000000fb600000)
 ParOldGen       total 66048K, used 53951K [0x00000000e0000000, 0x00000000e4080000, 0x00000000f5580000)
  object space 66048K, 81% used [0x00000000e0000000,0x00000000e34aff60,0x00000000e4080000)
 Metaspace       used 23226K, capacity 23611K, committed 23936K, reserved 1071104K
  class space    used 2281K, capacity 2389K, committed 2432K, reserved 1048576K
}
Event: 56.973 GC heap before
{Heap before GC invocations=33 (full 3):
 PSYoungGen      total 68096K, used 54229K [0x00000000f5580000, 0x00000000fb600000, 0x0000000100000000)
  eden space 46080K, 100% used [0x00000000f5580000,0x00000000f8280000,0x00000000f8280000)
  from space 22016K, 37% used [0x00000000f8280000,0x00000000f8a75648,0x00000000f9800000)
  to   space 20992K, 0% used [0x00000000fa180000,0x00000000fa180000,0x00000000fb600000)
 ParOldGen       total 66048K, used 53951K [0x00000000e0000000, 0x00000000e4080000, 0x00000000f5580000)
  object space 66048K, 81% used [0x00000000e0000000,0x00000000e34aff60,0x00000000e4080000)
 Metaspace       used 23237K, capacity 23611K, committed 23936K, reserved 1071104K
  class space    used 2281K, capacity 2389K, committed 2432K, reserved 1048576K
Event: 57.051 GC heap after
Heap after GC invocations=33 (full 3):
 PSYoungGen      total 76800K, used 4309K [0x00000000f5580000, 0x00000000fb580000, 0x0000000100000000)
  eden space 56320K, 0% used [0x00000000f5580000,0x00000000f5580000,0x00000000f8c80000)
  from space 20480K, 21% used [0x00000000fa180000,0x00000000fa5b55d8,0x00000000fb580000)
  to   space 20992K, 0% used [0x00000000f8c80000,0x00000000f8c80000,0x00000000fa100000)
 ParOldGen       total 66048K, used 61427K [0x00000000e0000000, 0x00000000e4080000, 0x00000000f5580000)
  object space 66048K, 93% used [0x00000000e0000000,0x00000000e3bfce00,0x00000000e4080000)
 Metaspace       used 23237K, capacity 23611K, committed 23936K, reserved 1071104K
  class space    used 2281K, capacity 2389K, committed 2432K, reserved 1048576K
}
Event: 57.051 GC heap before
{Heap before GC invocations=34 (full 4):
 PSYoungGen      total 76800K, used 4309K [0x00000000f5580000, 0x00000000fb580000, 0x0000000100000000)
  eden space 56320K, 0% used [0x00000000f5580000,0x00000000f5580000,0x00000000f8c80000)
  from space 20480K, 21% used [0x00000000fa180000,0x00000000fa5b55d8,0x00000000fb580000)
  to   space 20992K, 0% used [0x00000000f8c80000,0x00000000f8c80000,0x00000000fa100000)
 ParOldGen       total 66048K, used 61427K [0x00000000e0000000, 0x00000000e4080000, 0x00000000f5580000)
  object space 66048K, 93% used [0x00000000e0000000,0x00000000e3bfce00,0x00000000e4080000)
 Metaspace       used 23237K, capacity 23611K, committed 23936K, reserved 1071104K
  class space    used 2281K, capacity 2389K, committed 2432K, reserved 1048576K
Event: 57.169 GC heap after
Heap after GC invocations=34 (full 4):
 PSYoungGen      total 76800K, used 0K [0x00000000f5580000, 0x00000000fb580000, 0x0000000100000000)
  eden space 56320K, 0% used [0x00000000f5580000,0x00000000f5580000,0x00000000f8c80000)
  from space 20480K, 0% used [0x00000000fa180000,0x00000000fa180000,0x00000000fb580000)
  to   space 20992K, 0% used [0x00000000f8c80000,0x00000000f8c80000,0x00000000fa100000)
 ParOldGen       total 98816K, used 64667K [0x00000000e0000000, 0x00000000e6080000, 0x00000000f5580000)
  object space 98816K, 65% used [0x00000000e0000000,0x00000000e3f26fd8,0x00000000e6080000)
 Metaspace       used 23237K, capacity 23611K, committed 23936K, reserved 1071104K
  class space    used 2281K, capacity 2389K, committed 2432K, reserved 1048576K
}
Event: 62.709 GC heap before
{Heap before GC invocations=35 (full 4):
 PSYoungGen      total 76800K, used 56320K [0x00000000f5580000, 0x00000000fb580000, 0x0000000100000000)
  eden space 56320K, 100% used [0x00000000f5580000,0x00000000f8c80000,0x00000000f8c80000)
  from space 20480K, 0% used [0x00000000fa180000,0x00000000fa180000,0x00000000fb580000)
  to   space 20992K, 0% used [0x00000000f8c80000,0x00000000f8c80000,0x00000000fa100000)
 ParOldGen       total 98816K, used 64667K [0x00000000e0000000, 0x00000000e6080000, 0x00000000f5580000)
  object space 98816K, 65% used [0x00000000e0000000,0x00000000e3f26fd8,0x00000000e6080000)
 Metaspace       used 23237K, capacity 23611K, committed 23936K, reserved 1071104K
  class space    used 2281K, capacity 2389K, committed 2432K, reserved 1048576K
Event: 62.716 GC heap after
Heap after GC invocations=35 (full 4):
 PSYoungGen      total 77312K, used 5237K [0x00000000f5580000, 0x00000000fc000000, 0x0000000100000000)
  eden space 56320K, 0% used [0x00000000f5580000,0x00000000f5580000,0x00000000f8c80000)
  from space 20992K, 24% used [0x00000000f8c80000,0x00000000f919d5d8,0x00000000fa100000)
  to   space 20480K, 0% used [0x00000000fac00000,0x00000000fac00000,0x00000000fc000000)
 ParOldGen       total 98816K, used 64667K [0x00000000e0000000, 0x00000000e6080000, 0x00000000f5580000)
  object space 98816K, 65% used [0x00000000e0000000,0x00000000e3f26fd8,0x00000000e6080000)
 Metaspace       used 23237K, capacity 23611K, committed 23936K, reserved 1071104K
  class space    used 2281K, capacity 2389K, committed 2432K, reserved 1048576K
}
Event: 70.436 GC heap before
{Heap before GC invocations=36 (full 4):
 PSYoungGen      total 77312K, used 61557K [0x00000000f5580000, 0x00000000fc000000, 0x0000000100000000)
  eden space 56320K, 100% used [0x00000000f5580000,0x00000000f8c80000,0x00000000f8c80000)
  from space 20992K, 24% used [0x00000000f8c80000,0x00000000f919d5d8,0x00000000fa100000)
  to   space 20480K, 0% used [0x00000000fac00000,0x00000000fac00000,0x00000000fc000000)
 ParOldGen       total 98816K, used 64667K [0x00000000e0000000, 0x00000000e6080000, 0x00000000f5580000)
  object space 98816K, 65% used [0x00000000e0000000,0x00000000e3f26fd8,0x00000000e6080000)
 Metaspace       used 23239K, capacity 23611K, committed 23936K, reserved 1071104K
  class space    used 2281K, capacity 2389K, committed 2432K, reserved 1048576K
Event: 70.533 GC heap after
Heap after GC invocations=36 (full 4):
 PSYoungGen      total 85504K, used 5232K [0x00000000f5580000, 0x00000000fbd80000, 0x0000000100000000)
  eden space 67584K, 0% used [0x00000000f5580000,0x00000000f5580000,0x00000000f9780000)
  from space 17920K, 29% used [0x00000000fac00000,0x00000000fb11c010,0x00000000fbd80000)
  to   space 19456K, 0% used [0x00000000f9780000,0x00000000f9780000,0x00000000faa80000)
 ParOldGen       total 98816K, used 69238K [0x00000000e0000000, 0x00000000e6080000, 0x00000000f5580000)
  object space 98816K, 70% used [0x00000000e0000000,0x00000000e439db88,0x00000000e6080000)
 Metaspace       used 23239K, capacity 23611K, committed 23936K, reserved 1071104K
  class space    used 2281K, capacity 2389K, committed 2432K, reserved 1048576K
}

Deoptimization events (10 events):
Event: 41.811 Thread 0x000000005613f000 Uncommon trap: reason=unstable_if action=reinterpret pc=0x0000000002a1c500 method=java.text.DigitList.getDataChars(I)[C @ 13
Event: 41.811 Thread 0x000000005613f000 Uncommon trap: reason=unstable_if action=reinterpret pc=0x0000000003044a7c method=java.text.DecimalFormat.subformat(Ljava/lang/StringBuffer;Ljava/text/Format$FieldDelegate;ZZIIII)Ljava/lang/StringBuffer; @ 753
Event: 41.955 Thread 0x000000005613f000 Uncommon trap: reason=unstable_if action=reinterpret pc=0x00000000032c11cc method=java.io.ExpiringCache.entryFor(Ljava/lang/String;)Ljava/io/ExpiringCache$Entry; @ 39
Event: 44.797 Thread 0x000000005613f000 Uncommon trap: reason=unstable_if action=reinterpret pc=0x0000000003123560 method=java.lang.Math.round(F)I @ 36
Event: 74.251 Thread 0x000000005613f000 Uncommon trap: reason=predicate action=maybe_recompile pc=0x0000000002eb8564 method=java.util.Arrays.fill([Ljava/lang/Object;IILjava/lang/Object;)V @ 16
Event: 75.194 Thread 0x000000005613f000 Uncommon trap: reason=array_check action=maybe_recompile pc=0x0000000002e37b58 method=java.util.Arrays.fill([Ljava/lang/Object;IILjava/lang/Object;)V @ 20
Event: 75.196 Thread 0x000000005613f000 Uncommon trap: reason=array_check action=maybe_recompile pc=0x0000000002e37b58 method=java.util.Arrays.fill([Ljava/lang/Object;IILjava/lang/Object;)V @ 20
Event: 75.243 Thread 0x000000005613f000 Uncommon trap: reason=array_check action=maybe_recompile pc=0x0000000002e37b58 method=java.util.Arrays.fill([Ljava/lang/Object;IILjava/lang/Object;)V @ 20
Event: 75.261 Thread 0x000000005613f000 Uncommon trap: reason=array_check action=maybe_recompile pc=0x0000000002e37b58 method=java.util.Arrays.fill([Ljava/lang/Object;IILjava/lang/Object;)V @ 20
Event: 75.496 Thread 0x000000005613f000 Uncommon trap: reason=array_check action=maybe_recompile pc=0x0000000002fbf8c0 method=java.util.Arrays.fill([Ljava/lang/Object;IILjava/lang/Object;)V @ 20

Internal exceptions (10 events):
Event: 0.248 Thread 0x000000000210f000 Implicit null exception at 0x0000000002a6bc8b to 0x0000000002a6be3d
Event: 0.332 Thread 0x000000000210f000 Exception <a 'java/io/FileNotFoundException'> (0x00000000f58126b8) thrown at [C:\re\workspace\8-2-build-windows-amd64-cygwin\jdk8u151\9699\hotspot\src\share\vm\prims\jni.cpp, line 709]
Event: 0.524 Thread 0x000000000210f000 Exception <a 'java/io/FileNotFoundException'> (0x00000000f5869cd8) thrown at [C:\re\workspace\8-2-build-windows-amd64-cygwin\jdk8u151\9699\hotspot\src\share\vm\prims\jni.cpp, line 709]
Event: 3.775 Thread 0x00000000561ba000 Implicit null exception at 0x0000000002c879ef to 0x0000000002c87f39
Event: 10.634 Thread 0x00000000561ba000 Exception <a 'java/lang/InterruptedException'> (0x00000000f5ad6c38) thrown at [C:\re\workspace\8-2-build-windows-amd64-cygwin\jdk8u151\9699\hotspot\src\share\vm\runtime\objectMonitor.cpp, line 1684]
Event: 10.806 Thread 0x00000000561ba000 Exception <a 'java/lang/reflect/InvocationTargetException'> (0x00000000f5bbb120) thrown at [C:\re\workspace\8-2-build-windows-amd64-cygwin\jdk8u151\9699\hotspot\src\share\vm\runtime\reflection.cpp, line 1092]
Event: 11.535 Thread 0x000000005613f000 Implicit null exception at 0x0000000002e39a15 to 0x0000000002e39a79
Event: 11.760 Thread 0x000000005613f000 Exception <a 'java/io/FileNotFoundException'> (0x00000000f579db60) thrown at [C:\re\workspace\8-2-build-windows-amd64-cygwin\jdk8u151\9699\hotspot\src\share\vm\prims\jni.cpp, line 709]
Event: 11.761 Thread 0x000000005613f000 Exception <a 'java/io/FileNotFoundException'> (0x00000000f57a43d8) thrown at [C:\re\workspace\8-2-build-windows-amd64-cygwin\jdk8u151\9699\hotspot\src\share\vm\prims\jni.cpp, line 709]
Event: 11.761 Thread 0x000000005613f000 Implicit null exception at 0x0000000002ae0646 to 0x0000000002ae09d1

Events (10 events):
Event: 75.196 Thread 0x000000005613f000 DEOPT UNPACKING pc=0x000000000294582a sp=0x000000005c08d790 mode 2
Event: 75.243 Thread 0x000000005613f000 Uncommon trap: trap_request=0xffffffd6 fr.pc=0x0000000002e37b58
Event: 75.243 Thread 0x000000005613f000 DEOPT PACKING pc=0x0000000002e37b58 sp=0x000000005c08da10
Event: 75.243 Thread 0x000000005613f000 DEOPT UNPACKING pc=0x000000000294582a sp=0x000000005c08d9a0 mode 2
Event: 75.261 Thread 0x000000005613f000 Uncommon trap: trap_request=0xffffffd6 fr.pc=0x0000000002e37b58
Event: 75.261 Thread 0x000000005613f000 DEOPT PACKING pc=0x0000000002e37b58 sp=0x000000005c08d8e0
Event: 75.261 Thread 0x000000005613f000 DEOPT UNPACKING pc=0x000000000294582a sp=0x000000005c08d870 mode 2
Event: 75.496 Thread 0x000000005613f000 Uncommon trap: trap_request=0xffffffd6 fr.pc=0x0000000002fbf8c0
Event: 75.496 Thread 0x000000005613f000 DEOPT PACKING pc=0x0000000002fbf8c0 sp=0x000000005c08d7f0
Event: 75.496 Thread 0x000000005613f000 DEOPT UNPACKING pc=0x000000000294582a sp=0x000000005c08d790 mode 2


Dynamic libraries:
0x000000013f120000 - 0x000000013f157000 	C:\Program Files\Java\jre1.8.0_151\bin\javaw.exe
0x0000000077b40000 - 0x0000000077ce9000 	C:\Windows\SYSTEM32\ntdll.dll
0x0000000077a20000 - 0x0000000077b3f000 	C:\Windows\system32\kernel32.dll
0x000007fefdc40000 - 0x000007fefdcab000 	C:\Windows\system32\KERNELBASE.dll
0x000007fefdcb0000 - 0x000007fefdd8b000 	C:\Windows\system32\ADVAPI32.dll
0x000007fefe990000 - 0x000007fefea2f000 	C:\Windows\system32\msvcrt.dll
0x000007fefea30000 - 0x000007fefea4f000 	C:\Windows\SYSTEM32\sechost.dll
0x000007fefe340000 - 0x000007fefe46d000 	C:\Windows\system32\RPCRT4.dll
0x0000000077920000 - 0x0000000077a1a000 	C:\Windows\system32\USER32.dll
0x000007fefe4b0000 - 0x000007fefe517000 	C:\Windows\system32\GDI32.dll
0x000007fefeb60000 - 0x000007fefeb6e000 	C:\Windows\system32\LPK.dll
0x000007fefeca0000 - 0x000007fefed69000 	C:\Windows\system32\USP10.dll
0x000007fefbf70000 - 0x000007fefc164000 	C:\Windows\WinSxS\amd64_microsoft.windows.common-controls_6595b64144ccf1df_6.0.7601.17514_none_fa396087175ac9ac\COMCTL32.dll
0x000007fefe730000 - 0x000007fefe7a1000 	C:\Windows\system32\SHLWAPI.dll
0x000007fefe470000 - 0x000007fefe49e000 	C:\Windows\system32\IMM32.DLL
0x000007fefea50000 - 0x000007fefeb59000 	C:\Windows\system32\MSCTF.dll
0x0000000058f50000 - 0x0000000059022000 	C:\Program Files\Java\jre1.8.0_151\bin\msvcr100.dll
0x000000005f250000 - 0x000000005faed000 	C:\Program Files\Java\jre1.8.0_151\bin\server\jvm.dll
0x000007fefaff0000 - 0x000007fefaff9000 	C:\Windows\system32\WSOCK32.dll
0x000007fefec50000 - 0x000007fefec9d000 	C:\Windows\system32\WS2_32.dll
0x000007fefe4a0000 - 0x000007fefe4a8000 	C:\Windows\system32\NSI.dll
0x000007fefb460000 - 0x000007fefb49b000 	C:\Windows\system32\WINMM.dll
0x000007fefc990000 - 0x000007fefc99c000 	C:\Windows\system32\VERSION.dll
0x0000000077d00000 - 0x0000000077d07000 	C:\Windows\system32\PSAPI.DLL
0x0000000067bd0000 - 0x0000000067bdf000 	C:\Program Files\Java\jre1.8.0_151\bin\verify.dll
0x0000000060e40000 - 0x0000000060e69000 	C:\Program Files\Java\jre1.8.0_151\bin\java.dll
0x0000000060e20000 - 0x0000000060e36000 	C:\Program Files\Java\jre1.8.0_151\bin\zip.dll
0x000007feff040000 - 0x000007feffdc8000 	C:\Windows\system32\SHELL32.dll
0x000007fefe520000 - 0x000007fefe723000 	C:\Windows\system32\ole32.dll
0x000007fefd8f0000 - 0x000007fefd8ff000 	C:\Windows\system32\profapi.dll
0x00000000601f0000 - 0x0000000060388000 	C:\Program Files\Java\jre1.8.0_151\bin\awt.dll
0x000007fefeb70000 - 0x000007fefec47000 	C:\Windows\system32\OLEAUT32.dll
0x000007fefbae0000 - 0x000007fefbaf8000 	C:\Windows\system32\DWMAPI.DLL
0x000007feee2f0000 - 0x000007feee40d000 	C:\Windows\system32\opengl32.dll
0x000007fef7010000 - 0x000007fef703d000 	C:\Windows\system32\GLU32.dll
0x000007fef34d0000 - 0x000007fef35c1000 	C:\Windows\system32\DDRAW.dll
0x000007fefb810000 - 0x000007fefb818000 	C:\Windows\system32\DCIMAN32.dll
0x000007fefe7b0000 - 0x000007fefe987000 	C:\Windows\system32\SETUPAPI.dll
0x000007fefda60000 - 0x000007fefda96000 	C:\Windows\system32\CFGMGR32.dll
0x000007fefd9f0000 - 0x000007fefda0a000 	C:\Windows\system32\DEVOBJ.dll
0x000007fefbec0000 - 0x000007fefbf16000 	C:\Windows\system32\uxtheme.dll
0x000007fefd790000 - 0x000007fefd79f000 	C:\Windows\system32\CRYPTBASE.dll
0x000007feee4e0000 - 0x000007feee6df000 	C:\Windows\system32\d3d9.dll
0x000007fefb780000 - 0x000007fefb787000 	C:\Windows\system32\d3d8thk.dll
0x000007fef5640000 - 0x000007fef574e000 	C:\Windows\system32\aticfx64.dll
0x000007fefb770000 - 0x000007fefb77f000 	C:\Windows\system32\atiu9p64.dll
0x000007fef09c0000 - 0x000007fef10ed000 	C:\Windows\system32\atiumd64.dll
0x0000000067290000 - 0x00000000676ae000 	C:\Windows\system32\atiumd6a.dll
0x000000005fb20000 - 0x000000005fb67000 	C:\Program Files\Java\jre1.8.0_151\bin\fontmanager.dll
0x0000000060e00000 - 0x0000000060e1a000 	C:\Program Files\Java\jre1.8.0_151\bin\net.dll
0x000007fefd0d0000 - 0x000007fefd125000 	C:\Windows\system32\mswsock.dll
0x000007fefd0c0000 - 0x000007fefd0c7000 	C:\Windows\System32\wship6.dll
0x0000000060de0000 - 0x0000000060df1000 	C:\Program Files\Java\jre1.8.0_151\bin\nio.dll
0x0000000058f00000 - 0x0000000058f42000 	C:\Program Files\Java\jre1.8.0_151\bin\t2k.dll
0x0000000060db0000 - 0x0000000060dd4000 	C:\Program Files\Java\jre1.8.0_151\bin\sunec.dll
0x000007fefae50000 - 0x000007fefae77000 	C:\Windows\system32\IPHLPAPI.DLL
0x000007fefae40000 - 0x000007fefae4b000 	C:\Windows\system32\WINNSI.DLL
0x000007fefaad0000 - 0x000007fefaae1000 	C:\Windows\system32\dhcpcsvc6.DLL
0x000007fefaab0000 - 0x000007fefaac8000 	C:\Windows\system32\dhcpcsvc.DLL
0x000007fefd130000 - 0x000007fefd147000 	C:\Windows\system32\CRYPTSP.dll
0x000007fefce30000 - 0x000007fefce77000 	C:\Windows\system32\rsaenh.dll
0x000007fefd9b0000 - 0x000007fefd9ce000 	C:\Windows\system32\USERENV.dll
0x000007fefcab0000 - 0x000007fefcab7000 	C:\Windows\System32\wshtcpip.dll
0x000000006db40000 - 0x000000006db6e000 	C:\Program Files\Common Files\Microsoft Shared\Windows Live\WLIDNSP.DLL
0x000007fefcf50000 - 0x000007fefcfab000 	C:\Windows\system32\DNSAPI.dll
0x000000006db10000 - 0x000000006db36000 	C:\Program Files\Bonjour\mdnsNSP.dll
0x000007fef7c40000 - 0x000007fef7c48000 	C:\Windows\system32\rasadhlp.dll
0x000007fefad00000 - 0x000007fefad53000 	C:\Windows\System32\fwpuclnt.dll
0x0000000067900000 - 0x000000006790b000 	C:\Program Files\Java\jre1.8.0_151\bin\sunmscapi.dll
0x000007fefdaa0000 - 0x000007fefdc07000 	C:\Windows\system32\CRYPT32.dll
0x000007fefd900000 - 0x000007fefd90f000 	C:\Windows\system32\MSASN1.dll
0x000007fefd730000 - 0x000007fefd787000 	C:\Windows\system32\apphelp.dll
0x00000000637c0000 - 0x00000000637cd000 	C:\Users\Zelimir\AppData\Local\Temp\jogamp_0000\file_cache\jln3951573154134806483\jln4783661203523970653\gluegen-rt.dll
0x0000000060da0000 - 0x0000000060da7000 	C:\Program Files\Java\jre1.8.0_151\bin\jawt.dll
0x000000006a440000 - 0x000000006a44d000 	C:\Users\Zelimir\AppData\Local\Temp\jogamp_0000\file_cache\jln3951573154134806483\jln4783661203523970653\nativewindow_awt.dll
0x000000006c100000 - 0x000000006c10f000 	C:\Users\Zelimir\AppData\Local\Temp\jogamp_0000\file_cache\jln3951573154134806483\jln4783661203523970653\nativewindow_win32.dll
0x0000000064500000 - 0x00000000645a2000 	C:\Users\Zelimir\AppData\Local\Temp\jogamp_0000\file_cache\jln3951573154134806483\jln4783661203523970653\jogl_desktop.dll
0x000007fefb790000 - 0x000007fefb799000 	C:\Windows\system32\atig6pxx.dll
0x0000000060e70000 - 0x00000000627c8000 	C:\Windows\system32\atio6axx.dll
0x000007fefb000000 - 0x000007fefb090000 	C:\Windows\system32\atiadlxx.dll
0x000007fefca90000 - 0x000007fefcaa1000 	C:\Windows\system32\WTSAPI32.dll
0x000007fefda10000 - 0x000007fefda4a000 	C:\Windows\system32\WINTRUST.dll
0x000007fef7060000 - 0x000007fef706e000 	C:\Windows\system32\atig6txx.dll
0x0000000058ec0000 - 0x0000000058ef1000 	C:\Program Files\Java\jre1.8.0_151\bin\jpeg.dll
0x000007fef8cf0000 - 0x000007fef8e15000 	C:\Windows\system32\dbghelp.dll

VM Arguments:
jvm_args: -Djava.security.policy=java.policy.applet -Dfile.encoding=Cp1250 
java_command: sun.applet.AppletViewer probni.zelimir.ZelimirsEarthquakeWorldMap1512898612610.html
java_class_path (initial): D:\courses\rep\proba01\bin;D:\courses\rep\proba01\lib\core.jar;D:\courses\rep\proba01\lib\gluegen-rt-natives-linux-amd64.jar;D:\courses\rep\proba01\lib\gluegen-rt-natives-linux-armv6hf.jar;D:\courses\rep\proba01\lib\gluegen-rt-natives-linux-i586.jar;D:\courses\rep\proba01\lib\gluegen-rt-natives-macosx-universal.jar;D:\courses\rep\proba01\lib\gluegen-rt-natives-windows-amd64.jar;D:\courses\rep\proba01\lib\gluegen-rt-natives-windows-i586.jar;D:\courses\rep\proba01\lib\gluegen-rt.jar;D:\courses\rep\proba01\lib\jogl-all-natives-linux-amd64.jar;D:\courses\rep\proba01\lib\jogl-all-natives-linux-armv6hf.jar;D:\courses\rep\proba01\lib\jogl-all-natives-linux-i586.jar;D:\courses\rep\proba01\lib\jogl-all-natives-macosx-universal.jar;D:\courses\rep\proba01\lib\jogl-all-natives-windows-amd64.jar;D:\courses\rep\proba01\lib\jogl-all-natives-windows-i586.jar;D:\courses\rep\proba01\lib\jogl-all.jar;D:\courses\rep\proba01\lib\json4processing.jar;D:\courses\rep\proba01\lib\libTUIO.jar;D:\courses\rep\proba01\lib\log4j-1.2.15.jar;D:\courses\rep\proba01\lib\sqlite-jdbc-3.7.2.jar;D:\courses\rep\proba01\lib\unfolding.0.9.7-uscd.jar
Launcher Type: SUN_STANDARD

Environment Variables:
JAVA_HOME=C:\Program Files\Java\jdk1.8.0_66
CLASSPATH=C:\Users\Zelimir\algs4\stdlib.jar;C:\Users\Zelimir\algs4\algs4.jar;C:\Program File;C:\msys\1.0\bin;C:\mingw\bin;C:\Program Files\Java\jdk1.8.0_101\bin;C:\Program Files\Java\jre1.8.0_151\bin;.
PATH=C:/Program Files/Java/jre1.8.0_151/bin/server;C:/Program Files/Java/jre1.8.0_151/bin;C:/Program Files/Java/jre1.8.0_151/lib/amd64;C:\ProgramData\Oracle\Java\javapath;C:\Program Files\Common Files\Microsoft Shared\Windows Live;C:\Program Files (x86)\AMD APP\bin\x86_64;C:\Program Files (x86)\AMD APP\bin\x86;C:\Windows\system32;C:\Windows;C:\Windows\System32\Wbem;C:\Windows\System32\WindowsPowerShell\v1.0\;C:\Program Files (x86)\ATI Technologies\ATI.ACE\Core-Static;C:\Program Files (x86)\Common Files\Acronis\SnapAPI\;C:\Program Files\jEdit;C:\Program Files\Java\jdk1.7.0_25\bin;C:\Program Files\Java\jdk1.6.0_25;C:\Program Files\Microsoft\Web Platform Installer\;C:\Program Files (x86)\Microsoft ASP.NET\ASP.NET Web Pages\v1.0\;C:\Program Files\Microsoft SQL Server\110\Tools\Binn\;C:\Program Files\Java\jdk1.7.0_25\jre\lib\ext\mysql-connector-java-5.1.27-bin;C:\Program Files (x86)\Microsoft SQL Server\100\Tools\Binn\;C:\Program Files\Microsoft SQL Server\100\Tools\Binn\;C:\Program Files\Microsoft SQL Server\100\DTS\Binn\;C:\Program Files\MATLAB\R2015a\bin;C:\Program Files\Git\cmd;C:\Program Files (x86)\Heroku\bin;C:\Program Files (x86)\git\cmd;C:\Program Files\nodejs\;C:\Program Files (x86)\QuickTime\QTSystem\;C:\Program Files\Java\jdk1.8.0_101\bin;C:\Program Files\Java\jre1.8.0_101;C:\Program Files (x86)\Skype\Phone\;C:\RailsInstaller\Ruby2.0.0\bin;C;C:\Program Files\Common Files\Microsoft Shared\Windows Live;C:\Program Files\phantomjs-2.0.0-windows\bin;C:\Users\Zelimir\AppData\Roaming\npm;C:\Eclipse_Versions\eclipse;
USERNAME=Zelimir
OS=Windows_NT
PROCESSOR_IDENTIFIER=AMD64 Family 16 Model 2 Stepping 3, AuthenticAMD



---------------  S Y S T E M  ---------------

OS: Windows 7 , 64 bit Build 7601 (6.1.7601.18015)

CPU:total 4 (initial active 4) (4 cores per cpu, 1 threads per core) family 16 model 2 stepping 3, cmov, cx8, fxsr, mmx, sse, sse2, sse3, popcnt, mmxext, 3dnowpref, lzcnt, sse4a, tsc, tscinvbit, tscinv

Memory: 4k page, physical 2096376k(203228k free), swap 5426480k(422820k free)

vm_info: Java HotSpot(TM) 64-Bit Server VM (25.151-b12) for windows-amd64 JRE (1.8.0_151-b12), built on Sep  5 2017 19:33:46 by "java_re" with MS VC++ 10.0 (VS2010)

time: Sun Dec 10 10:38:12 2017
elapsed time: 78 seconds (0d 0h 1m 18s)

