#
# A fatal error has been detected by the Java Runtime Environment:
#
#  EXCEPTION_ACCESS_VIOLATION (0xc0000005) at pc=0x000000005fab59aa, pid=4028, tid=0x00000000000017c8
#
# JRE version: Java(TM) SE Runtime Environment (8.0_151-b12) (build 1.8.0_151-b12)
# Java VM: Java HotSpot(TM) 64-Bit Server VM (25.151-b12 mixed mode windows-amd64 compressed oops)
# Problematic frame:
# C  [atio6axx.dll+0x8959aa]
#
# Failed to write core dump. Minidumps are not enabled by default on client versions of Windows
#
# If you would like to submit a bug report, please visit:
#   http://bugreport.java.com/bugreport/crash.jsp
# The crash happened outside the Java Virtual Machine in native code.
# See problematic frame for where to report the bug.
#

---------------  T H R E A D  ---------------

Current thread (0x0000000056081000):  JavaThread "AWT-EventQueue-1" [_thread_in_native, id=6088, stack(0x000000005bf90000,0x000000005c090000)]

siginfo: ExceptionCode=0xc0000005, reading address 0x0000000000000010

Registers:
RAX=0x00000000607a2a48, RBX=0x0000000000000000, RCX=0x0000000000000000, RDX=0x0000000000000000
RSP=0x000000005c08d560, RBP=0x000000005c08d798, RSI=0x000000005c08d810, RDI=0x0000000061779cc0
R8 =0x0000000000000000, R9 =0x0000566600950003, R10=0x000000005c08cf60, R11=0x00000000607a34f8
R12=0x000000005e189720, R13=0x0000000061aed340, R14=0x0000000061aed370, R15=0x0000000000000000
RIP=0x000000005fab59aa, EFLAGS=0x0000000000010246

Top of Stack: (sp=0x000000005c08d560)
0x000000005c08d560:   0000000000000001 000000005c08d5c0
0x000000005c08d570:   000000005c08d5b0 0000000000000000
0x000000005c08d580:   ffffffff00000002 0000000100000000
0x000000005c08d590:   ffffffffffffffff ffffffffffffffff
0x000000005c08d5a0:   0000000000000000 0000000000000000
0x000000005c08d5b0:   0000000000000000 0000000000000000
0x000000005c08d5c0:   0000000000000000 0000000000000000
0x000000005c08d5d0:   0000000000000000 0000000000000000
0x000000005c08d5e0:   0000000000000000 0000000000000000
0x000000005c08d5f0:   0000000061779c50 0000000000000000
0x000000005c08d600:   0000000061779cc0 0000000000000000
0x000000005c08d610:   0000000000000000 00000258000004b0
0x000000005c08d620:   0000000061779be0 0000000000000000
0x000000005c08d630:   0000000000000000 0000000000000000
0x000000005c08d640:   0000000061779c50 0000000000000000
0x000000005c08d650:   0000000061779cc0 0000000000000000 

Instructions: (pc=0x000000005fab59aa)
0x000000005fab598a:   39 79 08 75 0a 48 8b 01 ba 01 00 00 00 ff 10 48
0x000000005fab599a:   8b 54 24 70 49 8b 04 24 48 89 bc 24 a0 00 00 00
0x000000005fab59aa:   48 8b 52 10 4c 8d 8c 24 a0 01 00 00 41 b8 06 00
0x000000005fab59ba:   00 00 49 8b cc ff 90 c8 05 00 00 44 39 bc 24 a8 


Register to memory mapping:

RAX=0x00000000607a2a48 is an unknown value
RBX=0x0000000000000000 is an unknown value
RCX=0x0000000000000000 is an unknown value
RDX=0x0000000000000000 is an unknown value
RSP=0x000000005c08d560 is pointing into the stack for thread: 0x0000000056081000
RBP=0x000000005c08d798 is pointing into the stack for thread: 0x0000000056081000
RSI=0x000000005c08d810 is pointing into the stack for thread: 0x0000000056081000
RDI=0x0000000061779cc0 is an unknown value
R8 =0x0000000000000000 is an unknown value
R9 =0x0000566600950003 is an unknown value
R10=0x000000005c08cf60 is pointing into the stack for thread: 0x0000000056081000
R11=0x00000000607a34f8 is an unknown value
R12=0x000000005e189720 is an unknown value
R13=0x0000000061aed340 is an unknown value
R14=0x0000000061aed370 is an unknown value
R15=0x0000000000000000 is an unknown value


Stack: [0x000000005bf90000,0x000000005c090000],  sp=0x000000005c08d560,  free space=1013k
Native frames: (J=compiled Java code, j=interpreted, Vv=VM code, C=native code)
C  [atio6axx.dll+0x8959aa]
C  [atio6axx.dll+0x89a0b1]
C  [atio6axx.dll+0xa120b]
C  [atio6axx.dll+0x46c58a]
C  [atio6axx.dll+0x1e94eb]
C  0x0000000003145181

Java frames: (J=compiled Java code, j=interpreted, Vv=VM code)
J 2808  jogamp.opengl.gl4.GL4bcImpl.dispatch_glBlitFramebuffer1(IIIIIIIIIIJ)V (0 bytes) @ 0x0000000003145103 [0x0000000003145080+0x83]
J 2807 C1 jogamp.opengl.gl4.GL4bcImpl.glBlitFramebuffer(IIIIIIIIII)V (68 bytes) @ 0x000000000314e3cc [0x000000000314d860+0xb6c]
J 2806 C1 processing.opengl.PJOGL.blitFramebuffer(IIIIIIIIII)V (97 bytes) @ 0x000000000314c7b4 [0x000000000314bc00+0xbb4]
J 2989 C1 processing.opengl.PGL.syncBackTexture()V (81 bytes) @ 0x00000000031d3e0c [0x00000000031d3940+0x4cc]
J 2988 C1 processing.opengl.PJOGL.syncBackTexture()V (63 bytes) @ 0x00000000031d352c [0x00000000031d3220+0x30c]
J 3001 C1 processing.opengl.PGL.endDraw(Z)V (141 bytes) @ 0x00000000031e01ec [0x00000000031e00a0+0x14c]
J 3000 C1 processing.opengl.PJOGL.endDraw(Z)V (162 bytes) @ 0x00000000031e193c [0x00000000031e0d00+0xc3c]
J 2591 C1 processing.opengl.PGraphicsOpenGL.endDraw()V (111 bytes) @ 0x00000000030b761c [0x00000000030b6dc0+0x85c]
J 3242 C1 processing.core.PApplet.handleDraw()V (382 bytes) @ 0x00000000032c533c [0x00000000032c3180+0x21bc]
J 3254 C1 processing.opengl.PJOGL$PGLListener.display(Ljavax/media/opengl/GLAutoDrawable;)V (520 bytes) @ 0x00000000032d81b4 [0x00000000032d67a0+0x1a14]
J 3253 C1 jogamp.opengl.GLDrawableHelper.displayImpl(Ljavax/media/opengl/GLAutoDrawable;)V (105 bytes) @ 0x00000000032d4ca4 [0x00000000032d41c0+0xae4]
J 3251 C1 javax.media.opengl.awt.GLCanvas$10.run()V (122 bytes) @ 0x00000000032d389c [0x00000000032d3340+0x55c]
J 3246 C1 jogamp.opengl.GLDrawableHelper.invokeGLImpl(Ljavax/media/opengl/GLDrawable;Ljavax/media/opengl/GLContext;Ljava/lang/Runnable;Ljava/lang/Runnable;)V (579 bytes) @ 0x00000000032c97cc [0x00000000032c89a0+0xe2c]
J 3245 C1 jogamp.opengl.GLDrawableHelper.invokeGL(Ljavax/media/opengl/GLDrawable;Ljavax/media/opengl/GLContext;Ljava/lang/Runnable;Ljava/lang/Runnable;)V (76 bytes) @ 0x00000000032c83c4 [0x00000000032c8300+0xc4]
J 3147 C1 javax.media.opengl.awt.GLCanvas$11.run()V (95 bytes) @ 0x0000000002e2ccbc [0x0000000002e2c900+0x3bc]
J 2680 C1 java.awt.event.InvocationEvent.dispatch()V (69 bytes) @ 0x00000000030f9884 [0x00000000030f9740+0x144]
J 2685 C1 java.awt.EventQueue.dispatchEventImpl(Ljava/awt/AWTEvent;Ljava/lang/Object;)V (149 bytes) @ 0x000000000310114c [0x00000000030ff640+0x1b0c]
J 2683 C1 java.awt.EventQueue$3.run()Ljava/lang/Void; (60 bytes) @ 0x00000000030fea44 [0x00000000030fe840+0x204]
J 2682 C1 java.awt.EventQueue$3.run()Ljava/lang/Object; (5 bytes) @ 0x00000000030fa18c [0x00000000030fa100+0x8c]
v  ~StubRoutines::call_stub
J 639  java.security.AccessController.doPrivileged(Ljava/security/PrivilegedAction;Ljava/security/AccessControlContext;)Ljava/lang/Object; (0 bytes) @ 0x0000000002b06aa6 [0x0000000002b06a40+0x66]
J 2446 C1 java.awt.EventQueue.dispatchEvent(Ljava/awt/AWTEvent;)V (80 bytes) @ 0x000000000304831c [0x00000000030479c0+0x95c]
J 2686 C1 java.awt.EventDispatchThread.pumpOneEventForFilters(I)V (295 bytes) @ 0x00000000030fc234 [0x00000000030fa740+0x1af4]
j  java.awt.EventDispatchThread.pumpEventsForFilter(ILjava/awt/Conditional;Ljava/awt/EventFilter;)V+35
j  java.awt.EventDispatchThread.pumpEventsForHierarchy(ILjava/awt/Conditional;Ljava/awt/Component;)V+11
j  java.awt.EventDispatchThread.pumpEvents(ILjava/awt/Conditional;)V+4
j  java.awt.EventDispatchThread.pumpEvents(Ljava/awt/Conditional;)V+3
j  java.awt.EventDispatchThread.run()V+9
v  ~StubRoutines::call_stub

---------------  P R O C E S S  ---------------

Java Threads: ( => current thread )
  0x0000000056522800 JavaThread "Animation Thread-SharedResourceRunner" daemon [_thread_blocked, id=5708, stack(0x000000005e270000,0x000000005e370000)]
  0x00000000560d7000 JavaThread "Animation Thread" [_thread_blocked, id=1588, stack(0x000000005be10000,0x000000005bf10000)]
=>0x0000000056081000 JavaThread "AWT-EventQueue-1" [_thread_in_native, id=6088, stack(0x000000005bf90000,0x000000005c090000)]
  0x000000000228f000 JavaThread "DestroyJavaVM" [_thread_blocked, id=5224, stack(0x00000000024a0000,0x00000000025a0000)]
  0x0000000056057800 JavaThread "D3D Screen Updater" daemon [_thread_blocked, id=4940, stack(0x000000005b6f0000,0x000000005b7f0000)]
  0x0000000055fd7800 JavaThread "AWT-EventQueue-0" [_thread_blocked, id=2744, stack(0x000000005a060000,0x000000005a160000)]
  0x0000000055fdd800 JavaThread "thread applet-probni.zelimir.ZelimirsEarthquakeWorldMap.class" [_thread_blocked, id=5672, stack(0x0000000059dd0000,0x0000000059ed0000)]
  0x0000000055f74000 JavaThread "AWT-Windows" daemon [_thread_in_native, id=3640, stack(0x0000000056940000,0x0000000056a40000)]
  0x0000000055f73800 JavaThread "AWT-Shutdown" [_thread_blocked, id=5856, stack(0x0000000056730000,0x0000000056830000)]
  0x0000000055fb4000 JavaThread "Java2D Disposer" daemon [_thread_blocked, id=4352, stack(0x0000000056830000,0x0000000056930000)]
  0x000000005584f000 JavaThread "Service Thread" daemon [_thread_blocked, id=6048, stack(0x0000000055dc0000,0x0000000055ec0000)]
  0x00000000557d3800 JavaThread "C1 CompilerThread2" daemon [_thread_blocked, id=4672, stack(0x00000000555b0000,0x00000000556b0000)]
  0x00000000557d2000 JavaThread "C2 CompilerThread1" daemon [_thread_blocked, id=3624, stack(0x0000000054ee0000,0x0000000054fe0000)]
  0x0000000053cbb800 JavaThread "C2 CompilerThread0" daemon [_thread_blocked, id=1332, stack(0x00000000556d0000,0x00000000557d0000)]
  0x0000000053cb8000 JavaThread "Attach Listener" daemon [_thread_blocked, id=6036, stack(0x00000000554a0000,0x00000000555a0000)]
  0x0000000053cb4800 JavaThread "Signal Dispatcher" daemon [_thread_blocked, id=3540, stack(0x0000000055320000,0x0000000055420000)]
  0x0000000053c9a000 JavaThread "Finalizer" daemon [_thread_blocked, id=932, stack(0x00000000551d0000,0x00000000552d0000)]
  0x0000000053c53000 JavaThread "Reference Handler" daemon [_thread_blocked, id=4024, stack(0x0000000055010000,0x0000000055110000)]

Other Threads:
  0x0000000053c4b800 VMThread [stack: 0x0000000054d70000,0x0000000054e70000] [id=5724]
  0x0000000055877800 WatcherThread [stack: 0x0000000055bd0000,0x0000000055cd0000] [id=5608]

VM state:not at safepoint (normal execution)

VM Mutex/Monitor currently owned by a thread: None

Heap:
 PSYoungGen      total 50176K, used 44836K [0x00000000f5580000, 0x00000000f9800000, 0x0000000100000000)
  eden space 37888K, 87% used [0x00000000f5580000,0x00000000f75e9270,0x00000000f7a80000)
  from space 12288K, 94% used [0x00000000f8800000,0x00000000f9360000,0x00000000f9400000)
  to   space 13824K, 0% used [0x00000000f7a80000,0x00000000f7a80000,0x00000000f8800000)
 ParOldGen       total 52736K, used 39184K [0x00000000e0000000, 0x00000000e3380000, 0x00000000f5580000)
  object space 52736K, 74% used [0x00000000e0000000,0x00000000e2644320,0x00000000e3380000)
 Metaspace       used 23190K, capacity 23483K, committed 23680K, reserved 1071104K
  class space    used 2280K, capacity 2389K, committed 2432K, reserved 1048576K

Card table byte_map: [0x0000000002290000,0x00000000023a0000] byte_map_base: 0x0000000001b90000

Marking Bits: (ParMarkBitMap*) 0x000000005f19d850
 Begin Bits: [0x00000000122c0000, 0x0000000012ac0000)
 End Bits:   [0x0000000012ac0000, 0x00000000132c0000)

Polling page: 0x0000000000320000

CodeCache: size=245760Kb used=11060Kb max_used=11060Kb free=234699Kb
 bounds [0x0000000002870000, 0x0000000003350000, 0x0000000011870000]
 total_blobs=4044 nmethods=3116 adapters=841
 compilation: enabled

Compilation events (10 events):
Event: 56.983 Thread 0x00000000557d3800 3364       3       java.lang.Math::round (56 bytes)
Event: 56.984 Thread 0x00000000557d3800 nmethod 3364 0x0000000003321c90 code [0x0000000003321e00, 0x0000000003322030]
Event: 56.984 Thread 0x00000000557d3800 3365       3       de.fhpotsdam.unfolding.marker.AbstractMarker::getScreenPosition (12 bytes)
Event: 56.984 Thread 0x00000000557d3800 nmethod 3365 0x0000000002e2b010 code [0x0000000002e2b180, 0x0000000002e2b458]
Event: 57.041 Thread 0x00000000557d3800 3366       3       processing.core.PGraphics::textLineImpl (41 bytes)
Event: 57.042 Thread 0x00000000557d3800 nmethod 3366 0x0000000002ea6850 code [0x0000000002ea69e0, 0x0000000002ea6ef8]
Event: 57.042 Thread 0x00000000557d3800 3367   !   3       de.fhpotsdam.unfolding.mapdisplay.Java2DMapDisplay::getScreenPosition (37 bytes)
Event: 57.043 Thread 0x00000000557d3800 nmethod 3367 0x000000000334a210 code [0x000000000334a400, 0x000000000334ae28]
Event: 57.043 Thread 0x00000000557d3800 3368       3       de.fhpotsdam.unfolding.utils.ScreenPosition::<init> (27 bytes)
Event: 57.043 Thread 0x00000000557d3800 nmethod 3368 0x0000000002ea6210 code [0x0000000002ea63a0, 0x0000000002ea6678]

GC Heap History (10 events):
Event: 7.629 GC heap before
{Heap before GC invocations=10 (full 1):
 PSYoungGen      total 29696K, used 29165K [0x00000000f5580000, 0x00000000f7e00000, 0x0000000100000000)
  eden space 26624K, 99% used [0x00000000f5580000,0x00000000f6f59a78,0x00000000f6f80000)
  from space 3072K, 87% used [0x00000000f7b00000,0x00000000f7da1a60,0x00000000f7e00000)
  to   space 3584K, 0% used [0x00000000f7700000,0x00000000f7700000,0x00000000f7a80000)
 ParOldGen       total 22528K, used 12326K [0x00000000e0000000, 0x00000000e1600000, 0x00000000f5580000)
  object space 22528K, 54% used [0x00000000e0000000,0x00000000e0c09ae8,0x00000000e1600000)
 Metaspace       used 22192K, capacity 22567K, committed 22656K, reserved 1069056K
  class space    used 2278K, capacity 2387K, committed 2432K, reserved 1048576K
Event: 7.636 GC heap after
Heap after GC invocations=10 (full 1):
 PSYoungGen      total 37888K, used 3568K [0x00000000f5580000, 0x00000000f8100000, 0x0000000100000000)
  eden space 34304K, 0% used [0x00000000f5580000,0x00000000f5580000,0x00000000f7700000)
  from space 3584K, 99% used [0x00000000f7700000,0x00000000f7a7c100,0x00000000f7a80000)
  to   space 4608K, 0% used [0x00000000f7c80000,0x00000000f7c80000,0x00000000f8100000)
 ParOldGen       total 22528K, used 14854K [0x00000000e0000000, 0x00000000e1600000, 0x00000000f5580000)
  object space 22528K, 65% used [0x00000000e0000000,0x00000000e0e81a28,0x00000000e1600000)
 Metaspace       used 22192K, capacity 22567K, committed 22656K, reserved 1069056K
  class space    used 2278K, capacity 2387K, committed 2432K, reserved 1048576K
}
Event: 19.102 GC heap before
{Heap before GC invocations=11 (full 1):
 PSYoungGen      total 37888K, used 37872K [0x00000000f5580000, 0x00000000f8100000, 0x0000000100000000)
  eden space 34304K, 100% used [0x00000000f5580000,0x00000000f7700000,0x00000000f7700000)
  from space 3584K, 99% used [0x00000000f7700000,0x00000000f7a7c100,0x00000000f7a80000)
  to   space 4608K, 0% used [0x00000000f7c80000,0x00000000f7c80000,0x00000000f8100000)
 ParOldGen       total 22528K, used 14854K [0x00000000e0000000, 0x00000000e1600000, 0x00000000f5580000)
  object space 22528K, 65% used [0x00000000e0000000,0x00000000e0e81a28,0x00000000e1600000)
 Metaspace       used 22765K, capacity 23099K, committed 23424K, reserved 1071104K
  class space    used 2280K, capacity 2389K, committed 2432K, reserved 1048576K
Event: 19.118 GC heap after
Heap after GC invocations=11 (full 1):
 PSYoungGen      total 35840K, used 4592K [0x00000000f5580000, 0x00000000f9180000, 0x0000000100000000)
  eden space 31232K, 0% used [0x00000000f5580000,0x00000000f5580000,0x00000000f7400000)
  from space 4608K, 99% used [0x00000000f7c80000,0x00000000f80fc0d0,0x00000000f8100000)
  to   space 8704K, 0% used [0x00000000f7400000,0x00000000f7400000,0x00000000f7c80000)
 ParOldGen       total 25600K, used 24693K [0x00000000e0000000, 0x00000000e1900000, 0x00000000f5580000)
  object space 25600K, 96% used [0x00000000e0000000,0x00000000e181d748,0x00000000e1900000)
 Metaspace       used 22765K, capacity 23099K, committed 23424K, reserved 1071104K
  class space    used 2280K, capacity 2389K, committed 2432K, reserved 1048576K
}
Event: 19.118 GC heap before
{Heap before GC invocations=12 (full 2):
 PSYoungGen      total 35840K, used 4592K [0x00000000f5580000, 0x00000000f9180000, 0x0000000100000000)
  eden space 31232K, 0% used [0x00000000f5580000,0x00000000f5580000,0x00000000f7400000)
  from space 4608K, 99% used [0x00000000f7c80000,0x00000000f80fc0d0,0x00000000f8100000)
  to   space 8704K, 0% used [0x00000000f7400000,0x00000000f7400000,0x00000000f7c80000)
 ParOldGen       total 25600K, used 24693K [0x00000000e0000000, 0x00000000e1900000, 0x00000000f5580000)
  object space 25600K, 96% used [0x00000000e0000000,0x00000000e181d748,0x00000000e1900000)
 Metaspace       used 22765K, capacity 23099K, committed 23424K, reserved 1071104K
  class space    used 2280K, capacity 2389K, committed 2432K, reserved 1048576K
Event: 19.243 GC heap after
Heap after GC invocations=12 (full 2):
 PSYoungGen      total 35840K, used 3001K [0x00000000f5580000, 0x00000000f9180000, 0x0000000100000000)
  eden space 31232K, 0% used [0x00000000f5580000,0x00000000f5580000,0x00000000f7400000)
  from space 4608K, 65% used [0x00000000f7c80000,0x00000000f7f6e750,0x00000000f8100000)
  to   space 8704K, 0% used [0x00000000f7400000,0x00000000f7400000,0x00000000f7c80000)
 ParOldGen       total 52736K, used 25176K [0x00000000e0000000, 0x00000000e3380000, 0x00000000f5580000)
  object space 52736K, 47% used [0x00000000e0000000,0x00000000e1896060,0x00000000e3380000)
 Metaspace       used 22765K, capacity 23099K, committed 23424K, reserved 1071104K
  class space    used 2280K, capacity 2389K, committed 2432K, reserved 1048576K
}
Event: 30.504 GC heap before
{Heap before GC invocations=13 (full 2):
 PSYoungGen      total 35840K, used 34233K [0x00000000f5580000, 0x00000000f9180000, 0x0000000100000000)
  eden space 31232K, 100% used [0x00000000f5580000,0x00000000f7400000,0x00000000f7400000)
  from space 4608K, 65% used [0x00000000f7c80000,0x00000000f7f6e750,0x00000000f8100000)
  to   space 8704K, 0% used [0x00000000f7400000,0x00000000f7400000,0x00000000f7c80000)
 ParOldGen       total 52736K, used 25176K [0x00000000e0000000, 0x00000000e3380000, 0x00000000f5580000)
  object space 52736K, 47% used [0x00000000e0000000,0x00000000e1896060,0x00000000e3380000)
 Metaspace       used 23088K, capacity 23483K, committed 23680K, reserved 1071104K
  class space    used 2280K, capacity 2389K, committed 2432K, reserved 1048576K
Event: 30.525 GC heap after
Heap after GC invocations=13 (full 2):
 PSYoungGen      total 39936K, used 8704K [0x00000000f5580000, 0x00000000f9400000, 0x0000000100000000)
  eden space 31232K, 0% used [0x00000000f5580000,0x00000000f5580000,0x00000000f7400000)
  from space 8704K, 100% used [0x00000000f7400000,0x00000000f7c80000,0x00000000f7c80000)
  to   space 12288K, 0% used [0x00000000f8800000,0x00000000f8800000,0x00000000f9400000)
 ParOldGen       total 52736K, used 30713K [0x00000000e0000000, 0x00000000e3380000, 0x00000000f5580000)
  object space 52736K, 58% used [0x00000000e0000000,0x00000000e1dfe5e0,0x00000000e3380000)
 Metaspace       used 23088K, capacity 23483K, committed 23680K, reserved 1071104K
  class space    used 2280K, capacity 2389K, committed 2432K, reserved 1048576K
}
Event: 43.380 GC heap before
{Heap before GC invocations=14 (full 2):
 PSYoungGen      total 39936K, used 39936K [0x00000000f5580000, 0x00000000f9400000, 0x0000000100000000)
  eden space 31232K, 100% used [0x00000000f5580000,0x00000000f7400000,0x00000000f7400000)
  from space 8704K, 100% used [0x00000000f7400000,0x00000000f7c80000,0x00000000f7c80000)
  to   space 12288K, 0% used [0x00000000f8800000,0x00000000f8800000,0x00000000f9400000)
 ParOldGen       total 52736K, used 30713K [0x00000000e0000000, 0x00000000e3380000, 0x00000000f5580000)
  object space 52736K, 58% used [0x00000000e0000000,0x00000000e1dfe5e0,0x00000000e3380000)
 Metaspace       used 23183K, capacity 23483K, committed 23680K, reserved 1071104K
  class space    used 2280K, capacity 2389K, committed 2432K, reserved 1048576K
Event: 43.591 GC heap after
Heap after GC invocations=14 (full 2):
 PSYoungGen      total 50176K, used 11648K [0x00000000f5580000, 0x00000000f9800000, 0x0000000100000000)
  eden space 37888K, 0% used [0x00000000f5580000,0x00000000f5580000,0x00000000f7a80000)
  from space 12288K, 94% used [0x00000000f8800000,0x00000000f9360000,0x00000000f9400000)
  to   space 13824K, 0% used [0x00000000f7a80000,0x00000000f7a80000,0x00000000f8800000)
 ParOldGen       total 52736K, used 39184K [0x00000000e0000000, 0x00000000e3380000, 0x00000000f5580000)
  object space 52736K, 74% used [0x00000000e0000000,0x00000000e2644320,0x00000000e3380000)
 Metaspace       used 23183K, capacity 23483K, committed 23680K, reserved 1071104K
  class space    used 2280K, capacity 2389K, committed 2432K, reserved 1048576K
}

Deoptimization events (10 events):
Event: 56.572 Thread 0x0000000056081000 Uncommon trap: reason=unstable_if action=reinterpret pc=0x0000000003183ec0 method=sun.font.FileFontStrike.getGlyphImagePtrs([I[JI)V @ 45
Event: 56.572 Thread 0x0000000056081000 Uncommon trap: reason=unstable_if action=reinterpret pc=0x000000000317959c method=sun.font.FontDesignMetrics.getLatinCharWidth(C)F @ 11
Event: 56.572 Thread 0x0000000056081000 Uncommon trap: reason=unstable_if action=reinterpret pc=0x000000000321bcd4 method=sun.font.FontDesignMetrics.getLatinCharWidth(C)F @ 11
Event: 56.573 Thread 0x0000000056081000 Uncommon trap: reason=unstable_if action=reinterpret pc=0x00000000032bad88 method=probni.zelimir.ImageMarker.isInside(FFFF)Z @ 25
Event: 56.573 Thread 0x0000000056081000 Uncommon trap: reason=unstable_if action=reinterpret pc=0x000000000317cdf4 method=sun.font.FileFontStrike.getGlyphImagePtrs([I[JI)V @ 45
Event: 56.574 Thread 0x0000000056081000 Uncommon trap: reason=unstable_if action=reinterpret pc=0x000000000308f7fc method=sun.font.FontDesignMetrics.getLatinCharWidth(C)F @ 11
Event: 56.575 Thread 0x0000000056081000 Uncommon trap: reason=unstable_if action=reinterpret pc=0x0000000003097ef4 method=sun.font.FontDesignMetrics.getLatinCharWidth(C)F @ 11
Event: 56.983 Thread 0x0000000056081000 Uncommon trap: reason=unstable_if action=reinterpret pc=0x000000000305bd3c method=java.lang.Math.round(F)I @ 36
Event: 56.983 Thread 0x0000000056081000 Uncommon trap: reason=unstable_if action=reinterpret pc=0x00000000030a694c method=java.lang.Math.round(F)I @ 36
Event: 56.983 Thread 0x0000000056081000 Uncommon trap: reason=unstable_if action=reinterpret pc=0x0000000002f0e444 method=java.lang.Math.round(F)I @ 36

Internal exceptions (10 events):
Event: 0.270 Thread 0x000000000228f000 Implicit null exception at 0x00000000029dbc0b to 0x00000000029dbdbd
Event: 0.336 Thread 0x000000000228f000 Exception <a 'java/io/FileNotFoundException'> (0x00000000f58126b8) thrown at [C:\re\workspace\8-2-build-windows-amd64-cygwin\jdk8u151\9699\hotspot\src\share\vm\prims\jni.cpp, line 709]
Event: 0.479 Thread 0x000000000228f000 Exception <a 'java/io/FileNotFoundException'> (0x00000000f5869cd8) thrown at [C:\re\workspace\8-2-build-windows-amd64-cygwin\jdk8u151\9699\hotspot\src\share\vm\prims\jni.cpp, line 709]
Event: 2.878 Thread 0x00000000560d7000 Implicit null exception at 0x0000000002bf8c6f to 0x0000000002bf91b9
Event: 5.736 Thread 0x00000000560d7000 Exception <a 'java/lang/InterruptedException'> (0x00000000f63852a8) thrown at [C:\re\workspace\8-2-build-windows-amd64-cygwin\jdk8u151\9699\hotspot\src\share\vm\runtime\objectMonitor.cpp, line 1684]
Event: 5.783 Thread 0x00000000560d7000 Exception <a 'java/lang/reflect/InvocationTargetException'> (0x00000000f64697b8) thrown at [C:\re\workspace\8-2-build-windows-amd64-cygwin\jdk8u151\9699\hotspot\src\share\vm\runtime\reflection.cpp, line 1092]
Event: 6.252 Thread 0x0000000056081000 Implicit null exception at 0x0000000002dd6ed5 to 0x0000000002dd6f39
Event: 6.354 Thread 0x0000000056081000 Exception <a 'java/io/FileNotFoundException'> (0x00000000f575c348) thrown at [C:\re\workspace\8-2-build-windows-amd64-cygwin\jdk8u151\9699\hotspot\src\share\vm\prims\jni.cpp, line 709]
Event: 6.355 Thread 0x0000000056081000 Exception <a 'java/io/FileNotFoundException'> (0x00000000f5762b70) thrown at [C:\re\workspace\8-2-build-windows-amd64-cygwin\jdk8u151\9699\hotspot\src\share\vm\prims\jni.cpp, line 709]
Event: 6.356 Thread 0x0000000056081000 Implicit null exception at 0x0000000002a43286 to 0x0000000002a43611

Events (10 events):
Event: 56.983 Executing VM operation: RevokeBias
Event: 56.983 Executing VM operation: RevokeBias done
Event: 56.983 Thread 0x0000000056081000 DEOPT PACKING pc=0x000000000305bd3c sp=0x000000005c08de80
Event: 56.983 Thread 0x0000000056081000 DEOPT UNPACKING pc=0x00000000028b582a sp=0x000000005c08dd08 mode 2
Event: 56.983 Thread 0x0000000056081000 Uncommon trap: trap_request=0xffffff65 fr.pc=0x00000000030a694c
Event: 56.983 Thread 0x0000000056081000 DEOPT PACKING pc=0x00000000030a694c sp=0x000000005c08de10
Event: 56.983 Thread 0x0000000056081000 DEOPT UNPACKING pc=0x00000000028b582a sp=0x000000005c08dd08 mode 2
Event: 56.983 Thread 0x0000000056081000 Uncommon trap: trap_request=0xffffff65 fr.pc=0x0000000002f0e444
Event: 56.983 Thread 0x0000000056081000 DEOPT PACKING pc=0x0000000002f0e444 sp=0x000000005c08dd30
Event: 56.983 Thread 0x0000000056081000 DEOPT UNPACKING pc=0x00000000028b582a sp=0x000000005c08dcb8 mode 2


Dynamic libraries:
0x000000013f900000 - 0x000000013f937000 	C:\Program Files\Java\jre1.8.0_151\bin\javaw.exe
0x00000000770a0000 - 0x0000000077249000 	C:\Windows\SYSTEM32\ntdll.dll
0x0000000076e80000 - 0x0000000076f9f000 	C:\Windows\system32\kernel32.dll
0x000007fefd060000 - 0x000007fefd0cb000 	C:\Windows\system32\KERNELBASE.dll
0x000007fefedc0000 - 0x000007fefee9b000 	C:\Windows\system32\ADVAPI32.dll
0x000007fefeea0000 - 0x000007fefef3f000 	C:\Windows\system32\msvcrt.dll
0x000007feff110000 - 0x000007feff12f000 	C:\Windows\SYSTEM32\sechost.dll
0x000007fefd210000 - 0x000007fefd33d000 	C:\Windows\system32\RPCRT4.dll
0x0000000076fa0000 - 0x000000007709a000 	C:\Windows\system32\USER32.dll
0x000007feff340000 - 0x000007feff3a7000 	C:\Windows\system32\GDI32.dll
0x000007fefef40000 - 0x000007fefef4e000 	C:\Windows\system32\LPK.dll
0x000007fefecd0000 - 0x000007fefed99000 	C:\Windows\system32\USP10.dll
0x000007fefb4d0000 - 0x000007fefb6c4000 	C:\Windows\WinSxS\amd64_microsoft.windows.common-controls_6595b64144ccf1df_6.0.7601.17514_none_fa396087175ac9ac\COMCTL32.dll
0x000007fefe8b0000 - 0x000007fefe921000 	C:\Windows\system32\SHLWAPI.dll
0x000007feff0e0000 - 0x000007feff10e000 	C:\Windows\system32\IMM32.DLL
0x000007fefe2f0000 - 0x000007fefe3f9000 	C:\Windows\system32\MSCTF.dll
0x000000005df70000 - 0x000000005e042000 	C:\Program Files\Java\jre1.8.0_151\bin\msvcr100.dll
0x000000005e980000 - 0x000000005f21d000 	C:\Program Files\Java\jre1.8.0_151\bin\server\jvm.dll
0x000007fefa5d0000 - 0x000007fefa5d9000 	C:\Windows\system32\WSOCK32.dll
0x000007fefec80000 - 0x000007fefeccd000 	C:\Windows\system32\WS2_32.dll
0x000007fefe400000 - 0x000007fefe408000 	C:\Windows\system32\NSI.dll
0x000007fefa9c0000 - 0x000007fefa9fb000 	C:\Windows\system32\WINMM.dll
0x000007fefbef0000 - 0x000007fefbefc000 	C:\Windows\system32\VERSION.dll
0x0000000077270000 - 0x0000000077277000 	C:\Windows\system32\PSAPI.DLL
0x000000006b4a0000 - 0x000000006b4af000 	C:\Program Files\Java\jre1.8.0_151\bin\verify.dll
0x000000006b470000 - 0x000000006b499000 	C:\Program Files\Java\jre1.8.0_151\bin\java.dll
0x000000006b450000 - 0x000000006b466000 	C:\Program Files\Java\jre1.8.0_151\bin\zip.dll
0x000007fefd340000 - 0x000007fefe0c8000 	C:\Windows\system32\SHELL32.dll
0x000007feff130000 - 0x000007feff333000 	C:\Windows\system32\ole32.dll
0x000007fefce60000 - 0x000007fefce6f000 	C:\Windows\system32\profapi.dll
0x0000000057240000 - 0x00000000573d8000 	C:\Program Files\Java\jre1.8.0_151\bin\awt.dll
0x000007fefe0d0000 - 0x000007fefe1a7000 	C:\Windows\system32\OLEAUT32.dll
0x000007fefb040000 - 0x000007fefb058000 	C:\Windows\system32\DWMAPI.DLL
0x000007fef0ed0000 - 0x000007fef0fed000 	C:\Windows\system32\opengl32.dll
0x000007fefa680000 - 0x000007fefa6ad000 	C:\Windows\system32\GLU32.dll
0x000007fef0c20000 - 0x000007fef0d11000 	C:\Windows\system32\DDRAW.dll
0x000007fef1400000 - 0x000007fef1408000 	C:\Windows\system32\DCIMAN32.dll
0x000007fefe6d0000 - 0x000007fefe8a7000 	C:\Windows\system32\SETUPAPI.dll
0x000007fefd0f0000 - 0x000007fefd126000 	C:\Windows\system32\CFGMGR32.dll
0x000007fefd0d0000 - 0x000007fefd0ea000 	C:\Windows\system32\DEVOBJ.dll
0x000007fefb420000 - 0x000007fefb476000 	C:\Windows\system32\uxtheme.dll
0x000007fefccf0000 - 0x000007fefccff000 	C:\Windows\system32\CRYPTBASE.dll
0x000007feec9c0000 - 0x000007feecbbf000 	C:\Windows\system32\d3d9.dll
0x000007fefa6d0000 - 0x000007fefa6d7000 	C:\Windows\system32\d3d8thk.dll
0x000007fef5bb0000 - 0x000007fef5cbe000 	C:\Windows\system32\aticfx64.dll
0x000007fef13f0000 - 0x000007fef13ff000 	C:\Windows\system32\atiu9p64.dll
0x000007feefdc0000 - 0x000007fef04ed000 	C:\Windows\system32\atiumd64.dll
0x0000000073ed0000 - 0x00000000742ee000 	C:\Windows\system32\atiumd6a.dll
0x000000005e0e0000 - 0x000000005e127000 	C:\Program Files\Java\jre1.8.0_151\bin\fontmanager.dll
0x000000006b430000 - 0x000000006b44a000 	C:\Program Files\Java\jre1.8.0_151\bin\net.dll
0x000007fefc630000 - 0x000007fefc685000 	C:\Windows\system32\mswsock.dll
0x000007fefc620000 - 0x000007fefc627000 	C:\Windows\System32\wship6.dll
0x000000006b410000 - 0x000000006b421000 	C:\Program Files\Java\jre1.8.0_151\bin\nio.dll
0x000000005e090000 - 0x000000005e0d2000 	C:\Program Files\Java\jre1.8.0_151\bin\t2k.dll
0x0000000063390000 - 0x00000000633b4000 	C:\Program Files\Java\jre1.8.0_151\bin\sunec.dll
0x000007fefa1b0000 - 0x000007fefa1d7000 	C:\Windows\system32\IPHLPAPI.DLL
0x000007fefa1a0000 - 0x000007fefa1ab000 	C:\Windows\system32\WINNSI.DLL
0x000007fefa030000 - 0x000007fefa041000 	C:\Windows\system32\dhcpcsvc6.DLL
0x000007fefa010000 - 0x000007fefa028000 	C:\Windows\system32\dhcpcsvc.DLL
0x000007fefc690000 - 0x000007fefc6a7000 	C:\Windows\system32\CRYPTSP.dll
0x000007fefc390000 - 0x000007fefc3d7000 	C:\Windows\system32\rsaenh.dll
0x000007fefd020000 - 0x000007fefd03e000 	C:\Windows\system32\USERENV.dll
0x000007fefc010000 - 0x000007fefc017000 	C:\Windows\System32\wshtcpip.dll
0x000000006caf0000 - 0x000000006cb1e000 	C:\Program Files\Common Files\Microsoft Shared\Windows Live\WLIDNSP.DLL
0x000007fefc4b0000 - 0x000007fefc50b000 	C:\Windows\system32\DNSAPI.dll
0x000000006cac0000 - 0x000000006cae6000 	C:\Program Files\Bonjour\mdnsNSP.dll
0x000007fef7330000 - 0x000007fef7338000 	C:\Windows\system32\rasadhlp.dll
0x000007fefa060000 - 0x000007fefa0b3000 	C:\Windows\System32\fwpuclnt.dll
0x0000000069660000 - 0x000000006966b000 	C:\Program Files\Java\jre1.8.0_151\bin\sunmscapi.dll
0x000007fefce70000 - 0x000007fefcfd7000 	C:\Windows\system32\CRYPT32.dll
0x000007fefce50000 - 0x000007fefce5f000 	C:\Windows\system32\MSASN1.dll
0x000007fefcc90000 - 0x000007fefcce7000 	C:\Windows\system32\apphelp.dll
0x00000000637c0000 - 0x00000000637cd000 	C:\Users\Zelimir\AppData\Local\Temp\jogamp_0000\file_cache\jln4085722320609668094\jln2047747663714648643\gluegen-rt.dll
0x000000005e080000 - 0x000000005e087000 	C:\Program Files\Java\jre1.8.0_151\bin\jawt.dll
0x000000006a440000 - 0x000000006a44d000 	C:\Users\Zelimir\AppData\Local\Temp\jogamp_0000\file_cache\jln4085722320609668094\jln2047747663714648643\nativewindow_awt.dll
0x000000006c100000 - 0x000000006c10f000 	C:\Users\Zelimir\AppData\Local\Temp\jogamp_0000\file_cache\jln4085722320609668094\jln2047747663714648643\nativewindow_win32.dll
0x0000000064500000 - 0x00000000645a2000 	C:\Users\Zelimir\AppData\Local\Temp\jogamp_0000\file_cache\jln4085722320609668094\jln2047747663714648643\jogl_desktop.dll
0x000007fefa6c0000 - 0x000007fefa6c9000 	C:\Windows\system32\atig6pxx.dll
0x000000005f220000 - 0x0000000060b78000 	C:\Windows\system32\atio6axx.dll
0x000007fefa5e0000 - 0x000007fefa670000 	C:\Windows\system32\atiadlxx.dll
0x000007fefbff0000 - 0x000007fefc001000 	C:\Windows\system32\WTSAPI32.dll
0x000007fefcfe0000 - 0x000007fefd01a000 	C:\Windows\system32\WINTRUST.dll
0x000007fef5840000 - 0x000007fef584e000 	C:\Windows\system32\atig6txx.dll
0x000000005df30000 - 0x000000005df61000 	C:\Program Files\Java\jre1.8.0_151\bin\jpeg.dll
0x000007fef81d0000 - 0x000007fef82f5000 	C:\Windows\system32\dbghelp.dll

VM Arguments:
jvm_args: -Djava.security.policy=java.policy.applet -Dfile.encoding=Cp1250 
java_command: sun.applet.AppletViewer probni.zelimir.ZelimirsEarthquakeWorldMap1512811442233.html
java_class_path (initial): D:\courses\rep\proba01\bin;D:\courses\rep\proba01\lib\core.jar;D:\courses\rep\proba01\lib\gluegen-rt-natives-linux-amd64.jar;D:\courses\rep\proba01\lib\gluegen-rt-natives-linux-armv6hf.jar;D:\courses\rep\proba01\lib\gluegen-rt-natives-linux-i586.jar;D:\courses\rep\proba01\lib\gluegen-rt-natives-macosx-universal.jar;D:\courses\rep\proba01\lib\gluegen-rt-natives-windows-amd64.jar;D:\courses\rep\proba01\lib\gluegen-rt-natives-windows-i586.jar;D:\courses\rep\proba01\lib\gluegen-rt.jar;D:\courses\rep\proba01\lib\jogl-all-natives-linux-amd64.jar;D:\courses\rep\proba01\lib\jogl-all-natives-linux-armv6hf.jar;D:\courses\rep\proba01\lib\jogl-all-natives-linux-i586.jar;D:\courses\rep\proba01\lib\jogl-all-natives-macosx-universal.jar;D:\courses\rep\proba01\lib\jogl-all-natives-windows-amd64.jar;D:\courses\rep\proba01\lib\jogl-all-natives-windows-i586.jar;D:\courses\rep\proba01\lib\jogl-all.jar;D:\courses\rep\proba01\lib\json4processing.jar;D:\courses\rep\proba01\lib\libTUIO.jar;D:\courses\rep\proba01\lib\log4j-1.2.15.jar;D:\courses\rep\proba01\lib\sqlite-jdbc-3.7.2.jar;D:\courses\rep\proba01\lib\unfolding.0.9.7-uscd.jar
Launcher Type: SUN_STANDARD

Environment Variables:
JAVA_HOME=C:\Program Files\Java\jdk1.8.0_66
CLASSPATH=C:\Users\Zelimir\algs4\stdlib.jar;C:\Users\Zelimir\algs4\algs4.jar;C:\Program File;C:\msys\1.0\bin;C:\mingw\bin;C:\Program Files\Java\jdk1.8.0_101\bin;C:\Program Files\Java\jre1.8.0_151\bin;.
PATH=C:/Program Files/Java/jre1.8.0_151/bin/server;C:/Program Files/Java/jre1.8.0_151/bin;C:/Program Files/Java/jre1.8.0_151/lib/amd64;C:\ProgramData\Oracle\Java\javapath;C:\Program Files\Common Files\Microsoft Shared\Windows Live;C:\Program Files (x86)\AMD APP\bin\x86_64;C:\Program Files (x86)\AMD APP\bin\x86;C:\Windows\system32;C:\Windows;C:\Windows\System32\Wbem;C:\Windows\System32\WindowsPowerShell\v1.0\;C:\Program Files (x86)\ATI Technologies\ATI.ACE\Core-Static;C:\Program Files (x86)\Common Files\Acronis\SnapAPI\;C:\Program Files\jEdit;C:\Program Files\Java\jdk1.7.0_25\bin;C:\Program Files\Java\jdk1.6.0_25;C:\Program Files\Microsoft\Web Platform Installer\;C:\Program Files (x86)\Microsoft ASP.NET\ASP.NET Web Pages\v1.0\;C:\Program Files\Microsoft SQL Server\110\Tools\Binn\;C:\Program Files\Java\jdk1.7.0_25\jre\lib\ext\mysql-connector-java-5.1.27-bin;C:\Program Files (x86)\Microsoft SQL Server\100\Tools\Binn\;C:\Program Files\Microsoft SQL Server\100\Tools\Binn\;C:\Program Files\Microsoft SQL Server\100\DTS\Binn\;C:\Program Files\MATLAB\R2015a\bin;C:\Program Files\Git\cmd;C:\Program Files (x86)\Heroku\bin;C:\Program Files (x86)\git\cmd;C:\Program Files\nodejs\;C:\Program Files (x86)\QuickTime\QTSystem\;C:\Program Files\Java\jdk1.8.0_101\bin;C:\Program Files\Java\jre1.8.0_101;C:\Program Files (x86)\Skype\Phone\;C:\RailsInstaller\Ruby2.0.0\bin;C;C:\Program Files\Common Files\Microsoft Shared\Windows Live;C:\Program Files\phantomjs-2.0.0-windows\bin;C:\Users\Zelimir\AppData\Roaming\npm;C:\Eclipse_Versions\eclipse;
USERNAME=Zelimir
OS=Windows_NT
PROCESSOR_IDENTIFIER=AMD64 Family 16 Model 2 Stepping 3, AuthenticAMD



---------------  S Y S T E M  ---------------

OS: Windows 7 , 64 bit Build 7601 (6.1.7601.18015)

CPU:total 4 (initial active 4) (4 cores per cpu, 1 threads per core) family 16 model 2 stepping 3, cmov, cx8, fxsr, mmx, sse, sse2, sse3, popcnt, mmxext, 3dnowpref, lzcnt, sse4a, tsc, tscinvbit, tscinv

Memory: 4k page, physical 2096376k(351796k free), swap 5023436k(396404k free)

vm_info: Java HotSpot(TM) 64-Bit Server VM (25.151-b12) for windows-amd64 JRE (1.8.0_151-b12), built on Sep  5 2017 19:33:46 by "java_re" with MS VC++ 10.0 (VS2010)

time: Sat Dec 09 10:25:01 2017
elapsed time: 58 seconds (0d 0h 0m 58s)

