#
# A fatal error has been detected by the Java Runtime Environment:
#
#  EXCEPTION_ACCESS_VIOLATION (0xc0000005) at pc=0x000000005fab59aa, pid=2576, tid=0x0000000000000ad8
#
# JRE version: Java(TM) SE Runtime Environment (8.0_151-b12) (build 1.8.0_151-b12)
# Java VM: Java HotSpot(TM) 64-Bit Server VM (25.151-b12 mixed mode windows-amd64 compressed oops)
# Problematic frame:
# C  [atio6axx.dll+0x8959aa]
#
# Failed to write core dump. Minidumps are not enabled by default on client versions of Windows
#
# If you would like to submit a bug report, please visit:
#   http://bugreport.java.com/bugreport/crash.jsp
# The crash happened outside the Java Virtual Machine in native code.
# See problematic frame for where to report the bug.
#

---------------  T H R E A D  ---------------

Current thread (0x00000000566eb800):  JavaThread "AWT-EventQueue-1" [_thread_in_native, id=2776, stack(0x000000005c260000,0x000000005c360000)]

siginfo: ExceptionCode=0xc0000005, reading address 0x0000000000000010

Registers:
RAX=0x00000000607a2a48, RBX=0x0000000000000000, RCX=0x0000000000000000, RDX=0x0000000000000000
RSP=0x000000005c35d360, RBP=0x000000005c35d598, RSI=0x000000005c35d610, RDI=0x0000000060c8f1e0
R8 =0x0000000000000000, R9 =0x0000b8ad00560003, R10=0x000000005c35cd60, R11=0x00000000607a34f8
R12=0x000000005e2b9720, R13=0x00000000613db940, R14=0x00000000613db970, R15=0x0000000000000000
RIP=0x000000005fab59aa, EFLAGS=0x0000000000010246

Top of Stack: (sp=0x000000005c35d360)
0x000000005c35d360:   0000000000000001 000000005c35d3c0
0x000000005c35d370:   000000005c35d3b0 0000000000000000
0x000000005c35d380:   ffffffff00000002 0000000100000000
0x000000005c35d390:   ffffffffffffffff ffffffffffffffff
0x000000005c35d3a0:   0000000000000000 0000000000000000
0x000000005c35d3b0:   0000000000000000 0000000000000000
0x000000005c35d3c0:   0000000000000000 0000000000000000
0x000000005c35d3d0:   0000000000000000 0000000000000000
0x000000005c35d3e0:   0000000000000000 0000000000000000
0x000000005c35d3f0:   0000000060c8f170 0000000000000000
0x000000005c35d400:   0000000060c8f1e0 0000000000000000
0x000000005c35d410:   0000000000000000 00000258000004b0
0x000000005c35d420:   0000000060c8f100 0000000000000000
0x000000005c35d430:   0000000000000000 0000000000000000
0x000000005c35d440:   0000000060c8f170 0000000000000000
0x000000005c35d450:   0000000060c8f1e0 0000000000000000 

Instructions: (pc=0x000000005fab59aa)
0x000000005fab598a:   39 79 08 75 0a 48 8b 01 ba 01 00 00 00 ff 10 48
0x000000005fab599a:   8b 54 24 70 49 8b 04 24 48 89 bc 24 a0 00 00 00
0x000000005fab59aa:   48 8b 52 10 4c 8d 8c 24 a0 01 00 00 41 b8 06 00
0x000000005fab59ba:   00 00 49 8b cc ff 90 c8 05 00 00 44 39 bc 24 a8 


Register to memory mapping:

RAX=0x00000000607a2a48 is an unknown value
RBX=0x0000000000000000 is an unknown value
RCX=0x0000000000000000 is an unknown value
RDX=0x0000000000000000 is an unknown value
RSP=0x000000005c35d360 is pointing into the stack for thread: 0x00000000566eb800
RBP=0x000000005c35d598 is pointing into the stack for thread: 0x00000000566eb800
RSI=0x000000005c35d610 is pointing into the stack for thread: 0x00000000566eb800
RDI=0x0000000060c8f1e0 is an unknown value
R8 =0x0000000000000000 is an unknown value
R9 =0x0000b8ad00560003 is an unknown value
R10=0x000000005c35cd60 is pointing into the stack for thread: 0x00000000566eb800
R11=0x00000000607a34f8 is an unknown value
R12=0x000000005e2b9720 is an unknown value
R13=0x00000000613db940 is an unknown value
R14=0x00000000613db970 is an unknown value
R15=0x0000000000000000 is an unknown value


Stack: [0x000000005c260000,0x000000005c360000],  sp=0x000000005c35d360,  free space=1012k
Native frames: (J=compiled Java code, j=interpreted, Vv=VM code, C=native code)
C  [atio6axx.dll+0x8959aa]
C  [atio6axx.dll+0x89a0b1]
C  [atio6axx.dll+0xa120b]
C  [atio6axx.dll+0x46c58a]
C  [atio6axx.dll+0x1e94eb]
C  0x0000000003307e81

Java frames: (J=compiled Java code, j=interpreted, Vv=VM code)
J 2873  jogamp.opengl.gl4.GL4bcImpl.dispatch_glBlitFramebuffer1(IIIIIIIIIIJ)V (0 bytes) @ 0x0000000003307e03 [0x0000000003307d80+0x83]
J 2872 C1 jogamp.opengl.gl4.GL4bcImpl.glBlitFramebuffer(IIIIIIIIII)V (68 bytes) @ 0x000000000330aa0c [0x0000000003309ea0+0xb6c]
J 2871 C1 processing.opengl.PJOGL.blitFramebuffer(IIIIIIIIII)V (97 bytes) @ 0x0000000003308df4 [0x0000000003308240+0xbb4]
J 3151 C1 processing.opengl.PGL.syncBackTexture()V (81 bytes) @ 0x00000000033e060c [0x00000000033e0140+0x4cc]
J 3150 C1 processing.opengl.PJOGL.syncBackTexture()V (63 bytes) @ 0x00000000033dfd2c [0x00000000033dfa20+0x30c]
J 3161 C1 processing.opengl.PGL.endDraw(Z)V (141 bytes) @ 0x00000000033e96ec [0x00000000033e95a0+0x14c]
J 3160 C1 processing.opengl.PJOGL.endDraw(Z)V (162 bytes) @ 0x00000000033eae3c [0x00000000033ea200+0xc3c]
J 2577 C1 processing.opengl.PGraphicsOpenGL.endDraw()V (111 bytes) @ 0x0000000002fc3e9c [0x0000000002fc3640+0x85c]
J 3462 C1 processing.core.PApplet.handleDraw()V (382 bytes) @ 0x000000000346a1bc [0x0000000003468000+0x21bc]
J 3477 C1 processing.opengl.PJOGL$PGLListener.display(Ljavax/media/opengl/GLAutoDrawable;)V (520 bytes) @ 0x0000000003476f34 [0x0000000003475520+0x1a14]
J 3476 C1 jogamp.opengl.GLDrawableHelper.displayImpl(Ljavax/media/opengl/GLAutoDrawable;)V (105 bytes) @ 0x0000000002c34824 [0x0000000002c33d40+0xae4]
J 3474 C1 javax.media.opengl.awt.GLCanvas$10.run()V (122 bytes) @ 0x0000000002c361dc [0x0000000002c35c80+0x55c]
J 3470 C1 jogamp.opengl.GLDrawableHelper.invokeGLImpl(Ljavax/media/opengl/GLDrawable;Ljavax/media/opengl/GLContext;Ljava/lang/Runnable;Ljava/lang/Runnable;)V (579 bytes) @ 0x000000000346d64c [0x000000000346c820+0xe2c]
J 3469 C1 jogamp.opengl.GLDrawableHelper.invokeGL(Ljavax/media/opengl/GLDrawable;Ljavax/media/opengl/GLContext;Ljava/lang/Runnable;Ljava/lang/Runnable;)V (76 bytes) @ 0x00000000031c3c04 [0x00000000031c3b40+0xc4]
J 3468 C1 javax.media.opengl.awt.GLCanvas$11.run()V (95 bytes) @ 0x00000000031c437c [0x00000000031c3fc0+0x3bc]
J 2730 C1 java.awt.event.InvocationEvent.dispatch()V (69 bytes) @ 0x0000000003293884 [0x0000000003293740+0x144]
J 2891 C1 java.awt.EventQueue.dispatchEventImpl(Ljava/awt/AWTEvent;Ljava/lang/Object;)V (149 bytes) @ 0x0000000003318f4c [0x0000000003317440+0x1b0c]
J 2889 C1 java.awt.EventQueue$3.run()Ljava/lang/Void; (60 bytes) @ 0x0000000003311044 [0x0000000003310e40+0x204]
J 2888 C1 java.awt.EventQueue$3.run()Ljava/lang/Object; (5 bytes) @ 0x000000000331170c [0x0000000003311680+0x8c]
v  ~StubRoutines::call_stub
J 661  java.security.AccessController.doPrivileged(Ljava/security/PrivilegedAction;Ljava/security/AccessControlContext;)Ljava/lang/Object; (0 bytes) @ 0x0000000002c99226 [0x0000000002c991c0+0x66]
J 2512 C1 java.awt.EventQueue.dispatchEvent(Ljava/awt/AWTEvent;)V (80 bytes) @ 0x000000000320011c [0x00000000031ff7c0+0x95c]
J 2514 C1 java.awt.EventDispatchThread.pumpOneEventForFilters(I)V (295 bytes) @ 0x0000000003203374 [0x0000000003201880+0x1af4]
j  java.awt.EventDispatchThread.pumpEventsForFilter(ILjava/awt/Conditional;Ljava/awt/EventFilter;)V+35
j  java.awt.EventDispatchThread.pumpEventsForHierarchy(ILjava/awt/Conditional;Ljava/awt/Component;)V+11
j  java.awt.EventDispatchThread.pumpEvents(ILjava/awt/Conditional;)V+4
j  java.awt.EventDispatchThread.pumpEvents(Ljava/awt/Conditional;)V+3
j  java.awt.EventDispatchThread.run()V+9
v  ~StubRoutines::call_stub

---------------  P R O C E S S  ---------------

Java Threads: ( => current thread )
  0x0000000055c80000 JavaThread "Image Fetcher 1" daemon [_thread_blocked, id=4376, stack(0x0000000063670000,0x0000000063770000)]
  0x0000000055c7f000 JavaThread "Image Fetcher 0" daemon [_thread_blocked, id=5964, stack(0x000000005c9f0000,0x000000005caf0000)]
  0x0000000055c32000 JavaThread "Keep-Alive-Timer" daemon [_thread_blocked, id=5768, stack(0x00000000638e0000,0x00000000639e0000)]
  0x0000000055e3a000 JavaThread "Animation Thread-SharedResourceRunner" daemon [_thread_blocked, id=4256, stack(0x000000005c5f0000,0x000000005c6f0000)]
  0x000000005675e800 JavaThread "Animation Thread" [_thread_blocked, id=3316, stack(0x000000005be80000,0x000000005bf80000)]
=>0x00000000566eb800 JavaThread "AWT-EventQueue-1" [_thread_in_native, id=2776, stack(0x000000005c260000,0x000000005c360000)]
  0x00000000023ef000 JavaThread "DestroyJavaVM" [_thread_blocked, id=5096, stack(0x0000000002620000,0x0000000002720000)]
  0x00000000566bb000 JavaThread "D3D Screen Updater" daemon [_thread_blocked, id=3936, stack(0x000000005b940000,0x000000005ba40000)]
  0x000000005667f800 JavaThread "AWT-EventQueue-0" [_thread_blocked, id=5752, stack(0x000000005a4b0000,0x000000005a5b0000)]
  0x0000000056636000 JavaThread "thread applet-probni.zelimir.ZelimirsEarthquakeWorldMap.class" [_thread_blocked, id=2360, stack(0x000000005a3b0000,0x000000005a4b0000)]
  0x00000000565c4000 JavaThread "AWT-Windows" daemon [_thread_in_native, id=5064, stack(0x0000000057080000,0x0000000057180000)]
  0x00000000565d6800 JavaThread "AWT-Shutdown" [_thread_blocked, id=4240, stack(0x0000000056130000,0x0000000056230000)]
  0x0000000056618800 JavaThread "Java2D Disposer" daemon [_thread_blocked, id=1260, stack(0x0000000056e40000,0x0000000056f40000)]
  0x0000000055c6b800 JavaThread "Service Thread" daemon [_thread_blocked, id=2600, stack(0x0000000056030000,0x0000000056130000)]
  0x0000000055bf9000 JavaThread "C1 CompilerThread2" daemon [_thread_blocked, id=5660, stack(0x0000000055840000,0x0000000055940000)]
  0x0000000055bf4800 JavaThread "C2 CompilerThread1" daemon [_thread_blocked, id=1236, stack(0x0000000055980000,0x0000000055a80000)]
  0x0000000053e5b800 JavaThread "C2 CompilerThread0" daemon [_thread_blocked, id=6116, stack(0x00000000556b0000,0x00000000557b0000)]
  0x0000000053e58000 JavaThread "Attach Listener" daemon [_thread_blocked, id=3884, stack(0x00000000555a0000,0x00000000556a0000)]
  0x0000000053e54800 JavaThread "Signal Dispatcher" daemon [_thread_blocked, id=3352, stack(0x0000000055390000,0x0000000055490000)]
  0x0000000053e3a000 JavaThread "Finalizer" daemon [_thread_blocked, id=5676, stack(0x00000000551f0000,0x00000000552f0000)]
  0x0000000053df3000 JavaThread "Reference Handler" daemon [_thread_blocked, id=3700, stack(0x0000000055060000,0x0000000055160000)]

Other Threads:
  0x0000000053deb800 VMThread [stack: 0x0000000054e80000,0x0000000054f80000] [id=6040]
  0x0000000055c94000 WatcherThread [stack: 0x0000000056280000,0x0000000056380000] [id=4188]

VM state:not at safepoint (normal execution)

VM Mutex/Monitor currently owned by a thread: None

Heap:
 PSYoungGen      total 81920K, used 28400K [0x00000000f5580000, 0x00000000fc800000, 0x0000000100000000)
  eden space 62976K, 24% used [0x00000000f5580000,0x00000000f6467e08,0x00000000f9300000)
  from space 18944K, 69% used [0x00000000f9300000,0x00000000f9fd4250,0x00000000fa580000)
  to   space 19456K, 0% used [0x00000000fb500000,0x00000000fb500000,0x00000000fc800000)
 ParOldGen       total 130560K, used 93895K [0x00000000e0000000, 0x00000000e7f80000, 0x00000000f5580000)
  object space 130560K, 71% used [0x00000000e0000000,0x00000000e5bb1c10,0x00000000e7f80000)
 Metaspace       used 23387K, capacity 23683K, committed 23936K, reserved 1071104K
  class space    used 2280K, capacity 2389K, committed 2432K, reserved 1048576K

Card table byte_map: [0x0000000011db0000,0x0000000011ec0000] byte_map_base: 0x00000000116b0000

Marking Bits: (ParMarkBitMap*) 0x000000005f19d850
 Begin Bits: [0x0000000012460000, 0x0000000012c60000)
 End Bits:   [0x0000000012c60000, 0x0000000013460000)

Polling page: 0x0000000000220000

CodeCache: size=245760Kb used=11090Kb max_used=11101Kb free=234669Kb
 bounds [0x00000000029f0000, 0x00000000034e0000, 0x00000000119f0000]
 total_blobs=4068 nmethods=3138 adapters=843
 compilation: enabled

Compilation events (10 events):
Event: 60.659 Thread 0x0000000055bf9000 3642   !   3       java.awt.KeyboardFocusManager::retargetFocusEvent (244 bytes)
Event: 60.662 Thread 0x0000000055bf9000 nmethod 3642 0x00000000034d83d0 code [0x00000000034d8840, 0x00000000034db738]
Event: 60.857 Thread 0x0000000055bf9000 3645  s!   3       java.lang.Thread::start (71 bytes)
Event: 60.858 Thread 0x0000000055bf9000 nmethod 3645 0x0000000003096190 code [0x0000000003096360, 0x0000000003096b78]
Event: 60.859 Thread 0x0000000055bf9000 3646  s    3       sun.net.www.MessageHeader::print (105 bytes)
Event: 60.861 Thread 0x0000000055bf9000 nmethod 3646 0x000000000319b310 code [0x000000000319b600, 0x000000000319cd28]
Event: 61.219 Thread 0x0000000053e5b800 3647       4       processing.opengl.PShader::loadUniforms (299 bytes)
Event: 61.220 Thread 0x0000000053e5b800 nmethod 3647 0x0000000002fc19d0 code [0x0000000002fc1b00, 0x0000000002fc1b78]
Event: 61.407 Thread 0x0000000055bf4800 3648       4       java.util.Vector$Itr::hasNext (20 bytes)
Event: 61.408 Thread 0x0000000055bf4800 nmethod 3648 0x00000000030b3e50 code [0x00000000030b3f80, 0x00000000030b3ff8]

GC Heap History (10 events):
Event: 40.450 GC heap before
{Heap before GC invocations=21 (full 3):
 PSYoungGen      total 59392K, used 59360K [0x00000000f5580000, 0x00000000faa00000, 0x0000000100000000)
  eden space 45568K, 100% used [0x00000000f5580000,0x00000000f8200000,0x00000000f8200000)
  from space 13824K, 99% used [0x00000000f8200000,0x00000000f8f78210,0x00000000f8f80000)
  to   space 16384K, 0% used [0x00000000f9a00000,0x00000000f9a00000,0x00000000faa00000)
 ParOldGen       total 82944K, used 48671K [0x00000000e0000000, 0x00000000e5100000, 0x00000000f5580000)
  object space 82944K, 58% used [0x00000000e0000000,0x00000000e2f87d30,0x00000000e5100000)
 Metaspace       used 23213K, capacity 23555K, committed 23680K, reserved 1071104K
  class space    used 2280K, capacity 2389K, committed 2432K, reserved 1048576K
Event: 40.703 GC heap after
Heap after GC invocations=21 (full 3):
 PSYoungGen      total 68608K, used 13152K [0x00000000f5580000, 0x00000000fae00000, 0x0000000100000000)
  eden space 52224K, 0% used [0x00000000f5580000,0x00000000f5580000,0x00000000f8880000)
  from space 16384K, 80% used [0x00000000f9a00000,0x00000000fa6d8060,0x00000000faa00000)
  to   space 17920K, 0% used [0x00000000f8880000,0x00000000f8880000,0x00000000f9a00000)
 ParOldGen       total 82944K, used 60443K [0x00000000e0000000, 0x00000000e5100000, 0x00000000f5580000)
  object space 82944K, 72% used [0x00000000e0000000,0x00000000e3b06ef0,0x00000000e5100000)
 Metaspace       used 23213K, capacity 23555K, committed 23680K, reserved 1071104K
  class space    used 2280K, capacity 2389K, committed 2432K, reserved 1048576K
}
Event: 45.100 GC heap before
{Heap before GC invocations=22 (full 3):
 PSYoungGen      total 68608K, used 65375K [0x00000000f5580000, 0x00000000fae00000, 0x0000000100000000)
  eden space 52224K, 99% used [0x00000000f5580000,0x00000000f887ff98,0x00000000f8880000)
  from space 16384K, 80% used [0x00000000f9a00000,0x00000000fa6d8060,0x00000000faa00000)
  to   space 17920K, 0% used [0x00000000f8880000,0x00000000f8880000,0x00000000f9a00000)
 ParOldGen       total 82944K, used 60443K [0x00000000e0000000, 0x00000000e5100000, 0x00000000f5580000)
  object space 82944K, 72% used [0x00000000e0000000,0x00000000e3b06ef0,0x00000000e5100000)
 Metaspace       used 23304K, capacity 23619K, committed 23936K, reserved 1071104K
  class space    used 2280K, capacity 2389K, committed 2432K, reserved 1048576K
Event: 45.228 GC heap after
Heap after GC invocations=22 (full 3):
 PSYoungGen      total 70144K, used 10544K [0x00000000f5580000, 0x00000000fb700000, 0x0000000100000000)
  eden space 52224K, 0% used [0x00000000f5580000,0x00000000f5580000,0x00000000f8880000)
  from space 17920K, 58% used [0x00000000f8880000,0x00000000f92cc1d0,0x00000000f9a00000)
  to   space 17920K, 0% used [0x00000000fa580000,0x00000000fa580000,0x00000000fb700000)
 ParOldGen       total 82944K, used 73243K [0x00000000e0000000, 0x00000000e5100000, 0x00000000f5580000)
  object space 82944K, 88% used [0x00000000e0000000,0x00000000e4786c50,0x00000000e5100000)
 Metaspace       used 23304K, capacity 23619K, committed 23936K, reserved 1071104K
  class space    used 2280K, capacity 2389K, committed 2432K, reserved 1048576K
}
Event: 45.228 GC heap before
{Heap before GC invocations=23 (full 4):
 PSYoungGen      total 70144K, used 10544K [0x00000000f5580000, 0x00000000fb700000, 0x0000000100000000)
  eden space 52224K, 0% used [0x00000000f5580000,0x00000000f5580000,0x00000000f8880000)
  from space 17920K, 58% used [0x00000000f8880000,0x00000000f92cc1d0,0x00000000f9a00000)
  to   space 17920K, 0% used [0x00000000fa580000,0x00000000fa580000,0x00000000fb700000)
 ParOldGen       total 82944K, used 73243K [0x00000000e0000000, 0x00000000e5100000, 0x00000000f5580000)
  object space 82944K, 88% used [0x00000000e0000000,0x00000000e4786c50,0x00000000e5100000)
 Metaspace       used 23304K, capacity 23619K, committed 23936K, reserved 1071104K
  class space    used 2280K, capacity 2389K, committed 2432K, reserved 1048576K
Event: 45.360 GC heap after
Heap after GC invocations=23 (full 4):
 PSYoungGen      total 70144K, used 0K [0x00000000f5580000, 0x00000000fb700000, 0x0000000100000000)
  eden space 52224K, 0% used [0x00000000f5580000,0x00000000f5580000,0x00000000f8880000)
  from space 17920K, 0% used [0x00000000f8880000,0x00000000f8880000,0x00000000f9a00000)
  to   space 17920K, 0% used [0x00000000fa580000,0x00000000fa580000,0x00000000fb700000)
 ParOldGen       total 130560K, used 81729K [0x00000000e0000000, 0x00000000e7f80000, 0x00000000f5580000)
  object space 130560K, 62% used [0x00000000e0000000,0x00000000e4fd06f0,0x00000000e7f80000)
 Metaspace       used 23304K, capacity 23619K, committed 23936K, reserved 1071104K
  class space    used 2280K, capacity 2389K, committed 2432K, reserved 1048576K
}
Event: 55.012 GC heap before
{Heap before GC invocations=24 (full 4):
 PSYoungGen      total 70144K, used 52224K [0x00000000f5580000, 0x00000000fb700000, 0x0000000100000000)
  eden space 52224K, 100% used [0x00000000f5580000,0x00000000f8880000,0x00000000f8880000)
  from space 17920K, 0% used [0x00000000f8880000,0x00000000f8880000,0x00000000f9a00000)
  to   space 17920K, 0% used [0x00000000fa580000,0x00000000fa580000,0x00000000fb700000)
 ParOldGen       total 130560K, used 81729K [0x00000000e0000000, 0x00000000e7f80000, 0x00000000f5580000)
  object space 130560K, 62% used [0x00000000e0000000,0x00000000e4fd06f0,0x00000000e7f80000)
 Metaspace       used 23362K, capacity 23683K, committed 23936K, reserved 1071104K
  class space    used 2280K, capacity 2389K, committed 2432K, reserved 1048576K
Event: 55.134 GC heap after
Heap after GC invocations=24 (full 4):
 PSYoungGen      total 80896K, used 12480K [0x00000000f5580000, 0x00000000fb980000, 0x0000000100000000)
  eden space 62976K, 0% used [0x00000000f5580000,0x00000000f5580000,0x00000000f9300000)
  from space 17920K, 69% used [0x00000000fa580000,0x00000000fb1b0110,0x00000000fb700000)
  to   space 18944K, 0% used [0x00000000f9300000,0x00000000f9300000,0x00000000fa580000)
 ParOldGen       total 130560K, used 81737K [0x00000000e0000000, 0x00000000e7f80000, 0x00000000f5580000)
  object space 130560K, 62% used [0x00000000e0000000,0x00000000e4fd26f0,0x00000000e7f80000)
 Metaspace       used 23362K, capacity 23683K, committed 23936K, reserved 1071104K
  class space    used 2280K, capacity 2389K, committed 2432K, reserved 1048576K
}
Event: 60.377 GC heap before
{Heap before GC invocations=25 (full 4):
 PSYoungGen      total 80896K, used 75456K [0x00000000f5580000, 0x00000000fb980000, 0x0000000100000000)
  eden space 62976K, 100% used [0x00000000f5580000,0x00000000f9300000,0x00000000f9300000)
  from space 17920K, 69% used [0x00000000fa580000,0x00000000fb1b0110,0x00000000fb700000)
  to   space 18944K, 0% used [0x00000000f9300000,0x00000000f9300000,0x00000000fa580000)
 ParOldGen       total 130560K, used 81737K [0x00000000e0000000, 0x00000000e7f80000, 0x00000000f5580000)
  object space 130560K, 62% used [0x00000000e0000000,0x00000000e4fd26f0,0x00000000e7f80000)
 Metaspace       used 23377K, capacity 23683K, committed 23936K, reserved 1071104K
  class space    used 2280K, capacity 2389K, committed 2432K, reserved 1048576K
Event: 60.494 GC heap after
Heap after GC invocations=25 (full 4):
 PSYoungGen      total 81920K, used 13136K [0x00000000f5580000, 0x00000000fc800000, 0x0000000100000000)
  eden space 62976K, 0% used [0x00000000f5580000,0x00000000f5580000,0x00000000f9300000)
  from space 18944K, 69% used [0x00000000f9300000,0x00000000f9fd4250,0x00000000fa580000)
  to   space 19456K, 0% used [0x00000000fb500000,0x00000000fb500000,0x00000000fc800000)
 ParOldGen       total 130560K, used 93895K [0x00000000e0000000, 0x00000000e7f80000, 0x00000000f5580000)
  object space 130560K, 71% used [0x00000000e0000000,0x00000000e5bb1c10,0x00000000e7f80000)
 Metaspace       used 23377K, capacity 23683K, committed 23936K, reserved 1071104K
  class space    used 2280K, capacity 2389K, committed 2432K, reserved 1048576K
}

Deoptimization events (10 events):
Event: 30.224 Thread 0x00000000566eb800 Uncommon trap: reason=speculate_class_check action=maybe_recompile pc=0x0000000002ffd53c method=com.jogamp.common.nio.Buffers.getDirectBufferByteOffset(Ljava/lang/Object;)I @ 31
Event: 30.225 Thread 0x00000000566eb800 Uncommon trap: reason=speculate_class_check action=maybe_recompile pc=0x0000000002ffd53c method=com.jogamp.common.nio.Buffers.getDirectBufferByteOffset(Ljava/lang/Object;)I @ 31
Event: 30.609 Thread 0x00000000566eb800 Uncommon trap: reason=speculate_class_check action=maybe_recompile pc=0x0000000002df7458 method=com.jogamp.common.nio.Buffers.getDirectBufferByteOffset(Ljava/lang/Object;)I @ 42
Event: 30.611 Thread 0x00000000566eb800 Uncommon trap: reason=speculate_class_check action=maybe_recompile pc=0x0000000002df7458 method=com.jogamp.common.nio.Buffers.getDirectBufferByteOffset(Ljava/lang/Object;)I @ 42
Event: 30.649 Thread 0x00000000566eb800 Uncommon trap: reason=speculate_class_check action=maybe_recompile pc=0x0000000002fe7744 method=com.jogamp.common.nio.Buffers.getDirectBufferByteOffset(Ljava/lang/Object;)I @ 42
Event: 42.050 Thread 0x00000000566eb800 Uncommon trap: reason=unstable_if action=reinterpret pc=0x0000000003351134 method=probni.zelimir.ImageMarker.isInside(FFFF)Z @ 25
Event: 50.150 Thread 0x00000000566eb800 Uncommon trap: reason=speculate_class_check action=maybe_recompile pc=0x00000000031123c4 method=com.jogamp.common.nio.Buffers.getDirectBufferByteOffset(Ljava/lang/Object;)I @ 53
Event: 50.152 Thread 0x00000000566eb800 Uncommon trap: reason=speculate_class_check action=maybe_recompile pc=0x00000000031123c4 method=com.jogamp.common.nio.Buffers.getDirectBufferByteOffset(Ljava/lang/Object;)I @ 53
Event: 54.986 Thread 0x00000000566eb800 Uncommon trap: reason=predicate action=maybe_recompile pc=0x00000000030f3024 method=java.util.Arrays.fill([Ljava/lang/Object;IILjava/lang/Object;)V @ 16
Event: 55.858 Thread 0x00000000566eb800 Uncommon trap: reason=array_check action=maybe_recompile pc=0x0000000002b8dc00 method=java.util.Arrays.fill([Ljava/lang/Object;IILjava/lang/Object;)V @ 20

Internal exceptions (10 events):
Event: 0.894 Thread 0x00000000023ef000 Implicit null exception at 0x0000000002b62c8b to 0x0000000002b62e3d
Event: 1.130 Thread 0x00000000023ef000 Exception <a 'java/io/FileNotFoundException'> (0x00000000f58126b8) thrown at [C:\re\workspace\8-2-build-windows-amd64-cygwin\jdk8u151\9699\hotspot\src\share\vm\prims\jni.cpp, line 709]
Event: 1.726 Thread 0x00000000023ef000 Exception <a 'java/io/FileNotFoundException'> (0x00000000f5869cd8) thrown at [C:\re\workspace\8-2-build-windows-amd64-cygwin\jdk8u151\9699\hotspot\src\share\vm\prims\jni.cpp, line 709]
Event: 4.765 Thread 0x000000005675e800 Implicit null exception at 0x0000000002d8086f to 0x0000000002d80db9
Event: 8.564 Thread 0x000000005675e800 Exception <a 'java/lang/InterruptedException'> (0x00000000f5ad63d0) thrown at [C:\re\workspace\8-2-build-windows-amd64-cygwin\jdk8u151\9699\hotspot\src\share\vm\runtime\objectMonitor.cpp, line 1684]
Event: 8.648 Thread 0x000000005675e800 Exception <a 'java/lang/reflect/InvocationTargetException'> (0x00000000f5bba630) thrown at [C:\re\workspace\8-2-build-windows-amd64-cygwin\jdk8u151\9699\hotspot\src\share\vm\runtime\reflection.cpp, line 1092]
Event: 9.195 Thread 0x00000000566eb800 Implicit null exception at 0x0000000002f62855 to 0x0000000002f628b9
Event: 9.298 Thread 0x00000000566eb800 Exception <a 'java/io/FileNotFoundException'> (0x00000000f57589f0) thrown at [C:\re\workspace\8-2-build-windows-amd64-cygwin\jdk8u151\9699\hotspot\src\share\vm\prims\jni.cpp, line 709]
Event: 9.299 Thread 0x00000000566eb800 Exception <a 'java/io/FileNotFoundException'> (0x00000000f575f270) thrown at [C:\re\workspace\8-2-build-windows-amd64-cygwin\jdk8u151\9699\hotspot\src\share\vm\prims\jni.cpp, line 709]
Event: 9.299 Thread 0x00000000566eb800 Implicit null exception at 0x0000000002bcecc6 to 0x0000000002bcf051

Events (10 events):
Event: 60.631 Thread 0x0000000055c2f000 Thread exited: 0x0000000055c2f000
Event: 60.639 Thread 0x0000000055c30000 Thread exited: 0x0000000055c30000
Event: 60.658 Thread 0x0000000055c30000 Thread added: 0x0000000055c30000
Event: 60.658 Thread 0x0000000055c2f000 Thread added: 0x0000000055c2f000
Event: 60.851 Thread 0x0000000055c31800 Thread exited: 0x0000000055c31800
Event: 60.858 Thread 0x0000000055c31800 Thread added: 0x0000000055c31800
Event: 60.882 Thread 0x0000000055c30800 Thread exited: 0x0000000055c30800
Event: 60.899 Thread 0x0000000055c2f000 Thread exited: 0x0000000055c2f000
Event: 60.901 Thread 0x0000000055c30000 Thread exited: 0x0000000055c30000
Event: 61.126 Thread 0x0000000055c31800 Thread exited: 0x0000000055c31800


Dynamic libraries:
0x000000013f8a0000 - 0x000000013f8d7000 	C:\Program Files\Java\jre1.8.0_151\bin\javaw.exe
0x00000000770a0000 - 0x0000000077249000 	C:\Windows\SYSTEM32\ntdll.dll
0x0000000076e80000 - 0x0000000076f9f000 	C:\Windows\system32\kernel32.dll
0x000007fefd060000 - 0x000007fefd0cb000 	C:\Windows\system32\KERNELBASE.dll
0x000007fefedc0000 - 0x000007fefee9b000 	C:\Windows\system32\ADVAPI32.dll
0x000007fefeea0000 - 0x000007fefef3f000 	C:\Windows\system32\msvcrt.dll
0x000007feff110000 - 0x000007feff12f000 	C:\Windows\SYSTEM32\sechost.dll
0x000007fefd210000 - 0x000007fefd33d000 	C:\Windows\system32\RPCRT4.dll
0x0000000076fa0000 - 0x000000007709a000 	C:\Windows\system32\USER32.dll
0x000007feff340000 - 0x000007feff3a7000 	C:\Windows\system32\GDI32.dll
0x000007fefef40000 - 0x000007fefef4e000 	C:\Windows\system32\LPK.dll
0x000007fefecd0000 - 0x000007fefed99000 	C:\Windows\system32\USP10.dll
0x000007fefb4d0000 - 0x000007fefb6c4000 	C:\Windows\WinSxS\amd64_microsoft.windows.common-controls_6595b64144ccf1df_6.0.7601.17514_none_fa396087175ac9ac\COMCTL32.dll
0x000007fefe8b0000 - 0x000007fefe921000 	C:\Windows\system32\SHLWAPI.dll
0x000007feff0e0000 - 0x000007feff10e000 	C:\Windows\system32\IMM32.DLL
0x000007fefe2f0000 - 0x000007fefe3f9000 	C:\Windows\system32\MSCTF.dll
0x0000000055b10000 - 0x0000000055be2000 	C:\Program Files\Java\jre1.8.0_151\bin\msvcr100.dll
0x000000005e980000 - 0x000000005f21d000 	C:\Program Files\Java\jre1.8.0_151\bin\server\jvm.dll
0x000007fefa5d0000 - 0x000007fefa5d9000 	C:\Windows\system32\WSOCK32.dll
0x000007fefec80000 - 0x000007fefeccd000 	C:\Windows\system32\WS2_32.dll
0x000007fefe400000 - 0x000007fefe408000 	C:\Windows\system32\NSI.dll
0x000007fefa9c0000 - 0x000007fefa9fb000 	C:\Windows\system32\WINMM.dll
0x000007fefbef0000 - 0x000007fefbefc000 	C:\Windows\system32\VERSION.dll
0x0000000077270000 - 0x0000000077277000 	C:\Windows\system32\PSAPI.DLL
0x000000006b4a0000 - 0x000000006b4af000 	C:\Program Files\Java\jre1.8.0_151\bin\verify.dll
0x000000006b470000 - 0x000000006b499000 	C:\Program Files\Java\jre1.8.0_151\bin\java.dll
0x000000006b450000 - 0x000000006b466000 	C:\Program Files\Java\jre1.8.0_151\bin\zip.dll
0x000007fefd340000 - 0x000007fefe0c8000 	C:\Windows\system32\SHELL32.dll
0x000007feff130000 - 0x000007feff333000 	C:\Windows\system32\ole32.dll
0x000007fefce60000 - 0x000007fefce6f000 	C:\Windows\system32\profapi.dll
0x0000000056380000 - 0x0000000056518000 	C:\Program Files\Java\jre1.8.0_151\bin\awt.dll
0x000007fefe0d0000 - 0x000007fefe1a7000 	C:\Windows\system32\OLEAUT32.dll
0x000007fefb040000 - 0x000007fefb058000 	C:\Windows\system32\DWMAPI.DLL
0x000007feec3a0000 - 0x000007feec4bd000 	C:\Windows\system32\opengl32.dll
0x000007fefa6b0000 - 0x000007fefa6dd000 	C:\Windows\system32\GLU32.dll
0x000007fef0c20000 - 0x000007fef0d11000 	C:\Windows\system32\DDRAW.dll
0x000007fef1400000 - 0x000007fef1408000 	C:\Windows\system32\DCIMAN32.dll
0x000007fefe6d0000 - 0x000007fefe8a7000 	C:\Windows\system32\SETUPAPI.dll
0x000007fefd0f0000 - 0x000007fefd126000 	C:\Windows\system32\CFGMGR32.dll
0x000007fefd0d0000 - 0x000007fefd0ea000 	C:\Windows\system32\DEVOBJ.dll
0x000007fefb420000 - 0x000007fefb476000 	C:\Windows\system32\uxtheme.dll
0x000007fefccf0000 - 0x000007fefccff000 	C:\Windows\system32\CRYPTBASE.dll
0x000007feec080000 - 0x000007feec27f000 	C:\Windows\system32\d3d9.dll
0x000007fef58f0000 - 0x000007fef58f7000 	C:\Windows\system32\d3d8thk.dll
0x000007fef5bb0000 - 0x000007fef5cbe000 	C:\Windows\system32\aticfx64.dll
0x000007fef13f0000 - 0x000007fef13ff000 	C:\Windows\system32\atiu9p64.dll
0x000007feefdc0000 - 0x000007fef04ed000 	C:\Windows\system32\atiumd64.dll
0x0000000073ed0000 - 0x00000000742ee000 	C:\Windows\system32\atiumd6a.dll
0x00000000025b0000 - 0x00000000025f7000 	C:\Program Files\Java\jre1.8.0_151\bin\fontmanager.dll
0x000000006b430000 - 0x000000006b44a000 	C:\Program Files\Java\jre1.8.0_151\bin\net.dll
0x000007fefc630000 - 0x000007fefc685000 	C:\Windows\system32\mswsock.dll
0x000007fefc620000 - 0x000007fefc627000 	C:\Windows\System32\wship6.dll
0x000000006b410000 - 0x000000006b421000 	C:\Program Files\Java\jre1.8.0_151\bin\nio.dll
0x0000000012000000 - 0x0000000012042000 	C:\Program Files\Java\jre1.8.0_151\bin\t2k.dll
0x0000000063390000 - 0x00000000633b4000 	C:\Program Files\Java\jre1.8.0_151\bin\sunec.dll
0x000007fefa1b0000 - 0x000007fefa1d7000 	C:\Windows\system32\IPHLPAPI.DLL
0x000007fefa1a0000 - 0x000007fefa1ab000 	C:\Windows\system32\WINNSI.DLL
0x000007fefa030000 - 0x000007fefa041000 	C:\Windows\system32\dhcpcsvc6.DLL
0x000007fefa010000 - 0x000007fefa028000 	C:\Windows\system32\dhcpcsvc.DLL
0x000007fefc690000 - 0x000007fefc6a7000 	C:\Windows\system32\CRYPTSP.dll
0x000007fefc390000 - 0x000007fefc3d7000 	C:\Windows\system32\rsaenh.dll
0x000007fefd020000 - 0x000007fefd03e000 	C:\Windows\system32\USERENV.dll
0x000007fefc010000 - 0x000007fefc017000 	C:\Windows\System32\wshtcpip.dll
0x000000006caf0000 - 0x000000006cb1e000 	C:\Program Files\Common Files\Microsoft Shared\Windows Live\WLIDNSP.DLL
0x000007fefc4b0000 - 0x000007fefc50b000 	C:\Windows\system32\DNSAPI.dll
0x000000006cac0000 - 0x000000006cae6000 	C:\Program Files\Bonjour\mdnsNSP.dll
0x000007fef7330000 - 0x000007fef7338000 	C:\Windows\system32\rasadhlp.dll
0x000007fefa060000 - 0x000007fefa0b3000 	C:\Windows\System32\fwpuclnt.dll
0x0000000069660000 - 0x000000006966b000 	C:\Program Files\Java\jre1.8.0_151\bin\sunmscapi.dll
0x000007fefce70000 - 0x000007fefcfd7000 	C:\Windows\system32\CRYPT32.dll
0x000007fefce50000 - 0x000007fefce5f000 	C:\Windows\system32\MSASN1.dll
0x000007fefcc90000 - 0x000007fefcce7000 	C:\Windows\system32\apphelp.dll
0x00000000637c0000 - 0x00000000637cd000 	C:\Users\Zelimir\AppData\Local\Temp\jogamp_0000\file_cache\jln1716923760052581990\jln3412945290765413856\gluegen-rt.dll
0x0000000011ee0000 - 0x0000000011ee7000 	C:\Program Files\Java\jre1.8.0_151\bin\jawt.dll
0x000000006a440000 - 0x000000006a44d000 	C:\Users\Zelimir\AppData\Local\Temp\jogamp_0000\file_cache\jln1716923760052581990\jln3412945290765413856\nativewindow_awt.dll
0x000000006c100000 - 0x000000006c10f000 	C:\Users\Zelimir\AppData\Local\Temp\jogamp_0000\file_cache\jln1716923760052581990\jln3412945290765413856\nativewindow_win32.dll
0x0000000064500000 - 0x00000000645a2000 	C:\Users\Zelimir\AppData\Local\Temp\jogamp_0000\file_cache\jln1716923760052581990\jln3412945290765413856\jogl_desktop.dll
0x000007fefa6a0000 - 0x000007fefa6a9000 	C:\Windows\system32\atig6pxx.dll
0x000000005f220000 - 0x0000000060b78000 	C:\Windows\system32\atio6axx.dll
0x000007fefa5e0000 - 0x000007fefa670000 	C:\Windows\system32\atiadlxx.dll
0x000007fefbff0000 - 0x000007fefc001000 	C:\Windows\system32\WTSAPI32.dll
0x000007fefcfe0000 - 0x000007fefd01a000 	C:\Windows\system32\WINTRUST.dll
0x000007fef5840000 - 0x000007fef584e000 	C:\Windows\system32\atig6txx.dll
0x0000000055160000 - 0x0000000055191000 	C:\Program Files\Java\jre1.8.0_151\bin\jpeg.dll
0x000007fef81d0000 - 0x000007fef82f5000 	C:\Windows\system32\dbghelp.dll

VM Arguments:
jvm_args: -Djava.security.policy=java.policy.applet -Dfile.encoding=Cp1250 
java_command: sun.applet.AppletViewer probni.zelimir.ZelimirsEarthquakeWorldMap1512818314038.html
java_class_path (initial): D:\courses\rep\proba01\bin;D:\courses\rep\proba01\lib\core.jar;D:\courses\rep\proba01\lib\gluegen-rt-natives-linux-amd64.jar;D:\courses\rep\proba01\lib\gluegen-rt-natives-linux-armv6hf.jar;D:\courses\rep\proba01\lib\gluegen-rt-natives-linux-i586.jar;D:\courses\rep\proba01\lib\gluegen-rt-natives-macosx-universal.jar;D:\courses\rep\proba01\lib\gluegen-rt-natives-windows-amd64.jar;D:\courses\rep\proba01\lib\gluegen-rt-natives-windows-i586.jar;D:\courses\rep\proba01\lib\gluegen-rt.jar;D:\courses\rep\proba01\lib\jogl-all-natives-linux-amd64.jar;D:\courses\rep\proba01\lib\jogl-all-natives-linux-armv6hf.jar;D:\courses\rep\proba01\lib\jogl-all-natives-linux-i586.jar;D:\courses\rep\proba01\lib\jogl-all-natives-macosx-universal.jar;D:\courses\rep\proba01\lib\jogl-all-natives-windows-amd64.jar;D:\courses\rep\proba01\lib\jogl-all-natives-windows-i586.jar;D:\courses\rep\proba01\lib\jogl-all.jar;D:\courses\rep\proba01\lib\json4processing.jar;D:\courses\rep\proba01\lib\libTUIO.jar;D:\courses\rep\proba01\lib\log4j-1.2.15.jar;D:\courses\rep\proba01\lib\sqlite-jdbc-3.7.2.jar;D:\courses\rep\proba01\lib\unfolding.0.9.7-uscd.jar
Launcher Type: SUN_STANDARD

Environment Variables:
JAVA_HOME=C:\Program Files\Java\jdk1.8.0_66
CLASSPATH=C:\Users\Zelimir\algs4\stdlib.jar;C:\Users\Zelimir\algs4\algs4.jar;C:\Program File;C:\msys\1.0\bin;C:\mingw\bin;C:\Program Files\Java\jdk1.8.0_101\bin;C:\Program Files\Java\jre1.8.0_151\bin;.
PATH=C:/Program Files/Java/jre1.8.0_151/bin/server;C:/Program Files/Java/jre1.8.0_151/bin;C:/Program Files/Java/jre1.8.0_151/lib/amd64;C:\ProgramData\Oracle\Java\javapath;C:\Program Files\Common Files\Microsoft Shared\Windows Live;C:\Program Files (x86)\AMD APP\bin\x86_64;C:\Program Files (x86)\AMD APP\bin\x86;C:\Windows\system32;C:\Windows;C:\Windows\System32\Wbem;C:\Windows\System32\WindowsPowerShell\v1.0\;C:\Program Files (x86)\ATI Technologies\ATI.ACE\Core-Static;C:\Program Files (x86)\Common Files\Acronis\SnapAPI\;C:\Program Files\jEdit;C:\Program Files\Java\jdk1.7.0_25\bin;C:\Program Files\Java\jdk1.6.0_25;C:\Program Files\Microsoft\Web Platform Installer\;C:\Program Files (x86)\Microsoft ASP.NET\ASP.NET Web Pages\v1.0\;C:\Program Files\Microsoft SQL Server\110\Tools\Binn\;C:\Program Files\Java\jdk1.7.0_25\jre\lib\ext\mysql-connector-java-5.1.27-bin;C:\Program Files (x86)\Microsoft SQL Server\100\Tools\Binn\;C:\Program Files\Microsoft SQL Server\100\Tools\Binn\;C:\Program Files\Microsoft SQL Server\100\DTS\Binn\;C:\Program Files\MATLAB\R2015a\bin;C:\Program Files\Git\cmd;C:\Program Files (x86)\Heroku\bin;C:\Program Files (x86)\git\cmd;C:\Program Files\nodejs\;C:\Program Files (x86)\QuickTime\QTSystem\;C:\Program Files\Java\jdk1.8.0_101\bin;C:\Program Files\Java\jre1.8.0_101;C:\Program Files (x86)\Skype\Phone\;C:\RailsInstaller\Ruby2.0.0\bin;C;C:\Program Files\Common Files\Microsoft Shared\Windows Live;C:\Program Files\phantomjs-2.0.0-windows\bin;C:\Users\Zelimir\AppData\Roaming\npm;C:\Eclipse_Versions\eclipse;
USERNAME=Zelimir
OS=Windows_NT
PROCESSOR_IDENTIFIER=AMD64 Family 16 Model 2 Stepping 3, AuthenticAMD



---------------  S Y S T E M  ---------------

OS: Windows 7 , 64 bit Build 7601 (6.1.7601.18015)

CPU:total 4 (initial active 4) (4 cores per cpu, 1 threads per core) family 16 model 2 stepping 3, cmov, cx8, fxsr, mmx, sse, sse2, sse3, popcnt, mmxext, 3dnowpref, lzcnt, sse4a, tsc, tscinvbit, tscinv

Memory: 4k page, physical 2096376k(254860k free), swap 5369776k(411960k free)

vm_info: Java HotSpot(TM) 64-Bit Server VM (25.151-b12) for windows-amd64 JRE (1.8.0_151-b12), built on Sep  5 2017 19:33:46 by "java_re" with MS VC++ 10.0 (VS2010)

time: Sat Dec 09 12:19:36 2017
elapsed time: 61 seconds (0d 0h 1m 1s)

