#
# A fatal error has been detected by the Java Runtime Environment:
#
#  EXCEPTION_ACCESS_VIOLATION (0xc0000005) at pc=0x00000000617059aa, pid=5928, tid=0x0000000000001a04
#
# JRE version: Java(TM) SE Runtime Environment (8.0_151-b12) (build 1.8.0_151-b12)
# Java VM: Java HotSpot(TM) 64-Bit Server VM (25.151-b12 mixed mode windows-amd64 compressed oops)
# Problematic frame:
# C  [atio6axx.dll+0x8959aa]
#
# Failed to write core dump. Minidumps are not enabled by default on client versions of Windows
#
# If you would like to submit a bug report, please visit:
#   http://bugreport.java.com/bugreport/crash.jsp
# The crash happened outside the Java Virtual Machine in native code.
# See problematic frame for where to report the bug.
#

---------------  T H R E A D  ---------------

Current thread (0x000000005632b800):  JavaThread "AWT-EventQueue-1" [_thread_in_native, id=6660, stack(0x000000005bab0000,0x000000005bbb0000)]

siginfo: ExceptionCode=0xc0000005, reading address 0x0000000000000010

Registers:
RAX=0x00000000623f2a48, RBX=0x0000000000000000, RCX=0x0000000000000000, RDX=0x0000000000000000
RSP=0x000000005bbad170, RBP=0x000000005bbad3a8, RSI=0x000000005bbad420, RDI=0x0000000062849cc0
R8 =0x0000000000000000, R9 =0x0000563c00a30003, R10=0x000000005bbacb70, R11=0x00000000623f34f8
R12=0x000000005eba9720, R13=0x0000000062bbd340, R14=0x0000000062bbd370, R15=0x0000000000000000
RIP=0x00000000617059aa, EFLAGS=0x0000000000010246

Top of Stack: (sp=0x000000005bbad170)
0x000000005bbad170:   0000000000000001 000000005bbad1d0
0x000000005bbad180:   000000005bbad1c0 0000000000000000
0x000000005bbad190:   ffffffff00000002 0000000100000000
0x000000005bbad1a0:   ffffffffffffffff ffffffffffffffff
0x000000005bbad1b0:   0000000000000000 0000000000000000
0x000000005bbad1c0:   0000000000000000 0000000000000000
0x000000005bbad1d0:   0000000000000000 0000000000000000
0x000000005bbad1e0:   0000000000000000 0000000000000000
0x000000005bbad1f0:   0000000000000000 0000000000000000
0x000000005bbad200:   0000000062849c50 0000000000000000
0x000000005bbad210:   0000000062849cc0 0000000000000000
0x000000005bbad220:   0000000000000000 00000258000004b0
0x000000005bbad230:   0000000062849be0 0000000000000000
0x000000005bbad240:   0000000000000000 0000000000000000
0x000000005bbad250:   0000000062849c50 0000000000000000
0x000000005bbad260:   0000000062849cc0 0000000000000000 

Instructions: (pc=0x00000000617059aa)
0x000000006170598a:   39 79 08 75 0a 48 8b 01 ba 01 00 00 00 ff 10 48
0x000000006170599a:   8b 54 24 70 49 8b 04 24 48 89 bc 24 a0 00 00 00
0x00000000617059aa:   48 8b 52 10 4c 8d 8c 24 a0 01 00 00 41 b8 06 00
0x00000000617059ba:   00 00 49 8b cc ff 90 c8 05 00 00 44 39 bc 24 a8 


Register to memory mapping:

RAX=0x00000000623f2a48 is an unknown value
RBX=0x0000000000000000 is an unknown value
RCX=0x0000000000000000 is an unknown value
RDX=0x0000000000000000 is an unknown value
RSP=0x000000005bbad170 is pointing into the stack for thread: 0x000000005632b800
RBP=0x000000005bbad3a8 is pointing into the stack for thread: 0x000000005632b800
RSI=0x000000005bbad420 is pointing into the stack for thread: 0x000000005632b800
RDI=0x0000000062849cc0 is an unknown value
R8 =0x0000000000000000 is an unknown value
R9 =0x0000563c00a30003 is an unknown value
R10=0x000000005bbacb70 is pointing into the stack for thread: 0x000000005632b800
R11=0x00000000623f34f8 is an unknown value
R12=0x000000005eba9720 is an unknown value
R13=0x0000000062bbd340 is an unknown value
R14=0x0000000062bbd370 is an unknown value
R15=0x0000000000000000 is an unknown value


Stack: [0x000000005bab0000,0x000000005bbb0000],  sp=0x000000005bbad170,  free space=1012k
Native frames: (J=compiled Java code, j=interpreted, Vv=VM code, C=native code)
C  [atio6axx.dll+0x8959aa]
C  [atio6axx.dll+0x89a0b1]
C  [atio6axx.dll+0xa120b]
C  [atio6axx.dll+0x46c58a]
C  [atio6axx.dll+0x1e94eb]
C  0x000000000339c441

Java frames: (J=compiled Java code, j=interpreted, Vv=VM code)
J 2978  jogamp.opengl.gl4.GL4bcImpl.dispatch_glBlitFramebuffer1(IIIIIIIIIIJ)V (0 bytes) @ 0x000000000339c3c3 [0x000000000339c340+0x83]
J 2977 C1 jogamp.opengl.gl4.GL4bcImpl.glBlitFramebuffer(IIIIIIIIII)V (68 bytes) @ 0x000000000339f64c [0x000000000339eae0+0xb6c]
J 2976 C1 processing.opengl.PJOGL.blitFramebuffer(IIIIIIIIII)V (97 bytes) @ 0x000000000339da34 [0x000000000339ce80+0xbb4]
J 3218 C1 processing.opengl.PGL.syncBackTexture()V (81 bytes) @ 0x000000000347928c [0x0000000003478dc0+0x4cc]
J 3217 C1 processing.opengl.PJOGL.syncBackTexture()V (63 bytes) @ 0x00000000034789ac [0x00000000034786a0+0x30c]
J 3231 C1 processing.opengl.PGL.endDraw(Z)V (141 bytes) @ 0x00000000034809ac [0x0000000003480860+0x14c]
J 3230 C1 processing.opengl.PJOGL.endDraw(Z)V (162 bytes) @ 0x00000000034820fc [0x00000000034814c0+0xc3c]
J 2784 C1 processing.opengl.PGraphicsOpenGL.endDraw()V (111 bytes) @ 0x00000000033034dc [0x0000000003302c80+0x85c]
J 3425 C1 processing.core.PApplet.handleDraw()V (382 bytes) @ 0x0000000003521ffc [0x000000000351fe40+0x21bc]
J 3439 C1 processing.opengl.PJOGL$PGLListener.display(Ljavax/media/opengl/GLAutoDrawable;)V (520 bytes) @ 0x0000000003535a74 [0x0000000003534060+0x1a14]
J 3438 C1 jogamp.opengl.GLDrawableHelper.displayImpl(Ljavax/media/opengl/GLAutoDrawable;)V (105 bytes) @ 0x0000000003532564 [0x0000000003531a80+0xae4]
J 3436 C1 javax.media.opengl.awt.GLCanvas$10.run()V (122 bytes) @ 0x000000000353115c [0x0000000003530c00+0x55c]
J 3431 C1 jogamp.opengl.GLDrawableHelper.invokeGLImpl(Ljavax/media/opengl/GLDrawable;Ljavax/media/opengl/GLContext;Ljava/lang/Runnable;Ljava/lang/Runnable;)V (579 bytes) @ 0x000000000352708c [0x0000000003526260+0xe2c]
J 3360 C1 jogamp.opengl.GLDrawableHelper.invokeGL(Ljavax/media/opengl/GLDrawable;Ljavax/media/opengl/GLContext;Ljava/lang/Runnable;Ljava/lang/Runnable;)V (76 bytes) @ 0x00000000034e75c4 [0x00000000034e7500+0xc4]
J 3359 C1 javax.media.opengl.awt.GLCanvas$11.run()V (95 bytes) @ 0x00000000034e653c [0x00000000034e6180+0x3bc]
J 2927 C1 java.awt.event.InvocationEvent.dispatch()V (69 bytes) @ 0x0000000003380d04 [0x0000000003380bc0+0x144]
J 3062 C1 java.awt.EventQueue.dispatchEventImpl(Ljava/awt/AWTEvent;Ljava/lang/Object;)V (149 bytes) @ 0x00000000033eb0cc [0x00000000033e95c0+0x1b0c]
J 3060 C1 java.awt.EventQueue$3.run()Ljava/lang/Void; (60 bytes) @ 0x00000000033e0c04 [0x00000000033e0a00+0x204]
J 3059 C1 java.awt.EventQueue$3.run()Ljava/lang/Object; (5 bytes) @ 0x00000000033de20c [0x00000000033de180+0x8c]
v  ~StubRoutines::call_stub
J 638  java.security.AccessController.doPrivileged(Ljava/security/PrivilegedAction;Ljava/security/AccessControlContext;)Ljava/lang/Object; (0 bytes) @ 0x0000000002cd3ce6 [0x0000000002cd3c80+0x66]
J 2692 C1 java.awt.EventQueue.dispatchEvent(Ljava/awt/AWTEvent;)V (80 bytes) @ 0x000000000329eadc [0x000000000329e180+0x95c]
J 3065 C1 java.awt.EventDispatchThread.pumpOneEventForFilters(I)V (295 bytes) @ 0x00000000033ef7b4 [0x00000000033edcc0+0x1af4]
j  java.awt.EventDispatchThread.pumpEventsForFilter(ILjava/awt/Conditional;Ljava/awt/EventFilter;)V+35
j  java.awt.EventDispatchThread.pumpEventsForHierarchy(ILjava/awt/Conditional;Ljava/awt/Component;)V+11
j  java.awt.EventDispatchThread.pumpEvents(ILjava/awt/Conditional;)V+4
j  java.awt.EventDispatchThread.pumpEvents(Ljava/awt/Conditional;)V+3
j  java.awt.EventDispatchThread.run()V+9
v  ~StubRoutines::call_stub

---------------  P R O C E S S  ---------------

Java Threads: ( => current thread )
  0x00000000568ae800 JavaThread "Image Fetcher 3" daemon [_thread_blocked, id=3132, stack(0x0000000060cb0000,0x0000000060db0000)]
  0x00000000568ae000 JavaThread "Image Fetcher 2" daemon [_thread_blocked, id=852, stack(0x0000000063e80000,0x0000000063f80000)]
  0x00000000568aa000 JavaThread "Image Fetcher 1" daemon [_thread_blocked, id=6800, stack(0x0000000060a50000,0x0000000060b50000)]
  0x0000000056615000 JavaThread "Image Fetcher 0" daemon [_thread_blocked, id=6712, stack(0x00000000601d0000,0x00000000602d0000)]
  0x0000000056792000 JavaThread "Animation Thread-SharedResourceRunner" daemon [_thread_blocked, id=6104, stack(0x000000005e6d0000,0x000000005e7d0000)]
  0x000000005635c000 JavaThread "Animation Thread" [_thread_blocked, id=4604, stack(0x000000005c670000,0x000000005c770000)]
=>0x000000005632b800 JavaThread "AWT-EventQueue-1" [_thread_in_native, id=6660, stack(0x000000005bab0000,0x000000005bbb0000)]
  0x000000000238f000 JavaThread "DestroyJavaVM" [_thread_blocked, id=7152, stack(0x0000000002670000,0x0000000002770000)]
  0x0000000056301000 JavaThread "D3D Screen Updater" daemon [_thread_blocked, id=6700, stack(0x000000005bce0000,0x000000005bde0000)]
  0x000000005627e800 JavaThread "AWT-EventQueue-0" [_thread_blocked, id=7012, stack(0x000000005a650000,0x000000005a750000)]
  0x0000000056285000 JavaThread "thread applet-zelimir.citymap.ZelimirsEarthquakeCityMap.class" [_thread_blocked, id=6076, stack(0x000000005a4a0000,0x000000005a5a0000)]
  0x000000005620f000 JavaThread "AWT-Windows" daemon [_thread_in_native, id=6212, stack(0x0000000056db0000,0x0000000056eb0000)]
  0x000000005620e000 JavaThread "AWT-Shutdown" [_thread_blocked, id=1896, stack(0x0000000056c00000,0x0000000056d00000)]
  0x0000000056201000 JavaThread "Java2D Disposer" daemon [_thread_blocked, id=3840, stack(0x0000000056a10000,0x0000000056b10000)]
  0x0000000055696000 JavaThread "Service Thread" daemon [_thread_blocked, id=4984, stack(0x0000000055e70000,0x0000000055f70000)]
  0x0000000055627800 JavaThread "C1 CompilerThread2" daemon [_thread_blocked, id=6448, stack(0x0000000055b50000,0x0000000055c50000)]
  0x0000000055623000 JavaThread "C2 CompilerThread1" daemon [_thread_blocked, id=6412, stack(0x0000000055c60000,0x0000000055d60000)]
  0x000000005400f000 JavaThread "C2 CompilerThread0" daemon [_thread_blocked, id=6840, stack(0x0000000055a20000,0x0000000055b20000)]
  0x0000000054007800 JavaThread "Attach Listener" daemon [_thread_blocked, id=1844, stack(0x0000000055510000,0x0000000055610000)]
  0x0000000054004800 JavaThread "Signal Dispatcher" daemon [_thread_blocked, id=6080, stack(0x0000000055370000,0x0000000055470000)]
  0x0000000053fec000 JavaThread "Finalizer" daemon [_thread_blocked, id=3728, stack(0x00000000551f0000,0x00000000552f0000)]
  0x0000000053fa3000 JavaThread "Reference Handler" daemon [_thread_blocked, id=4864, stack(0x00000000550d0000,0x00000000551d0000)]

Other Threads:
  0x0000000053f9b800 VMThread [stack: 0x0000000054f30000,0x0000000055030000] [id=1152]
  0x00000000556be800 WatcherThread [stack: 0x0000000056070000,0x0000000056170000] [id=240]

VM state:not at safepoint (normal execution)

VM Mutex/Monitor currently owned by a thread: None

Heap:
 PSYoungGen      total 93696K, used 90627K [0x00000000f5580000, 0x00000000fd700000, 0x0000000100000000)
  eden space 74752K, 95% used [0x00000000f5580000,0x00000000f9b80f18,0x00000000f9e80000)
  from space 18944K, 100% used [0x00000000f9e80000,0x00000000fb100000,0x00000000fb100000)
  to   space 22528K, 0% used [0x00000000fc100000,0x00000000fc100000,0x00000000fd700000)
 ParOldGen       total 49664K, used 44254K [0x00000000e0000000, 0x00000000e3080000, 0x00000000f5580000)
  object space 49664K, 89% used [0x00000000e0000000,0x00000000e2b37ad0,0x00000000e3080000)
 Metaspace       used 23230K, capacity 23541K, committed 23680K, reserved 1071104K
  class space    used 2285K, capacity 2388K, committed 2432K, reserved 1048576K

Card table byte_map: [0x00000000024a0000,0x00000000025b0000] byte_map_base: 0x0000000001da0000

Marking Bits: (ParMarkBitMap*) 0x000000005fa6d850
 Begin Bits: [0x0000000012610000, 0x0000000012e10000)
 End Bits:   [0x0000000012e10000, 0x0000000013610000)

Polling page: 0x0000000000130000

CodeCache: size=245760Kb used=10618Kb max_used=11230Kb free=235141Kb
 bounds [0x0000000002a40000, 0x0000000003550000, 0x0000000011a40000]
 total_blobs=4011 nmethods=3083 adapters=841
 compilation: enabled

Compilation events (10 events):
Event: 73.613 Thread 0x000000005400f000 3519   !   4       sun.awt.image.ImageFetcher::nextImage (158 bytes)
Event: 73.614 Thread 0x0000000055623000 3520  s    4       java.awt.ImageMediaEntry::getStatus (80 bytes)
Event: 73.675 Thread 0x000000005400f000 nmethod 3519 0x000000000310f210 code [0x000000000310f400, 0x0000000003110760]
Event: 73.780 Thread 0x0000000055623000 nmethod 3520 0x00000000031578d0 code [0x0000000003157c40, 0x000000000315b580]
Event: 73.813 Thread 0x000000005400f000 3521   !   4       sun.awt.image.InputStreamImageSource::doFetch (253 bytes)
Event: 73.813 Thread 0x0000000055623000 3522  s    4       sun.awt.image.InputStreamImageSource::removeDecoder (58 bytes)
Event: 73.817 Thread 0x0000000055623000 nmethod 3522 0x000000000300fd90 code [0x000000000300fee0, 0x0000000003010198]
Event: 73.817 Thread 0x0000000055623000 3523       4       sun.awt.image.InputStreamImageSource::startProduction (7 bytes)
Event: 73.826 Thread 0x0000000055623000 nmethod 3523 0x0000000002fb0b10 code [0x0000000002fb0ca0, 0x0000000002fb1350]
Event: 73.879 Thread 0x000000005400f000 nmethod 3521 0x0000000003025b90 code [0x0000000003025ea0, 0x00000000030282e0]

GC Heap History (10 events):
Event: 34.339 GC heap before
{Heap before GC invocations=17 (full 2):
 PSYoungGen      total 62976K, used 62656K [0x00000000f5580000, 0x00000000fa100000, 0x0000000100000000)
  eden space 53248K, 100% used [0x00000000f5580000,0x00000000f8980000,0x00000000f8980000)
  from space 9728K, 96% used [0x00000000f9480000,0x00000000f9db0000,0x00000000f9e00000)
  to   space 11264K, 0% used [0x00000000f8980000,0x00000000f8980000,0x00000000f9480000)
 ParOldGen       total 49664K, used 28205K [0x00000000e0000000, 0x00000000e3080000, 0x00000000f5580000)
  object space 49664K, 56% used [0x00000000e0000000,0x00000000e1b8b7c0,0x00000000e3080000)
 Metaspace       used 23175K, capacity 23477K, committed 23680K, reserved 1071104K
  class space    used 2285K, capacity 2388K, committed 2432K, reserved 1048576K
Event: 34.408 GC heap after
Heap after GC invocations=17 (full 2):
 PSYoungGen      total 64512K, used 11264K [0x00000000f5580000, 0x00000000fb000000, 0x0000000100000000)
  eden space 53248K, 0% used [0x00000000f5580000,0x00000000f5580000,0x00000000f8980000)
  from space 11264K, 100% used [0x00000000f8980000,0x00000000f9480000,0x00000000f9480000)
  to   space 13824K, 0% used [0x00000000fa280000,0x00000000fa280000,0x00000000fb000000)
 ParOldGen       total 49664K, used 30681K [0x00000000e0000000, 0x00000000e3080000, 0x00000000f5580000)
  object space 49664K, 61% used [0x00000000e0000000,0x00000000e1df64e0,0x00000000e3080000)
 Metaspace       used 23175K, capacity 23477K, committed 23680K, reserved 1071104K
  class space    used 2285K, capacity 2388K, committed 2432K, reserved 1048576K
}
Event: 39.826 GC heap before
{Heap before GC invocations=18 (full 2):
 PSYoungGen      total 64512K, used 64512K [0x00000000f5580000, 0x00000000fb000000, 0x0000000100000000)
  eden space 53248K, 100% used [0x00000000f5580000,0x00000000f8980000,0x00000000f8980000)
  from space 11264K, 100% used [0x00000000f8980000,0x00000000f9480000,0x00000000f9480000)
  to   space 13824K, 0% used [0x00000000fa280000,0x00000000fa280000,0x00000000fb000000)
 ParOldGen       total 49664K, used 30681K [0x00000000e0000000, 0x00000000e3080000, 0x00000000f5580000)
  object space 49664K, 61% used [0x00000000e0000000,0x00000000e1df64e0,0x00000000e3080000)
 Metaspace       used 23175K, capacity 23477K, committed 23680K, reserved 1071104K
  class space    used 2285K, capacity 2388K, committed 2432K, reserved 1048576K
Event: 39.992 GC heap after
Heap after GC invocations=18 (full 2):
 PSYoungGen      total 77824K, used 11264K [0x00000000f5580000, 0x00000000fb680000, 0x0000000100000000)
  eden space 64000K, 0% used [0x00000000f5580000,0x00000000f5580000,0x00000000f9400000)
  from space 13824K, 81% used [0x00000000fa280000,0x00000000fad80000,0x00000000fb000000)
  to   space 14848K, 0% used [0x00000000f9400000,0x00000000f9400000,0x00000000fa280000)
 ParOldGen       total 49664K, used 35430K [0x00000000e0000000, 0x00000000e3080000, 0x00000000f5580000)
  object space 49664K, 71% used [0x00000000e0000000,0x00000000e2299ba0,0x00000000e3080000)
 Metaspace       used 23175K, capacity 23477K, committed 23680K, reserved 1071104K
  class space    used 2285K, capacity 2388K, committed 2432K, reserved 1048576K
}
Event: 47.192 GC heap before
{Heap before GC invocations=19 (full 2):
 PSYoungGen      total 77824K, used 75264K [0x00000000f5580000, 0x00000000fb680000, 0x0000000100000000)
  eden space 64000K, 100% used [0x00000000f5580000,0x00000000f9400000,0x00000000f9400000)
  from space 13824K, 81% used [0x00000000fa280000,0x00000000fad80000,0x00000000fb000000)
  to   space 14848K, 0% used [0x00000000f9400000,0x00000000f9400000,0x00000000fa280000)
 ParOldGen       total 49664K, used 35430K [0x00000000e0000000, 0x00000000e3080000, 0x00000000f5580000)
  object space 49664K, 71% used [0x00000000e0000000,0x00000000e2299ba0,0x00000000e3080000)
 Metaspace       used 23221K, capacity 23541K, committed 23680K, reserved 1071104K
  class space    used 2285K, capacity 2388K, committed 2432K, reserved 1048576K
Event: 47.252 GC heap after
Heap after GC invocations=19 (full 2):
 PSYoungGen      total 78848K, used 13685K [0x00000000f5580000, 0x00000000fc180000, 0x0000000100000000)
  eden space 64000K, 0% used [0x00000000f5580000,0x00000000f5580000,0x00000000f9400000)
  from space 14848K, 92% used [0x00000000f9400000,0x00000000fa15d5d8,0x00000000fa280000)
  to   space 16896K, 0% used [0x00000000fb100000,0x00000000fb100000,0x00000000fc180000)
 ParOldGen       total 49664K, used 38296K [0x00000000e0000000, 0x00000000e3080000, 0x00000000f5580000)
  object space 49664K, 77% used [0x00000000e0000000,0x00000000e2566220,0x00000000e3080000)
 Metaspace       used 23221K, capacity 23541K, committed 23680K, reserved 1071104K
  class space    used 2285K, capacity 2388K, committed 2432K, reserved 1048576K
}
Event: 55.673 GC heap before
{Heap before GC invocations=20 (full 2):
 PSYoungGen      total 78848K, used 77685K [0x00000000f5580000, 0x00000000fc180000, 0x0000000100000000)
  eden space 64000K, 100% used [0x00000000f5580000,0x00000000f9400000,0x00000000f9400000)
  from space 14848K, 92% used [0x00000000f9400000,0x00000000fa15d5d8,0x00000000fa280000)
  to   space 16896K, 0% used [0x00000000fb100000,0x00000000fb100000,0x00000000fc180000)
 ParOldGen       total 49664K, used 38296K [0x00000000e0000000, 0x00000000e3080000, 0x00000000f5580000)
  object space 49664K, 77% used [0x00000000e0000000,0x00000000e2566220,0x00000000e3080000)
 Metaspace       used 23230K, capacity 23541K, committed 23680K, reserved 1071104K
  class space    used 2285K, capacity 2388K, committed 2432K, reserved 1048576K
Event: 55.711 GC heap after
Heap after GC invocations=20 (full 2):
 PSYoungGen      total 91648K, used 15477K [0x00000000f5580000, 0x00000000fc400000, 0x0000000100000000)
  eden space 74752K, 0% used [0x00000000f5580000,0x00000000f5580000,0x00000000f9e80000)
  from space 16896K, 91% used [0x00000000fb100000,0x00000000fc01d5d8,0x00000000fc180000)
  to   space 18944K, 0% used [0x00000000f9e80000,0x00000000f9e80000,0x00000000fb100000)
 ParOldGen       total 49664K, used 41653K [0x00000000e0000000, 0x00000000e3080000, 0x00000000f5580000)
  object space 49664K, 83% used [0x00000000e0000000,0x00000000e28ad5d0,0x00000000e3080000)
 Metaspace       used 23230K, capacity 23541K, committed 23680K, reserved 1071104K
  class space    used 2285K, capacity 2388K, committed 2432K, reserved 1048576K
}
Event: 65.956 GC heap before
{Heap before GC invocations=21 (full 2):
 PSYoungGen      total 91648K, used 90229K [0x00000000f5580000, 0x00000000fc400000, 0x0000000100000000)
  eden space 74752K, 100% used [0x00000000f5580000,0x00000000f9e80000,0x00000000f9e80000)
  from space 16896K, 91% used [0x00000000fb100000,0x00000000fc01d5d8,0x00000000fc180000)
  to   space 18944K, 0% used [0x00000000f9e80000,0x00000000f9e80000,0x00000000fb100000)
 ParOldGen       total 49664K, used 41653K [0x00000000e0000000, 0x00000000e3080000, 0x00000000f5580000)
  object space 49664K, 83% used [0x00000000e0000000,0x00000000e28ad5d0,0x00000000e3080000)
 Metaspace       used 23230K, capacity 23541K, committed 23680K, reserved 1071104K
  class space    used 2285K, capacity 2388K, committed 2432K, reserved 1048576K
Event: 66.033 GC heap after
Heap after GC invocations=21 (full 2):
 PSYoungGen      total 93696K, used 18944K [0x00000000f5580000, 0x00000000fd700000, 0x0000000100000000)
  eden space 74752K, 0% used [0x00000000f5580000,0x00000000f5580000,0x00000000f9e80000)
  from space 18944K, 100% used [0x00000000f9e80000,0x00000000fb100000,0x00000000fb100000)
  to   space 22528K, 0% used [0x00000000fc100000,0x00000000fc100000,0x00000000fd700000)
 ParOldGen       total 49664K, used 44254K [0x00000000e0000000, 0x00000000e3080000, 0x00000000f5580000)
  object space 49664K, 89% used [0x00000000e0000000,0x00000000e2b37ad0,0x00000000e3080000)
 Metaspace       used 23230K, capacity 23541K, committed 23680K, reserved 1071104K
  class space    used 2285K, capacity 2388K, committed 2432K, reserved 1048576K
}

Deoptimization events (10 events):
Event: 25.704 Thread 0x000000005632b800 Uncommon trap: reason=speculate_class_check action=maybe_recompile pc=0x00000000034ae1d0 method=com.jogamp.common.nio.Buffers.getDirectBufferByteOffset(Ljava/lang/Object;)I @ 22
Event: 25.704 Thread 0x000000005632b800 Uncommon trap: reason=speculate_class_check action=maybe_recompile pc=0x00000000034ae1d0 method=com.jogamp.common.nio.Buffers.getDirectBufferByteOffset(Ljava/lang/Object;)I @ 22
Event: 26.056 Thread 0x000000005632b800 Uncommon trap: reason=speculate_class_check action=maybe_recompile pc=0x00000000034b92ec method=com.jogamp.common.nio.Buffers.getDirectBufferByteOffset(Ljava/lang/Object;)I @ 31
Event: 26.056 Thread 0x000000005632b800 Uncommon trap: reason=speculate_class_check action=maybe_recompile pc=0x00000000034b92ec method=com.jogamp.common.nio.Buffers.getDirectBufferByteOffset(Ljava/lang/Object;)I @ 31
Event: 26.440 Thread 0x000000005632b800 Uncommon trap: reason=speculate_class_check action=maybe_recompile pc=0x00000000034bd444 method=com.jogamp.common.nio.Buffers.getDirectBufferByteOffset(Ljava/lang/Object;)I @ 42
Event: 26.444 Thread 0x000000005632b800 Uncommon trap: reason=speculate_class_check action=maybe_recompile pc=0x00000000034bd444 method=com.jogamp.common.nio.Buffers.getDirectBufferByteOffset(Ljava/lang/Object;)I @ 42
Event: 33.487 Thread 0x000000005632b800 Uncommon trap: reason=unstable_if action=reinterpret pc=0x00000000031f3c78 method=java.io.ExpiringCache.entryFor(Ljava/lang/String;)Ljava/io/ExpiringCache$Entry; @ 39
Event: 35.644 Thread 0x000000005632b800 Uncommon trap: reason=unstable_if action=reinterpret pc=0x00000000033ffacc method=java.io.ExpiringCache.entryFor(Ljava/lang/String;)Ljava/io/ExpiringCache$Entry; @ 39
Event: 64.448 Thread 0x000000005632b800 Uncommon trap: reason=predicate action=maybe_recompile pc=0x0000000002bf3d24 method=java.util.Arrays.fill([Ljava/lang/Object;IILjava/lang/Object;)V @ 16
Event: 64.844 Thread 0x000000005632b800 Uncommon trap: reason=array_check action=maybe_recompile pc=0x0000000002c12a80 method=java.util.Arrays.fill([Ljava/lang/Object;IILjava/lang/Object;)V @ 20

Internal exceptions (10 events):
Event: 0.249 Thread 0x000000000238f000 Implicit null exception at 0x0000000002bac08b to 0x0000000002bac23d
Event: 0.311 Thread 0x000000000238f000 Exception <a 'java/io/FileNotFoundException'> (0x00000000f58126b8) thrown at [C:\re\workspace\8-2-build-windows-amd64-cygwin\jdk8u151\9699\hotspot\src\share\vm\prims\jni.cpp, line 709]
Event: 0.439 Thread 0x000000000238f000 Exception <a 'java/io/FileNotFoundException'> (0x00000000f5869cd8) thrown at [C:\re\workspace\8-2-build-windows-amd64-cygwin\jdk8u151\9699\hotspot\src\share\vm\prims\jni.cpp, line 709]
Event: 2.265 Thread 0x000000005635c000 Implicit null exception at 0x0000000002dd426f to 0x0000000002dd47b9
Event: 4.956 Thread 0x000000005635c000 Exception <a 'java/lang/InterruptedException'> (0x00000000f64aa4e8) thrown at [C:\re\workspace\8-2-build-windows-amd64-cygwin\jdk8u151\9699\hotspot\src\share\vm\runtime\objectMonitor.cpp, line 1684]
Event: 5.001 Thread 0x000000005635c000 Exception <a 'java/lang/reflect/InvocationTargetException'> (0x00000000f658e658) thrown at [C:\re\workspace\8-2-build-windows-amd64-cygwin\jdk8u151\9699\hotspot\src\share\vm\runtime\reflection.cpp, line 1092]
Event: 5.450 Thread 0x000000005632b800 Implicit null exception at 0x0000000002fbd0d5 to 0x0000000002fbd139
Event: 5.551 Thread 0x000000005632b800 Exception <a 'java/io/FileNotFoundException'> (0x00000000f57f8208) thrown at [C:\re\workspace\8-2-build-windows-amd64-cygwin\jdk8u151\9699\hotspot\src\share\vm\prims\jni.cpp, line 709]
Event: 5.552 Thread 0x000000005632b800 Exception <a 'java/io/FileNotFoundException'> (0x00000000f57fea50) thrown at [C:\re\workspace\8-2-build-windows-amd64-cygwin\jdk8u151\9699\hotspot\src\share\vm\prims\jni.cpp, line 709]
Event: 5.552 Thread 0x000000005632b800 Implicit null exception at 0x0000000002c15f46 to 0x0000000002c162d1

Events (10 events):
Event: 70.188 Thread 0x0000000055623000 flushing nmethod 0x0000000003165010
Event: 70.188 Thread 0x0000000055623000 flushing nmethod 0x0000000003169b50
Event: 70.188 Thread 0x0000000055623000 flushing nmethod 0x000000000316b6d0
Event: 70.188 Thread 0x0000000055623000 flushing nmethod 0x0000000003176410
Event: 70.188 Thread 0x0000000055623000 flushing nmethod 0x0000000003176f90
Event: 70.188 Thread 0x0000000055623000 flushing nmethod 0x0000000003179910
Event: 70.188 Thread 0x0000000055623000 flushing nmethod 0x000000000317ba10
Event: 70.188 Thread 0x0000000055623000 flushing nmethod 0x000000000317e9d0
Event: 70.188 Thread 0x0000000055623000 flushing nmethod 0x0000000003189390
Event: 71.005 Thread 0x000000005400f000 flushing nmethod 0x00000000031d0b10


Dynamic libraries:
0x000000013f970000 - 0x000000013f9a7000 	C:\Program Files\Java\jre1.8.0_151\bin\javaw.exe
0x0000000077b40000 - 0x0000000077ce9000 	C:\Windows\SYSTEM32\ntdll.dll
0x0000000077a20000 - 0x0000000077b3f000 	C:\Windows\system32\kernel32.dll
0x000007fefdc40000 - 0x000007fefdcab000 	C:\Windows\system32\KERNELBASE.dll
0x000007fefdcb0000 - 0x000007fefdd8b000 	C:\Windows\system32\ADVAPI32.dll
0x000007fefe990000 - 0x000007fefea2f000 	C:\Windows\system32\msvcrt.dll
0x000007fefea30000 - 0x000007fefea4f000 	C:\Windows\SYSTEM32\sechost.dll
0x000007fefe340000 - 0x000007fefe46d000 	C:\Windows\system32\RPCRT4.dll
0x0000000077920000 - 0x0000000077a1a000 	C:\Windows\system32\USER32.dll
0x000007fefe4b0000 - 0x000007fefe517000 	C:\Windows\system32\GDI32.dll
0x000007fefeb60000 - 0x000007fefeb6e000 	C:\Windows\system32\LPK.dll
0x000007fefeca0000 - 0x000007fefed69000 	C:\Windows\system32\USP10.dll
0x000007fefbf70000 - 0x000007fefc164000 	C:\Windows\WinSxS\amd64_microsoft.windows.common-controls_6595b64144ccf1df_6.0.7601.17514_none_fa396087175ac9ac\COMCTL32.dll
0x000007fefe730000 - 0x000007fefe7a1000 	C:\Windows\system32\SHLWAPI.dll
0x000007fefe470000 - 0x000007fefe49e000 	C:\Windows\system32\IMM32.DLL
0x000007fefea50000 - 0x000007fefeb59000 	C:\Windows\system32\MSCTF.dll
0x0000000058de0000 - 0x0000000058eb2000 	C:\Program Files\Java\jre1.8.0_151\bin\msvcr100.dll
0x000000005f250000 - 0x000000005faed000 	C:\Program Files\Java\jre1.8.0_151\bin\server\jvm.dll
0x000007fefaff0000 - 0x000007fefaff9000 	C:\Windows\system32\WSOCK32.dll
0x000007fefec50000 - 0x000007fefec9d000 	C:\Windows\system32\WS2_32.dll
0x000007fefe4a0000 - 0x000007fefe4a8000 	C:\Windows\system32\NSI.dll
0x000007fefb460000 - 0x000007fefb49b000 	C:\Windows\system32\WINMM.dll
0x000007fefc990000 - 0x000007fefc99c000 	C:\Windows\system32\VERSION.dll
0x0000000077d00000 - 0x0000000077d07000 	C:\Windows\system32\PSAPI.DLL
0x0000000067bd0000 - 0x0000000067bdf000 	C:\Program Files\Java\jre1.8.0_151\bin\verify.dll
0x0000000060e40000 - 0x0000000060e69000 	C:\Program Files\Java\jre1.8.0_151\bin\java.dll
0x0000000060e20000 - 0x0000000060e36000 	C:\Program Files\Java\jre1.8.0_151\bin\zip.dll
0x000007feff040000 - 0x000007feffdc8000 	C:\Windows\system32\SHELL32.dll
0x000007fefe520000 - 0x000007fefe723000 	C:\Windows\system32\ole32.dll
0x000007fefd8f0000 - 0x000007fefd8ff000 	C:\Windows\system32\profapi.dll
0x0000000058c40000 - 0x0000000058dd8000 	C:\Program Files\Java\jre1.8.0_151\bin\awt.dll
0x000007fefeb70000 - 0x000007fefec47000 	C:\Windows\system32\OLEAUT32.dll
0x000007fefbae0000 - 0x000007fefbaf8000 	C:\Windows\system32\DWMAPI.DLL
0x000007feee5c0000 - 0x000007feee6dd000 	C:\Windows\system32\opengl32.dll
0x000007fef6f70000 - 0x000007fef6f9d000 	C:\Windows\system32\GLU32.dll
0x000007fef34d0000 - 0x000007fef35c1000 	C:\Windows\system32\DDRAW.dll
0x000007fefb810000 - 0x000007fefb818000 	C:\Windows\system32\DCIMAN32.dll
0x000007fefe7b0000 - 0x000007fefe987000 	C:\Windows\system32\SETUPAPI.dll
0x000007fefda60000 - 0x000007fefda96000 	C:\Windows\system32\CFGMGR32.dll
0x000007fefd9f0000 - 0x000007fefda0a000 	C:\Windows\system32\DEVOBJ.dll
0x000007fefbec0000 - 0x000007fefbf16000 	C:\Windows\system32\uxtheme.dll
0x000007fefd790000 - 0x000007fefd79f000 	C:\Windows\system32\CRYPTBASE.dll
0x000007feee210000 - 0x000007feee40f000 	C:\Windows\system32\d3d9.dll
0x000007fefb790000 - 0x000007fefb797000 	C:\Windows\system32\d3d8thk.dll
0x000007fef5640000 - 0x000007fef574e000 	C:\Windows\system32\aticfx64.dll
0x000007fefb770000 - 0x000007fefb77f000 	C:\Windows\system32\atiu9p64.dll
0x000007fef09c0000 - 0x000007fef10ed000 	C:\Windows\system32\atiumd64.dll
0x0000000067290000 - 0x00000000676ae000 	C:\Windows\system32\atiumd6a.dll
0x00000000022e0000 - 0x0000000002327000 	C:\Program Files\Java\jre1.8.0_151\bin\fontmanager.dll
0x0000000060e00000 - 0x0000000060e1a000 	C:\Program Files\Java\jre1.8.0_151\bin\net.dll
0x000007fefd0d0000 - 0x000007fefd125000 	C:\Windows\system32\mswsock.dll
0x000007fefd0c0000 - 0x000007fefd0c7000 	C:\Windows\System32\wship6.dll
0x0000000060de0000 - 0x0000000060df1000 	C:\Program Files\Java\jre1.8.0_151\bin\nio.dll
0x0000000058990000 - 0x00000000589d2000 	C:\Program Files\Java\jre1.8.0_151\bin\t2k.dll
0x0000000060db0000 - 0x0000000060dd4000 	C:\Program Files\Java\jre1.8.0_151\bin\sunec.dll
0x000007fefae50000 - 0x000007fefae77000 	C:\Windows\system32\IPHLPAPI.DLL
0x000007fefae40000 - 0x000007fefae4b000 	C:\Windows\system32\WINNSI.DLL
0x000007fefaad0000 - 0x000007fefaae1000 	C:\Windows\system32\dhcpcsvc6.DLL
0x000007fefaab0000 - 0x000007fefaac8000 	C:\Windows\system32\dhcpcsvc.DLL
0x000007fefd130000 - 0x000007fefd147000 	C:\Windows\system32\CRYPTSP.dll
0x000007fefce30000 - 0x000007fefce77000 	C:\Windows\system32\rsaenh.dll
0x000007fefd9b0000 - 0x000007fefd9ce000 	C:\Windows\system32\USERENV.dll
0x000007fefcab0000 - 0x000007fefcab7000 	C:\Windows\System32\wshtcpip.dll
0x000000006db40000 - 0x000000006db6e000 	C:\Program Files\Common Files\Microsoft Shared\Windows Live\WLIDNSP.DLL
0x000007fefcf50000 - 0x000007fefcfab000 	C:\Windows\system32\DNSAPI.dll
0x000000006db10000 - 0x000000006db36000 	C:\Program Files\Bonjour\mdnsNSP.dll
0x000007fef7c40000 - 0x000007fef7c48000 	C:\Windows\system32\rasadhlp.dll
0x000007fefad00000 - 0x000007fefad53000 	C:\Windows\System32\fwpuclnt.dll
0x0000000067900000 - 0x000000006790b000 	C:\Program Files\Java\jre1.8.0_151\bin\sunmscapi.dll
0x000007fefdaa0000 - 0x000007fefdc07000 	C:\Windows\system32\CRYPT32.dll
0x000007fefd900000 - 0x000007fefd90f000 	C:\Windows\system32\MSASN1.dll
0x000007fefd730000 - 0x000007fefd787000 	C:\Windows\system32\apphelp.dll
0x00000000637c0000 - 0x00000000637cd000 	C:\Users\Zelimir\AppData\Local\Temp\jogamp_0000\file_cache\jln3034061680203295832\jln5421300613442765010\gluegen-rt.dll
0x00000000602d0000 - 0x00000000602d7000 	C:\Program Files\Java\jre1.8.0_151\bin\jawt.dll
0x000000006a440000 - 0x000000006a44d000 	C:\Users\Zelimir\AppData\Local\Temp\jogamp_0000\file_cache\jln3034061680203295832\jln5421300613442765010\nativewindow_awt.dll
0x000000006c100000 - 0x000000006c10f000 	C:\Users\Zelimir\AppData\Local\Temp\jogamp_0000\file_cache\jln3034061680203295832\jln5421300613442765010\nativewindow_win32.dll
0x0000000064500000 - 0x00000000645a2000 	C:\Users\Zelimir\AppData\Local\Temp\jogamp_0000\file_cache\jln3034061680203295832\jln5421300613442765010\jogl_desktop.dll
0x000007fefaef0000 - 0x000007fefaef9000 	C:\Windows\system32\atig6pxx.dll
0x0000000060e70000 - 0x00000000627c8000 	C:\Windows\system32\atio6axx.dll
0x000007fefb000000 - 0x000007fefb090000 	C:\Windows\system32\atiadlxx.dll
0x000007fefca90000 - 0x000007fefcaa1000 	C:\Windows\system32\WTSAPI32.dll
0x000007fefda10000 - 0x000007fefda4a000 	C:\Windows\system32\WINTRUST.dll
0x000007fefaeb0000 - 0x000007fefaebe000 	C:\Windows\system32\atig6txx.dll
0x0000000012040000 - 0x0000000012071000 	C:\Program Files\Java\jre1.8.0_151\bin\jpeg.dll
0x000007fef8cf0000 - 0x000007fef8e15000 	C:\Windows\system32\dbghelp.dll

VM Arguments:
jvm_args: -Djava.security.policy=java.policy.applet -Dfile.encoding=Cp1250 
java_command: sun.applet.AppletViewer zelimir.citymap.ZelimirsEarthquakeCityMap1512938004459.html
java_class_path (initial): D:\courses\rep\proba01\bin;D:\courses\rep\proba01\lib\core.jar;D:\courses\rep\proba01\lib\gluegen-rt-natives-linux-amd64.jar;D:\courses\rep\proba01\lib\gluegen-rt-natives-linux-armv6hf.jar;D:\courses\rep\proba01\lib\gluegen-rt-natives-linux-i586.jar;D:\courses\rep\proba01\lib\gluegen-rt-natives-macosx-universal.jar;D:\courses\rep\proba01\lib\gluegen-rt-natives-windows-amd64.jar;D:\courses\rep\proba01\lib\gluegen-rt-natives-windows-i586.jar;D:\courses\rep\proba01\lib\gluegen-rt.jar;D:\courses\rep\proba01\lib\jogl-all-natives-linux-amd64.jar;D:\courses\rep\proba01\lib\jogl-all-natives-linux-armv6hf.jar;D:\courses\rep\proba01\lib\jogl-all-natives-linux-i586.jar;D:\courses\rep\proba01\lib\jogl-all-natives-macosx-universal.jar;D:\courses\rep\proba01\lib\jogl-all-natives-windows-amd64.jar;D:\courses\rep\proba01\lib\jogl-all-natives-windows-i586.jar;D:\courses\rep\proba01\lib\jogl-all.jar;D:\courses\rep\proba01\lib\json4processing.jar;D:\courses\rep\proba01\lib\libTUIO.jar;D:\courses\rep\proba01\lib\log4j-1.2.15.jar;D:\courses\rep\proba01\lib\sqlite-jdbc-3.7.2.jar;D:\courses\rep\proba01\lib\unfolding.0.9.7-uscd.jar
Launcher Type: SUN_STANDARD

Environment Variables:
JAVA_HOME=C:\Program Files\Java\jdk1.8.0_66
CLASSPATH=C:\Users\Zelimir\algs4\stdlib.jar;C:\Users\Zelimir\algs4\algs4.jar;C:\Program File;C:\msys\1.0\bin;C:\mingw\bin;C:\Program Files\Java\jdk1.8.0_101\bin;C:\Program Files\Java\jre1.8.0_151\bin;.
PATH=C:/Program Files/Java/jre1.8.0_151/bin/server;C:/Program Files/Java/jre1.8.0_151/bin;C:/Program Files/Java/jre1.8.0_151/lib/amd64;C:\ProgramData\Oracle\Java\javapath;C:\Program Files\Common Files\Microsoft Shared\Windows Live;C:\Program Files (x86)\AMD APP\bin\x86_64;C:\Program Files (x86)\AMD APP\bin\x86;C:\Windows\system32;C:\Windows;C:\Windows\System32\Wbem;C:\Windows\System32\WindowsPowerShell\v1.0\;C:\Program Files (x86)\ATI Technologies\ATI.ACE\Core-Static;C:\Program Files (x86)\Common Files\Acronis\SnapAPI\;C:\Program Files\jEdit;C:\Program Files\Java\jdk1.7.0_25\bin;C:\Program Files\Java\jdk1.6.0_25;C:\Program Files\Microsoft\Web Platform Installer\;C:\Program Files (x86)\Microsoft ASP.NET\ASP.NET Web Pages\v1.0\;C:\Program Files\Microsoft SQL Server\110\Tools\Binn\;C:\Program Files\Java\jdk1.7.0_25\jre\lib\ext\mysql-connector-java-5.1.27-bin;C:\Program Files (x86)\Microsoft SQL Server\100\Tools\Binn\;C:\Program Files\Microsoft SQL Server\100\Tools\Binn\;C:\Program Files\Microsoft SQL Server\100\DTS\Binn\;C:\Program Files\MATLAB\R2015a\bin;C:\Program Files\Git\cmd;C:\Program Files (x86)\Heroku\bin;C:\Program Files (x86)\git\cmd;C:\Program Files\nodejs\;C:\Program Files (x86)\QuickTime\QTSystem\;C:\Program Files\Java\jdk1.8.0_101\bin;C:\Program Files\Java\jre1.8.0_101;C:\Program Files (x86)\Skype\Phone\;C:\RailsInstaller\Ruby2.0.0\bin;C;C:\Program Files\Common Files\Microsoft Shared\Windows Live;C:\Program Files\phantomjs-2.0.0-windows\bin;C:\Users\Zelimir\AppData\Roaming\npm;C:\Eclipse_Versions\eclipse;
USERNAME=Zelimir
OS=Windows_NT
PROCESSOR_IDENTIFIER=AMD64 Family 16 Model 2 Stepping 3, AuthenticAMD



---------------  S Y S T E M  ---------------

OS: Windows 7 , 64 bit Build 7601 (6.1.7601.18015)

CPU:total 4 (initial active 4) (4 cores per cpu, 1 threads per core) family 16 model 2 stepping 3, cmov, cx8, fxsr, mmx, sse, sse2, sse3, popcnt, mmxext, 3dnowpref, lzcnt, sse4a, tsc, tscinvbit, tscinv

Memory: 4k page, physical 2096376k(227000k free), swap 5898676k(451036k free)

vm_info: Java HotSpot(TM) 64-Bit Server VM (25.151-b12) for windows-amd64 JRE (1.8.0_151-b12), built on Sep  5 2017 19:33:46 by "java_re" with MS VC++ 10.0 (VS2010)

time: Sun Dec 10 21:34:40 2017
elapsed time: 76 seconds (0d 0h 1m 16s)

