#
# A fatal error has been detected by the Java Runtime Environment:
#
#  EXCEPTION_ACCESS_VIOLATION (0xc0000005) at pc=0x000000005fab59aa, pid=1952, tid=0x0000000000000d2c
#
# JRE version: Java(TM) SE Runtime Environment (8.0_151-b12) (build 1.8.0_151-b12)
# Java VM: Java HotSpot(TM) 64-Bit Server VM (25.151-b12 mixed mode windows-amd64 compressed oops)
# Problematic frame:
# C  [atio6axx.dll+0x8959aa]
#
# Failed to write core dump. Minidumps are not enabled by default on client versions of Windows
#
# If you would like to submit a bug report, please visit:
#   http://bugreport.java.com/bugreport/crash.jsp
# The crash happened outside the Java Virtual Machine in native code.
# See problematic frame for where to report the bug.
#

---------------  T H R E A D  ---------------

Current thread (0x0000000056402000):  JavaThread "AWT-EventQueue-1" [_thread_in_native, id=3372, stack(0x000000005c150000,0x000000005c250000)]

siginfo: ExceptionCode=0xc0000005, reading address 0x0000000000000010

Registers:
RAX=0x00000000607a2a48, RBX=0x0000000000000000, RCX=0x0000000000000000, RDX=0x0000000000000000
RSP=0x000000005c24cf00, RBP=0x000000005c24d138, RSI=0x000000005c24d1b0, RDI=0x0000000060c8f1e0
R8 =0x0000000000000000, R9 =0x0000b90100480003, R10=0x000000005c24c900, R11=0x00000000607a34f8
R12=0x000000005e4a9720, R13=0x00000000613db940, R14=0x00000000613db970, R15=0x0000000000000000
RIP=0x000000005fab59aa, EFLAGS=0x0000000000010246

Top of Stack: (sp=0x000000005c24cf00)
0x000000005c24cf00:   0000000000000001 000000005c24cf60
0x000000005c24cf10:   000000005c24cf50 0000000000000000
0x000000005c24cf20:   ffffffff00000002 0000000100000000
0x000000005c24cf30:   ffffffffffffffff ffffffffffffffff
0x000000005c24cf40:   0000000000000000 0000000000000000
0x000000005c24cf50:   0000000000000000 0000000000000000
0x000000005c24cf60:   0000000000000000 0000000000000000
0x000000005c24cf70:   0000000000000000 0000000000000000
0x000000005c24cf80:   0000000000000000 0000000000000000
0x000000005c24cf90:   0000000060c8f170 0000000000000000
0x000000005c24cfa0:   0000000060c8f1e0 0000000000000000
0x000000005c24cfb0:   0000000000000000 00000258000004b0
0x000000005c24cfc0:   0000000060c8f100 0000000000000000
0x000000005c24cfd0:   0000000000000000 0000000000000000
0x000000005c24cfe0:   0000000060c8f170 0000000000000000
0x000000005c24cff0:   0000000060c8f1e0 0000000000000000 

Instructions: (pc=0x000000005fab59aa)
0x000000005fab598a:   39 79 08 75 0a 48 8b 01 ba 01 00 00 00 ff 10 48
0x000000005fab599a:   8b 54 24 70 49 8b 04 24 48 89 bc 24 a0 00 00 00
0x000000005fab59aa:   48 8b 52 10 4c 8d 8c 24 a0 01 00 00 41 b8 06 00
0x000000005fab59ba:   00 00 49 8b cc ff 90 c8 05 00 00 44 39 bc 24 a8 


Register to memory mapping:

RAX=0x00000000607a2a48 is an unknown value
RBX=0x0000000000000000 is an unknown value
RCX=0x0000000000000000 is an unknown value
RDX=0x0000000000000000 is an unknown value
RSP=0x000000005c24cf00 is pointing into the stack for thread: 0x0000000056402000
RBP=0x000000005c24d138 is pointing into the stack for thread: 0x0000000056402000
RSI=0x000000005c24d1b0 is pointing into the stack for thread: 0x0000000056402000
RDI=0x0000000060c8f1e0 is an unknown value
R8 =0x0000000000000000 is an unknown value
R9 =0x0000b90100480003 is an unknown value
R10=0x000000005c24c900 is pointing into the stack for thread: 0x0000000056402000
R11=0x00000000607a34f8 is an unknown value
R12=0x000000005e4a9720 is an unknown value
R13=0x00000000613db940 is an unknown value
R14=0x00000000613db970 is an unknown value
R15=0x0000000000000000 is an unknown value


Stack: [0x000000005c150000,0x000000005c250000],  sp=0x000000005c24cf00,  free space=1011k
Native frames: (J=compiled Java code, j=interpreted, Vv=VM code, C=native code)
C  [atio6axx.dll+0x8959aa]
C  [atio6axx.dll+0x89a0b1]
C  [atio6axx.dll+0xa120b]
C  [atio6axx.dll+0x46c58a]
C  [atio6axx.dll+0x1e94eb]
C  0x0000000002f5bf41

Java frames: (J=compiled Java code, j=interpreted, Vv=VM code)
J 2789  jogamp.opengl.gl4.GL4bcImpl.dispatch_glBlitFramebuffer1(IIIIIIIIIIJ)V (0 bytes) @ 0x0000000002f5bec3 [0x0000000002f5be40+0x83]
J 2788 C1 jogamp.opengl.gl4.GL4bcImpl.glBlitFramebuffer(IIIIIIIIII)V (68 bytes) @ 0x00000000028ee4cc [0x00000000028ed960+0xb6c]
J 2578 C1 processing.opengl.PJOGL.blitFramebuffer(IIIIIIIIII)V (97 bytes) @ 0x0000000002eb60f4 [0x0000000002eb5540+0xbb4]
J 2960 C1 processing.opengl.PGL.syncBackTexture()V (81 bytes) @ 0x0000000002fdf84c [0x0000000002fdf380+0x4cc]
J 2959 C1 processing.opengl.PJOGL.syncBackTexture()V (63 bytes) @ 0x0000000002fdffac [0x0000000002fdfca0+0x30c]
J 2975 C1 processing.opengl.PGL.endDraw(Z)V (141 bytes) @ 0x0000000002fecbec [0x0000000002fecaa0+0x14c]
J 2974 C1 processing.opengl.PJOGL.endDraw(Z)V (162 bytes) @ 0x0000000002fee33c [0x0000000002fed700+0xc3c]
J 2580 C1 processing.opengl.PGraphicsOpenGL.endDraw()V (111 bytes) @ 0x0000000002ebf1dc [0x0000000002ebe980+0x85c]
J 3425 C1 processing.core.PApplet.handleDraw()V (382 bytes) @ 0x0000000002db34fc [0x0000000002db1340+0x21bc]
J 3441 C1 processing.opengl.PJOGL$PGLListener.display(Ljavax/media/opengl/GLAutoDrawable;)V (520 bytes) @ 0x0000000002d9bd34 [0x0000000002d9a320+0x1a14]
J 3440 C1 jogamp.opengl.GLDrawableHelper.displayImpl(Ljavax/media/opengl/GLAutoDrawable;)V (105 bytes) @ 0x0000000002d9dda4 [0x0000000002d9d2c0+0xae4]
J 3438 C1 javax.media.opengl.awt.GLCanvas$10.run()V (122 bytes) @ 0x0000000002d9f75c [0x0000000002d9f200+0x55c]
J 3434 C1 jogamp.opengl.GLDrawableHelper.invokeGLImpl(Ljavax/media/opengl/GLDrawable;Ljavax/media/opengl/GLContext;Ljava/lang/Runnable;Ljava/lang/Runnable;)V (579 bytes) @ 0x0000000002daca8c [0x0000000002dabc60+0xe2c]
J 3146 C1 jogamp.opengl.GLDrawableHelper.invokeGL(Ljavax/media/opengl/GLDrawable;Ljavax/media/opengl/GLContext;Ljava/lang/Runnable;Ljava/lang/Runnable;)V (76 bytes) @ 0x00000000030a8ec4 [0x00000000030a8e00+0xc4]
J 3145 C1 javax.media.opengl.awt.GLCanvas$11.run()V (95 bytes) @ 0x00000000030a963c [0x00000000030a9280+0x3bc]
J 2743 C1 java.awt.event.InvocationEvent.dispatch()V (69 bytes) @ 0x0000000002f3f004 [0x0000000002f3eec0+0x144]
J 2848 C1 java.awt.EventQueue.dispatchEventImpl(Ljava/awt/AWTEvent;Ljava/lang/Object;)V (149 bytes) @ 0x0000000002f81c4c [0x0000000002f80140+0x1b0c]
J 2846 C1 java.awt.EventQueue$3.run()Ljava/lang/Void; (60 bytes) @ 0x0000000002f7bb04 [0x0000000002f7b900+0x204]
J 2845 C1 java.awt.EventQueue$3.run()Ljava/lang/Object; (5 bytes) @ 0x0000000002f7c1cc [0x0000000002f7c140+0x8c]
v  ~StubRoutines::call_stub
J 1194  java.security.AccessController.doPrivileged(Ljava/security/PrivilegedAction;Ljava/security/AccessControlContext;)Ljava/lang/Object; (0 bytes) @ 0x0000000002b01b66 [0x0000000002b01b00+0x66]
J 2536 C1 java.awt.EventQueue.dispatchEvent(Ljava/awt/AWTEvent;)V (80 bytes) @ 0x0000000002e939dc [0x0000000002e93080+0x95c]
J 2544 C1 java.awt.EventDispatchThread.pumpOneEventForFilters(I)V (295 bytes) @ 0x0000000002ea1974 [0x0000000002e9fe80+0x1af4]
j  java.awt.EventDispatchThread.pumpEventsForFilter(ILjava/awt/Conditional;Ljava/awt/EventFilter;)V+35
j  java.awt.EventDispatchThread.pumpEventsForHierarchy(ILjava/awt/Conditional;Ljava/awt/Component;)V+11
j  java.awt.EventDispatchThread.pumpEvents(ILjava/awt/Conditional;)V+4
j  java.awt.EventDispatchThread.pumpEvents(Ljava/awt/Conditional;)V+3
j  java.awt.EventDispatchThread.run()V+9
v  ~StubRoutines::call_stub

---------------  P R O C E S S  ---------------

Java Threads: ( => current thread )
  0x0000000056849000 JavaThread "Animation Thread-SharedResourceRunner" daemon [_thread_blocked, id=5756, stack(0x000000005e350000,0x000000005e450000)]
  0x00000000563f1800 JavaThread "Animation Thread" [_thread_blocked, id=2448, stack(0x000000005bda0000,0x000000005bea0000)]
=>0x0000000056402000 JavaThread "AWT-EventQueue-1" [_thread_in_native, id=3372, stack(0x000000005c150000,0x000000005c250000)]
  0x0000000001caf000 JavaThread "DestroyJavaVM" [_thread_blocked, id=2600, stack(0x0000000002300000,0x0000000002400000)]
  0x00000000563a0800 JavaThread "D3D Screen Updater" daemon [_thread_blocked, id=4328, stack(0x000000005b850000,0x000000005b950000)]
  0x000000005636a800 JavaThread "AWT-EventQueue-0" [_thread_blocked, id=5616, stack(0x000000005a3c0000,0x000000005a4c0000)]
  0x0000000056328000 JavaThread "thread applet-probni.zelimir.ZelimirsEarthquakeWorldMap.class" [_thread_blocked, id=3284, stack(0x0000000059f40000,0x000000005a040000)]
  0x00000000562ff800 JavaThread "AWT-Windows" daemon [_thread_in_native, id=1768, stack(0x0000000056b80000,0x0000000056c80000)]
  0x00000000562fd000 JavaThread "AWT-Shutdown" [_thread_blocked, id=1068, stack(0x0000000056c80000,0x0000000056d80000)]
  0x00000000562fc000 JavaThread "Java2D Disposer" daemon [_thread_blocked, id=5808, stack(0x0000000056a30000,0x0000000056b30000)]
  0x000000005553c000 JavaThread "Service Thread" daemon [_thread_blocked, id=5656, stack(0x0000000055d50000,0x0000000055e50000)]
  0x00000000554ce000 JavaThread "C1 CompilerThread2" daemon [_thread_blocked, id=5008, stack(0x0000000055900000,0x0000000055a00000)]
  0x00000000554c7000 JavaThread "C2 CompilerThread1" daemon [_thread_blocked, id=3884, stack(0x0000000054e50000,0x0000000054f50000)]
  0x0000000053caf000 JavaThread "C2 CompilerThread0" daemon [_thread_blocked, id=5128, stack(0x0000000055bc0000,0x0000000055cc0000)]
  0x0000000053ca7800 JavaThread "Attach Listener" daemon [_thread_blocked, id=5976, stack(0x00000000553b0000,0x00000000554b0000)]
  0x0000000053ca4800 JavaThread "Signal Dispatcher" daemon [_thread_blocked, id=2192, stack(0x0000000055280000,0x0000000055380000)]
  0x0000000053c8a000 JavaThread "Finalizer" daemon [_thread_blocked, id=1556, stack(0x0000000055100000,0x0000000055200000)]
  0x0000000053c43000 JavaThread "Reference Handler" daemon [_thread_blocked, id=4272, stack(0x0000000054fa0000,0x00000000550a0000)]

Other Threads:
  0x0000000053c3b800 VMThread [stack: 0x0000000054d00000,0x0000000054e00000] [id=1572]
  0x000000005556c000 WatcherThread [stack: 0x0000000055e90000,0x0000000055f90000] [id=4852]

VM state:not at safepoint (normal execution)

VM Mutex/Monitor currently owned by a thread: None

Heap:
 PSYoungGen      total 86016K, used 65557K [0x00000000f5580000, 0x00000000fbc80000, 0x0000000100000000)
  eden space 68096K, 86% used [0x00000000f5580000,0x00000000f8ef7630,0x00000000f9800000)
  from space 17920K, 37% used [0x00000000faa00000,0x00000000fb08dff8,0x00000000fbb80000)
  to   space 18432K, 0% used [0x00000000f9800000,0x00000000f9800000,0x00000000faa00000)
 ParOldGen       total 110080K, used 72672K [0x00000000e0000000, 0x00000000e6b80000, 0x00000000f5580000)
  object space 110080K, 66% used [0x00000000e0000000,0x00000000e46f8070,0x00000000e6b80000)
 Metaspace       used 23250K, capacity 23547K, committed 23680K, reserved 1071104K
  class space    used 2280K, capacity 2389K, committed 2432K, reserved 1048576K

Card table byte_map: [0x0000000011a90000,0x0000000011ba0000] byte_map_base: 0x0000000011390000

Marking Bits: (ParMarkBitMap*) 0x000000005f19d850
 Begin Bits: [0x00000000122b0000, 0x0000000012ab0000)
 End Bits:   [0x0000000012ab0000, 0x00000000132b0000)

Polling page: 0x0000000000220000

CodeCache: size=245760Kb used=10486Kb max_used=10497Kb free=235273Kb
 bounds [0x00000000026d0000, 0x0000000003130000, 0x00000000116d0000]
 total_blobs=4020 nmethods=3090 adapters=843
 compilation: enabled

Compilation events (10 events):
Event: 61.343 Thread 0x00000000554ce000 3607       3       java.util.TimSort::mergeForceCollapse (50 bytes)
Event: 61.343 Thread 0x00000000554ce000 nmethod 3607 0x0000000002e03410 code [0x0000000002e03580, 0x0000000002e03888]
Event: 61.528 Thread 0x00000000554c7000 3608       4       processing.core.PGraphics::colorCalcARGB (177 bytes)
Event: 61.529 Thread 0x00000000554c7000 nmethod 3608 0x0000000003061390 code [0x0000000003061500, 0x0000000003061658]
Event: 62.441 Thread 0x0000000053caf000 3609       4       sun.awt.AWTAutoShutdown::isReadyToShutdown (37 bytes)
Event: 62.442 Thread 0x0000000053caf000 nmethod 3609 0x0000000003085ed0 code [0x0000000003086020, 0x00000000030860b8]
Event: 62.446 Thread 0x00000000554c7000 3610       4       de.fhpotsdam.unfolding.marker.MarkerManager::draw (51 bytes)
Event: 62.452 Thread 0x00000000554c7000 nmethod 3610 0x0000000002dd8610 code [0x0000000002dd87a0, 0x0000000002dd8a98]
Event: 62.726 Thread 0x0000000053caf000 3611   !   4       java.awt.Font::equals (132 bytes)
Event: 62.730 Thread 0x0000000053caf000 nmethod 3611 0x0000000002e02dd0 code [0x0000000002e02f20, 0x0000000002e031d8]

GC Heap History (10 events):
Event: 36.516 GC heap before
{Heap before GC invocations=18 (full 3):
 PSYoungGen      total 48640K, used 35328K [0x00000000f5580000, 0x00000000f9700000, 0x0000000100000000)
  eden space 35328K, 100% used [0x00000000f5580000,0x00000000f7800000,0x00000000f7800000)
  from space 13312K, 0% used [0x00000000f8480000,0x00000000f8480000,0x00000000f9180000)
  to   space 12800K, 0% used [0x00000000f7800000,0x00000000f7800000,0x00000000f8480000)
 ParOldGen       total 73216K, used 42844K [0x00000000e0000000, 0x00000000e4780000, 0x00000000f5580000)
  object space 73216K, 58% used [0x00000000e0000000,0x00000000e29d73c8,0x00000000e4780000)
 Metaspace       used 23014K, capacity 23355K, committed 23680K, reserved 1071104K
  class space    used 2280K, capacity 2389K, committed 2432K, reserved 1048576K
Event: 36.522 GC heap after
Heap after GC invocations=18 (full 3):
 PSYoungGen      total 48128K, used 9376K [0x00000000f5580000, 0x00000000fa200000, 0x0000000100000000)
  eden space 35328K, 0% used [0x00000000f5580000,0x00000000f5580000,0x00000000f7800000)
  from space 12800K, 73% used [0x00000000f7800000,0x00000000f8128160,0x00000000f8480000)
  to   space 13312K, 0% used [0x00000000f9500000,0x00000000f9500000,0x00000000fa200000)
 ParOldGen       total 73216K, used 42852K [0x00000000e0000000, 0x00000000e4780000, 0x00000000f5580000)
  object space 73216K, 58% used [0x00000000e0000000,0x00000000e29d93c8,0x00000000e4780000)
 Metaspace       used 23014K, capacity 23355K, committed 23680K, reserved 1071104K
  class space    used 2280K, capacity 2389K, committed 2432K, reserved 1048576K
}
Event: 37.834 GC heap before
{Heap before GC invocations=19 (full 3):
 PSYoungGen      total 48128K, used 44704K [0x00000000f5580000, 0x00000000fa200000, 0x0000000100000000)
  eden space 35328K, 100% used [0x00000000f5580000,0x00000000f7800000,0x00000000f7800000)
  from space 12800K, 73% used [0x00000000f7800000,0x00000000f8128160,0x00000000f8480000)
  to   space 13312K, 0% used [0x00000000f9500000,0x00000000f9500000,0x00000000fa200000)
 ParOldGen       total 73216K, used 43397K [0x00000000e0000000, 0x00000000e4780000, 0x00000000f5580000)
  object space 73216K, 59% used [0x00000000e0000000,0x00000000e2a61688,0x00000000e4780000)
 Metaspace       used 23042K, capacity 23419K, committed 23680K, reserved 1071104K
  class space    used 2280K, capacity 2389K, committed 2432K, reserved 1048576K
Event: 37.983 GC heap after
Heap after GC invocations=19 (full 3):
 PSYoungGen      total 65024K, used 7584K [0x00000000f5580000, 0x00000000fa400000, 0x0000000100000000)
  eden space 51712K, 0% used [0x00000000f5580000,0x00000000f5580000,0x00000000f8800000)
  from space 13312K, 56% used [0x00000000f9500000,0x00000000f9c68190,0x00000000fa200000)
  to   space 13312K, 0% used [0x00000000f8800000,0x00000000f8800000,0x00000000f9500000)
 ParOldGen       total 73216K, used 50797K [0x00000000e0000000, 0x00000000e4780000, 0x00000000f5580000)
  object space 73216K, 69% used [0x00000000e0000000,0x00000000e319b7e8,0x00000000e4780000)
 Metaspace       used 23042K, capacity 23419K, committed 23680K, reserved 1071104K
  class space    used 2280K, capacity 2389K, committed 2432K, reserved 1048576K
}
Event: 47.627 GC heap before
{Heap before GC invocations=20 (full 3):
 PSYoungGen      total 65024K, used 59101K [0x00000000f5580000, 0x00000000fa400000, 0x0000000100000000)
  eden space 51712K, 99% used [0x00000000f5580000,0x00000000f87cf468,0x00000000f8800000)
  from space 13312K, 56% used [0x00000000f9500000,0x00000000f9c68190,0x00000000fa200000)
  to   space 13312K, 0% used [0x00000000f8800000,0x00000000f8800000,0x00000000f9500000)
 ParOldGen       total 73216K, used 50797K [0x00000000e0000000, 0x00000000e4780000, 0x00000000f5580000)
  object space 73216K, 69% used [0x00000000e0000000,0x00000000e319b7e8,0x00000000e4780000)
 Metaspace       used 23138K, capacity 23483K, committed 23680K, reserved 1071104K
  class space    used 2280K, capacity 2389K, committed 2432K, reserved 1048576K
Event: 47.659 GC heap after
Heap after GC invocations=20 (full 3):
 PSYoungGen      total 65024K, used 13280K [0x00000000f5580000, 0x00000000fbb80000, 0x0000000100000000)
  eden space 51712K, 0% used [0x00000000f5580000,0x00000000f5580000,0x00000000f8800000)
  from space 13312K, 99% used [0x00000000f8800000,0x00000000f94f8180,0x00000000f9500000)
  to   space 17920K, 0% used [0x00000000faa00000,0x00000000faa00000,0x00000000fbb80000)
 ParOldGen       total 73216K, used 57679K [0x00000000e0000000, 0x00000000e4780000, 0x00000000f5580000)
  object space 73216K, 78% used [0x00000000e0000000,0x00000000e3853d38,0x00000000e4780000)
 Metaspace       used 23138K, capacity 23483K, committed 23680K, reserved 1071104K
  class space    used 2280K, capacity 2389K, committed 2432K, reserved 1048576K
}
Event: 51.901 GC heap before
{Heap before GC invocations=21 (full 3):
 PSYoungGen      total 65024K, used 64992K [0x00000000f5580000, 0x00000000fbb80000, 0x0000000100000000)
  eden space 51712K, 100% used [0x00000000f5580000,0x00000000f8800000,0x00000000f8800000)
  from space 13312K, 99% used [0x00000000f8800000,0x00000000f94f8180,0x00000000f9500000)
  to   space 17920K, 0% used [0x00000000faa00000,0x00000000faa00000,0x00000000fbb80000)
 ParOldGen       total 73216K, used 57679K [0x00000000e0000000, 0x00000000e4780000, 0x00000000f5580000)
  object space 73216K, 78% used [0x00000000e0000000,0x00000000e3853d38,0x00000000e4780000)
 Metaspace       used 23166K, capacity 23483K, committed 23680K, reserved 1071104K
  class space    used 2280K, capacity 2389K, committed 2432K, reserved 1048576K
Event: 52.076 GC heap after
Heap after GC invocations=21 (full 3):
 PSYoungGen      total 86016K, used 12128K [0x00000000f5580000, 0x00000000fbc80000, 0x0000000100000000)
  eden space 68096K, 0% used [0x00000000f5580000,0x00000000f5580000,0x00000000f9800000)
  from space 17920K, 67% used [0x00000000faa00000,0x00000000fb5d8260,0x00000000fbb80000)
  to   space 18432K, 0% used [0x00000000f9800000,0x00000000f9800000,0x00000000faa00000)
 ParOldGen       total 73216K, used 69834K [0x00000000e0000000, 0x00000000e4780000, 0x00000000f5580000)
  object space 73216K, 95% used [0x00000000e0000000,0x00000000e4432ba8,0x00000000e4780000)
 Metaspace       used 23166K, capacity 23483K, committed 23680K, reserved 1071104K
  class space    used 2280K, capacity 2389K, committed 2432K, reserved 1048576K
}
Event: 52.076 GC heap before
{Heap before GC invocations=22 (full 4):
 PSYoungGen      total 86016K, used 12128K [0x00000000f5580000, 0x00000000fbc80000, 0x0000000100000000)
  eden space 68096K, 0% used [0x00000000f5580000,0x00000000f5580000,0x00000000f9800000)
  from space 17920K, 67% used [0x00000000faa00000,0x00000000fb5d8260,0x00000000fbb80000)
  to   space 18432K, 0% used [0x00000000f9800000,0x00000000f9800000,0x00000000faa00000)
 ParOldGen       total 73216K, used 69834K [0x00000000e0000000, 0x00000000e4780000, 0x00000000f5580000)
  object space 73216K, 95% used [0x00000000e0000000,0x00000000e4432ba8,0x00000000e4780000)
 Metaspace       used 23166K, capacity 23483K, committed 23680K, reserved 1071104K
  class space    used 2280K, capacity 2389K, committed 2432K, reserved 1048576K
Event: 52.195 GC heap after
Heap after GC invocations=22 (full 4):
 PSYoungGen      total 86016K, used 6711K [0x00000000f5580000, 0x00000000fbc80000, 0x0000000100000000)
  eden space 68096K, 0% used [0x00000000f5580000,0x00000000f5580000,0x00000000f9800000)
  from space 17920K, 37% used [0x00000000faa00000,0x00000000fb08dff8,0x00000000fbb80000)
  to   space 18432K, 0% used [0x00000000f9800000,0x00000000f9800000,0x00000000faa00000)
 ParOldGen       total 110080K, used 72672K [0x00000000e0000000, 0x00000000e6b80000, 0x00000000f5580000)
  object space 110080K, 66% used [0x00000000e0000000,0x00000000e46f8070,0x00000000e6b80000)
 Metaspace       used 23166K, capacity 23483K, committed 23680K, reserved 1071104K
  class space    used 2280K, capacity 2389K, committed 2432K, reserved 1048576K
}

Deoptimization events (10 events):
Event: 30.663 Thread 0x0000000056402000 Uncommon trap: reason=unstable_if action=reinterpret pc=0x0000000002e194c0 method=java.text.DigitList.getDataChars(I)[C @ 13
Event: 30.663 Thread 0x0000000056402000 Uncommon trap: reason=unstable_if action=reinterpret pc=0x0000000002e04c40 method=java.text.DecimalFormat.subformat(Ljava/lang/StringBuffer;Ljava/text/Format$FieldDelegate;ZZIIII)Ljava/lang/StringBuffer; @ 753
Event: 30.729 Thread 0x0000000056402000 Uncommon trap: reason=null_check action=make_not_entrant pc=0x0000000002ec844c method=processing.opengl.PGraphicsOpenGL.initCache(Lprocessing/core/PImage;)Ljava/lang/Object; @ 14
Event: 33.428 Thread 0x0000000056402000 Uncommon trap: reason=unstable_if action=reinterpret pc=0x0000000002f95ef4 method=sun.font.FileFontStrike.getGlyphImagePtrs([I[JI)V @ 45
Event: 33.429 Thread 0x0000000056402000 Uncommon trap: reason=unstable_if action=reinterpret pc=0x0000000002e9e07c method=sun.font.FontDesignMetrics.getLatinCharWidth(C)F @ 11
Event: 40.111 Thread 0x0000000056402000 Uncommon trap: reason=unstable_if action=reinterpret pc=0x0000000002e5a760 method=java.lang.Math.round(F)I @ 36
Event: 51.163 Thread 0x0000000056402000 Uncommon trap: reason=unstable_if action=reinterpret pc=0x0000000002cdfe84 method=probni.zelimir.ImageMarker.isInside(FFFF)Z @ 25
Event: 51.163 Thread 0x0000000056402000 Uncommon trap: reason=unstable_if action=reinterpret pc=0x0000000002cde7d8 method=probni.zelimir.ImageMarker.isInside(FFFF)Z @ 25
Event: 57.848 Thread 0x0000000056402000 Uncommon trap: reason=predicate action=maybe_recompile pc=0x0000000002e3db64 method=java.util.Arrays.fill([Ljava/lang/Object;IILjava/lang/Object;)V @ 16
Event: 57.862 Thread 0x0000000056402000 Uncommon trap: reason=array_check action=maybe_recompile pc=0x0000000002c13200 method=java.util.Arrays.fill([Ljava/lang/Object;IILjava/lang/Object;)V @ 20

Internal exceptions (10 events):
Event: 0.257 Thread 0x0000000001caf000 Implicit null exception at 0x000000000283ff8b to 0x000000000284013d
Event: 0.320 Thread 0x0000000001caf000 Exception <a 'java/io/FileNotFoundException'> (0x00000000f58126b8) thrown at [C:\re\workspace\8-2-build-windows-amd64-cygwin\jdk8u151\9699\hotspot\src\share\vm\prims\jni.cpp, line 709]
Event: 0.610 Thread 0x0000000001caf000 Exception <a 'java/io/FileNotFoundException'> (0x00000000f5869cd8) thrown at [C:\re\workspace\8-2-build-windows-amd64-cygwin\jdk8u151\9699\hotspot\src\share\vm\prims\jni.cpp, line 709]
Event: 3.452 Thread 0x00000000563f1800 Implicit null exception at 0x0000000002919a31 to 0x0000000002919f11
Event: 7.012 Thread 0x00000000563f1800 Exception <a 'java/lang/InterruptedException'> (0x00000000f5afa5e8) thrown at [C:\re\workspace\8-2-build-windows-amd64-cygwin\jdk8u151\9699\hotspot\src\share\vm\runtime\objectMonitor.cpp, line 1684]
Event: 7.146 Thread 0x00000000563f1800 Exception <a 'java/lang/reflect/InvocationTargetException'> (0x00000000f5bdeb30) thrown at [C:\re\workspace\8-2-build-windows-amd64-cygwin\jdk8u151\9699\hotspot\src\share\vm\runtime\reflection.cpp, line 1092]
Event: 8.092 Thread 0x0000000056402000 Implicit null exception at 0x0000000002c37c15 to 0x0000000002c37c79
Event: 8.286 Thread 0x0000000056402000 Exception <a 'java/io/FileNotFoundException'> (0x00000000f5761c28) thrown at [C:\re\workspace\8-2-build-windows-amd64-cygwin\jdk8u151\9699\hotspot\src\share\vm\prims\jni.cpp, line 709]
Event: 8.287 Thread 0x0000000056402000 Exception <a 'java/io/FileNotFoundException'> (0x00000000f5768438) thrown at [C:\re\workspace\8-2-build-windows-amd64-cygwin\jdk8u151\9699\hotspot\src\share\vm\prims\jni.cpp, line 709]
Event: 8.288 Thread 0x0000000056402000 Implicit null exception at 0x00000000028ae184 to 0x00000000028ae51d

Events (10 events):
Event: 57.862 Thread 0x0000000056402000 Uncommon trap: trap_request=0xffffffd6 fr.pc=0x0000000002c13200
Event: 57.862 Thread 0x0000000056402000 DEOPT PACKING pc=0x0000000002c13200 sp=0x000000005c24d6d0
Event: 57.862 Thread 0x0000000056402000 DEOPT UNPACKING pc=0x000000000271582a sp=0x000000005c24d670 mode 2
Event: 57.946 Executing VM operation: RevokeBias
Event: 57.946 Executing VM operation: RevokeBias done
Event: 57.946 Thread 0x000000005d0f9000 Thread exited: 0x000000005d0f9000
Event: 57.948 Executing VM operation: RevokeBias
Event: 57.948 Executing VM operation: RevokeBias done
Event: 57.948 Thread 0x000000005d0ff000 Thread exited: 0x000000005d0ff000
Event: 62.731 Thread 0x000000005d0fc000 Thread exited: 0x000000005d0fc000


Dynamic libraries:
0x000000013f9c0000 - 0x000000013f9f7000 	C:\Program Files\Java\jre1.8.0_151\bin\javaw.exe
0x00000000770a0000 - 0x0000000077249000 	C:\Windows\SYSTEM32\ntdll.dll
0x0000000076e80000 - 0x0000000076f9f000 	C:\Windows\system32\kernel32.dll
0x000007fefd060000 - 0x000007fefd0cb000 	C:\Windows\system32\KERNELBASE.dll
0x000007fefedc0000 - 0x000007fefee9b000 	C:\Windows\system32\ADVAPI32.dll
0x000007fefeea0000 - 0x000007fefef3f000 	C:\Windows\system32\msvcrt.dll
0x000007feff110000 - 0x000007feff12f000 	C:\Windows\SYSTEM32\sechost.dll
0x000007fefd210000 - 0x000007fefd33d000 	C:\Windows\system32\RPCRT4.dll
0x0000000076fa0000 - 0x000000007709a000 	C:\Windows\system32\USER32.dll
0x000007feff340000 - 0x000007feff3a7000 	C:\Windows\system32\GDI32.dll
0x000007fefef40000 - 0x000007fefef4e000 	C:\Windows\system32\LPK.dll
0x000007fefecd0000 - 0x000007fefed99000 	C:\Windows\system32\USP10.dll
0x000007fefb4d0000 - 0x000007fefb6c4000 	C:\Windows\WinSxS\amd64_microsoft.windows.common-controls_6595b64144ccf1df_6.0.7601.17514_none_fa396087175ac9ac\COMCTL32.dll
0x000007fefe8b0000 - 0x000007fefe921000 	C:\Windows\system32\SHLWAPI.dll
0x000007feff0e0000 - 0x000007feff10e000 	C:\Windows\system32\IMM32.DLL
0x000007fefe2f0000 - 0x000007fefe3f9000 	C:\Windows\system32\MSCTF.dll
0x0000000055a30000 - 0x0000000055b02000 	C:\Program Files\Java\jre1.8.0_151\bin\msvcr100.dll
0x000000005e980000 - 0x000000005f21d000 	C:\Program Files\Java\jre1.8.0_151\bin\server\jvm.dll
0x000007fefa5d0000 - 0x000007fefa5d9000 	C:\Windows\system32\WSOCK32.dll
0x000007fefec80000 - 0x000007fefeccd000 	C:\Windows\system32\WS2_32.dll
0x000007fefe400000 - 0x000007fefe408000 	C:\Windows\system32\NSI.dll
0x000007fefa9c0000 - 0x000007fefa9fb000 	C:\Windows\system32\WINMM.dll
0x000007fefbef0000 - 0x000007fefbefc000 	C:\Windows\system32\VERSION.dll
0x0000000077270000 - 0x0000000077277000 	C:\Windows\system32\PSAPI.DLL
0x000000006b4a0000 - 0x000000006b4af000 	C:\Program Files\Java\jre1.8.0_151\bin\verify.dll
0x000000006b470000 - 0x000000006b499000 	C:\Program Files\Java\jre1.8.0_151\bin\java.dll
0x000000006b450000 - 0x000000006b466000 	C:\Program Files\Java\jre1.8.0_151\bin\zip.dll
0x000007fefd340000 - 0x000007fefe0c8000 	C:\Windows\system32\SHELL32.dll
0x000007feff130000 - 0x000007feff333000 	C:\Windows\system32\ole32.dll
0x000007fefce60000 - 0x000007fefce6f000 	C:\Windows\system32\profapi.dll
0x0000000055f90000 - 0x0000000056128000 	C:\Program Files\Java\jre1.8.0_151\bin\awt.dll
0x000007fefe0d0000 - 0x000007fefe1a7000 	C:\Windows\system32\OLEAUT32.dll
0x000007fefb040000 - 0x000007fefb058000 	C:\Windows\system32\DWMAPI.DLL
0x000007feeb850000 - 0x000007feeb96d000 	C:\Windows\system32\opengl32.dll
0x000007fef0f70000 - 0x000007fef0f9d000 	C:\Windows\system32\GLU32.dll
0x000007fef0c20000 - 0x000007fef0d11000 	C:\Windows\system32\DDRAW.dll
0x000007fef1400000 - 0x000007fef1408000 	C:\Windows\system32\DCIMAN32.dll
0x000007fefe6d0000 - 0x000007fefe8a7000 	C:\Windows\system32\SETUPAPI.dll
0x000007fefd0f0000 - 0x000007fefd126000 	C:\Windows\system32\CFGMGR32.dll
0x000007fefd0d0000 - 0x000007fefd0ea000 	C:\Windows\system32\DEVOBJ.dll
0x000007fefb420000 - 0x000007fefb476000 	C:\Windows\system32\uxtheme.dll
0x000007fefccf0000 - 0x000007fefccff000 	C:\Windows\system32\CRYPTBASE.dll
0x000007feec080000 - 0x000007feec27f000 	C:\Windows\system32\d3d9.dll
0x000007fef58f0000 - 0x000007fef58f7000 	C:\Windows\system32\d3d8thk.dll
0x000007fef5bb0000 - 0x000007fef5cbe000 	C:\Windows\system32\aticfx64.dll
0x000007fef13f0000 - 0x000007fef13ff000 	C:\Windows\system32\atiu9p64.dll
0x000007feefdc0000 - 0x000007fef04ed000 	C:\Windows\system32\atiumd64.dll
0x0000000073ed0000 - 0x00000000742ee000 	C:\Windows\system32\atiumd6a.dll
0x0000000002290000 - 0x00000000022d7000 	C:\Program Files\Java\jre1.8.0_151\bin\fontmanager.dll
0x000000006b430000 - 0x000000006b44a000 	C:\Program Files\Java\jre1.8.0_151\bin\net.dll
0x000007fefc630000 - 0x000007fefc685000 	C:\Windows\system32\mswsock.dll
0x000007fefc620000 - 0x000007fefc627000 	C:\Windows\System32\wship6.dll
0x000000006b410000 - 0x000000006b421000 	C:\Program Files\Java\jre1.8.0_151\bin\nio.dll
0x0000000054ca0000 - 0x0000000054ce2000 	C:\Program Files\Java\jre1.8.0_151\bin\t2k.dll
0x0000000063390000 - 0x00000000633b4000 	C:\Program Files\Java\jre1.8.0_151\bin\sunec.dll
0x000007fefa1b0000 - 0x000007fefa1d7000 	C:\Windows\system32\IPHLPAPI.DLL
0x000007fefa1a0000 - 0x000007fefa1ab000 	C:\Windows\system32\WINNSI.DLL
0x000007fefa030000 - 0x000007fefa041000 	C:\Windows\system32\dhcpcsvc6.DLL
0x000007fefa010000 - 0x000007fefa028000 	C:\Windows\system32\dhcpcsvc.DLL
0x000007fefc690000 - 0x000007fefc6a7000 	C:\Windows\system32\CRYPTSP.dll
0x000007fefc390000 - 0x000007fefc3d7000 	C:\Windows\system32\rsaenh.dll
0x000007fefd020000 - 0x000007fefd03e000 	C:\Windows\system32\USERENV.dll
0x000007fefc010000 - 0x000007fefc017000 	C:\Windows\System32\wshtcpip.dll
0x000000006caf0000 - 0x000000006cb1e000 	C:\Program Files\Common Files\Microsoft Shared\Windows Live\WLIDNSP.DLL
0x000007fefc4b0000 - 0x000007fefc50b000 	C:\Windows\system32\DNSAPI.dll
0x000000006cac0000 - 0x000000006cae6000 	C:\Program Files\Bonjour\mdnsNSP.dll
0x000007fef7330000 - 0x000007fef7338000 	C:\Windows\system32\rasadhlp.dll
0x000007fefa060000 - 0x000007fefa0b3000 	C:\Windows\System32\fwpuclnt.dll
0x0000000069660000 - 0x000000006966b000 	C:\Program Files\Java\jre1.8.0_151\bin\sunmscapi.dll
0x000007fefce70000 - 0x000007fefcfd7000 	C:\Windows\system32\CRYPT32.dll
0x000007fefce50000 - 0x000007fefce5f000 	C:\Windows\system32\MSASN1.dll
0x000007fefcc90000 - 0x000007fefcce7000 	C:\Windows\system32\apphelp.dll
0x00000000637c0000 - 0x00000000637cd000 	C:\Users\Zelimir\AppData\Local\Temp\jogamp_0000\file_cache\jln7247883505098546631\jln5391014181212102578\gluegen-rt.dll
0x0000000011d60000 - 0x0000000011d67000 	C:\Program Files\Java\jre1.8.0_151\bin\jawt.dll
0x000000006a440000 - 0x000000006a44d000 	C:\Users\Zelimir\AppData\Local\Temp\jogamp_0000\file_cache\jln7247883505098546631\jln5391014181212102578\nativewindow_awt.dll
0x000000006c100000 - 0x000000006c10f000 	C:\Users\Zelimir\AppData\Local\Temp\jogamp_0000\file_cache\jln7247883505098546631\jln5391014181212102578\nativewindow_win32.dll
0x0000000064500000 - 0x00000000645a2000 	C:\Users\Zelimir\AppData\Local\Temp\jogamp_0000\file_cache\jln7247883505098546631\jln5391014181212102578\jogl_desktop.dll
0x000007fefa6c0000 - 0x000007fefa6c9000 	C:\Windows\system32\atig6pxx.dll
0x000000005f220000 - 0x0000000060b78000 	C:\Windows\system32\atio6axx.dll
0x000007fefa5e0000 - 0x000007fefa670000 	C:\Windows\system32\atiadlxx.dll
0x000007fefbff0000 - 0x000007fefc001000 	C:\Windows\system32\WTSAPI32.dll
0x000007fefcfe0000 - 0x000007fefd01a000 	C:\Windows\system32\WINTRUST.dll
0x000007fef1440000 - 0x000007fef144e000 	C:\Windows\system32\atig6txx.dll
0x00000000550a0000 - 0x00000000550d1000 	C:\Program Files\Java\jre1.8.0_151\bin\jpeg.dll
0x000007fef81d0000 - 0x000007fef82f5000 	C:\Windows\system32\dbghelp.dll

VM Arguments:
jvm_args: -Djava.security.policy=java.policy.applet -Dfile.encoding=Cp1250 
java_command: sun.applet.AppletViewer probni.zelimir.ZelimirsEarthquakeWorldMap1512821422210.html
java_class_path (initial): D:\courses\rep\proba01\bin;D:\courses\rep\proba01\lib\core.jar;D:\courses\rep\proba01\lib\gluegen-rt-natives-linux-amd64.jar;D:\courses\rep\proba01\lib\gluegen-rt-natives-linux-armv6hf.jar;D:\courses\rep\proba01\lib\gluegen-rt-natives-linux-i586.jar;D:\courses\rep\proba01\lib\gluegen-rt-natives-macosx-universal.jar;D:\courses\rep\proba01\lib\gluegen-rt-natives-windows-amd64.jar;D:\courses\rep\proba01\lib\gluegen-rt-natives-windows-i586.jar;D:\courses\rep\proba01\lib\gluegen-rt.jar;D:\courses\rep\proba01\lib\jogl-all-natives-linux-amd64.jar;D:\courses\rep\proba01\lib\jogl-all-natives-linux-armv6hf.jar;D:\courses\rep\proba01\lib\jogl-all-natives-linux-i586.jar;D:\courses\rep\proba01\lib\jogl-all-natives-macosx-universal.jar;D:\courses\rep\proba01\lib\jogl-all-natives-windows-amd64.jar;D:\courses\rep\proba01\lib\jogl-all-natives-windows-i586.jar;D:\courses\rep\proba01\lib\jogl-all.jar;D:\courses\rep\proba01\lib\json4processing.jar;D:\courses\rep\proba01\lib\libTUIO.jar;D:\courses\rep\proba01\lib\log4j-1.2.15.jar;D:\courses\rep\proba01\lib\sqlite-jdbc-3.7.2.jar;D:\courses\rep\proba01\lib\unfolding.0.9.7-uscd.jar
Launcher Type: SUN_STANDARD

Environment Variables:
JAVA_HOME=C:\Program Files\Java\jdk1.8.0_66
CLASSPATH=C:\Users\Zelimir\algs4\stdlib.jar;C:\Users\Zelimir\algs4\algs4.jar;C:\Program File;C:\msys\1.0\bin;C:\mingw\bin;C:\Program Files\Java\jdk1.8.0_101\bin;C:\Program Files\Java\jre1.8.0_151\bin;.
PATH=C:/Program Files/Java/jre1.8.0_151/bin/server;C:/Program Files/Java/jre1.8.0_151/bin;C:/Program Files/Java/jre1.8.0_151/lib/amd64;C:\ProgramData\Oracle\Java\javapath;C:\Program Files\Common Files\Microsoft Shared\Windows Live;C:\Program Files (x86)\AMD APP\bin\x86_64;C:\Program Files (x86)\AMD APP\bin\x86;C:\Windows\system32;C:\Windows;C:\Windows\System32\Wbem;C:\Windows\System32\WindowsPowerShell\v1.0\;C:\Program Files (x86)\ATI Technologies\ATI.ACE\Core-Static;C:\Program Files (x86)\Common Files\Acronis\SnapAPI\;C:\Program Files\jEdit;C:\Program Files\Java\jdk1.7.0_25\bin;C:\Program Files\Java\jdk1.6.0_25;C:\Program Files\Microsoft\Web Platform Installer\;C:\Program Files (x86)\Microsoft ASP.NET\ASP.NET Web Pages\v1.0\;C:\Program Files\Microsoft SQL Server\110\Tools\Binn\;C:\Program Files\Java\jdk1.7.0_25\jre\lib\ext\mysql-connector-java-5.1.27-bin;C:\Program Files (x86)\Microsoft SQL Server\100\Tools\Binn\;C:\Program Files\Microsoft SQL Server\100\Tools\Binn\;C:\Program Files\Microsoft SQL Server\100\DTS\Binn\;C:\Program Files\MATLAB\R2015a\bin;C:\Program Files\Git\cmd;C:\Program Files (x86)\Heroku\bin;C:\Program Files (x86)\git\cmd;C:\Program Files\nodejs\;C:\Program Files (x86)\QuickTime\QTSystem\;C:\Program Files\Java\jdk1.8.0_101\bin;C:\Program Files\Java\jre1.8.0_101;C:\Program Files (x86)\Skype\Phone\;C:\RailsInstaller\Ruby2.0.0\bin;C;C:\Program Files\Common Files\Microsoft Shared\Windows Live;C:\Program Files\phantomjs-2.0.0-windows\bin;C:\Users\Zelimir\AppData\Roaming\npm;C:\Eclipse_Versions\eclipse;
USERNAME=Zelimir
OS=Windows_NT
PROCESSOR_IDENTIFIER=AMD64 Family 16 Model 2 Stepping 3, AuthenticAMD



---------------  S Y S T E M  ---------------

OS: Windows 7 , 64 bit Build 7601 (6.1.7601.18015)

CPU:total 4 (initial active 4) (4 cores per cpu, 1 threads per core) family 16 model 2 stepping 3, cmov, cx8, fxsr, mmx, sse, sse2, sse3, popcnt, mmxext, 3dnowpref, lzcnt, sse4a, tsc, tscinvbit, tscinv

Memory: 4k page, physical 2096376k(244420k free), swap 5475488k(422600k free)

vm_info: Java HotSpot(TM) 64-Bit Server VM (25.151-b12) for windows-amd64 JRE (1.8.0_151-b12), built on Sep  5 2017 19:33:46 by "java_re" with MS VC++ 10.0 (VS2010)

time: Sat Dec 09 13:11:29 2017
elapsed time: 64 seconds (0d 0h 1m 4s)

