#
# A fatal error has been detected by the Java Runtime Environment:
#
#  EXCEPTION_ACCESS_VIOLATION (0xc0000005) at pc=0x000000005fab59aa, pid=5740, tid=0x0000000000001728
#
# JRE version: Java(TM) SE Runtime Environment (8.0_151-b12) (build 1.8.0_151-b12)
# Java VM: Java HotSpot(TM) 64-Bit Server VM (25.151-b12 mixed mode windows-amd64 compressed oops)
# Problematic frame:
# C  [atio6axx.dll+0x8959aa]
#
# Failed to write core dump. Minidumps are not enabled by default on client versions of Windows
#
# If you would like to submit a bug report, please visit:
#   http://bugreport.java.com/bugreport/crash.jsp
# The crash happened outside the Java Virtual Machine in native code.
# See problematic frame for where to report the bug.
#

---------------  T H R E A D  ---------------

Current thread (0x0000000056384000):  JavaThread "AWT-EventQueue-1" [_thread_in_native, id=5928, stack(0x000000005be80000,0x000000005bf80000)]

siginfo: ExceptionCode=0xc0000005, reading address 0x0000000000000010

Registers:
RAX=0x00000000607a2a48, RBX=0x0000000000000000, RCX=0x0000000000000000, RDX=0x0000000000000000
RSP=0x000000005bf7d4a0, RBP=0x000000005bf7d6d8, RSI=0x000000005bf7d750, RDI=0x0000000061869cc0
R8 =0x0000000000000000, R9 =0x000055ef00950003, R10=0x0000000000000000, R11=0x00000000607a34f8
R12=0x000000005dd49720, R13=0x0000000061bdd340, R14=0x0000000061bdd370, R15=0x0000000000000000
RIP=0x000000005fab59aa, EFLAGS=0x0000000000010246

Top of Stack: (sp=0x000000005bf7d4a0)
0x000000005bf7d4a0:   0000000000000001 000000005bf7d500
0x000000005bf7d4b0:   000000005bf7d4f0 0000000000000000
0x000000005bf7d4c0:   ffffffff00000002 0000000100000000
0x000000005bf7d4d0:   ffffffffffffffff ffffffffffffffff
0x000000005bf7d4e0:   0000000000000000 0000000000000000
0x000000005bf7d4f0:   0000000000000000 0000000000000000
0x000000005bf7d500:   0000000000000000 0000000000000000
0x000000005bf7d510:   0000000000000000 0000000000000000
0x000000005bf7d520:   0000000000000000 0000000000000000
0x000000005bf7d530:   0000000061869c50 0000000000000000
0x000000005bf7d540:   0000000061869cc0 0000000000000000
0x000000005bf7d550:   0000000000000000 00000258000004b0
0x000000005bf7d560:   0000000061869be0 0000000000000000
0x000000005bf7d570:   0000000000000000 0000000000000000
0x000000005bf7d580:   0000000061869c50 0000000000000000
0x000000005bf7d590:   0000000061869cc0 0000000000000000 

Instructions: (pc=0x000000005fab59aa)
0x000000005fab598a:   39 79 08 75 0a 48 8b 01 ba 01 00 00 00 ff 10 48
0x000000005fab599a:   8b 54 24 70 49 8b 04 24 48 89 bc 24 a0 00 00 00
0x000000005fab59aa:   48 8b 52 10 4c 8d 8c 24 a0 01 00 00 41 b8 06 00
0x000000005fab59ba:   00 00 49 8b cc ff 90 c8 05 00 00 44 39 bc 24 a8 


Register to memory mapping:

RAX=0x00000000607a2a48 is an unknown value
RBX=0x0000000000000000 is an unknown value
RCX=0x0000000000000000 is an unknown value
RDX=0x0000000000000000 is an unknown value
RSP=0x000000005bf7d4a0 is pointing into the stack for thread: 0x0000000056384000
RBP=0x000000005bf7d6d8 is pointing into the stack for thread: 0x0000000056384000
RSI=0x000000005bf7d750 is pointing into the stack for thread: 0x0000000056384000
RDI=0x0000000061869cc0 is an unknown value
R8 =0x0000000000000000 is an unknown value
R9 =0x000055ef00950003 is an unknown value
R10=0x0000000000000000 is an unknown value
R11=0x00000000607a34f8 is an unknown value
R12=0x000000005dd49720 is an unknown value
R13=0x0000000061bdd340 is an unknown value
R14=0x0000000061bdd370 is an unknown value
R15=0x0000000000000000 is an unknown value


Stack: [0x000000005be80000,0x000000005bf80000],  sp=0x000000005bf7d4a0,  free space=1013k
Native frames: (J=compiled Java code, j=interpreted, Vv=VM code, C=native code)
C  [atio6axx.dll+0x8959aa]
C  [atio6axx.dll+0x89a0b1]
C  [atio6axx.dll+0xa120b]
C  [atio6axx.dll+0x46c58a]
C  [atio6axx.dll+0x1e94eb]
C  0x0000000003134f41

Java frames: (J=compiled Java code, j=interpreted, Vv=VM code)
J 2761  jogamp.opengl.gl4.GL4bcImpl.dispatch_glBlitFramebuffer1(IIIIIIIIIIJ)V (0 bytes) @ 0x0000000003134ec3 [0x0000000003134e40+0x83]
J 2760 C1 jogamp.opengl.gl4.GL4bcImpl.glBlitFramebuffer(IIIIIIIIII)V (68 bytes) @ 0x000000000313814c [0x00000000031375e0+0xb6c]
J 2759 C1 processing.opengl.PJOGL.blitFramebuffer(IIIIIIIIII)V (97 bytes) @ 0x0000000003136534 [0x0000000003135980+0xbb4]
J 2998 C1 processing.opengl.PGL.syncBackTexture()V (81 bytes) @ 0x00000000031d87cc [0x00000000031d8300+0x4cc]
J 2997 C1 processing.opengl.PJOGL.syncBackTexture()V (63 bytes) @ 0x00000000031d8f2c [0x00000000031d8c20+0x30c]
J 3009 C1 processing.opengl.PGL.endDraw(Z)V (141 bytes) @ 0x00000000031f506c [0x00000000031f4f20+0x14c]
J 3008 C1 processing.opengl.PJOGL.endDraw(Z)V (162 bytes) @ 0x00000000031f67bc [0x00000000031f5b80+0xc3c]
J 2587 C1 processing.opengl.PGraphicsOpenGL.endDraw()V (111 bytes) @ 0x00000000030a111c [0x00000000030a08c0+0x85c]
J 3302 C1 processing.core.PApplet.handleDraw()V (382 bytes) @ 0x0000000002f3e2bc [0x0000000002f3c100+0x21bc]
J 3416 C1 processing.opengl.PJOGL$PGLListener.display(Ljavax/media/opengl/GLAutoDrawable;)V (520 bytes) @ 0x0000000002f352b4 [0x0000000002f338a0+0x1a14]
J 3415 C1 jogamp.opengl.GLDrawableHelper.displayImpl(Ljavax/media/opengl/GLAutoDrawable;)V (105 bytes) @ 0x0000000002f8c724 [0x0000000002f8bc40+0xae4]
J 3413 C1 javax.media.opengl.awt.GLCanvas$10.run()V (122 bytes) @ 0x0000000002e6c41c [0x0000000002e6bec0+0x55c]
J 3408 C1 jogamp.opengl.GLDrawableHelper.invokeGLImpl(Ljavax/media/opengl/GLDrawable;Ljavax/media/opengl/GLContext;Ljava/lang/Runnable;Ljava/lang/Runnable;)V (579 bytes) @ 0x0000000002f7d30c [0x0000000002f7c4e0+0xe2c]
J 3313 C1 jogamp.opengl.GLDrawableHelper.invokeGL(Ljavax/media/opengl/GLDrawable;Ljavax/media/opengl/GLContext;Ljava/lang/Runnable;Ljava/lang/Runnable;)V (76 bytes) @ 0x00000000029bf384 [0x00000000029bf2c0+0xc4]
J 3312 C1 javax.media.opengl.awt.GLCanvas$11.run()V (95 bytes) @ 0x0000000002ef0e7c [0x0000000002ef0ac0+0x3bc]
J 2752 C1 java.awt.event.InvocationEvent.dispatch()V (69 bytes) @ 0x0000000003132d04 [0x0000000003132bc0+0x144]
J 2807 C1 java.awt.EventQueue.dispatchEventImpl(Ljava/awt/AWTEvent;Ljava/lang/Object;)V (149 bytes) @ 0x0000000003159b4c [0x0000000003158040+0x1b0c]
J 2805 C1 java.awt.EventQueue$3.run()Ljava/lang/Void; (60 bytes) @ 0x0000000003157084 [0x0000000003156e80+0x204]
J 2804 C1 java.awt.EventQueue$3.run()Ljava/lang/Object; (5 bytes) @ 0x000000000315774c [0x00000000031576c0+0x8c]
v  ~StubRoutines::call_stub
J 646  java.security.AccessController.doPrivileged(Ljava/security/PrivilegedAction;Ljava/security/AccessControlContext;)Ljava/lang/Object; (0 bytes) @ 0x0000000002b31ca6 [0x0000000002b31c40+0x66]
J 2508 C1 java.awt.EventQueue.dispatchEvent(Ljava/awt/AWTEvent;)V (80 bytes) @ 0x0000000003063c9c [0x0000000003063340+0x95c]
J 2538 C1 java.awt.EventDispatchThread.pumpOneEventForFilters(I)V (295 bytes) @ 0x00000000030869f4 [0x0000000003084f00+0x1af4]
j  java.awt.EventDispatchThread.pumpEventsForFilter(ILjava/awt/Conditional;Ljava/awt/EventFilter;)V+35
j  java.awt.EventDispatchThread.pumpEventsForHierarchy(ILjava/awt/Conditional;Ljava/awt/Component;)V+11
j  java.awt.EventDispatchThread.pumpEvents(ILjava/awt/Conditional;)V+4
j  java.awt.EventDispatchThread.pumpEvents(Ljava/awt/Conditional;)V+3
j  java.awt.EventDispatchThread.run()V+9
v  ~StubRoutines::call_stub

---------------  P R O C E S S  ---------------

Java Threads: ( => current thread )
  0x0000000056865000 JavaThread "Animation Thread-SharedResourceRunner" daemon [_thread_blocked, id=1856, stack(0x000000005de70000,0x000000005df70000)]
  0x00000000563e2800 JavaThread "Animation Thread" [_thread_blocked, id=4256, stack(0x000000005bb30000,0x000000005bc30000)]
=>0x0000000056384000 JavaThread "AWT-EventQueue-1" [_thread_in_native, id=5928, stack(0x000000005be80000,0x000000005bf80000)]
  0x000000000230f000 JavaThread "DestroyJavaVM" [_thread_blocked, id=2432, stack(0x00000000024c0000,0x00000000025c0000)]
  0x000000005632f800 JavaThread "D3D Screen Updater" daemon [_thread_blocked, id=6088, stack(0x000000005b4e0000,0x000000005b5e0000)]
  0x00000000562ac000 JavaThread "AWT-EventQueue-0" [_thread_blocked, id=3696, stack(0x0000000059eb0000,0x0000000059fb0000)]
  0x00000000562b8000 JavaThread "thread applet-probni.zelimir.ZelimirsEarthquakeWorldMap.class" [_thread_blocked, id=3332, stack(0x0000000058bc0000,0x0000000058cc0000)]
  0x000000005622b000 JavaThread "AWT-Windows" daemon [_thread_in_native, id=3352, stack(0x0000000056c60000,0x0000000056d60000)]
  0x000000005622a800 JavaThread "AWT-Shutdown" [_thread_blocked, id=5944, stack(0x0000000056aa0000,0x0000000056ba0000)]
  0x0000000056239800 JavaThread "Java2D Disposer" daemon [_thread_blocked, id=4564, stack(0x0000000055600000,0x0000000055700000)]
  0x00000000558d2000 JavaThread "Service Thread" daemon [_thread_blocked, id=5696, stack(0x0000000055f00000,0x0000000056000000)]
  0x0000000055851000 JavaThread "C1 CompilerThread2" daemon [_thread_blocked, id=4764, stack(0x0000000055c80000,0x0000000055d80000)]
  0x0000000053d7f800 JavaThread "C2 CompilerThread1" daemon [_thread_blocked, id=1804, stack(0x0000000055750000,0x0000000055850000)]
  0x0000000053d77000 JavaThread "C2 CompilerThread0" daemon [_thread_blocked, id=2796, stack(0x0000000055500000,0x0000000055600000)]
  0x0000000053d75800 JavaThread "Attach Listener" daemon [_thread_blocked, id=6136, stack(0x0000000054f50000,0x0000000055050000)]
  0x0000000053d7a800 JavaThread "Signal Dispatcher" daemon [_thread_blocked, id=2744, stack(0x0000000055400000,0x0000000055500000)]
  0x0000000053d5b800 JavaThread "Finalizer" daemon [_thread_blocked, id=3324, stack(0x00000000552b0000,0x00000000553b0000)]
  0x0000000053d14000 JavaThread "Reference Handler" daemon [_thread_blocked, id=2740, stack(0x00000000551a0000,0x00000000552a0000)]

Other Threads:
  0x0000000053d0c800 VMThread [stack: 0x0000000055060000,0x0000000055160000] [id=944]
  0x00000000558fa000 WatcherThread [stack: 0x0000000055da0000,0x0000000055ea0000] [id=6100]

VM state:not at safepoint (normal execution)

VM Mutex/Monitor currently owned by a thread: None

Heap:
 PSYoungGen      total 50176K, used 43029K [0x00000000f5580000, 0x00000000fa700000, 0x0000000100000000)
  eden space 38912K, 81% used [0x00000000f5580000,0x00000000f748d670,0x00000000f7b80000)
  from space 11264K, 99% used [0x00000000f7b80000,0x00000000f86780f0,0x00000000f8680000)
  to   space 16896K, 0% used [0x00000000f9680000,0x00000000f9680000,0x00000000fa700000)
 ParOldGen       total 75776K, used 60179K [0x00000000e0000000, 0x00000000e4a00000, 0x00000000f5580000)
  object space 75776K, 79% used [0x00000000e0000000,0x00000000e3ac4fe0,0x00000000e4a00000)
 Metaspace       used 23331K, capacity 23675K, committed 23936K, reserved 1071104K
  class space    used 2280K, capacity 2389K, committed 2432K, reserved 1048576K

Card table byte_map: [0x0000000002310000,0x0000000002420000] byte_map_base: 0x0000000001c10000

Marking Bits: (ParMarkBitMap*) 0x000000005f19d850
 Begin Bits: [0x0000000012380000, 0x0000000012b80000)
 End Bits:   [0x0000000012b80000, 0x0000000013380000)

Polling page: 0x00000000001b0000

CodeCache: size=245760Kb used=10568Kb max_used=10582Kb free=235192Kb
 bounds [0x0000000002890000, 0x0000000003300000, 0x0000000011890000]
 total_blobs=3989 nmethods=3059 adapters=843
 compilation: enabled

Compilation events (10 events):
Event: 68.824 Thread 0x0000000055851000 3557       3       java.util.EventObject::<init> (24 bytes)
Event: 68.824 Thread 0x0000000055851000 nmethod 3557 0x0000000003230890 code [0x0000000003230a00, 0x0000000003230cc8]
Event: 68.831 Thread 0x0000000053d77000 3558   !   4       jogamp.common.util.locks.RecursiveLockImpl01Unfairish::validateLocked (147 bytes)
Event: 68.834 Thread 0x0000000053d77000 nmethod 3558 0x0000000002c96390 code [0x0000000002c964e0, 0x0000000002c967b8]
Event: 69.015 Thread 0x0000000053d7f800 3559       4       processing.opengl.PJOGL::clearDepth (11 bytes)
Event: 69.018 Thread 0x0000000053d7f800 nmethod 3559 0x0000000002fe63d0 code [0x0000000002fe6520, 0x0000000002fe6688]
Event: 69.121 Thread 0x0000000053d77000 3560       4       probni.zelimir.ZelimirsEarthquakeWorldMap::addText (264 bytes)
Event: 69.207 Thread 0x0000000055851000 3561       1       sun.awt.windows.WComponentPeer::preprocessPostEvent (1 bytes)
Event: 69.207 Thread 0x0000000055851000 nmethod 3561 0x0000000002accb50 code [0x0000000002accca0, 0x0000000002accdb0]
Event: 69.376 Thread 0x0000000053d77000 nmethod 3560 0x00000000032f6650 code [0x00000000032f6b40, 0x00000000032f9818]

GC Heap History (10 events):
Event: 31.997 GC heap before
{Heap before GC invocations=18 (full 2):
 PSYoungGen      total 30208K, used 28310K [0x00000000f5580000, 0x00000000f8480000, 0x0000000100000000)
  eden space 22016K, 99% used [0x00000000f5580000,0x00000000f6afd7b0,0x00000000f6b00000)
  from space 8192K, 76% used [0x00000000f6b00000,0x00000000f7128170,0x00000000f7300000)
  to   space 8704K, 0% used [0x00000000f7c00000,0x00000000f7c00000,0x00000000f8480000)
 ParOldGen       total 46592K, used 31241K [0x00000000e0000000, 0x00000000e2d80000, 0x00000000f5580000)
  object space 46592K, 67% used [0x00000000e0000000,0x00000000e1e82550,0x00000000e2d80000)
 Metaspace       used 22982K, capacity 23355K, committed 23680K, reserved 1071104K
  class space    used 2280K, capacity 2389K, committed 2432K, reserved 1048576K
Event: 32.023 GC heap after
Heap after GC invocations=18 (full 2):
 PSYoungGen      total 38912K, used 6784K [0x00000000f5580000, 0x00000000f8700000, 0x0000000100000000)
  eden space 30208K, 0% used [0x00000000f5580000,0x00000000f5580000,0x00000000f7300000)
  from space 8704K, 77% used [0x00000000f7c00000,0x00000000f82a0180,0x00000000f8480000)
  to   space 9216K, 0% used [0x00000000f7300000,0x00000000f7300000,0x00000000f7c00000)
 ParOldGen       total 46592K, used 36874K [0x00000000e0000000, 0x00000000e2d80000, 0x00000000f5580000)
  object space 46592K, 79% used [0x00000000e0000000,0x00000000e24028c0,0x00000000e2d80000)
 Metaspace       used 22982K, capacity 23355K, committed 23680K, reserved 1071104K
  class space    used 2280K, capacity 2389K, committed 2432K, reserved 1048576K
}
Event: 32.904 GC heap before
{Heap before GC invocations=19 (full 2):
 PSYoungGen      total 38912K, used 36812K [0x00000000f5580000, 0x00000000f8700000, 0x0000000100000000)
  eden space 30208K, 99% used [0x00000000f5580000,0x00000000f72d3270,0x00000000f7300000)
  from space 8704K, 77% used [0x00000000f7c00000,0x00000000f82a0180,0x00000000f8480000)
  to   space 9216K, 0% used [0x00000000f7300000,0x00000000f7300000,0x00000000f7c00000)
 ParOldGen       total 46592K, used 36874K [0x00000000e0000000, 0x00000000e2d80000, 0x00000000f5580000)
  object space 46592K, 79% used [0x00000000e0000000,0x00000000e24028c0,0x00000000e2d80000)
 Metaspace       used 23018K, capacity 23355K, committed 23680K, reserved 1071104K
  class space    used 2280K, capacity 2389K, committed 2432K, reserved 1048576K
Event: 32.937 GC heap after
Heap after GC invocations=19 (full 2):
 PSYoungGen      total 39424K, used 8352K [0x00000000f5580000, 0x00000000f9080000, 0x0000000100000000)
  eden space 30208K, 0% used [0x00000000f5580000,0x00000000f5580000,0x00000000f7300000)
  from space 9216K, 90% used [0x00000000f7300000,0x00000000f7b281d0,0x00000000f7c00000)
  to   space 10240K, 0% used [0x00000000f8680000,0x00000000f8680000,0x00000000f9080000)
 ParOldGen       total 46592K, used 42262K [0x00000000e0000000, 0x00000000e2d80000, 0x00000000f5580000)
  object space 46592K, 90% used [0x00000000e0000000,0x00000000e2945b30,0x00000000e2d80000)
 Metaspace       used 23018K, capacity 23355K, committed 23680K, reserved 1071104K
  class space    used 2280K, capacity 2389K, committed 2432K, reserved 1048576K
}
Event: 32.937 GC heap before
{Heap before GC invocations=20 (full 3):
 PSYoungGen      total 39424K, used 8352K [0x00000000f5580000, 0x00000000f9080000, 0x0000000100000000)
  eden space 30208K, 0% used [0x00000000f5580000,0x00000000f5580000,0x00000000f7300000)
  from space 9216K, 90% used [0x00000000f7300000,0x00000000f7b281d0,0x00000000f7c00000)
  to   space 10240K, 0% used [0x00000000f8680000,0x00000000f8680000,0x00000000f9080000)
 ParOldGen       total 46592K, used 42262K [0x00000000e0000000, 0x00000000e2d80000, 0x00000000f5580000)
  object space 46592K, 90% used [0x00000000e0000000,0x00000000e2945b30,0x00000000e2d80000)
 Metaspace       used 23018K, capacity 23355K, committed 23680K, reserved 1071104K
  class space    used 2280K, capacity 2389K, committed 2432K, reserved 1048576K
Event: 33.072 GC heap after
Heap after GC invocations=20 (full 3):
 PSYoungGen      total 39424K, used 3652K [0x00000000f5580000, 0x00000000f9080000, 0x0000000100000000)
  eden space 30208K, 0% used [0x00000000f5580000,0x00000000f5580000,0x00000000f7300000)
  from space 9216K, 39% used [0x00000000f7300000,0x00000000f76910d8,0x00000000f7c00000)
  to   space 10240K, 0% used [0x00000000f8680000,0x00000000f8680000,0x00000000f9080000)
 ParOldGen       total 75776K, used 46241K [0x00000000e0000000, 0x00000000e4a00000, 0x00000000f5580000)
  object space 75776K, 61% used [0x00000000e0000000,0x00000000e2d28720,0x00000000e4a00000)
 Metaspace       used 23018K, capacity 23355K, committed 23680K, reserved 1071104K
  class space    used 2280K, capacity 2389K, committed 2432K, reserved 1048576K
}
Event: 41.702 GC heap before
{Heap before GC invocations=21 (full 3):
 PSYoungGen      total 39424K, used 33860K [0x00000000f5580000, 0x00000000f9080000, 0x0000000100000000)
  eden space 30208K, 100% used [0x00000000f5580000,0x00000000f7300000,0x00000000f7300000)
  from space 9216K, 39% used [0x00000000f7300000,0x00000000f76910d8,0x00000000f7c00000)
  to   space 10240K, 0% used [0x00000000f8680000,0x00000000f8680000,0x00000000f9080000)
 ParOldGen       total 75776K, used 46241K [0x00000000e0000000, 0x00000000e4a00000, 0x00000000f5580000)
  object space 75776K, 61% used [0x00000000e0000000,0x00000000e2d28720,0x00000000e4a00000)
 Metaspace       used 23129K, capacity 23483K, committed 23680K, reserved 1071104K
  class space    used 2280K, capacity 2389K, committed 2432K, reserved 1048576K
Event: 41.818 GC heap after
Heap after GC invocations=21 (full 3):
 PSYoungGen      total 49152K, used 9568K [0x00000000f5580000, 0x00000000f9180000, 0x0000000100000000)
  eden space 38912K, 0% used [0x00000000f5580000,0x00000000f5580000,0x00000000f7b80000)
  from space 10240K, 93% used [0x00000000f8680000,0x00000000f8fd8080,0x00000000f9080000)
  to   space 11264K, 0% used [0x00000000f7b80000,0x00000000f7b80000,0x00000000f8680000)
 ParOldGen       total 75776K, used 49868K [0x00000000e0000000, 0x00000000e4a00000, 0x00000000f5580000)
  object space 75776K, 65% used [0x00000000e0000000,0x00000000e30b3020,0x00000000e4a00000)
 Metaspace       used 23129K, capacity 23483K, committed 23680K, reserved 1071104K
  class space    used 2280K, capacity 2389K, committed 2432K, reserved 1048576K
}
Event: 53.249 GC heap before
{Heap before GC invocations=22 (full 3):
 PSYoungGen      total 49152K, used 48480K [0x00000000f5580000, 0x00000000f9180000, 0x0000000100000000)
  eden space 38912K, 100% used [0x00000000f5580000,0x00000000f7b80000,0x00000000f7b80000)
  from space 10240K, 93% used [0x00000000f8680000,0x00000000f8fd8080,0x00000000f9080000)
  to   space 11264K, 0% used [0x00000000f7b80000,0x00000000f7b80000,0x00000000f8680000)
 ParOldGen       total 75776K, used 49868K [0x00000000e0000000, 0x00000000e4a00000, 0x00000000f5580000)
  object space 75776K, 65% used [0x00000000e0000000,0x00000000e30b3020,0x00000000e4a00000)
 Metaspace       used 23275K, capacity 23611K, committed 23936K, reserved 1071104K
  class space    used 2280K, capacity 2389K, committed 2432K, reserved 1048576K
Event: 53.395 GC heap after
Heap after GC invocations=22 (full 3):
 PSYoungGen      total 50176K, used 11232K [0x00000000f5580000, 0x00000000fa700000, 0x0000000100000000)
  eden space 38912K, 0% used [0x00000000f5580000,0x00000000f5580000,0x00000000f7b80000)
  from space 11264K, 99% used [0x00000000f7b80000,0x00000000f86780f0,0x00000000f8680000)
  to   space 16896K, 0% used [0x00000000f9680000,0x00000000f9680000,0x00000000fa700000)
 ParOldGen       total 75776K, used 60179K [0x00000000e0000000, 0x00000000e4a00000, 0x00000000f5580000)
  object space 75776K, 79% used [0x00000000e0000000,0x00000000e3ac4fe0,0x00000000e4a00000)
 Metaspace       used 23275K, capacity 23611K, committed 23936K, reserved 1071104K
  class space    used 2280K, capacity 2389K, committed 2432K, reserved 1048576K
}

Deoptimization events (10 events):
Event: 33.532 Thread 0x0000000056384000 Uncommon trap: reason=speculate_class_check action=maybe_recompile pc=0x00000000032c680c method=com.jogamp.common.nio.Buffers.getDirectBufferByteOffset(Ljava/lang/Object;)I @ 53
Event: 35.162 Thread 0x0000000056384000 Uncommon trap: reason=speculate_class_check action=maybe_recompile pc=0x00000000032d2490 method=com.jogamp.common.nio.Buffers.getDirectBufferByteOffset(Ljava/lang/Object;)I @ 22
Event: 35.162 Thread 0x0000000056384000 Uncommon trap: reason=speculate_class_check action=maybe_recompile pc=0x00000000032d2490 method=com.jogamp.common.nio.Buffers.getDirectBufferByteOffset(Ljava/lang/Object;)I @ 22
Event: 35.583 Thread 0x0000000056384000 Uncommon trap: reason=speculate_class_check action=maybe_recompile pc=0x00000000032d426c method=com.jogamp.common.nio.Buffers.getDirectBufferByteOffset(Ljava/lang/Object;)I @ 31
Event: 35.584 Thread 0x0000000056384000 Uncommon trap: reason=speculate_class_check action=maybe_recompile pc=0x00000000032d426c method=com.jogamp.common.nio.Buffers.getDirectBufferByteOffset(Ljava/lang/Object;)I @ 31
Event: 36.052 Thread 0x0000000056384000 Uncommon trap: reason=speculate_class_check action=maybe_recompile pc=0x00000000032d06c4 method=com.jogamp.common.nio.Buffers.getDirectBufferByteOffset(Ljava/lang/Object;)I @ 42
Event: 36.054 Thread 0x0000000056384000 Uncommon trap: reason=speculate_class_check action=maybe_recompile pc=0x00000000032d06c4 method=com.jogamp.common.nio.Buffers.getDirectBufferByteOffset(Ljava/lang/Object;)I @ 42
Event: 54.161 Thread 0x0000000056384000 Uncommon trap: reason=unstable_if action=reinterpret pc=0x0000000003163948 method=probni.zelimir.ImageMarker.isInside(FFFF)Z @ 25
Event: 61.779 Thread 0x0000000056384000 Uncommon trap: reason=predicate action=maybe_recompile pc=0x0000000002feb864 method=java.util.Arrays.fill([Ljava/lang/Object;IILjava/lang/Object;)V @ 16
Event: 62.750 Thread 0x0000000056384000 Uncommon trap: reason=array_check action=maybe_recompile pc=0x000000000322c8c0 method=java.util.Arrays.fill([Ljava/lang/Object;IILjava/lang/Object;)V @ 20

Internal exceptions (10 events):
Event: 0.455 Thread 0x000000000230f000 Exception <a 'java/io/FileNotFoundException'> (0x00000000f58126b8) thrown at [C:\re\workspace\8-2-build-windows-amd64-cygwin\jdk8u151\9699\hotspot\src\share\vm\prims\jni.cpp, line 709]
Event: 0.632 Thread 0x000000000230f000 Exception <a 'java/io/FileNotFoundException'> (0x00000000f5869cd8) thrown at [C:\re\workspace\8-2-build-windows-amd64-cygwin\jdk8u151\9699\hotspot\src\share\vm\prims\jni.cpp, line 709]
Event: 6.138 Thread 0x00000000563e2800 Implicit null exception at 0x0000000002c211ef to 0x0000000002c21739
Event: 12.565 Thread 0x00000000563e2800 Exception <a 'java/lang/InterruptedException'> (0x00000000f5aea440) thrown at [C:\re\workspace\8-2-build-windows-amd64-cygwin\jdk8u151\9699\hotspot\src\share\vm\runtime\objectMonitor.cpp, line 1684]
Event: 12.697 Thread 0x00000000563e2800 Exception <a 'java/lang/reflect/InvocationTargetException'> (0x00000000f5bce5d8) thrown at [C:\re\workspace\8-2-build-windows-amd64-cygwin\jdk8u151\9699\hotspot\src\share\vm\runtime\reflection.cpp, line 1092]
Event: 13.403 Thread 0x0000000056384000 Implicit null exception at 0x00000000029b5695 to 0x00000000029b56f9
Event: 13.649 Thread 0x0000000056384000 Exception <a 'java/io/FileNotFoundException'> (0x00000000f57a1b18) thrown at [C:\re\workspace\8-2-build-windows-amd64-cygwin\jdk8u151\9699\hotspot\src\share\vm\prims\jni.cpp, line 709]
Event: 13.650 Thread 0x0000000056384000 Exception <a 'java/io/FileNotFoundException'> (0x00000000f57a8368) thrown at [C:\re\workspace\8-2-build-windows-amd64-cygwin\jdk8u151\9699\hotspot\src\share\vm\prims\jni.cpp, line 709]
Event: 13.650 Thread 0x0000000056384000 Implicit null exception at 0x0000000002a69dc6 to 0x0000000002a6a151
Event: 14.980 Thread 0x000000005cdfd000 Implicit null exception at 0x0000000002aa9f94 to 0x0000000002aad3dd

Events (10 events):
Event: 61.779 Thread 0x0000000056384000 DEOPT PACKING pc=0x0000000002feb864 sp=0x000000005bf7dbb0
Event: 61.779 Thread 0x0000000056384000 DEOPT UNPACKING pc=0x00000000028d582a sp=0x000000005bf7db48 mode 2
Event: 62.750 Thread 0x0000000056384000 Uncommon trap: trap_request=0xffffffd6 fr.pc=0x000000000322c8c0
Event: 62.750 Thread 0x0000000056384000 DEOPT PACKING pc=0x000000000322c8c0 sp=0x000000005bf7dc70
Event: 62.750 Thread 0x0000000056384000 DEOPT UNPACKING pc=0x00000000028d582a sp=0x000000005bf7dc10 mode 2
Event: 67.233 Thread 0x0000000055851000 flushing nmethod 0x0000000002c95c50
Event: 67.233 Thread 0x0000000055851000 flushing nmethod 0x0000000002d85a50
Event: 68.259 Thread 0x0000000055851000 flushing nmethod 0x0000000002f96f50
Event: 68.260 Thread 0x0000000055851000 flushing nmethod 0x0000000002fe63d0
Event: 68.261 Thread 0x0000000055851000 flushing nmethod 0x0000000003011bd0


Dynamic libraries:
0x000000013fd80000 - 0x000000013fdb7000 	C:\Program Files\Java\jre1.8.0_151\bin\javaw.exe
0x00000000770a0000 - 0x0000000077249000 	C:\Windows\SYSTEM32\ntdll.dll
0x0000000076e80000 - 0x0000000076f9f000 	C:\Windows\system32\kernel32.dll
0x000007fefd060000 - 0x000007fefd0cb000 	C:\Windows\system32\KERNELBASE.dll
0x000007fefedc0000 - 0x000007fefee9b000 	C:\Windows\system32\ADVAPI32.dll
0x000007fefeea0000 - 0x000007fefef3f000 	C:\Windows\system32\msvcrt.dll
0x000007feff110000 - 0x000007feff12f000 	C:\Windows\SYSTEM32\sechost.dll
0x000007fefd210000 - 0x000007fefd33d000 	C:\Windows\system32\RPCRT4.dll
0x0000000076fa0000 - 0x000000007709a000 	C:\Windows\system32\USER32.dll
0x000007feff340000 - 0x000007feff3a7000 	C:\Windows\system32\GDI32.dll
0x000007fefef40000 - 0x000007fefef4e000 	C:\Windows\system32\LPK.dll
0x000007fefecd0000 - 0x000007fefed99000 	C:\Windows\system32\USP10.dll
0x000007fefb4d0000 - 0x000007fefb6c4000 	C:\Windows\WinSxS\amd64_microsoft.windows.common-controls_6595b64144ccf1df_6.0.7601.17514_none_fa396087175ac9ac\COMCTL32.dll
0x000007fefe8b0000 - 0x000007fefe921000 	C:\Windows\system32\SHLWAPI.dll
0x000007feff0e0000 - 0x000007feff10e000 	C:\Windows\system32\IMM32.DLL
0x000007fefe2f0000 - 0x000007fefe3f9000 	C:\Windows\system32\MSCTF.dll
0x0000000054d00000 - 0x0000000054dd2000 	C:\Program Files\Java\jre1.8.0_151\bin\msvcr100.dll
0x000000005e980000 - 0x000000005f21d000 	C:\Program Files\Java\jre1.8.0_151\bin\server\jvm.dll
0x000007fefa5d0000 - 0x000007fefa5d9000 	C:\Windows\system32\WSOCK32.dll
0x000007fefec80000 - 0x000007fefeccd000 	C:\Windows\system32\WS2_32.dll
0x000007fefe400000 - 0x000007fefe408000 	C:\Windows\system32\NSI.dll
0x000007fefa9c0000 - 0x000007fefa9fb000 	C:\Windows\system32\WINMM.dll
0x000007fefbef0000 - 0x000007fefbefc000 	C:\Windows\system32\VERSION.dll
0x0000000077270000 - 0x0000000077277000 	C:\Windows\system32\PSAPI.DLL
0x000000006b4a0000 - 0x000000006b4af000 	C:\Program Files\Java\jre1.8.0_151\bin\verify.dll
0x000000006b470000 - 0x000000006b499000 	C:\Program Files\Java\jre1.8.0_151\bin\java.dll
0x000000006b450000 - 0x000000006b466000 	C:\Program Files\Java\jre1.8.0_151\bin\zip.dll
0x000007fefd340000 - 0x000007fefe0c8000 	C:\Windows\system32\SHELL32.dll
0x000007feff130000 - 0x000007feff333000 	C:\Windows\system32\ole32.dll
0x000007fefce60000 - 0x000007fefce6f000 	C:\Windows\system32\profapi.dll
0x0000000056000000 - 0x0000000056198000 	C:\Program Files\Java\jre1.8.0_151\bin\awt.dll
0x000007fefe0d0000 - 0x000007fefe1a7000 	C:\Windows\system32\OLEAUT32.dll
0x000007fefb040000 - 0x000007fefb058000 	C:\Windows\system32\DWMAPI.DLL
0x000007feeb850000 - 0x000007feeb96d000 	C:\Windows\system32\opengl32.dll
0x000007fef0f40000 - 0x000007fef0f6d000 	C:\Windows\system32\GLU32.dll
0x000007fef0c20000 - 0x000007fef0d11000 	C:\Windows\system32\DDRAW.dll
0x000007fef1400000 - 0x000007fef1408000 	C:\Windows\system32\DCIMAN32.dll
0x000007fefe6d0000 - 0x000007fefe8a7000 	C:\Windows\system32\SETUPAPI.dll
0x000007fefd0f0000 - 0x000007fefd126000 	C:\Windows\system32\CFGMGR32.dll
0x000007fefd0d0000 - 0x000007fefd0ea000 	C:\Windows\system32\DEVOBJ.dll
0x000007fefb420000 - 0x000007fefb476000 	C:\Windows\system32\uxtheme.dll
0x000007fefccf0000 - 0x000007fefccff000 	C:\Windows\system32\CRYPTBASE.dll
0x000007feec080000 - 0x000007feec27f000 	C:\Windows\system32\d3d9.dll
0x000007fef58f0000 - 0x000007fef58f7000 	C:\Windows\system32\d3d8thk.dll
0x000007fef5bb0000 - 0x000007fef5cbe000 	C:\Windows\system32\aticfx64.dll
0x000007fef13f0000 - 0x000007fef13ff000 	C:\Windows\system32\atiu9p64.dll
0x000007feefdc0000 - 0x000007fef04ed000 	C:\Windows\system32\atiumd64.dll
0x0000000073ed0000 - 0x00000000742ee000 	C:\Windows\system32\atiumd6a.dll
0x0000000054c60000 - 0x0000000054ca7000 	C:\Program Files\Java\jre1.8.0_151\bin\fontmanager.dll
0x000000006b430000 - 0x000000006b44a000 	C:\Program Files\Java\jre1.8.0_151\bin\net.dll
0x000007fefc630000 - 0x000007fefc685000 	C:\Windows\system32\mswsock.dll
0x000007fefc620000 - 0x000007fefc627000 	C:\Windows\System32\wship6.dll
0x000000006b410000 - 0x000000006b421000 	C:\Program Files\Java\jre1.8.0_151\bin\nio.dll
0x0000000054cb0000 - 0x0000000054cf2000 	C:\Program Files\Java\jre1.8.0_151\bin\t2k.dll
0x0000000063390000 - 0x00000000633b4000 	C:\Program Files\Java\jre1.8.0_151\bin\sunec.dll
0x000007fefa1b0000 - 0x000007fefa1d7000 	C:\Windows\system32\IPHLPAPI.DLL
0x000007fefa1a0000 - 0x000007fefa1ab000 	C:\Windows\system32\WINNSI.DLL
0x000007fefa030000 - 0x000007fefa041000 	C:\Windows\system32\dhcpcsvc6.DLL
0x000007fefa010000 - 0x000007fefa028000 	C:\Windows\system32\dhcpcsvc.DLL
0x000007fefc690000 - 0x000007fefc6a7000 	C:\Windows\system32\CRYPTSP.dll
0x000007fefc390000 - 0x000007fefc3d7000 	C:\Windows\system32\rsaenh.dll
0x000007fefd020000 - 0x000007fefd03e000 	C:\Windows\system32\USERENV.dll
0x000007fefc010000 - 0x000007fefc017000 	C:\Windows\System32\wshtcpip.dll
0x000000006caf0000 - 0x000000006cb1e000 	C:\Program Files\Common Files\Microsoft Shared\Windows Live\WLIDNSP.DLL
0x000007fefc4b0000 - 0x000007fefc50b000 	C:\Windows\system32\DNSAPI.dll
0x000000006cac0000 - 0x000000006cae6000 	C:\Program Files\Bonjour\mdnsNSP.dll
0x000007fef7330000 - 0x000007fef7338000 	C:\Windows\system32\rasadhlp.dll
0x000007fefa060000 - 0x000007fefa0b3000 	C:\Windows\System32\fwpuclnt.dll
0x0000000069660000 - 0x000000006966b000 	C:\Program Files\Java\jre1.8.0_151\bin\sunmscapi.dll
0x000007fefce70000 - 0x000007fefcfd7000 	C:\Windows\system32\CRYPT32.dll
0x000007fefce50000 - 0x000007fefce5f000 	C:\Windows\system32\MSASN1.dll
0x000007fefcc90000 - 0x000007fefcce7000 	C:\Windows\system32\apphelp.dll
0x00000000637c0000 - 0x00000000637cd000 	C:\Users\Zelimir\AppData\Local\Temp\jogamp_0000\file_cache\jln341582026820643058\jln7127153112432911545\gluegen-rt.dll
0x0000000002420000 - 0x0000000002427000 	C:\Program Files\Java\jre1.8.0_151\bin\jawt.dll
0x000000006a440000 - 0x000000006a44d000 	C:\Users\Zelimir\AppData\Local\Temp\jogamp_0000\file_cache\jln341582026820643058\jln7127153112432911545\nativewindow_awt.dll
0x000000006c100000 - 0x000000006c10f000 	C:\Users\Zelimir\AppData\Local\Temp\jogamp_0000\file_cache\jln341582026820643058\jln7127153112432911545\nativewindow_win32.dll
0x0000000064500000 - 0x00000000645a2000 	C:\Users\Zelimir\AppData\Local\Temp\jogamp_0000\file_cache\jln341582026820643058\jln7127153112432911545\jogl_desktop.dll
0x000007fefa6d0000 - 0x000007fefa6d9000 	C:\Windows\system32\atig6pxx.dll
0x000000005f220000 - 0x0000000060b78000 	C:\Windows\system32\atio6axx.dll
0x000007fefa5e0000 - 0x000007fefa670000 	C:\Windows\system32\atiadlxx.dll
0x000007fefbff0000 - 0x000007fefc001000 	C:\Windows\system32\WTSAPI32.dll
0x000007fefcfe0000 - 0x000007fefd01a000 	C:\Windows\system32\WINTRUST.dll
0x000007fef62b0000 - 0x000007fef62be000 	C:\Windows\system32\atig6txx.dll
0x000007fef81d0000 - 0x000007fef82f5000 	C:\Windows\system32\dbghelp.dll

VM Arguments:
jvm_args: -Djava.security.policy=java.policy.applet -Dfile.encoding=Cp1250 
java_command: sun.applet.AppletViewer probni.zelimir.ZelimirsEarthquakeWorldMap1512834437493.html
java_class_path (initial): D:\courses\rep\proba01\bin;D:\courses\rep\proba01\lib\core.jar;D:\courses\rep\proba01\lib\gluegen-rt-natives-linux-amd64.jar;D:\courses\rep\proba01\lib\gluegen-rt-natives-linux-armv6hf.jar;D:\courses\rep\proba01\lib\gluegen-rt-natives-linux-i586.jar;D:\courses\rep\proba01\lib\gluegen-rt-natives-macosx-universal.jar;D:\courses\rep\proba01\lib\gluegen-rt-natives-windows-amd64.jar;D:\courses\rep\proba01\lib\gluegen-rt-natives-windows-i586.jar;D:\courses\rep\proba01\lib\gluegen-rt.jar;D:\courses\rep\proba01\lib\jogl-all-natives-linux-amd64.jar;D:\courses\rep\proba01\lib\jogl-all-natives-linux-armv6hf.jar;D:\courses\rep\proba01\lib\jogl-all-natives-linux-i586.jar;D:\courses\rep\proba01\lib\jogl-all-natives-macosx-universal.jar;D:\courses\rep\proba01\lib\jogl-all-natives-windows-amd64.jar;D:\courses\rep\proba01\lib\jogl-all-natives-windows-i586.jar;D:\courses\rep\proba01\lib\jogl-all.jar;D:\courses\rep\proba01\lib\json4processing.jar;D:\courses\rep\proba01\lib\libTUIO.jar;D:\courses\rep\proba01\lib\log4j-1.2.15.jar;D:\courses\rep\proba01\lib\sqlite-jdbc-3.7.2.jar;D:\courses\rep\proba01\lib\unfolding.0.9.7-uscd.jar
Launcher Type: SUN_STANDARD

Environment Variables:
JAVA_HOME=C:\Program Files\Java\jdk1.8.0_66
CLASSPATH=C:\Users\Zelimir\algs4\stdlib.jar;C:\Users\Zelimir\algs4\algs4.jar;C:\Program File;C:\msys\1.0\bin;C:\mingw\bin;C:\Program Files\Java\jdk1.8.0_101\bin;C:\Program Files\Java\jre1.8.0_151\bin;.
PATH=C:/Program Files/Java/jre1.8.0_151/bin/server;C:/Program Files/Java/jre1.8.0_151/bin;C:/Program Files/Java/jre1.8.0_151/lib/amd64;C:\ProgramData\Oracle\Java\javapath;C:\Program Files\Common Files\Microsoft Shared\Windows Live;C:\Program Files (x86)\AMD APP\bin\x86_64;C:\Program Files (x86)\AMD APP\bin\x86;C:\Windows\system32;C:\Windows;C:\Windows\System32\Wbem;C:\Windows\System32\WindowsPowerShell\v1.0\;C:\Program Files (x86)\ATI Technologies\ATI.ACE\Core-Static;C:\Program Files (x86)\Common Files\Acronis\SnapAPI\;C:\Program Files\jEdit;C:\Program Files\Java\jdk1.7.0_25\bin;C:\Program Files\Java\jdk1.6.0_25;C:\Program Files\Microsoft\Web Platform Installer\;C:\Program Files (x86)\Microsoft ASP.NET\ASP.NET Web Pages\v1.0\;C:\Program Files\Microsoft SQL Server\110\Tools\Binn\;C:\Program Files\Java\jdk1.7.0_25\jre\lib\ext\mysql-connector-java-5.1.27-bin;C:\Program Files (x86)\Microsoft SQL Server\100\Tools\Binn\;C:\Program Files\Microsoft SQL Server\100\Tools\Binn\;C:\Program Files\Microsoft SQL Server\100\DTS\Binn\;C:\Program Files\MATLAB\R2015a\bin;C:\Program Files\Git\cmd;C:\Program Files (x86)\Heroku\bin;C:\Program Files (x86)\git\cmd;C:\Program Files\nodejs\;C:\Program Files (x86)\QuickTime\QTSystem\;C:\Program Files\Java\jdk1.8.0_101\bin;C:\Program Files\Java\jre1.8.0_101;C:\Program Files (x86)\Skype\Phone\;C:\RailsInstaller\Ruby2.0.0\bin;C;C:\Program Files\Common Files\Microsoft Shared\Windows Live;C:\Program Files\phantomjs-2.0.0-windows\bin;C:\Users\Zelimir\AppData\Roaming\npm;C:\Eclipse_Versions\eclipse;
USERNAME=Zelimir
OS=Windows_NT
PROCESSOR_IDENTIFIER=AMD64 Family 16 Model 2 Stepping 3, AuthenticAMD



---------------  S Y S T E M  ---------------

OS: Windows 7 , 64 bit Build 7601 (6.1.7601.18015)

CPU:total 4 (initial active 4) (4 cores per cpu, 1 threads per core) family 16 model 2 stepping 3, cmov, cx8, fxsr, mmx, sse, sse2, sse3, popcnt, mmxext, 3dnowpref, lzcnt, sse4a, tsc, tscinvbit, tscinv

Memory: 4k page, physical 2096376k(393072k free), swap 5641236k(432452k free)

vm_info: Java HotSpot(TM) 64-Bit Server VM (25.151-b12) for windows-amd64 JRE (1.8.0_151-b12), built on Sep  5 2017 19:33:46 by "java_re" with MS VC++ 10.0 (VS2010)

time: Sat Dec 09 16:48:32 2017
elapsed time: 71 seconds (0d 0h 1m 11s)

